#
# There is insufficient memory for the Java Runtime Environment to continue.
# Native memory allocation (malloc) failed to allocate 747216 bytes for Chunk::new
# Possible reasons:
#   The system is out of physical RAM or swap space
#   In 32 bit mode, the process size limit was hit
# Possible solutions:
#   Reduce memory load on the system
#   Increase physical memory or swap space
#   Check if swap backing store is full
#   Use 64 bit Java on a 64 bit OS
#   Decrease Java heap size (-Xmx/-Xms)
#   Decrease number of Java threads
#   Decrease Java thread stack sizes (-Xss)
#   Set larger code cache with -XX:ReservedCodeCacheSize=
# This output file may be truncated or incomplete.
#
#  Out of Memory Error (allocation.cpp:390), pid=18408, tid=7544
#
# JRE version: Java(TM) SE Runtime Environment (8.0_51-b16) (build 1.8.0_51-b16)
# Java VM: Java HotSpot(TM) 64-Bit Server VM (25.51-b03 mixed mode windows-amd64 compressed oops)
# Failed to write core dump. Minidumps are not enabled by default on client versions of Windows
#

---------------  T H R E A D  ---------------

Current thread (0x00000000197df000):  JavaThread "C2 CompilerThread0" daemon [_thread_in_native, id=7544, stack(0x000000001ad30000,0x000000001ae30000)]

Stack: [0x000000001ad30000,0x000000001ae30000]
[error occurred during error reporting (printing stack bounds), id 0xc0000005]

Native frames: (J=compiled Java code, j=interpreted, Vv=VM code, C=native code)
V  [jvm.dll+0x32b4ca]
V  [jvm.dll+0x2797e3]
V  [jvm.dll+0x27a479]
V  [jvm.dll+0x293446]
V  [jvm.dll+0x297d3c]
V  [jvm.dll+0x5ca9cf]
C  [msvcr100.dll+0x712e3]
V  [jvm.dll+0x5ca0cd]
C  [ntdll.dll+0xa23af]
C  [ntdll.dll+0x514b4]
C  [ntdll.dll+0xa0ebe]
V  [jvm.dll+0x21bbc1]


Current CompileTask:
C2:   5679  657       4       java.io.WinNTFileSystem::normalize (143 bytes)


---------------  P R O C E S S  ---------------

Java Threads: ( => current thread )
  0x0000000019853000 JavaThread "Service Thread" daemon [_thread_blocked, id=15156, stack(0x000000001b130000,0x000000001b230000)]
  0x00000000197f2000 JavaThread "C1 CompilerThread3" daemon [_thread_blocked, id=6288, stack(0x000000001b030000,0x000000001b130000)]
  0x00000000197e9800 JavaThread "C2 CompilerThread2" daemon [_thread_blocked, id=7884, stack(0x000000001af30000,0x000000001b030000)]
  0x00000000197e4800 JavaThread "C2 CompilerThread1" daemon [_thread_blocked, id=22248, stack(0x000000001ae30000,0x000000001af30000)]
=>0x00000000197df000 JavaThread "C2 CompilerThread0" daemon [_thread_in_native, id=7544, stack(0x000000001ad30000,0x000000001ae30000)]
  0x00000000197dc000 JavaThread "Attach Listener" daemon [_thread_blocked, id=17548, stack(0x000000001ac30000,0x000000001ad30000)]
  0x00000000180fe000 JavaThread "Signal Dispatcher" daemon [_thread_blocked, id=9944, stack(0x000000001ab30000,0x000000001ac30000)]
  0x0000000003445800 JavaThread "Finalizer" daemon [_thread_blocked, id=24052, stack(0x000000001aa30000,0x000000001ab30000)]
  0x00000000180ed800 JavaThread "Reference Handler" daemon [_thread_blocked, id=11088, stack(0x000000001a930000,0x000000001aa30000)]
  0x0000000003351000 JavaThread "main" [_thread_in_native, id=20548, stack(0x00000000031b0000,0x00000000032b0000)]

Other Threads:
  0x00000000180e6800 VMThread [stack: 0x000000001a830000,0x000000001a930000] [id=7764]
  0x0000000019855000 WatcherThread [stack: 0x000000001b230000,0x000000001b330000] [id=13652]

VM state:not at safepoint (normal execution)

VM Mutex/Monitor currently owned by a thread: None

Heap:
 PSYoungGen      total 35328K, used 15994K [0x00000000d8b00000, 0x00000000db200000, 0x0000000100000000)
  eden space 30720K, 52% used [0x00000000d8b00000,0x00000000d9a9e9d8,0x00000000da900000)
  from space 4608K, 0% used [0x00000000dad80000,0x00000000dad80000,0x00000000db200000)
  to   space 4608K, 0% used [0x00000000da900000,0x00000000da900000,0x00000000dad80000)
 ParOldGen       total 80896K, used 0K [0x000000008a000000, 0x000000008ef00000, 0x00000000d8b00000)
  object space 80896K, 0% used [0x000000008a000000,0x000000008a000000,0x000000008ef00000)
 Metaspace       used 7320K, capacity 7566K, committed 7808K, reserved 1056768K
  class space    used 970K, capacity 1067K, committed 1152K, reserved 1048576K

Card table byte_map: [0x0000000012810000,0x0000000012bd0000] byte_map_base: 0x00000000123c0000

Marking Bits: (ParMarkBitMap*) 0x0000000055c44040
 Begin Bits: [0x0000000013850000, 0x00000000155d0000)
 End Bits:   [0x00000000155d0000, 0x0000000017350000)

Polling page: 0x00000000030d0000

CodeCache: size=245760Kb used=2683Kb max_used=2695Kb free=243076Kb
 bounds [0x0000000003450000, 0x0000000003700000, 0x0000000012450000]
 total_blobs=961 nmethods=676 adapters=199
 compilation: enabled

Compilation events (10 events):
Event: 5.526 Thread 0x00000000197f2000  662       3       java.util.Date::normalize (110 bytes)
Event: 5.528 Thread 0x00000000197f2000 nmethod 662 0x00000000036e4110 code [0x00000000036e4360, 0x00000000036e53d8]
Event: 5.537 Thread 0x00000000197f2000  663       3       java.net.URLClassLoader::defineClass (142 bytes)
Event: 5.541 Thread 0x00000000197f2000 nmethod 663 0x00000000036e5910 code [0x00000000036e5c80, 0x00000000036e7f58]
Event: 5.550 Thread 0x00000000197f2000  664       3       java.util.jar.Attributes$Name::equals (39 bytes)
Event: 5.550 Thread 0x00000000197f2000 nmethod 664 0x00000000036e9190 code [0x00000000036e9320, 0x00000000036e97c8]
Event: 5.550 Thread 0x00000000197f2000  665       3       sun.misc.ASCIICaseInsensitiveComparator::compare (13 bytes)
Event: 5.550 Thread 0x00000000197e4800  666       4       java.lang.String::substring (79 bytes)
Event: 5.550 Thread 0x00000000197f2000 nmethod 665 0x00000000036e9910 code [0x00000000036e9a80, 0x00000000036e9de8]
Event: 5.555 Thread 0x00000000197e4800 nmethod 666 0x00000000036ece50 code [0x00000000036ecfa0, 0x00000000036ed318]

GC Heap History (0 events):
No events

Deoptimization events (0 events):
No events

Internal exceptions (10 events):
Event: 3.299 Thread 0x0000000003351000 Exception <a 'java/security/PrivilegedActionException'> (0x00000000d8fe6378) thrown at [C:\re\workspace\8-2-build-windows-amd64-cygwin\jdk8u51\3951\hotspot\src\share\vm\prims\jvm.cpp, line 1382]
Event: 3.469 Thread 0x0000000003351000 Exception <a 'java/io/FileNotFoundException'> (0x00000000d916ba88) thrown at [C:\re\workspace\8-2-build-windows-amd64-cygwin\jdk8u51\3951\hotspot\src\share\vm\prims\jni.cpp, line 709]
Event: 3.511 Thread 0x0000000003351000 Exception <a 'java/security/PrivilegedActionException'> (0x00000000d918cae8) thrown at [C:\re\workspace\8-2-build-windows-amd64-cygwin\jdk8u51\3951\hotspot\src\share\vm\prims\jvm.cpp, line 1382]
Event: 3.511 Thread 0x0000000003351000 Exception <a 'java/security/PrivilegedActionException'> (0x00000000d918ce30) thrown at [C:\re\workspace\8-2-build-windows-amd64-cygwin\jdk8u51\3951\hotspot\src\share\vm\prims\jvm.cpp, line 1382]
Event: 3.748 Thread 0x0000000003351000 Exception <a 'java/lang/NoSuchFieldError': method resolution failed> (0x00000000d9318f40) thrown at [C:\re\workspace\8-2-build-windows-amd64-cygwin\jdk8u51\3951\hotspot\src\share\vm\prims\methodHandles.cpp, line 1125]
Event: 3.751 Thread 0x0000000003351000 Exception <a 'java/lang/NoSuchFieldError': method resolution failed> (0x00000000d93278a0) thrown at [C:\re\workspace\8-2-build-windows-amd64-cygwin\jdk8u51\3951\hotspot\src\share\vm\prims\methodHandles.cpp, line 1125]
Event: 3.802 Thread 0x0000000003351000 Exception <a 'java/security/PrivilegedActionException'> (0x00000000d93b1d38) thrown at [C:\re\workspace\8-2-build-windows-amd64-cygwin\jdk8u51\3951\hotspot\src\share\vm\prims\jvm.cpp, line 1382]
Event: 3.802 Thread 0x0000000003351000 Exception <a 'java/security/PrivilegedActionException'> (0x00000000d93b2080) thrown at [C:\re\workspace\8-2-build-windows-amd64-cygwin\jdk8u51\3951\hotspot\src\share\vm\prims\jvm.cpp, line 1382]
Event: 4.423 Thread 0x0000000003351000 Exception <a 'java/lang/NoSuchMethodError': java.lang.Object.lambda$deepFindNestedSubModelsOfType$0(Ljava/lang/Class;Ljava/util/List;Lch/qos/logback/core/model/Model;)V> (0x00000000d956ef30) thrown at [C:\re\workspace\8-2-build-windows-amd64-cygwin\jdk8u51wËh·@
Event: 4.429 Thread 0x0000000003351000 Exception <a 'java/lang/NoSuchMethodError': java.lang.Object.lambda$deepFindNestedSubModelsOfType$1(Ljava/util/List;Lch/qos/logback/core/model/Model;Lch/qos/logback/core/model/Model;)V> (0x00000000d9579c20) thrown at [C:\re\workspace\8-2-build-windows-amd6f<

Events (10 events):
Event: 5.547 loading class ch/qos/logback/core/pattern/color/BoldWhiteCompositeConverter
Event: 5.547 loading class ch/qos/logback/core/pattern/color/BoldWhiteCompositeConverter done
Event: 5.549 loading class ch/qos/logback/classic/pattern/color/HighlightingCompositeConverter
Event: 5.549 loading class ch/qos/logback/classic/pattern/color/HighlightingCompositeConverter done
Event: 5.550 loading class ch/qos/logback/classic/pattern/LocalSequenceNumberConverter
Event: 5.550 loading class ch/qos/logback/classic/pattern/LocalSequenceNumberConverter done
Event: 5.551 loading class ch/qos/logback/classic/pattern/SequenceNumberConverter
Event: 5.551 loading class ch/qos/logback/classic/pattern/SequenceNumberConverter done
Event: 5.553 loading class ch/qos/logback/classic/pattern/PrefixCompositeConverter
Event: 5.553 loading class ch/qos/logback/classic/pattern/PrefixCompositeConverter done


Dynamic libraries:
0x00007ff7e8320000 - 0x00007ff7e8357000 	C:\ProgramData\Oracle\Java\javapath\java.exe
0x00007ff9126d0000 - 0x00007ff9128c8000 	C:\WINDOWS\SYSTEM32\ntdll.dll
0x00007ff9109a0000 - 0x00007ff910a5d000 	C:\WINDOWS\System32\KERNEL32.DLL
0x00007ff90fff0000 - 0x00007ff9102e6000 	C:\WINDOWS\System32\KERNELBASE.dll
0x0000000056ae0000 - 0x0000000056e12000 	C:\Program Files\Norton Security\NortonData\22.23.5.106\Definitions\IPSDefs\20231122.064\IPSEng64.dll
0x00007ff910c70000 - 0x00007ff910d20000 	C:\WINDOWS\System32\ADVAPI32.dll
0x00007ff910700000 - 0x00007ff91079e000 	C:\WINDOWS\System32\msvcrt.dll
0x00007ff9111c0000 - 0x00007ff911260000 	C:\WINDOWS\System32\sechost.dll
0x00007ff910b40000 - 0x00007ff910c63000 	C:\WINDOWS\System32\RPCRT4.dll
0x00007ff90ffc0000 - 0x00007ff90ffe7000 	C:\WINDOWS\System32\bcrypt.dll
0x00007ff911280000 - 0x00007ff911288000 	C:\WINDOWS\System32\PSAPI.DLL
0x00007ff9107a0000 - 0x00007ff91093f000 	C:\WINDOWS\System32\USER32.dll
0x00007ff90fef0000 - 0x00007ff90ff12000 	C:\WINDOWS\System32\win32u.dll
0x00007ff910d20000 - 0x00007ff910d4b000 	C:\WINDOWS\System32\GDI32.dll
0x00007ff90fdd0000 - 0x00007ff90fee7000 	C:\WINDOWS\System32\gdi32full.dll
0x00007ff90ff20000 - 0x00007ff90ffbd000 	C:\WINDOWS\System32\msvcp_win.dll
0x00007ff910430000 - 0x00007ff910530000 	C:\WINDOWS\System32\ucrtbase.dll
0x00007ff8f8b20000 - 0x00007ff8f8dba000 	C:\WINDOWS\WinSxS\amd64_microsoft.windows.common-controls_6595b64144ccf1df_6.0.19041.3636_none_60b6a03d71f818d5\COMCTL32.dll
0x00007ff9121f0000 - 0x00007ff912222000 	C:\WINDOWS\System32\IMM32.DLL
0x0000000055cd0000 - 0x0000000055da2000 	C:\Program Files\Java\jre1.8.0_51\bin\msvcr100.dll
0x0000000055440000 - 0x0000000055cc3000 	C:\Program Files\Java\jre1.8.0_51\bin\server\jvm.dll
0x00007ff8e73b0000 - 0x00007ff8e73b9000 	C:\WINDOWS\SYSTEM32\WSOCK32.dll
0x00007ff911290000 - 0x00007ff9112fb000 	C:\WINDOWS\System32\WS2_32.dll
0x00007ff904e80000 - 0x00007ff904ea7000 	C:\WINDOWS\SYSTEM32\WINMM.dll
0x00007ff906f10000 - 0x00007ff906f1a000 	C:\WINDOWS\SYSTEM32\VERSION.dll
0x0000000055430000 - 0x000000005543f000 	C:\Program Files\Java\jre1.8.0_51\bin\verify.dll
0x0000000055400000 - 0x0000000055429000 	C:\Program Files\Java\jre1.8.0_51\bin\java.dll
0x00000000553e0000 - 0x00000000553f6000 	C:\Program Files\Java\jre1.8.0_51\bin\zip.dll
0x00007ff911410000 - 0x00007ff911b7b000 	C:\WINDOWS\System32\SHELL32.dll
0x00007ff90dbf0000 - 0x00007ff90e38e000 	C:\WINDOWS\SYSTEM32\windows.storage.dll
0x00007ff911be0000 - 0x00007ff911f33000 	C:\WINDOWS\System32\combase.dll
0x00007ff90f7b0000 - 0x00007ff90f7de000 	C:\WINDOWS\SYSTEM32\Wldp.dll
0x00007ff9125c0000 - 0x00007ff91268d000 	C:\WINDOWS\System32\OLEAUT32.dll
0x00007ff911300000 - 0x00007ff9113ad000 	C:\WINDOWS\System32\SHCORE.dll
0x00007ff911b80000 - 0x00007ff911bd5000 	C:\WINDOWS\System32\shlwapi.dll
0x00007ff90fcb0000 - 0x00007ff90fcd3000 	C:\WINDOWS\SYSTEM32\profapi.dll
0x00007ff90e390000 - 0x00007ff90e574000 	C:\WINDOWS\SYSTEM32\dbghelp.dll
0x00007ff9103a0000 - 0x00007ff910422000 	C:\WINDOWS\System32\bcryptPrimitives.dll

VM Arguments:
java_command: org.languagetool.server.HTTPServer -p 8081
java_class_path (initial): C:\Users\impor\.cache\language_tool_python\LanguageTool-6.4\languagetool-server.jar
Launcher Type: SUN_STANDARD

Environment Variables:
PATH=C:\ProgramData\Oracle\Java\javapath;C:\Program Files\Common Files\Oracle\Java\javapath;C:\Windows\system32;C:\Windows;C:\Windows\System32\Wbem;C:\Windows\System32\WindowsPowerShell\v1.0\;C:\Windows\System32\OpenSSH\;C:\Program Files (x86)\NVIDIA Corporation\PhysX\Common;C:\Program Files\NVIDIA Corporation\NVIDIA NvDLISR;C:\WINDOWS\system32;C:\WINDOWS;C:\WINDOWS\System32\Wbem;C:\WINDOWS\System32\WindowsPowerShell\v1.0\;C:\WINDOWS\System32\OpenSSH\;D:\Program Files\Git\cmd;C:\Program Files\dotnet\;C:\Users\impor\AppData\Local\Microsoft\WindowsApps;;D:\Microsoft VS Code\bin
USERNAME=CACC
OS=Windows_NT
PROCESSOR_IDENTIFIER=AMD64 Family 23 Model 96 Stepping 1, AuthenticAMD



---------------  S Y S T E M  ---------------

OS: Windows 10.0 , 64 bit Build 19041 (10.0.19041.3636)

CPU:total 12 (12 cores per cpu, 1 threads per core) family 23 model 96 stepping 1, cmov, cx8, fxsr, mmx, sse, sse2, sse3, ssse3, sse4.1, sse4.2, popcnt, avx, avx2, aes, clmul, mmxext, 3dnowpref, lzcnt, sse4a, tsc, tscinvbit, tscinv, bmi1

Memory: 4k page, physical 7730500k(216616k free), swap 31847748k(138860k free)

vm_info: Java HotSpot(TM) 64-Bit Server VM (25.51-b03) for windows-amd64 JRE (1.8.0_51-b16), built on Jun  8 2015 18:03:07 by "java_re" with MS VC++ 10.0 (VS2010)

time: Sat May 11 21:21:33 2024
elapsed time: 5 seconds (0d 0h 0m 5s)

