#
# There is insufficient memory for the Java Runtime Environment to continue.
# Native memory allocation (malloc) failed to allocate 32744 bytes for ChunkPool::allocate
# Possible reasons:
#   The system is out of physical RAM or swap space
#   In 32 bit mode, the process size limit was hit
# Possible solutions:
#   Reduce memory load on the system
#   Increase physical memory or swap space
#   Check if swap backing store is full
#   Use 64 bit Java on a 64 bit OS
#   Decrease Java heap size (-Xmx/-Xms)
#   Decrease number of Java threads
#   Decrease Java thread stack sizes (-Xss)
#   Set larger code cache with -XX:ReservedCodeCacheSize=
# This output file may be truncated or incomplete.
#
#  Out of Memory Error (allocation.cpp:273), pid=22824, tid=21628
#
# JRE version: Java(TM) SE Runtime Environment (8.0_51-b16) (build 1.8.0_51-b16)
# Java VM: Java HotSpot(TM) 64-Bit Server VM (25.51-b03 mixed mode windows-amd64 compressed oops)
# Failed to write core dump. Minidumps are not enabled by default on client versions of Windows
#

---------------  T H R E A D  ---------------

Current thread (0x000000001961c800):  JavaThread "C2 CompilerThread2" daemon [_thread_in_native, id=21628, stack(0x000000001ad10000,0x000000001ae10000)]

Stack: [0x000000001ad10000,0x000000001ae10000]
Native frames: (J=compiled Java code, j=interpreted, Vv=VM code, C=native code)
V  [jvm.dll+0x32b4ca]
V  [jvm.dll+0x2797e3]
V  [jvm.dll+0x27a479]
V  [jvm.dll+0x271765]
V  [jvm.dll+0xcb824]
V  [jvm.dll+0xcba47]
V  [jvm.dll+0xcbecc]
V  [jvm.dll+0x4d6209]
V  [jvm.dll+0x4d6316]
V  [jvm.dll+0x4da3ba]
V  [jvm.dll+0x4db821]
V  [jvm.dll+0x4dc257]
V  [jvm.dll+0x46a5e1]
V  [jvm.dll+0x46cde2]
V  [jvm.dll+0x4501a2]
V  [jvm.dll+0xa43a2]
V  [jvm.dll+0xa4cdf]
V  [jvm.dll+0x2418a4]
V  [jvm.dll+0x29846a]
C  [msvcr100.dll+0x21d9f]
C  [msvcr100.dll+0x21e3b]
C  [KERNEL32.DLL+0x17344]
C  [ntdll.dll+0x526b1]


Current CompileTask:
C2:  31315 1403       4       java.util.HashMap::containsKey (18 bytes)


---------------  P R O C E S S  ---------------

Java Threads: ( => current thread )
  0x000000001bc0f000 JavaThread "LtThreadPoolExecutorMonitor" daemon [_thread_blocked, id=21776, stack(0x000000001cd20000,0x000000001ce20000)]
  0x000000001beb9800 JavaThread "LtThreadPoolMonitor" daemon [_thread_blocked, id=12168, stack(0x000000001cc20000,0x000000001cd20000)]
  0x0000000019624800 JavaThread "Service Thread" daemon [_thread_blocked, id=16248, stack(0x000000001af10000,0x000000001b010000)]
  0x0000000019620800 JavaThread "C1 CompilerThread3" daemon [_thread_blocked, id=9220, stack(0x000000001ae10000,0x000000001af10000)]
=>0x000000001961c800 JavaThread "C2 CompilerThread2" daemon [_thread_in_native, id=21628, stack(0x000000001ad10000,0x000000001ae10000)]
  0x0000000019619800 JavaThread "C2 CompilerThread1" daemon [_thread_in_native, id=13828, stack(0x000000001ac10000,0x000000001ad10000)]
  0x00000000195bd000 JavaThread "C2 CompilerThread0" daemon [_thread_blocked, id=8356, stack(0x000000001ab10000,0x000000001ac10000)]
  0x00000000195ba000 JavaThread "Attach Listener" daemon [_thread_blocked, id=3644, stack(0x000000001aa10000,0x000000001ab10000)]
  0x00000000195b9000 JavaThread "Signal Dispatcher" daemon [_thread_blocked, id=10156, stack(0x000000001a910000,0x000000001aa10000)]
  0x0000000003225800 JavaThread "Finalizer" daemon [_thread_blocked, id=22916, stack(0x000000001a810000,0x000000001a910000)]
  0x0000000017ecd800 JavaThread "Reference Handler" daemon [_thread_blocked, id=17088, stack(0x000000001a710000,0x000000001a810000)]
  0x0000000003131000 JavaThread "main" [_thread_in_Java, id=4976, stack(0x0000000003030000,0x0000000003130000)]

Other Threads:
  0x0000000017ec6800 VMThread [stack: 0x000000001a610000,0x000000001a710000] [id=12416]
  0x0000000019627000 WatcherThread [stack: 0x000000001b010000,0x000000001b110000] [id=1984]

VM state:not at safepoint (normal execution)

VM Mutex/Monitor currently owned by a thread: None

Heap:
 PSYoungGen      total 257024K, used 185198K [0x00000000d8b00000, 0x00000000f3000000, 0x0000000100000000)
  eden space 240640K, 70% used [0x00000000d8b00000,0x00000000e2fe38e0,0x00000000e7600000)
  from space 16384K, 99% used [0x00000000e7600000,0x00000000e85f8010,0x00000000e8600000)
  to   space 23040K, 0% used [0x00000000f1980000,0x00000000f1980000,0x00000000f3000000)
 ParOldGen       total 80896K, used 26815K [0x000000008a000000, 0x000000008ef00000, 0x00000000d8b00000)
  object space 80896K, 33% used [0x000000008a000000,0x000000008ba2fd20,0x000000008ef00000)
 Metaspace       used 14284K, capacity 14607K, committed 14720K, reserved 1062912K
  class space    used 1777K, capacity 1905K, committed 1920K, reserved 1048576K

Card table byte_map: [0x00000000125f0000,0x00000000129b0000] byte_map_base: 0x00000000121a0000

Marking Bits: (ParMarkBitMap*) 0x0000000055c44040
 Begin Bits: [0x0000000013630000, 0x00000000153b0000)
 End Bits:   [0x00000000153b0000, 0x0000000017130000)

Polling page: 0x0000000002f40000

CodeCache: size=245760Kb used=5276Kb max_used=5276Kb free=240483Kb
 bounds [0x0000000003230000, 0x0000000003760000, 0x0000000012230000]
 total_blobs=1798 nmethods=1399 adapters=313
 compilation: enabled

Compilation events (10 events):
Event: 31.268 Thread 0x0000000019620800 nmethod 1400 0x0000000003751c90 code [0x0000000003751e40, 0x0000000003752508]
Event: 31.268 Thread 0x0000000019619800 1401       4       java.util.HashMap::getNode (148 bytes)
Event: 31.269 Thread 0x0000000019620800 1402       1       java.lang.Integer::doubleValue (6 bytes)
Event: 31.269 Thread 0x0000000019620800 nmethod 1402 0x00000000037519d0 code [0x0000000003751b20, 0x0000000003751c30]
Event: 31.271 Thread 0x0000000019619800 nmethod 1401 0x0000000003758c90 code [0x0000000003758de0, 0x0000000003759038]
Event: 31.272 Thread 0x000000001961c800 1403       4       java.util.HashMap::containsKey (18 bytes)
Event: 31.273 Thread 0x00000000195bd000 1404       4       java.lang.Integer::equals (29 bytes)
Event: 31.274 Thread 0x0000000019619800 1405       4       com.google.common.collect.RegularImmutableMap::get (13 bytes)
Event: 31.274 Thread 0x00000000195bd000 nmethod 1404 0x0000000003759210 code [0x0000000003759360, 0x0000000003759418]
Event: 31.274 Thread 0x00000000195bd000 1406       4       com.google.common.collect.RegularImmutableMap::get (64 bytes)

GC Heap History (10 events):
Event: 25.433 GC heap before
{Heap before GC invocations=5 (full 0):
 PSYoungGen      total 66048K, used 66016K [0x00000000d8b00000, 0x00000000dd000000, 0x0000000100000000)
  eden space 61440K, 100% used [0x00000000d8b00000,0x00000000dc700000,0x00000000dc700000)
  from space 4608K, 99% used [0x00000000dcb80000,0x00000000dcff8040,0x00000000dd000000)
  to   space 4608K, 0% used [0x00000000dc700000,0x00000000dc700000,0x00000000dcb80000)
 ParOldGen       total 80896K, used 4628K [0x000000008a000000, 0x000000008ef00000, 0x00000000d8b00000)
  object space 80896K, 5% used [0x000000008a000000,0x000000008a485078,0x000000008ef00000)
 Metaspace       used 13583K, capacity 13871K, committed 14208K, reserved 1060864K
  class space    used 1680K, capacity 1809K, committed 1920K, reserved 1048576K
Event: 25.456 GC heap after
Heap after GC invocations=5 (full 0):
 PSYoungGen      total 66048K, used 4592K [0x00000000d8b00000, 0x00000000e1400000, 0x0000000100000000)
  eden space 61440K, 0% used [0x00000000d8b00000,0x00000000d8b00000,0x00000000dc700000)
  from space 4608K, 99% used [0x00000000dc700000,0x00000000dcb7c030,0x00000000dcb80000)
  to   space 8704K, 0% used [0x00000000e0b80000,0x00000000e0b80000,0x00000000e1400000)
 ParOldGen       total 80896K, used 8416K [0x000000008a000000, 0x000000008ef00000, 0x00000000d8b00000)
  object space 80896K, 10% used [0x000000008a000000,0x000000008a838288,0x000000008ef00000)
 Metaspace       used 13583K, capacity 13871K, committed 14208K, reserved 1060864K
  class space    used 1680K, capacity 1809K, committed 1920K, reserved 1048576K
}
Event: 25.743 GC heap before
{Heap before GC invocations=6 (full 0):
 PSYoungGen      total 66048K, used 66032K [0x00000000d8b00000, 0x00000000e1400000, 0x0000000100000000)
  eden space 61440K, 100% used [0x00000000d8b00000,0x00000000dc700000,0x00000000dc700000)
  from space 4608K, 99% used [0x00000000dc700000,0x00000000dcb7c030,0x00000000dcb80000)
  to   space 8704K, 0% used [0x00000000e0b80000,0x00000000e0b80000,0x00000000e1400000)
 ParOldGen       total 80896K, used 8416K [0x000000008a000000, 0x000000008ef00000, 0x00000000d8b00000)
  object space 80896K, 10% used [0x000000008a000000,0x000000008a838288,0x000000008ef00000)
 Metaspace       used 13609K, capacity 13935K, committed 14208K, reserved 1060864K
  class space    used 1680K, capacity 1809K, committed 1920K, reserved 1048576K
Event: 25.766 GC heap after
Heap after GC invocations=6 (full 0):
 PSYoungGen      total 130560K, used 8000K [0x00000000d8b00000, 0x00000000e1600000, 0x0000000100000000)
  eden space 121856K, 0% used [0x00000000d8b00000,0x00000000d8b00000,0x00000000e0200000)
  from space 8704K, 91% used [0x00000000e0b80000,0x00000000e1350040,0x00000000e1400000)
  to   space 9728K, 0% used [0x00000000e0200000,0x00000000e0200000,0x00000000e0b80000)
 ParOldGen       total 80896K, used 8416K [0x000000008a000000, 0x000000008ef00000, 0x00000000d8b00000)
  object space 80896K, 10% used [0x000000008a000000,0x000000008a838288,0x000000008ef00000)
 Metaspace       used 13609K, capacity 13935K, committed 14208K, reserved 1060864K
  class space    used 1680K, capacity 1809K, committed 1920K, reserved 1048576K
}
Event: 26.501 GC heap before
{Heap before GC invocations=7 (full 0):
 PSYoungGen      total 130560K, used 129856K [0x00000000d8b00000, 0x00000000e1600000, 0x0000000100000000)
  eden space 121856K, 100% used [0x00000000d8b00000,0x00000000e0200000,0x00000000e0200000)
  from space 8704K, 91% used [0x00000000e0b80000,0x00000000e1350040,0x00000000e1400000)
  to   space 9728K, 0% used [0x00000000e0200000,0x00000000e0200000,0x00000000e0b80000)
 ParOldGen       total 80896K, used 8416K [0x000000008a000000, 0x000000008ef00000, 0x00000000d8b00000)
  object space 80896K, 10% used [0x000000008a000000,0x000000008a838288,0x000000008ef00000)
 Metaspace       used 13609K, capacity 13935K, committed 14208K, reserved 1060864K
  class space    used 1680K, capacity 1809K, committed 1920K, reserved 1048576K
Event: 26.611 GC heap after
Heap after GC invocations=7 (full 0):
 PSYoungGen      total 131584K, used 9696K [0x00000000d8b00000, 0x00000000e9300000, 0x0000000100000000)
  eden space 121856K, 0% used [0x00000000d8b00000,0x00000000d8b00000,0x00000000e0200000)
  from space 9728K, 99% used [0x00000000e0200000,0x00000000e0b78010,0x00000000e0b80000)
  to   space 13312K, 0% used [0x00000000e8600000,0x00000000e8600000,0x00000000e9300000)
 ParOldGen       total 80896K, used 13471K [0x000000008a000000, 0x000000008ef00000, 0x00000000d8b00000)
  object space 80896K, 16% used [0x000000008a000000,0x000000008ad27d20,0x000000008ef00000)
 Metaspace       used 13609K, capacity 13935K, committed 14208K, reserved 1060864K
  class space    used 1680K, capacity 1809K, committed 1920K, reserved 1048576K
}
Event: 27.255 GC heap before
{Heap before GC invocations=8 (full 0):
 PSYoungGen      total 131584K, used 131552K [0x00000000d8b00000, 0x00000000e9300000, 0x0000000100000000)
  eden space 121856K, 100% used [0x00000000d8b00000,0x00000000e0200000,0x00000000e0200000)
  from space 9728K, 99% used [0x00000000e0200000,0x00000000e0b78010,0x00000000e0b80000)
  to   space 13312K, 0% used [0x00000000e8600000,0x00000000e8600000,0x00000000e9300000)
 ParOldGen       total 80896K, used 13471K [0x000000008a000000, 0x000000008ef00000, 0x00000000d8b00000)
  object space 80896K, 16% used [0x000000008a000000,0x000000008ad27d20,0x000000008ef00000)
 Metaspace       used 13609K, capacity 13935K, committed 14208K, reserved 1060864K
  class space    used 1680K, capacity 1809K, committed 1920K, reserved 1048576K
Event: 27.334 GC heap after
Heap after GC invocations=8 (full 0):
 PSYoungGen      total 253952K, used 13280K [0x00000000d8b00000, 0x00000000e9900000, 0x0000000100000000)
  eden space 240640K, 0% used [0x00000000d8b00000,0x00000000d8b00000,0x00000000e7600000)
  from space 13312K, 99% used [0x00000000e8600000,0x00000000e92f8010,0x00000000e9300000)
  to   space 16384K, 0% used [0x00000000e7600000,0x00000000e7600000,0x00000000e8600000)
 ParOldGen       total 80896K, used 16055K [0x000000008a000000, 0x000000008ef00000, 0x00000000d8b00000)
  object space 80896K, 19% used [0x000000008a000000,0x000000008afadd20,0x000000008ef00000)
 Metaspace       used 13609K, capacity 13935K, committed 14208K, reserved 1060864K
  class space    used 1680K, capacity 1809K, committed 1920K, reserved 1048576K
}
Event: 29.277 GC heap before
{Heap before GC invocations=9 (full 0):
 PSYoungGen      total 253952K, used 253920K [0x00000000d8b00000, 0x00000000e9900000, 0x0000000100000000)
  eden space 240640K, 100% used [0x00000000d8b00000,0x00000000e7600000,0x00000000e7600000)
  from space 13312K, 99% used [0x00000000e8600000,0x00000000e92f8010,0x00000000e9300000)
  to   space 16384K, 0% used [0x00000000e7600000,0x00000000e7600000,0x00000000e8600000)
 ParOldGen       total 80896K, used 16055K [0x000000008a000000, 0x000000008ef00000, 0x00000000d8b00000)
  object space 80896K, 19% used [0x000000008a000000,0x000000008afadd20,0x000000008ef00000)
 Metaspace       used 13615K, capacity 13935K, committed 14208K, reserved 1060864K
  class space    used 1680K, capacity 1809K, committed 1920K, reserved 1048576K
Event: 29.401 GC heap after
Heap after GC invocations=9 (full 0):
 PSYoungGen      total 257024K, used 16352K [0x00000000d8b00000, 0x00000000f3000000, 0x0000000100000000)
  eden space 240640K, 0% used [0x00000000d8b00000,0x00000000d8b00000,0x00000000e7600000)
  from space 16384K, 99% used [0x00000000e7600000,0x00000000e85f8010,0x00000000e8600000)
  to   space 23040K, 0% used [0x00000000f1980000,0x00000000f1980000,0x00000000f3000000)
 ParOldGen       total 80896K, used 26815K [0x000000008a000000, 0x000000008ef00000, 0x00000000d8b00000)
  object space 80896K, 33% used [0x000000008a000000,0x000000008ba2fd20,0x000000008ef00000)
 Metaspace       used 13615K, capacity 13935K, committed 14208K, reserved 1060864K
  class space    used 1680K, capacity 1809K, committed 1920K, reserved 1048576K
}

Deoptimization events (10 events):
Event: 29.953 Thread 0x0000000003131000 Uncommon trap: reason=predicate action=maybe_recompile pc=0x00000000037125e8 method=java.util.AbstractCollection.toArray([Ljava/lang/Object;)[Ljava/lang/Object; @ 49
Event: 29.970 Thread 0x0000000003131000 Uncommon trap: reason=bimorphic action=maybe_recompile pc=0x00000000036ce454 method=java.util.regex.Pattern$CharProperty.match(Ljava/util/regex/Matcher;ILjava/lang/CharSequence;)Z @ 18
Event: 29.970 Thread 0x0000000003131000 Uncommon trap: reason=bimorphic action=maybe_recompile pc=0x00000000036ce454 method=java.util.regex.Pattern$CharProperty.match(Ljava/util/regex/Matcher;ILjava/lang/CharSequence;)Z @ 18
Event: 29.970 Thread 0x0000000003131000 Uncommon trap: reason=bimorphic action=maybe_recompile pc=0x00000000035da95c method=java.util.regex.Pattern$Curly.match0(Ljava/util/regex/Matcher;IILjava/lang/CharSequence;)Z @ 31
Event: 29.979 Thread 0x0000000003131000 Uncommon trap: reason=array_check action=maybe_recompile pc=0x0000000003715df0 method=java.util.AbstractCollection.toArray([Ljava/lang/Object;)[Ljava/lang/Object; @ 119
Event: 29.985 Thread 0x0000000003131000 Uncommon trap: reason=array_check action=maybe_recompile pc=0x0000000003715df0 method=java.util.AbstractCollection.toArray([Ljava/lang/Object;)[Ljava/lang/Object; @ 119
Event: 29.985 Thread 0x0000000003131000 Uncommon trap: reason=array_check action=maybe_recompile pc=0x0000000003715df0 method=java.util.AbstractCollection.toArray([Ljava/lang/Object;)[Ljava/lang/Object; @ 119
Event: 29.985 Thread 0x0000000003131000 Uncommon trap: reason=array_check action=maybe_recompile pc=0x0000000003715df0 method=java.util.AbstractCollection.toArray([Ljava/lang/Object;)[Ljava/lang/Object; @ 119
Event: 30.082 Thread 0x0000000003131000 Uncommon trap: reason=bimorphic action=maybe_recompile pc=0x00000000035da95c method=java.util.regex.Pattern$Curly.match0(Ljava/util/regex/Matcher;IILjava/lang/CharSequence;)Z @ 31
Event: 30.115 Thread 0x0000000003131000 Uncommon trap: reason=bimorphic action=maybe_recompile pc=0x00000000035da95c method=java.util.regex.Pattern$Curly.match0(Ljava/util/regex/Matcher;IILjava/lang/CharSequence;)Z @ 31

Internal exceptions (10 events):
Event: 13.874 Thread 0x0000000003131000 Exception <a 'java/security/PrivilegedActionException'> (0x00000000da543830) thrown at [C:\re\workspace\8-2-build-windows-amd64-cygwin\jdk8u51\3951\hotspot\src\share\vm\prims\jvm.cpp, line 1382]
Event: 13.874 Thread 0x0000000003131000 Exception <a 'java/security/PrivilegedActionException'> (0x00000000da543b78) thrown at [C:\re\workspace\8-2-build-windows-amd64-cygwin\jdk8u51\3951\hotspot\src\share\vm\prims\jvm.cpp, line 1382]
Event: 13.999 Thread 0x0000000003131000 Exception <a 'java/lang/NoClassDefFoundError': org/apache/log4j/Priority> (0x00000000da5a19f0) thrown at [C:\re\workspace\8-2-build-windows-amd64-cygwin\jdk8u51\3951\hotspot\src\share\vm\classfile\systemDictionary.cpp, line 199]
Event: 14.136 Thread 0x0000000003131000 Exception <a 'java/security/PrivilegedActionException'> (0x00000000da5eaae0) thrown at [C:\re\workspace\8-2-build-windows-amd64-cygwin\jdk8u51\3951\hotspot\src\share\vm\prims\jvm.cpp, line 1382]
Event: 14.136 Thread 0x0000000003131000 Exception <a 'java/security/PrivilegedActionException'> (0x00000000da5eae28) thrown at [C:\re\workspace\8-2-build-windows-amd64-cygwin\jdk8u51\3951\hotspot\src\share\vm\prims\jvm.cpp, line 1382]
Event: 14.140 Thread 0x0000000003131000 Implicit null exception at 0x00000000034a2556 to 0x00000000034a287d
Event: 14.141 Thread 0x0000000003131000 Exception <a 'java/security/PrivilegedActionException'> (0x00000000da60ada8) thrown at [C:\re\workspace\8-2-build-windows-amd64-cygwin\jdk8u51\3951\hotspot\src\share\vm\prims\jvm.cpp, line 1382]
Event: 14.141 Thread 0x0000000003131000 Exception <a 'java/security/PrivilegedActionException'> (0x00000000da60b0f0) thrown at [C:\re\workspace\8-2-build-windows-amd64-cygwin\jdk8u51\3951\hotspot\src\share\vm\prims\jvm.cpp, line 1382]
Event: 23.678 Thread 0x0000000003131000 Exception <a 'java/lang/IncompatibleClassChangeError': Found class java.lang.Object, but interface was expected> (0x00000000d927a560) thrown at [C:\re\workspace\8-2-build-windows-amd64-cygwin\jdk8u51\3951\hotspot\src\share\vm\interpreter\linkResolver.cpp, õÚl¬Ä 8@
Event: 24.128 Thread 0x0000000003131000 Implicit null exception at 0x000000000361cea8 to 0x000000000361e1a5

Events (10 events):
Event: 30.968 loading class com/google/common/collect/Iterators$10
Event: 30.969 loading class com/google/common/collect/Iterators$10 done
Event: 30.969 loading class com/google/common/collect/PeekingIterator
Event: 30.969 loading class com/google/common/collect/PeekingIterator done
Event: 31.247 loading class com/optimaize/langdetect/LanguageDetectorImpl
Event: 31.247 loading class com/optimaize/langdetect/LanguageDetectorImpl done
Event: 31.252 loading class com/optimaize/langdetect/LanguageDetectorImpl$1
Event: 31.252 loading class com/optimaize/langdetect/LanguageDetectorImpl$1 done
Event: 31.262 loading class com/optimaize/langdetect/NgramFrequencyData
Event: 31.262 loading class com/optimaize/langdetect/NgramFrequencyData done


Dynamic libraries:
0x00007ff7e8320000 - 0x00007ff7e8357000 	C:\ProgramData\Oracle\Java\javapath\java.exe
0x00007ff9126d0000 - 0x00007ff9128c8000 	C:\WINDOWS\SYSTEM32\ntdll.dll
0x00007ff9109a0000 - 0x00007ff910a5d000 	C:\WINDOWS\System32\KERNEL32.DLL
0x00007ff90fff0000 - 0x00007ff9102e6000 	C:\WINDOWS\System32\KERNELBASE.dll
0x0000000056ae0000 - 0x0000000056e12000 	C:\Program Files\Norton Security\NortonData\22.23.5.106\Definitions\IPSDefs\20231122.064\IPSEng64.dll
0x00007ff910c70000 - 0x00007ff910d20000 	C:\WINDOWS\System32\ADVAPI32.dll
0x00007ff910700000 - 0x00007ff91079e000 	C:\WINDOWS\System32\msvcrt.dll
0x00007ff9111c0000 - 0x00007ff911260000 	C:\WINDOWS\System32\sechost.dll
0x00007ff910b40000 - 0x00007ff910c63000 	C:\WINDOWS\System32\RPCRT4.dll
0x00007ff90ffc0000 - 0x00007ff90ffe7000 	C:\WINDOWS\System32\bcrypt.dll
0x00007ff911280000 - 0x00007ff911288000 	C:\WINDOWS\System32\PSAPI.DLL
0x00007ff9107a0000 - 0x00007ff91093f000 	C:\WINDOWS\System32\USER32.dll
0x00007ff90fef0000 - 0x00007ff90ff12000 	C:\WINDOWS\System32\win32u.dll
0x00007ff910d20000 - 0x00007ff910d4b000 	C:\WINDOWS\System32\GDI32.dll
0x00007ff90fdd0000 - 0x00007ff90fee7000 	C:\WINDOWS\System32\gdi32full.dll
0x00007ff90ff20000 - 0x00007ff90ffbd000 	C:\WINDOWS\System32\msvcp_win.dll
0x00007ff910430000 - 0x00007ff910530000 	C:\WINDOWS\System32\ucrtbase.dll
0x00007ff8f8b20000 - 0x00007ff8f8dba000 	C:\WINDOWS\WinSxS\amd64_microsoft.windows.common-controls_6595b64144ccf1df_6.0.19041.3636_none_60b6a03d71f818d5\COMCTL32.dll
0x00007ff9121f0000 - 0x00007ff912222000 	C:\WINDOWS\System32\IMM32.DLL
0x0000000055cd0000 - 0x0000000055da2000 	C:\Program Files\Java\jre1.8.0_51\bin\msvcr100.dll
0x0000000055440000 - 0x0000000055cc3000 	C:\Program Files\Java\jre1.8.0_51\bin\server\jvm.dll
0x00007ff8e73b0000 - 0x00007ff8e73b9000 	C:\WINDOWS\SYSTEM32\WSOCK32.dll
0x00007ff911290000 - 0x00007ff9112fb000 	C:\WINDOWS\System32\WS2_32.dll
0x00007ff904e80000 - 0x00007ff904ea7000 	C:\WINDOWS\SYSTEM32\WINMM.dll
0x00007ff906f10000 - 0x00007ff906f1a000 	C:\WINDOWS\SYSTEM32\VERSION.dll
0x0000000055430000 - 0x000000005543f000 	C:\Program Files\Java\jre1.8.0_51\bin\verify.dll
0x0000000055400000 - 0x0000000055429000 	C:\Program Files\Java\jre1.8.0_51\bin\java.dll
0x00000000553e0000 - 0x00000000553f6000 	C:\Program Files\Java\jre1.8.0_51\bin\zip.dll
0x00007ff911410000 - 0x00007ff911b7b000 	C:\WINDOWS\System32\SHELL32.dll
0x00007ff90dbf0000 - 0x00007ff90e38e000 	C:\WINDOWS\SYSTEM32\windows.storage.dll
0x00007ff911be0000 - 0x00007ff911f33000 	C:\WINDOWS\System32\combase.dll
0x00007ff90f7b0000 - 0x00007ff90f7de000 	C:\WINDOWS\SYSTEM32\Wldp.dll
0x00007ff9125c0000 - 0x00007ff91268d000 	C:\WINDOWS\System32\OLEAUT32.dll
0x00007ff911300000 - 0x00007ff9113ad000 	C:\WINDOWS\System32\SHCORE.dll
0x00007ff911b80000 - 0x00007ff911bd5000 	C:\WINDOWS\System32\shlwapi.dll
0x00007ff90fcb0000 - 0x00007ff90fcd3000 	C:\WINDOWS\SYSTEM32\profapi.dll
0x00007ff90e390000 - 0x00007ff90e574000 	C:\WINDOWS\SYSTEM32\dbghelp.dll
0x00007ff9103a0000 - 0x00007ff910422000 	C:\WINDOWS\System32\bcryptPrimitives.dll

VM Arguments:
java_command: org.languagetool.server.HTTPServer -p 8088
java_class_path (initial): C:\Users\impor\.cache\language_tool_python\LanguageTool-6.4\languagetool-server.jar
Launcher Type: SUN_STANDARD

Environment Variables:
PATH=C:\ProgramData\Oracle\Java\javapath;C:\Program Files\Common Files\Oracle\Java\javapath;C:\Windows\system32;C:\Windows;C:\Windows\System32\Wbem;C:\Windows\System32\WindowsPowerShell\v1.0\;C:\Windows\System32\OpenSSH\;C:\Program Files (x86)\NVIDIA Corporation\PhysX\Common;C:\Program Files\NVIDIA Corporation\NVIDIA NvDLISR;C:\WINDOWS\system32;C:\WINDOWS;C:\WINDOWS\System32\Wbem;C:\WINDOWS\System32\WindowsPowerShell\v1.0\;C:\WINDOWS\System32\OpenSSH\;D:\Program Files\Git\cmd;C:\Program Files\dotnet\;C:\Users\impor\AppData\Local\Microsoft\WindowsApps;;D:\Microsoft VS Code\bin
USERNAME=CACC
OS=Windows_NT
PROCESSOR_IDENTIFIER=AMD64 Family 23 Model 96 Stepping 1, AuthenticAMD



---------------  S Y S T E M  ---------------

OS: Windows 10.0 , 64 bit Build 19041 (10.0.19041.3636)

CPU:total 12 (12 cores per cpu, 1 threads per core) family 23 model 96 stepping 1, cmov, cx8, fxsr, mmx, sse, sse2, sse3, ssse3, sse4.1, sse4.2, popcnt, avx, avx2, aes, clmul, mmxext, 3dnowpref, lzcnt, sse4a, tsc, tscinvbit, tscinv, bmi1

Memory: 4k page, physical 7730500k(251240k free), swap 31847748k(932k free)

vm_info: Java HotSpot(TM) 64-Bit Server VM (25.51-b03) for windows-amd64 JRE (1.8.0_51-b16), built on Jun  8 2015 18:03:07 by "java_re" with MS VC++ 10.0 (VS2010)

time: Sat May 11 21:25:17 2024
elapsed time: 31 seconds (0d 0h 0m 31s)

