#
# There is insufficient memory for the Java Runtime Environment to continue.
# Native memory allocation (malloc) failed to allocate 238576 bytes for Chunk::new
# Possible reasons:
#   The system is out of physical RAM or swap space
#   In 32 bit mode, the process size limit was hit
# Possible solutions:
#   Reduce memory load on the system
#   Increase physical memory or swap space
#   Check if swap backing store is full
#   Use 64 bit Java on a 64 bit OS
#   Decrease Java heap size (-Xmx/-Xms)
#   Decrease number of Java threads
#   Decrease Java thread stack sizes (-Xss)
#   Set larger code cache with -XX:ReservedCodeCacheSize=
# This output file may be truncated or incomplete.
#
#  Out of Memory Error (allocation.cpp:390), pid=9508, tid=2832
#
# JRE version: Java(TM) SE Runtime Environment (8.0_51-b16) (build 1.8.0_51-b16)
# Java VM: Java HotSpot(TM) 64-Bit Server VM (25.51-b03 mixed mode windows-amd64 compressed oops)
# Failed to write core dump. Minidumps are not enabled by default on client versions of Windows
#

---------------  T H R E A D  ---------------

Current thread (0x0000000019799000):  JavaThread "C2 CompilerThread2" daemon [_thread_in_native, id=2832, stack(0x000000001aef0000,0x000000001aff0000)]

Stack: [0x000000001aef0000,0x000000001aff0000]
Native frames: (J=compiled Java code, j=interpreted, Vv=VM code, C=native code)
V  [jvm.dll+0x32b4ca]
V  [jvm.dll+0x2797e3]
V  [jvm.dll+0x27a479]
V  [jvm.dll+0x271765]
V  [jvm.dll+0xcba02]
V  [jvm.dll+0xcbecc]
V  [jvm.dll+0x492ad7]
V  [jvm.dll+0x45f679]
V  [jvm.dll+0x46a7cb]
V  [jvm.dll+0x46cde2]
V  [jvm.dll+0x4501a2]
V  [jvm.dll+0xa43a2]
V  [jvm.dll+0xa4cdf]
V  [jvm.dll+0x2418a4]
V  [jvm.dll+0x29846a]
C  [msvcr100.dll+0x21d9f]
C  [msvcr100.dll+0x21e3b]
C  [KERNEL32.DLL+0x17344]
C  [ntdll.dll+0x526b1]


Current CompileTask:
C2:   9779 1163 % !   4       org.languagetool.language.identifier.detector.CommonWordsDetector::<init> @ 253 (531 bytes)


---------------  P R O C E S S  ---------------

Java Threads: ( => current thread )
  0x000000001bd4a000 JavaThread "LtThreadPoolExecutorMonitor" daemon [_thread_blocked, id=23788, stack(0x000000001cf00000,0x000000001d000000)]
  0x000000001bd48800 JavaThread "LtThreadPoolMonitor" daemon [_thread_blocked, id=21712, stack(0x000000001ce00000,0x000000001cf00000)]
  0x000000001979b000 JavaThread "Service Thread" daemon [_thread_blocked, id=23712, stack(0x000000001b0f0000,0x000000001b1f0000)]
  0x000000001979a000 JavaThread "C1 CompilerThread3" daemon [_thread_blocked, id=23752, stack(0x000000001aff0000,0x000000001b0f0000)]
=>0x0000000019799000 JavaThread "C2 CompilerThread2" daemon [_thread_in_native, id=2832, stack(0x000000001aef0000,0x000000001aff0000)]
  0x0000000019796800 JavaThread "C2 CompilerThread1" daemon [_thread_blocked, id=23976, stack(0x000000001adf0000,0x000000001aef0000)]
  0x000000001978e800 JavaThread "C2 CompilerThread0" daemon [_thread_blocked, id=19260, stack(0x000000001acf0000,0x000000001adf0000)]
  0x000000001978c000 JavaThread "Attach Listener" daemon [_thread_blocked, id=18336, stack(0x000000001abf0000,0x000000001acf0000)]
  0x0000000019789000 JavaThread "Signal Dispatcher" daemon [_thread_blocked, id=24324, stack(0x000000001aaf0000,0x000000001abf0000)]
  0x0000000003406000 JavaThread "Finalizer" daemon [_thread_blocked, id=22992, stack(0x000000001a9e0000,0x000000001aae0000)]
  0x00000000180ad800 JavaThread "Reference Handler" daemon [_thread_blocked, id=21652, stack(0x000000001a8e0000,0x000000001a9e0000)]
  0x0000000003311000 JavaThread "main" [_thread_in_native, id=24376, stack(0x0000000003210000,0x0000000003310000)]

Other Threads:
  0x00000000180a6800 VMThread [stack: 0x000000001a7e0000,0x000000001a8e0000] [id=23124]
  0x000000001979d800 WatcherThread [stack: 0x000000001b1f0000,0x000000001b2f0000] [id=19432]

VM state:not at safepoint (normal execution)

VM Mutex/Monitor currently owned by a thread: None

Heap:
 PSYoungGen      total 127488K, used 121199K [0x00000000d8b00000, 0x00000000e9300000, 0x0000000100000000)
  eden space 122880K, 94% used [0x00000000d8b00000,0x00000000dfcdfdd0,0x00000000e0300000)
  from space 4608K, 99% used [0x00000000e0300000,0x00000000e077c020,0x00000000e0780000)
  to   space 12288K, 0% used [0x00000000e8700000,0x00000000e8700000,0x00000000e9300000)
 ParOldGen       total 80896K, used 14952K [0x000000008a000000, 0x000000008ef00000, 0x00000000d8b00000)
  object space 80896K, 18% used [0x000000008a000000,0x000000008ae9a2a8,0x000000008ef00000)
 Metaspace       used 13584K, capacity 13875K, committed 14208K, reserved 1060864K
  class space    used 1680K, capacity 1809K, committed 1920K, reserved 1048576K

Card table byte_map: [0x00000000127d0000,0x0000000012b90000] byte_map_base: 0x0000000012380000

Marking Bits: (ParMarkBitMap*) 0x0000000055c44040
 Begin Bits: [0x0000000013810000, 0x0000000015590000)
 End Bits:   [0x0000000015590000, 0x0000000017310000)

Polling page: 0x0000000003190000

CodeCache: size=245760Kb used=4521Kb max_used=4533Kb free=241238Kb
 bounds [0x0000000003410000, 0x0000000003890000, 0x0000000012410000]
 total_blobs=1554 nmethods=1164 adapters=304
 compilation: enabled

Compilation events (10 events):
Event: 8.823 Thread 0x000000001979a000 nmethod 1157 0x000000000385a4d0 code [0x000000000385ae20, 0x0000000003861648]
Event: 8.823 Thread 0x000000001979a000 1158       3       sun.nio.cs.UTF_8$Decoder::isMalformed3 (45 bytes)
Event: 8.824 Thread 0x000000001979a000 nmethod 1158 0x0000000003837ad0 code [0x0000000003837c40, 0x0000000003837eb0]
Event: 8.896 Thread 0x000000001979a000 1159 %     3       sun.nio.cs.UTF_8$Decoder::decodeArrayLoop @ 73 (691 bytes)
Event: 8.908 Thread 0x000000001979a000 nmethod 1159% 0x0000000003866390 code [0x0000000003866d60, 0x000000000386d968]
Event: 8.911 Thread 0x000000001979a000 1160 % !   3       org.languagetool.language.identifier.detector.CommonWordsDetector::<init> @ 253 (531 bytes)
Event: 8.927 Thread 0x000000001979a000 nmethod 1160% 0x0000000003873350 code [0x0000000003873e40, 0x000000000387c2b8]
Event: 9.010 Thread 0x000000001978e800 1161       4       sun.nio.cs.UTF_8$Decoder::decodeArrayLoop (691 bytes)
Event: 9.041 Thread 0x000000001978e800 nmethod 1161 0x000000000384d950 code [0x000000000384db60, 0x000000000384e810]
Event: 9.622 Thread 0x0000000019799000 1163 % !   4       org.languagetool.language.identifier.detector.CommonWordsDetector::<init> @ 253 (531 bytes)

GC Heap History (10 events):
Event: 4.576 GC heap before
{Heap before GC invocations=1 (full 0):
 PSYoungGen      total 35328K, used 30720K [0x00000000d8b00000, 0x00000000db200000, 0x0000000100000000)
  eden space 30720K, 100% used [0x00000000d8b00000,0x00000000da900000,0x00000000da900000)
  from space 4608K, 0% used [0x00000000dad80000,0x00000000dad80000,0x00000000db200000)
  to   space 4608K, 0% used [0x00000000da900000,0x00000000da900000,0x00000000dad80000)
 ParOldGen       total 80896K, used 0K [0x000000008a000000, 0x000000008ef00000, 0x00000000d8b00000)
  object space 80896K, 0% used [0x000000008a000000,0x000000008a000000,0x000000008ef00000)
 Metaspace       used 12351K, capacity 12668K, committed 13056K, reserved 1060864K
  class space    used 1557K, capacity 1676K, committed 1792K, reserved 1048576K
Event: 4.958 GC heap after
Heap after GC invocations=1 (full 0):
 PSYoungGen      total 35328K, used 4591K [0x00000000d8b00000, 0x00000000dd000000, 0x0000000100000000)
  eden space 30720K, 0% used [0x00000000d8b00000,0x00000000d8b00000,0x00000000da900000)
  from space 4608K, 99% used [0x00000000da900000,0x00000000dad7bda8,0x00000000dad80000)
  to   space 4608K, 0% used [0x00000000dcb80000,0x00000000dcb80000,0x00000000dd000000)
 ParOldGen       total 80896K, used 1065K [0x000000008a000000, 0x000000008ef00000, 0x00000000d8b00000)
  object space 80896K, 1% used [0x000000008a000000,0x000000008a10a6a0,0x000000008ef00000)
 Metaspace       used 12351K, capacity 12668K, committed 13056K, reserved 1060864K
  class space    used 1557K, capacity 1676K, committed 1792K, reserved 1048576K
}
Event: 6.422 GC heap before
{Heap before GC invocations=2 (full 0):
 PSYoungGen      total 35328K, used 35311K [0x00000000d8b00000, 0x00000000dd000000, 0x0000000100000000)
  eden space 30720K, 100% used [0x00000000d8b00000,0x00000000da900000,0x00000000da900000)
  from space 4608K, 99% used [0x00000000da900000,0x00000000dad7bda8,0x00000000dad80000)
  to   space 4608K, 0% used [0x00000000dcb80000,0x00000000dcb80000,0x00000000dd000000)
 ParOldGen       total 80896K, used 1065K [0x000000008a000000, 0x000000008ef00000, 0x00000000d8b00000)
  object space 80896K, 1% used [0x000000008a000000,0x000000008a10a6a0,0x000000008ef00000)
 Metaspace       used 13468K, capacity 13779K, committed 14080K, reserved 1060864K
  class space    used 1672K, capacity 1777K, committed 1792K, reserved 1048576K
Event: 6.550 GC heap after
Heap after GC invocations=2 (full 0):
 PSYoungGen      total 66048K, used 4605K [0x00000000d8b00000, 0x00000000dd000000, 0x0000000100000000)
  eden space 61440K, 0% used [0x00000000d8b00000,0x00000000d8b00000,0x00000000dc700000)
  from space 4608K, 99% used [0x00000000dcb80000,0x00000000dcfff618,0x00000000dd000000)
  to   space 4608K, 0% used [0x00000000dc700000,0x00000000dc700000,0x00000000dcb80000)
 ParOldGen       total 80896K, used 1145K [0x000000008a000000, 0x000000008ef00000, 0x00000000d8b00000)
  object space 80896K, 1% used [0x000000008a000000,0x000000008a11e418,0x000000008ef00000)
 Metaspace       used 13468K, capacity 13779K, committed 14080K, reserved 1060864K
  class space    used 1672K, capacity 1777K, committed 1792K, reserved 1048576K
}
Event: 7.008 GC heap before
{Heap before GC invocations=3 (full 0):
 PSYoungGen      total 66048K, used 66045K [0x00000000d8b00000, 0x00000000dd000000, 0x0000000100000000)
  eden space 61440K, 100% used [0x00000000d8b00000,0x00000000dc700000,0x00000000dc700000)
  from space 4608K, 99% used [0x00000000dcb80000,0x00000000dcfff618,0x00000000dd000000)
  to   space 4608K, 0% used [0x00000000dc700000,0x00000000dc700000,0x00000000dcb80000)
 ParOldGen       total 80896K, used 1145K [0x000000008a000000, 0x000000008ef00000, 0x00000000d8b00000)
  object space 80896K, 1% used [0x000000008a000000,0x000000008a11e418,0x000000008ef00000)
 Metaspace       used 13482K, capacity 13779K, committed 14080K, reserved 1060864K
  class space    used 1672K, capacity 1777K, committed 1792K, reserved 1048576K
Event: 7.037 GC heap after
Heap after GC invocations=3 (full 0):
 PSYoungGen      total 66048K, used 4576K [0x00000000d8b00000, 0x00000000e0c00000, 0x0000000100000000)
  eden space 61440K, 0% used [0x00000000d8b00000,0x00000000d8b00000,0x00000000dc700000)
  from space 4608K, 99% used [0x00000000dc700000,0x00000000dcb78040,0x00000000dcb80000)
  to   space 4608K, 0% used [0x00000000e0780000,0x00000000e0780000,0x00000000e0c00000)
 ParOldGen       total 80896K, used 4624K [0x000000008a000000, 0x000000008ef00000, 0x00000000d8b00000)
  object space 80896K, 5% used [0x000000008a000000,0x000000008a484078,0x000000008ef00000)
 Metaspace       used 13482K, capacity 13779K, committed 14080K, reserved 1060864K
  class space    used 1672K, capacity 1777K, committed 1792K, reserved 1048576K
}
Event: 7.298 GC heap before
{Heap before GC invocations=4 (full 0):
 PSYoungGen      total 66048K, used 66016K [0x00000000d8b00000, 0x00000000e0c00000, 0x0000000100000000)
  eden space 61440K, 100% used [0x00000000d8b00000,0x00000000dc700000,0x00000000dc700000)
  from space 4608K, 99% used [0x00000000dc700000,0x00000000dcb78040,0x00000000dcb80000)
  to   space 4608K, 0% used [0x00000000e0780000,0x00000000e0780000,0x00000000e0c00000)
 ParOldGen       total 80896K, used 4624K [0x000000008a000000, 0x000000008ef00000, 0x00000000d8b00000)
  object space 80896K, 5% used [0x000000008a000000,0x000000008a484078,0x000000008ef00000)
 Metaspace       used 13556K, capacity 13875K, committed 14208K, reserved 1060864K
  class space    used 1680K, capacity 1809K, committed 1920K, reserved 1048576K
Event: 7.352 GC heap after
Heap after GC invocations=4 (full 0):
 PSYoungGen      total 127488K, used 4592K [0x00000000d8b00000, 0x00000000e0c00000, 0x0000000100000000)
  eden space 122880K, 0% used [0x00000000d8b00000,0x00000000d8b00000,0x00000000e0300000)
  from space 4608K, 99% used [0x00000000e0780000,0x00000000e0bfc030,0x00000000e0c00000)
  to   space 4608K, 0% used [0x00000000e0300000,0x00000000e0300000,0x00000000e0780000)
 ParOldGen       total 80896K, used 8376K [0x000000008a000000, 0x000000008ef00000, 0x00000000d8b00000)
  object space 80896K, 10% used [0x000000008a000000,0x000000008a82e298,0x000000008ef00000)
 Metaspace       used 13556K, capacity 13875K, committed 14208K, reserved 1060864K
  class space    used 1680K, capacity 1809K, committed 1920K, reserved 1048576K
}
Event: 8.634 GC heap before
{Heap before GC invocations=5 (full 0):
 PSYoungGen      total 127488K, used 127472K [0x00000000d8b00000, 0x00000000e0c00000, 0x0000000100000000)
  eden space 122880K, 100% used [0x00000000d8b00000,0x00000000e0300000,0x00000000e0300000)
  from space 4608K, 99% used [0x00000000e0780000,0x00000000e0bfc030,0x00000000e0c00000)
  to   space 4608K, 0% used [0x00000000e0300000,0x00000000e0300000,0x00000000e0780000)
 ParOldGen       total 80896K, used 8376K [0x000000008a000000, 0x000000008ef00000, 0x00000000d8b00000)
  object space 80896K, 10% used [0x000000008a000000,0x000000008a82e298,0x000000008ef00000)
 Metaspace       used 13584K, capacity 13875K, committed 14208K, reserved 1060864K
  class space    used 1680K, capacity 1809K, committed 1920K, reserved 1048576K
Event: 8.780 GC heap after
Heap after GC invocations=5 (full 0):
 PSYoungGen      total 127488K, used 4592K [0x00000000d8b00000, 0x00000000e9300000, 0x0000000100000000)
  eden space 122880K, 0% used [0x00000000d8b00000,0x00000000d8b00000,0x00000000e0300000)
  from space 4608K, 99% used [0x00000000e0300000,0x00000000e077c020,0x00000000e0780000)
  to   space 12288K, 0% used [0x00000000e8700000,0x00000000e8700000,0x00000000e9300000)
 ParOldGen       total 80896K, used 14952K [0x000000008a000000, 0x000000008ef00000, 0x00000000d8b00000)
  object space 80896K, 18% used [0x000000008a000000,0x000000008ae9a2a8,0x000000008ef00000)
 Metaspace       used 13584K, capacity 13875K, committed 14208K, reserved 1060864K
  class space    used 1680K, capacity 1809K, committed 1920K, reserved 1048576K
}

Deoptimization events (10 events):
Event: 6.329 Thread 0x0000000003311000 Uncommon trap: reason=unstable_if action=reinterpret pc=0x00000000036dcbf8 method=java.util.HashMap.getNode(ILjava/lang/Object;)Ljava/util/HashMap$Node; @ 129
Event: 6.339 Thread 0x0000000003311000 Uncommon trap: reason=unstable_if action=reinterpret pc=0x00000000036b71b8 method=java.util.HashMap.getNode(ILjava/lang/Object;)Ljava/util/HashMap$Node; @ 129
Event: 6.399 Thread 0x0000000003311000 Uncommon trap: reason=unstable_if action=reinterpret pc=0x00000000037de4ac method=java.util.regex.Matcher.group(I)Ljava/lang/String; @ 65
Event: 6.403 Thread 0x0000000003311000 Uncommon trap: reason=unstable_if action=reinterpret pc=0x00000000037c53d0 method=java.lang.CharacterData00.toLowerCase(I)I @ 12
Event: 6.814 Thread 0x0000000003311000 Uncommon trap: reason=unstable_if action=reinterpret pc=0x00000000037f4958 method=sun.nio.cs.UTF_8$Decoder.decodeArrayLoop(Ljava/nio/ByteBuffer;Ljava/nio/CharBuffer;)Ljava/nio/charset/CoderResult; @ 287
Event: 6.834 Thread 0x0000000003311000 Uncommon trap: reason=unstable_if action=reinterpret pc=0x00000000037fd7b0 method=java.util.Scanner.hasNextLine()Z @ 31
Event: 7.272 Thread 0x0000000003311000 Uncommon trap: reason=unstable_if action=reinterpret pc=0x00000000037c8cb8 method=java.lang.String.toLowerCase(Ljava/util/Locale;)Ljava/lang/String; @ 218
Event: 8.805 Thread 0x0000000003311000 Uncommon trap: reason=bimorphic action=maybe_recompile pc=0x0000000003855190 method=org.languagetool.language.identifier.detector.CommonWordsDetector.<init>()V @ 77
Event: 8.813 Thread 0x0000000003311000 Uncommon trap: reason=unstable_if action=reinterpret pc=0x0000000003814508 method=sun.nio.cs.UTF_8$Decoder.decodeArrayLoop(Ljava/nio/ByteBuffer;Ljava/nio/CharBuffer;)Ljava/nio/charset/CoderResult; @ 280
Event: 8.906 Thread 0x0000000003311000 Uncommon trap: reason=unstable_if action=reinterpret pc=0x0000000003854660 method=org.languagetool.language.identifier.detector.CommonWordsDetector.<init>()V @ 283

Internal exceptions (10 events):
Event: 3.944 Thread 0x0000000003311000 Exception <a 'java/security/PrivilegedActionException'> (0x00000000da543438) thrown at [C:\re\workspace\8-2-build-windows-amd64-cygwin\jdk8u51\3951\hotspot\src\share\vm\prims\jvm.cpp, line 1382]
Event: 3.944 Thread 0x0000000003311000 Exception <a 'java/security/PrivilegedActionException'> (0x00000000da543780) thrown at [C:\re\workspace\8-2-build-windows-amd64-cygwin\jdk8u51\3951\hotspot\src\share\vm\prims\jvm.cpp, line 1382]
Event: 3.986 Thread 0x0000000003311000 Exception <a 'java/lang/NoClassDefFoundError': org/apache/log4j/Priority> (0x00000000da5a1728) thrown at [C:\re\workspace\8-2-build-windows-amd64-cygwin\jdk8u51\3951\hotspot\src\share\vm\classfile\systemDictionary.cpp, line 199]
Event: 4.055 Thread 0x0000000003311000 Exception <a 'java/security/PrivilegedActionException'> (0x00000000da5ea818) thrown at [C:\re\workspace\8-2-build-windows-amd64-cygwin\jdk8u51\3951\hotspot\src\share\vm\prims\jvm.cpp, line 1382]
Event: 4.055 Thread 0x0000000003311000 Exception <a 'java/security/PrivilegedActionException'> (0x00000000da5eab60) thrown at [C:\re\workspace\8-2-build-windows-amd64-cygwin\jdk8u51\3951\hotspot\src\share\vm\prims\jvm.cpp, line 1382]
Event: 4.059 Thread 0x0000000003311000 Implicit null exception at 0x000000000366fdd4 to 0x0000000003670109
Event: 4.060 Thread 0x0000000003311000 Exception <a 'java/security/PrivilegedActionException'> (0x00000000da60aae0) thrown at [C:\re\workspace\8-2-build-windows-amd64-cygwin\jdk8u51\3951\hotspot\src\share\vm\prims\jvm.cpp, line 1382]
Event: 4.061 Thread 0x0000000003311000 Exception <a 'java/security/PrivilegedActionException'> (0x00000000da60ae28) thrown at [C:\re\workspace\8-2-build-windows-amd64-cygwin\jdk8u51\3951\hotspot\src\share\vm\prims\jvm.cpp, line 1382]
Event: 6.256 Thread 0x0000000003311000 Exception <a 'java/lang/IncompatibleClassChangeError': Found class java.lang.Object, but interface was expected> (0x00000000d92791a8) thrown at [C:\re\workspace\8-2-build-windows-amd64-cygwin\jdk8u51\3951\hotspot\src\share\vm\interpreter\linkResolver.cpp, ”˜±²ÇU@
Event: 6.834 Thread 0x0000000003311000 Implicit null exception at 0x00000000037fc4a8 to 0x00000000037fd7a1

Events (10 events):
Event: 8.912 Thread 0x0000000003311000 DEOPT PACKING pc=0x00000000038609a3 sp=0x000000000330e370
Event: 8.912 Thread 0x0000000003311000 DEOPT UNPACKING pc=0x000000000345747f sp=0x000000000330e170 mode 0
Event: 8.917 Thread 0x0000000003311000 DEOPT PACKING pc=0x00000000038609a3 sp=0x000000000330e370
Event: 8.917 Thread 0x0000000003311000 DEOPT UNPACKING pc=0x000000000345747f sp=0x000000000330e170 mode 0
Event: 9.010 Thread 0x0000000003311000 DEOPT PACKING pc=0x00000000038609a3 sp=0x000000000330e370
Event: 9.010 Thread 0x0000000003311000 DEOPT UNPACKING pc=0x000000000345747f sp=0x000000000330e170 mode 0
Event: 9.015 Thread 0x0000000003311000 DEOPT PACKING pc=0x00000000038609a3 sp=0x000000000330e1b0
Event: 9.016 Thread 0x0000000003311000 DEOPT UNPACKING pc=0x000000000345747f sp=0x000000000330dfb0 mode 0
Event: 9.021 Thread 0x0000000003311000 DEOPT PACKING pc=0x00000000038609a3 sp=0x000000000330e1b0
Event: 9.021 Thread 0x0000000003311000 DEOPT UNPACKING pc=0x000000000345747f sp=0x000000000330dfb0 mode 0


Dynamic libraries:
0x00007ff7e8320000 - 0x00007ff7e8357000 	C:\ProgramData\Oracle\Java\javapath\java.exe
0x00007ff9126d0000 - 0x00007ff9128c8000 	C:\WINDOWS\SYSTEM32\ntdll.dll
0x00007ff9109a0000 - 0x00007ff910a5d000 	C:\WINDOWS\System32\KERNEL32.DLL
0x00007ff90fff0000 - 0x00007ff9102e6000 	C:\WINDOWS\System32\KERNELBASE.dll
0x0000000056ae0000 - 0x0000000056e12000 	C:\Program Files\Norton Security\NortonData\22.23.5.106\Definitions\IPSDefs\20231122.064\IPSEng64.dll
0x00007ff910c70000 - 0x00007ff910d20000 	C:\WINDOWS\System32\ADVAPI32.dll
0x00007ff910700000 - 0x00007ff91079e000 	C:\WINDOWS\System32\msvcrt.dll
0x00007ff9111c0000 - 0x00007ff911260000 	C:\WINDOWS\System32\sechost.dll
0x00007ff910b40000 - 0x00007ff910c63000 	C:\WINDOWS\System32\RPCRT4.dll
0x00007ff90ffc0000 - 0x00007ff90ffe7000 	C:\WINDOWS\System32\bcrypt.dll
0x00007ff911280000 - 0x00007ff911288000 	C:\WINDOWS\System32\PSAPI.DLL
0x00007ff9107a0000 - 0x00007ff91093f000 	C:\WINDOWS\System32\USER32.dll
0x00007ff90fef0000 - 0x00007ff90ff12000 	C:\WINDOWS\System32\win32u.dll
0x00007ff910d20000 - 0x00007ff910d4b000 	C:\WINDOWS\System32\GDI32.dll
0x00007ff90fdd0000 - 0x00007ff90fee7000 	C:\WINDOWS\System32\gdi32full.dll
0x00007ff90ff20000 - 0x00007ff90ffbd000 	C:\WINDOWS\System32\msvcp_win.dll
0x00007ff910430000 - 0x00007ff910530000 	C:\WINDOWS\System32\ucrtbase.dll
0x00007ff8f8b20000 - 0x00007ff8f8dba000 	C:\WINDOWS\WinSxS\amd64_microsoft.windows.common-controls_6595b64144ccf1df_6.0.19041.3636_none_60b6a03d71f818d5\COMCTL32.dll
0x00007ff9121f0000 - 0x00007ff912222000 	C:\WINDOWS\System32\IMM32.DLL
0x0000000055cd0000 - 0x0000000055da2000 	C:\Program Files\Java\jre1.8.0_51\bin\msvcr100.dll
0x0000000055440000 - 0x0000000055cc3000 	C:\Program Files\Java\jre1.8.0_51\bin\server\jvm.dll
0x00007ff8e73b0000 - 0x00007ff8e73b9000 	C:\WINDOWS\SYSTEM32\WSOCK32.dll
0x00007ff904e80000 - 0x00007ff904ea7000 	C:\WINDOWS\SYSTEM32\WINMM.dll
0x00007ff911290000 - 0x00007ff9112fb000 	C:\WINDOWS\System32\WS2_32.dll
0x00007ff906f10000 - 0x00007ff906f1a000 	C:\WINDOWS\SYSTEM32\VERSION.dll
0x0000000055430000 - 0x000000005543f000 	C:\Program Files\Java\jre1.8.0_51\bin\verify.dll
0x0000000055400000 - 0x0000000055429000 	C:\Program Files\Java\jre1.8.0_51\bin\java.dll
0x00000000553e0000 - 0x00000000553f6000 	C:\Program Files\Java\jre1.8.0_51\bin\zip.dll
0x00007ff911410000 - 0x00007ff911b7b000 	C:\WINDOWS\System32\SHELL32.dll
0x00007ff90dbf0000 - 0x00007ff90e38e000 	C:\WINDOWS\SYSTEM32\windows.storage.dll
0x00007ff911be0000 - 0x00007ff911f33000 	C:\WINDOWS\System32\combase.dll
0x00007ff90f7b0000 - 0x00007ff90f7de000 	C:\WINDOWS\SYSTEM32\Wldp.dll
0x00007ff9125c0000 - 0x00007ff91268d000 	C:\WINDOWS\System32\OLEAUT32.dll
0x00007ff911300000 - 0x00007ff9113ad000 	C:\WINDOWS\System32\SHCORE.dll
0x00007ff911b80000 - 0x00007ff911bd5000 	C:\WINDOWS\System32\shlwapi.dll
0x00007ff90fcb0000 - 0x00007ff90fcd3000 	C:\WINDOWS\SYSTEM32\profapi.dll
0x00007ff90e390000 - 0x00007ff90e574000 	C:\WINDOWS\SYSTEM32\dbghelp.dll
0x00007ff9103a0000 - 0x00007ff910422000 	C:\WINDOWS\System32\bcryptPrimitives.dll

VM Arguments:
java_command: org.languagetool.server.HTTPServer -p 8081
java_class_path (initial): C:\Users\impor\.cache\language_tool_python\LanguageTool-6.4\languagetool-server.jar
Launcher Type: SUN_STANDARD

Environment Variables:
PATH=C:\ProgramData\Oracle\Java\javapath;C:\Program Files\Common Files\Oracle\Java\javapath;C:\Windows\system32;C:\Windows;C:\Windows\System32\Wbem;C:\Windows\System32\WindowsPowerShell\v1.0\;C:\Windows\System32\OpenSSH\;C:\Program Files (x86)\NVIDIA Corporation\PhysX\Common;C:\Program Files\NVIDIA Corporation\NVIDIA NvDLISR;C:\WINDOWS\system32;C:\WINDOWS;C:\WINDOWS\System32\Wbem;C:\WINDOWS\System32\WindowsPowerShell\v1.0\;C:\WINDOWS\System32\OpenSSH\;D:\Program Files\Git\cmd;C:\Program Files\dotnet\;C:\Users\impor\AppData\Local\Microsoft\WindowsApps;;D:\Microsoft VS Code\bin
USERNAME=CACC
OS=Windows_NT
PROCESSOR_IDENTIFIER=AMD64 Family 23 Model 96 Stepping 1, AuthenticAMD



---------------  S Y S T E M  ---------------

OS: Windows 10.0 , 64 bit Build 19041 (10.0.19041.3636)

CPU:total 12 (12 cores per cpu, 1 threads per core) family 23 model 96 stepping 1, cmov, cx8, fxsr, mmx, sse, sse2, sse3, ssse3, sse4.1, sse4.2, popcnt, avx, avx2, aes, clmul, mmxext, 3dnowpref, lzcnt, sse4a, tsc, tscinvbit, tscinv, bmi1

Memory: 4k page, physical 7730500k(243900k free), swap 31847748k(140608k free)

vm_info: Java HotSpot(TM) 64-Bit Server VM (25.51-b03) for windows-amd64 JRE (1.8.0_51-b16), built on Jun  8 2015 18:03:07 by "java_re" with MS VC++ 10.0 (VS2010)

time: Sat May 11 21:21:33 2024
elapsed time: 9 seconds (0d 0h 0m 9s)

