#
# There is insufficient memory for the Java Runtime Environment to continue.
# Native memory allocation (malloc) failed to allocate 1082384 bytes for Chunk::new
# Possible reasons:
#   The system is out of physical RAM or swap space
#   In 32 bit mode, the process size limit was hit
# Possible solutions:
#   Reduce memory load on the system
#   Increase physical memory or swap space
#   Check if swap backing store is full
#   Use 64 bit Java on a 64 bit OS
#   Decrease Java heap size (-Xmx/-Xms)
#   Decrease number of Java threads
#   Decrease Java thread stack sizes (-Xss)
#   Set larger code cache with -XX:ReservedCodeCacheSize=
# This output file may be truncated or incomplete.
#
#  Out of Memory Error (allocation.cpp:390), pid=22396, tid=19388
#
# JRE version: Java(TM) SE Runtime Environment (8.0_51-b16) (build 1.8.0_51-b16)
# Java VM: Java HotSpot(TM) 64-Bit Server VM (25.51-b03 mixed mode windows-amd64 compressed oops)
# Failed to write core dump. Minidumps are not enabled by default on client versions of Windows
#

---------------  T H R E A D  ---------------

Current thread (0x000000001914d000):  JavaThread "C2 CompilerThread0" daemon [_thread_in_native, id=19388, stack(0x000000001a6b0000,0x000000001a7b0000)]

Stack: [0x000000001a6b0000,0x000000001a7b0000]
Native frames: (J=compiled Java code, j=interpreted, Vv=VM code, C=native code)
V  [jvm.dll+0x32b4ca]
V  [jvm.dll+0x2797e3]
V  [jvm.dll+0x27a479]
V  [jvm.dll+0x271765]
V  [jvm.dll+0xcba02]
V  [jvm.dll+0xcbecc]
V  [jvm.dll+0x4643d2]
V  [jvm.dll+0x4db655]
V  [jvm.dll+0x4dc257]
V  [jvm.dll+0x46a5e1]
V  [jvm.dll+0x46cde2]
V  [jvm.dll+0x4501a2]
V  [jvm.dll+0xa43a2]
V  [jvm.dll+0xa4cdf]
V  [jvm.dll+0x2418a4]
V  [jvm.dll+0x29846a]
C  [msvcr100.dll+0x21d9f]
C  [msvcr100.dll+0x21e3b]
C  [KERNEL32.DLL+0x17344]
C  [ntdll.dll+0x526b1]


Current CompileTask:
C2:  14427 1067       4       java.util.Scanner::hasNextLine (75 bytes)


---------------  P R O C E S S  ---------------

Java Threads: ( => current thread )
  0x000000001b3fa800 JavaThread "LtThreadPoolExecutorMonitor" daemon [_thread_blocked, id=10220, stack(0x000000001c8c0000,0x000000001c9c0000)]
  0x000000001b3f6800 JavaThread "LtThreadPoolMonitor" daemon [_thread_blocked, id=19028, stack(0x000000001c7c0000,0x000000001c8c0000)]
  0x000000001915c000 JavaThread "Service Thread" daemon [_thread_blocked, id=18956, stack(0x000000001aab0000,0x000000001abb0000)]
  0x000000001915a800 JavaThread "C1 CompilerThread3" daemon [_thread_blocked, id=5572, stack(0x000000001a9b0000,0x000000001aab0000)]
  0x000000001915a000 JavaThread "C2 CompilerThread2" daemon [_thread_blocked, id=22684, stack(0x000000001a8b0000,0x000000001a9b0000)]
  0x0000000019155000 JavaThread "C2 CompilerThread1" daemon [_thread_blocked, id=23224, stack(0x000000001a7b0000,0x000000001a8b0000)]
=>0x000000001914d000 JavaThread "C2 CompilerThread0" daemon [_thread_in_native, id=19388, stack(0x000000001a6b0000,0x000000001a7b0000)]
  0x000000001914a000 JavaThread "Attach Listener" daemon [_thread_blocked, id=9976, stack(0x000000001a5b0000,0x000000001a6b0000)]
  0x0000000019149000 JavaThread "Signal Dispatcher" daemon [_thread_blocked, id=24200, stack(0x000000001a4b0000,0x000000001a5b0000)]
  0x0000000002da5800 JavaThread "Finalizer" daemon [_thread_blocked, id=19260, stack(0x000000001a3b0000,0x000000001a4b0000)]
  0x0000000017a7d000 JavaThread "Reference Handler" daemon [_thread_blocked, id=12416, stack(0x000000001a2b0000,0x000000001a3b0000)]
  0x0000000002cb1000 JavaThread "main" [_thread_in_Java, id=12156, stack(0x0000000002b80000,0x0000000002c80000)]

Other Threads:
  0x0000000017a76800 VMThread [stack: 0x000000001a1b0000,0x000000001a2b0000] [id=13564]
  0x000000001915e000 WatcherThread [stack: 0x000000001abb0000,0x000000001acb0000] [id=16632]

VM state:not at safepoint (normal execution)

VM Mutex/Monitor currently owned by a thread: None

Heap:
 PSYoungGen      total 66048K, used 50128K [0x00000000d8b00000, 0x00000000dd000000, 0x0000000100000000)
  eden space 61440K, 74% used [0x00000000d8b00000,0x00000000db77c090,0x00000000dc700000)
  from space 4608K, 99% used [0x00000000dc700000,0x00000000dcb78030,0x00000000dcb80000)
  to   space 4608K, 0% used [0x00000000dcb80000,0x00000000dcb80000,0x00000000dd000000)
 ParOldGen       total 80896K, used 4656K [0x000000008a000000, 0x000000008ef00000, 0x00000000d8b00000)
  object space 80896K, 5% used [0x000000008a000000,0x000000008a48c290,0x000000008ef00000)
 Metaspace       used 13489K, capacity 13759K, committed 13824K, reserved 1060864K
  class space    used 1673K, capacity 1777K, committed 1792K, reserved 1048576K

Card table byte_map: [0x0000000012170000,0x0000000012530000] byte_map_base: 0x0000000011d20000

Marking Bits: (ParMarkBitMap*) 0x0000000055c44040
 Begin Bits: [0x00000000131b0000, 0x0000000014f30000)
 End Bits:   [0x0000000014f30000, 0x0000000016cb0000)

Polling page: 0x00000000011a0000

CodeCache: size=245760Kb used=4047Kb max_used=4055Kb free=241713Kb
 bounds [0x0000000002db0000, 0x00000000031b0000, 0x0000000011db0000]
 total_blobs=1491 nmethods=1101 adapters=304
 compilation: enabled

Compilation events (10 events):
Event: 14.231 Thread 0x000000001915a800 1102       3       java.util.Scanner::makeSpace (133 bytes)
Event: 14.233 Thread 0x000000001915a800 nmethod 1102 0x000000000319e510 code [0x000000000319e740, 0x000000000319f518]
Event: 14.233 Thread 0x000000001915a800 1103       3       java.nio.HeapCharBuffer::compact (52 bytes)
Event: 14.233 Thread 0x000000001915a800 nmethod 1103 0x000000000319d3d0 code [0x000000000319d580, 0x000000000319ddc8]
Event: 14.234 Thread 0x000000001915a800 1104   !   3       java.util.Scanner::readInput (136 bytes)
Event: 14.234 Thread 0x000000001915a800 nmethod 1104 0x000000000319c5d0 code [0x000000000319c7a0, 0x000000000319d178]
Event: 14.266 Thread 0x000000001915a800 1105       3       java.util.regex.Pattern$Dollar::match (209 bytes)
Event: 14.267 Thread 0x000000001915a800 nmethod 1105 0x000000000319b390 code [0x000000000319b5a0, 0x000000000319c278]
Event: 14.278 Thread 0x0000000019155000 1106       4       java.util.regex.Pattern$Single::isSatisfiedBy (14 bytes)
Event: 14.279 Thread 0x0000000019155000 nmethod 1106 0x00000000031653d0 code [0x0000000003165500, 0x0000000003165578]

GC Heap History (6 events):
Event: 12.138 GC heap before
{Heap before GC invocations=1 (full 0):
 PSYoungGen      total 35328K, used 30720K [0x00000000d8b00000, 0x00000000db200000, 0x0000000100000000)
  eden space 30720K, 100% used [0x00000000d8b00000,0x00000000da900000,0x00000000da900000)
  from space 4608K, 0% used [0x00000000dad80000,0x00000000dad80000,0x00000000db200000)
  to   space 4608K, 0% used [0x00000000da900000,0x00000000da900000,0x00000000dad80000)
 ParOldGen       total 80896K, used 0K [0x000000008a000000, 0x000000008ef00000, 0x00000000d8b00000)
  object space 80896K, 0% used [0x000000008a000000,0x000000008a000000,0x000000008ef00000)
 Metaspace       used 12346K, capacity 12648K, committed 12800K, reserved 1060864K
  class space    used 1557K, capacity 1676K, committed 1792K, reserved 1048576K
Event: 12.359 GC heap after
Heap after GC invocations=1 (full 0):
 PSYoungGen      total 35328K, used 4577K [0x00000000d8b00000, 0x00000000dd000000, 0x0000000100000000)
  eden space 30720K, 0% used [0x00000000d8b00000,0x00000000d8b00000,0x00000000da900000)
  from space 4608K, 99% used [0x00000000da900000,0x00000000dad78720,0x00000000dad80000)
  to   space 4608K, 0% used [0x00000000dcb80000,0x00000000dcb80000,0x00000000dd000000)
 ParOldGen       total 80896K, used 1046K [0x000000008a000000, 0x000000008ef00000, 0x00000000d8b00000)
  object space 80896K, 1% used [0x000000008a000000,0x000000008a105950,0x000000008ef00000)
 Metaspace       used 12346K, capacity 12648K, committed 12800K, reserved 1060864K
  class space    used 1557K, capacity 1676K, committed 1792K, reserved 1048576K
}
Event: 13.662 GC heap before
{Heap before GC invocations=2 (full 0):
 PSYoungGen      total 35328K, used 35297K [0x00000000d8b00000, 0x00000000dd000000, 0x0000000100000000)
  eden space 30720K, 100% used [0x00000000d8b00000,0x00000000da900000,0x00000000da900000)
  from space 4608K, 99% used [0x00000000da900000,0x00000000dad78720,0x00000000dad80000)
  to   space 4608K, 0% used [0x00000000dcb80000,0x00000000dcb80000,0x00000000dd000000)
 ParOldGen       total 80896K, used 1046K [0x000000008a000000, 0x000000008ef00000, 0x00000000d8b00000)
  object space 80896K, 1% used [0x000000008a000000,0x000000008a105950,0x000000008ef00000)
 Metaspace       used 13466K, capacity 13759K, committed 13824K, reserved 1060864K
  class space    used 1673K, capacity 1777K, committed 1792K, reserved 1048576K
Event: 13.787 GC heap after
Heap after GC invocations=2 (full 0):
 PSYoungGen      total 66048K, used 4589K [0x00000000d8b00000, 0x00000000dd000000, 0x0000000100000000)
  eden space 61440K, 0% used [0x00000000d8b00000,0x00000000d8b00000,0x00000000dc700000)
  from space 4608K, 99% used [0x00000000dcb80000,0x00000000dcffb628,0x00000000dd000000)
  to   space 4608K, 0% used [0x00000000dc700000,0x00000000dc700000,0x00000000dcb80000)
 ParOldGen       total 80896K, used 1141K [0x000000008a000000, 0x000000008ef00000, 0x00000000d8b00000)
  object space 80896K, 1% used [0x000000008a000000,0x000000008a11d630,0x000000008ef00000)
 Metaspace       used 13466K, capacity 13759K, committed 13824K, reserved 1060864K
  class space    used 1673K, capacity 1777K, committed 1792K, reserved 1048576K
}
Event: 14.081 GC heap before
{Heap before GC invocations=3 (full 0):
 PSYoungGen      total 66048K, used 66029K [0x00000000d8b00000, 0x00000000dd000000, 0x0000000100000000)
  eden space 61440K, 100% used [0x00000000d8b00000,0x00000000dc700000,0x00000000dc700000)
  from space 4608K, 99% used [0x00000000dcb80000,0x00000000dcffb628,0x00000000dd000000)
  to   space 4608K, 0% used [0x00000000dc700000,0x00000000dc700000,0x00000000dcb80000)
 ParOldGen       total 80896K, used 1141K [0x000000008a000000, 0x000000008ef00000, 0x00000000d8b00000)
  object space 80896K, 1% used [0x000000008a000000,0x000000008a11d630,0x000000008ef00000)
 Metaspace       used 13482K, capacity 13759K, committed 13824K, reserved 1060864K
  class space    used 1673K, capacity 1777K, committed 1792K, reserved 1048576K
Event: 14.208 GC heap after
Heap after GC invocations=3 (full 0):
 PSYoungGen      total 66048K, used 4576K [0x00000000d8b00000, 0x00000000dd000000, 0x0000000100000000)
  eden space 61440K, 0% used [0x00000000d8b00000,0x00000000d8b00000,0x00000000dc700000)
  from space 4608K, 99% used [0x00000000dc700000,0x00000000dcb78030,0x00000000dcb80000)
  to   space 4608K, 0% used [0x00000000dcb80000,0x00000000dcb80000,0x00000000dd000000)
 ParOldGen       total 80896K, used 4656K [0x000000008a000000, 0x000000008ef00000, 0x00000000d8b00000)
  object space 80896K, 5% used [0x000000008a000000,0x000000008a48c290,0x000000008ef00000)
 Metaspace       used 13482K, capacity 13759K, committed 13824K, reserved 1060864K
  class space    used 1673K, capacity 1777K, committed 1792K, reserved 1048576K
}

Deoptimization events (9 events):
Event: 10.788 Thread 0x0000000002cb1000 Uncommon trap: reason=unstable_if action=reinterpret pc=0x0000000002f79df8 method=java.lang.String.indexOf([CII[CIII)I @ 3
Event: 11.176 Thread 0x0000000002cb1000 Uncommon trap: reason=unstable_if action=reinterpret pc=0x0000000002ff53a8 method=sun.misc.MetaIndex.mayContain(Ljava/lang/String;)Z @ 38
Event: 11.608 Thread 0x0000000002cb1000 Uncommon trap: reason=unstable_if action=reinterpret pc=0x00000000030275d4 method=java.lang.AbstractStringBuilder.append(Ljava/lang/String;)Ljava/lang/AbstractStringBuilder; @ 1
Event: 11.770 Thread 0x0000000002cb1000 Uncommon trap: reason=unstable_if action=reinterpret pc=0x00000000030a5048 method=java.io.WinNTFileSystem.normalize(Ljava/lang/String;II)Ljava/lang/String; @ 90
Event: 12.099 Thread 0x0000000002cb1000 Uncommon trap: reason=unstable_if action=reinterpret pc=0x0000000002ee0340 method=java.lang.CharacterData.of(I)Ljava/lang/CharacterData; @ 4
Event: 13.582 Thread 0x0000000002cb1000 Uncommon trap: reason=unstable_if action=reinterpret pc=0x00000000030815f8 method=java.util.HashMap.getNode(ILjava/lang/Object;)Ljava/util/HashMap$Node; @ 129
Event: 13.604 Thread 0x0000000002cb1000 Uncommon trap: reason=unstable_if action=reinterpret pc=0x0000000003062938 method=java.util.HashMap.getNode(ILjava/lang/Object;)Ljava/util/HashMap$Node; @ 129
Event: 13.648 Thread 0x0000000002cb1000 Uncommon trap: reason=unstable_if action=reinterpret pc=0x000000000316db6c method=java.util.regex.Matcher.group(I)Ljava/lang/String; @ 65
Event: 13.652 Thread 0x0000000002cb1000 Uncommon trap: reason=unstable_if action=reinterpret pc=0x0000000003151c10 method=java.lang.CharacterData00.toLowerCase(I)I @ 12

Internal exceptions (10 events):
Event: 11.079 Thread 0x0000000002cb1000 Exception <a 'java/security/PrivilegedActionException'> (0x00000000d9f8cb58) thrown at [C:\re\workspace\8-2-build-windows-amd64-cygwin\jdk8u51\3951\hotspot\src\share\vm\prims\jvm.cpp, line 1382]
Event: 11.558 Thread 0x0000000002cb1000 Exception <a 'java/security/PrivilegedActionException'> (0x00000000da54e460) thrown at [C:\re\workspace\8-2-build-windows-amd64-cygwin\jdk8u51\3951\hotspot\src\share\vm\prims\jvm.cpp, line 1382]
Event: 11.558 Thread 0x0000000002cb1000 Exception <a 'java/security/PrivilegedActionException'> (0x00000000da54e7a8) thrown at [C:\re\workspace\8-2-build-windows-amd64-cygwin\jdk8u51\3951\hotspot\src\share\vm\prims\jvm.cpp, line 1382]
Event: 11.578 Thread 0x0000000002cb1000 Exception <a 'java/lang/NoClassDefFoundError': org/apache/log4j/Priority> (0x00000000da5ac680) thrown at [C:\re\workspace\8-2-build-windows-amd64-cygwin\jdk8u51\3951\hotspot\src\share\vm\classfile\systemDictionary.cpp, line 199]
Event: 11.597 Thread 0x0000000002cb1000 Exception <a 'java/security/PrivilegedActionException'> (0x00000000da5f5770) thrown at [C:\re\workspace\8-2-build-windows-amd64-cygwin\jdk8u51\3951\hotspot\src\share\vm\prims\jvm.cpp, line 1382]
Event: 11.597 Thread 0x0000000002cb1000 Exception <a 'java/security/PrivilegedActionException'> (0x00000000da5f5ab8) thrown at [C:\re\workspace\8-2-build-windows-amd64-cygwin\jdk8u51\3951\hotspot\src\share\vm\prims\jvm.cpp, line 1382]
Event: 11.608 Thread 0x0000000002cb1000 Implicit null exception at 0x0000000003027296 to 0x00000000030275bd
Event: 11.609 Thread 0x0000000002cb1000 Exception <a 'java/security/PrivilegedActionException'> (0x00000000da615a38) thrown at [C:\re\workspace\8-2-build-windows-amd64-cygwin\jdk8u51\3951\hotspot\src\share\vm\prims\jvm.cpp, line 1382]
Event: 11.609 Thread 0x0000000002cb1000 Exception <a 'java/security/PrivilegedActionException'> (0x00000000da615d80) thrown at [C:\re\workspace\8-2-build-windows-amd64-cygwin\jdk8u51\3951\hotspot\src\share\vm\prims\jvm.cpp, line 1382]
Event: 13.543 Thread 0x0000000002cb1000 Exception <a 'java/lang/IncompatibleClassChangeError': Found class java.lang.Object, but interface was expected> (0x00000000d9278df0) thrown at [C:\re\workspace\8-2-build-windows-amd64-cygwin\jdk8u51\3951\hotspot\src\share\vm\interpreter\linkResolver.cpp, Ox	N}(&@

Events (10 events):
Event: 14.015 Thread 0x0000000002cb1000 DEOPT PACKING pc=0x0000000003176ca3 sp=0x0000000002c7e1a0
Event: 14.015 Thread 0x0000000002cb1000 DEOPT UNPACKING pc=0x0000000002df747f sp=0x0000000002c7dfa0 mode 0
Event: 14.025 Thread 0x0000000002cb1000 DEOPT PACKING pc=0x0000000003176ca3 sp=0x0000000002c7e1a0
Event: 14.025 Thread 0x0000000002cb1000 DEOPT UNPACKING pc=0x0000000002df747f sp=0x0000000002c7dfa0 mode 0
Event: 14.047 Thread 0x0000000002cb1000 DEOPT PACKING pc=0x0000000003176ca3 sp=0x0000000002c7e1a0
Event: 14.047 Thread 0x0000000002cb1000 DEOPT UNPACKING pc=0x0000000002df747f sp=0x0000000002c7dfa0 mode 0
Event: 14.056 Thread 0x0000000002cb1000 DEOPT PACKING pc=0x0000000003176ca3 sp=0x0000000002c7e1a0
Event: 14.056 Thread 0x0000000002cb1000 DEOPT UNPACKING pc=0x0000000002df747f sp=0x0000000002c7dfa0 mode 0
Event: 14.081 Executing VM operation: ParallelGCFailedAllocation
Event: 14.208 Executing VM operation: ParallelGCFailedAllocation done


Dynamic libraries:
0x00007ff7e8320000 - 0x00007ff7e8357000 	C:\ProgramData\Oracle\Java\javapath\java.exe
0x00007ff9126d0000 - 0x00007ff9128c8000 	C:\WINDOWS\SYSTEM32\ntdll.dll
0x00007ff9109a0000 - 0x00007ff910a5d000 	C:\WINDOWS\System32\KERNEL32.DLL
0x00007ff90fff0000 - 0x00007ff9102e6000 	C:\WINDOWS\System32\KERNELBASE.dll
0x0000000056ae0000 - 0x0000000056e12000 	C:\Program Files\Norton Security\NortonData\22.23.5.106\Definitions\IPSDefs\20231122.064\IPSEng64.dll
0x00007ff910c70000 - 0x00007ff910d20000 	C:\WINDOWS\System32\ADVAPI32.dll
0x00007ff910700000 - 0x00007ff91079e000 	C:\WINDOWS\System32\msvcrt.dll
0x00007ff9111c0000 - 0x00007ff911260000 	C:\WINDOWS\System32\sechost.dll
0x00007ff910b40000 - 0x00007ff910c63000 	C:\WINDOWS\System32\RPCRT4.dll
0x00007ff90ffc0000 - 0x00007ff90ffe7000 	C:\WINDOWS\System32\bcrypt.dll
0x00007ff911280000 - 0x00007ff911288000 	C:\WINDOWS\System32\PSAPI.DLL
0x00007ff9107a0000 - 0x00007ff91093f000 	C:\WINDOWS\System32\USER32.dll
0x00007ff90fef0000 - 0x00007ff90ff12000 	C:\WINDOWS\System32\win32u.dll
0x00007ff910d20000 - 0x00007ff910d4b000 	C:\WINDOWS\System32\GDI32.dll
0x00007ff90fdd0000 - 0x00007ff90fee7000 	C:\WINDOWS\System32\gdi32full.dll
0x00007ff90ff20000 - 0x00007ff90ffbd000 	C:\WINDOWS\System32\msvcp_win.dll
0x00007ff910430000 - 0x00007ff910530000 	C:\WINDOWS\System32\ucrtbase.dll
0x00007ff8f8b20000 - 0x00007ff8f8dba000 	C:\WINDOWS\WinSxS\amd64_microsoft.windows.common-controls_6595b64144ccf1df_6.0.19041.3636_none_60b6a03d71f818d5\COMCTL32.dll
0x00007ff9121f0000 - 0x00007ff912222000 	C:\WINDOWS\System32\IMM32.DLL
0x0000000055cd0000 - 0x0000000055da2000 	C:\Program Files\Java\jre1.8.0_51\bin\msvcr100.dll
0x0000000055440000 - 0x0000000055cc3000 	C:\Program Files\Java\jre1.8.0_51\bin\server\jvm.dll
0x00007ff8e73b0000 - 0x00007ff8e73b9000 	C:\WINDOWS\SYSTEM32\WSOCK32.dll
0x00007ff911290000 - 0x00007ff9112fb000 	C:\WINDOWS\System32\WS2_32.dll
0x00007ff904e80000 - 0x00007ff904ea7000 	C:\WINDOWS\SYSTEM32\WINMM.dll
0x00007ff906f10000 - 0x00007ff906f1a000 	C:\WINDOWS\SYSTEM32\VERSION.dll
0x0000000055430000 - 0x000000005543f000 	C:\Program Files\Java\jre1.8.0_51\bin\verify.dll
0x0000000055400000 - 0x0000000055429000 	C:\Program Files\Java\jre1.8.0_51\bin\java.dll
0x00000000553e0000 - 0x00000000553f6000 	C:\Program Files\Java\jre1.8.0_51\bin\zip.dll
0x00007ff911410000 - 0x00007ff911b7b000 	C:\WINDOWS\System32\SHELL32.dll
0x00007ff90dbf0000 - 0x00007ff90e38e000 	C:\WINDOWS\SYSTEM32\windows.storage.dll
0x00007ff911be0000 - 0x00007ff911f33000 	C:\WINDOWS\System32\combase.dll
0x00007ff90f7b0000 - 0x00007ff90f7de000 	C:\WINDOWS\SYSTEM32\Wldp.dll
0x00007ff9125c0000 - 0x00007ff91268d000 	C:\WINDOWS\System32\OLEAUT32.dll
0x00007ff911300000 - 0x00007ff9113ad000 	C:\WINDOWS\System32\SHCORE.dll
0x00007ff911b80000 - 0x00007ff911bd5000 	C:\WINDOWS\System32\shlwapi.dll
0x00007ff90fcb0000 - 0x00007ff90fcd3000 	C:\WINDOWS\SYSTEM32\profapi.dll
0x00007ff90e390000 - 0x00007ff90e574000 	C:\WINDOWS\SYSTEM32\dbghelp.dll
0x00007ff9103a0000 - 0x00007ff910422000 	C:\WINDOWS\System32\bcryptPrimitives.dll

VM Arguments:
java_command: org.languagetool.server.HTTPServer -p 8090
java_class_path (initial): C:\Users\impor\.cache\language_tool_python\LanguageTool-6.4\languagetool-server.jar
Launcher Type: SUN_STANDARD

Environment Variables:
PATH=C:\ProgramData\Oracle\Java\javapath;C:\Program Files\Common Files\Oracle\Java\javapath;C:\Windows\system32;C:\Windows;C:\Windows\System32\Wbem;C:\Windows\System32\WindowsPowerShell\v1.0\;C:\Windows\System32\OpenSSH\;C:\Program Files (x86)\NVIDIA Corporation\PhysX\Common;C:\Program Files\NVIDIA Corporation\NVIDIA NvDLISR;C:\WINDOWS\system32;C:\WINDOWS;C:\WINDOWS\System32\Wbem;C:\WINDOWS\System32\WindowsPowerShell\v1.0\;C:\WINDOWS\System32\OpenSSH\;D:\Program Files\Git\cmd;C:\Program Files\dotnet\;C:\Users\impor\AppData\Local\Microsoft\WindowsApps;;D:\Microsoft VS Code\bin
USERNAME=CACC
OS=Windows_NT
PROCESSOR_IDENTIFIER=AMD64 Family 23 Model 96 Stepping 1, AuthenticAMD



---------------  S Y S T E M  ---------------

OS: Windows 10.0 , 64 bit Build 19041 (10.0.19041.3636)

CPU:total 12 (12 cores per cpu, 1 threads per core) family 23 model 96 stepping 1, cmov, cx8, fxsr, mmx, sse, sse2, sse3, ssse3, sse4.1, sse4.2, popcnt, avx, avx2, aes, clmul, mmxext, 3dnowpref, lzcnt, sse4a, tsc, tscinvbit, tscinv, bmi1

Memory: 4k page, physical 7730500k(468136k free), swap 31847748k(301228k free)

vm_info: Java HotSpot(TM) 64-Bit Server VM (25.51-b03) for windows-amd64 JRE (1.8.0_51-b16), built on Jun  8 2015 18:03:07 by "java_re" with MS VC++ 10.0 (VS2010)

time: Sat May 11 21:24:42 2024
elapsed time: 14 seconds (0d 0h 0m 14s)

