#
# There is insufficient memory for the Java Runtime Environment to continue.
# Native memory allocation (malloc) failed to allocate 42256 bytes for Chunk::new
# Possible reasons:
#   The system is out of physical RAM or swap space
#   In 32 bit mode, the process size limit was hit
# Possible solutions:
#   Reduce memory load on the system
#   Increase physical memory or swap space
#   Check if swap backing store is full
#   Use 64 bit Java on a 64 bit OS
#   Decrease Java heap size (-Xmx/-Xms)
#   Decrease number of Java threads
#   Decrease Java thread stack sizes (-Xss)
#   Set larger code cache with -XX:ReservedCodeCacheSize=
# This output file may be truncated or incomplete.
#
#  Out of Memory Error (allocation.cpp:390), pid=21492, tid=1912
#
# JRE version: Java(TM) SE Runtime Environment (8.0_51-b16) (build 1.8.0_51-b16)
# Java VM: Java HotSpot(TM) 64-Bit Server VM (25.51-b03 mixed mode windows-amd64 compressed oops)
# Failed to write core dump. Minidumps are not enabled by default on client versions of Windows
#

---------------  T H R E A D  ---------------

Current thread (0x00000000196d5000):  JavaThread "C2 CompilerThread1" daemon [_thread_in_native, id=1912, stack(0x000000001ad30000,0x000000001ae30000)]

Stack: [0x000000001ad30000,0x000000001ae30000]
Native frames: (J=compiled Java code, j=interpreted, Vv=VM code, C=native code)
V  [jvm.dll+0x32b4ca]
V  [jvm.dll+0x2797e3]
V  [jvm.dll+0x27a479]
V  [jvm.dll+0x271765]
V  [jvm.dll+0xcba02]
V  [jvm.dll+0xcbecc]
V  [jvm.dll+0x4afbd4]
V  [jvm.dll+0x45f9a3]
V  [jvm.dll+0x46a7cb]
V  [jvm.dll+0x46cde2]
V  [jvm.dll+0x4501a2]
V  [jvm.dll+0xa43a2]
V  [jvm.dll+0xa4cdf]
V  [jvm.dll+0x2418a4]
V  [jvm.dll+0x29846a]
C  [msvcr100.dll+0x21d9f]
C  [msvcr100.dll+0x21e3b]
C  [KERNEL32.DLL+0x17344]
C  [ntdll.dll+0x526b1]


Current CompileTask:
C2:   4144 1298 % !   4       java.io.BufferedReader::readLine @ 131 (304 bytes)


---------------  P R O C E S S  ---------------

Java Threads: ( => current thread )
  0x000000001c00e800 JavaThread "LtThreadPoolExecutorMonitor" daemon [_thread_blocked, id=23416, stack(0x000000001ce40000,0x000000001cf40000)]
  0x000000001c00d800 JavaThread "LtThreadPoolMonitor" daemon [_thread_blocked, id=15396, stack(0x000000001cd40000,0x000000001ce40000)]
  0x0000000019759800 JavaThread "Service Thread" daemon [_thread_blocked, id=24272, stack(0x000000001b030000,0x000000001b130000)]
  0x00000000196da800 JavaThread "C1 CompilerThread3" daemon [_thread_blocked, id=3112, stack(0x000000001af30000,0x000000001b030000)]
  0x00000000196da000 JavaThread "C2 CompilerThread2" daemon [_thread_in_native, id=23316, stack(0x000000001ae30000,0x000000001af30000)]
=>0x00000000196d5000 JavaThread "C2 CompilerThread1" daemon [_thread_in_native, id=1912, stack(0x000000001ad30000,0x000000001ae30000)]
  0x00000000196cd000 JavaThread "C2 CompilerThread0" daemon [_thread_in_native, id=13732, stack(0x000000001ac30000,0x000000001ad30000)]
  0x00000000196ca000 JavaThread "Attach Listener" daemon [_thread_blocked, id=864, stack(0x000000001ab30000,0x000000001ac30000)]
  0x00000000196c9000 JavaThread "Signal Dispatcher" daemon [_thread_blocked, id=19808, stack(0x000000001aa30000,0x000000001ab30000)]
  0x0000000003336000 JavaThread "Finalizer" daemon [_thread_blocked, id=19408, stack(0x000000001a930000,0x000000001aa30000)]
  0x0000000017fdd800 JavaThread "Reference Handler" daemon [_thread_blocked, id=13108, stack(0x000000001a830000,0x000000001a930000)]
  0x0000000003241000 JavaThread "main" [_thread_in_Java, id=20184, stack(0x0000000003140000,0x0000000003240000)]

Other Threads:
  0x0000000017fd6800 VMThread [stack: 0x000000001a730000,0x000000001a830000] [id=6572]
  0x000000001975c000 WatcherThread [stack: 0x000000001b130000,0x000000001b230000] [id=18940]

VM state:not at safepoint (normal execution)

VM Mutex/Monitor currently owned by a thread: None

Heap:
 PSYoungGen      total 257024K, used 62776K [0x00000000d8b00000, 0x00000000f3100000, 0x0000000100000000)
  eden space 241152K, 19% used [0x00000000d8b00000,0x00000000db8d6080,0x00000000e7680000)
  from space 15872K, 99% used [0x00000000e7680000,0x00000000e85f8010,0x00000000e8600000)
  to   space 23040K, 0% used [0x00000000f1a80000,0x00000000f1a80000,0x00000000f3100000)
 ParOldGen       total 80896K, used 27584K [0x000000008a000000, 0x000000008ef00000, 0x00000000d8b00000)
  object space 80896K, 34% used [0x000000008a000000,0x000000008baf0148,0x000000008ef00000)
 Metaspace       used 14001K, capacity 14323K, committed 14464K, reserved 1062912K
  class space    used 1745K, capacity 1873K, committed 1920K, reserved 1048576K

Card table byte_map: [0x0000000012700000,0x0000000012ac0000] byte_map_base: 0x00000000122b0000

Marking Bits: (ParMarkBitMap*) 0x0000000055c44040
 Begin Bits: [0x0000000013740000, 0x00000000154c0000)
 End Bits:   [0x00000000154c0000, 0x0000000017240000)

Polling page: 0x00000000030c0000

CodeCache: size=245760Kb used=4954Kb max_used=4968Kb free=240805Kb
 bounds [0x0000000003340000, 0x0000000003830000, 0x0000000012340000]
 total_blobs=1702 nmethods=1305 adapters=311
 compilation: enabled

Compilation events (10 events):
Event: 4.058 Thread 0x00000000196da000 1299 %     4       java.util.regex.Pattern$Curly::match1 @ 0 (63 bytes)
Event: 4.061 Thread 0x00000000196da000 nmethod 1299% 0x000000000380e550 code [0x000000000380e6c0, 0x000000000380ea38]
Event: 4.065 Thread 0x00000000196cd000 1300  s    4       java.lang.StringBuffer::toString (36 bytes)
Event: 4.065 Thread 0x00000000196da000 1301       4       java.lang.AbstractStringBuilder::append (54 bytes)
Event: 4.069 Thread 0x00000000196cd000 nmethod 1300 0x0000000003813b50 code [0x0000000003813ca0, 0x00000000038141f8]
Event: 4.069 Thread 0x00000000196cd000 1304       4       java.lang.AbstractStringBuilder::getChars (64 bytes)
Event: 4.071 Thread 0x00000000196da000 nmethod 1301 0x0000000003815150 code [0x00000000038152c0, 0x0000000003815a18]
Event: 4.071 Thread 0x00000000196da000 1305       4       java.util.regex.Matcher::appendReplacement (571 bytes)
Event: 4.073 Thread 0x00000000196cd000 nmethod 1304 0x0000000003816150 code [0x00000000038162a0, 0x0000000003816458]
Event: 4.073 Thread 0x00000000196cd000 1308       4       java.lang.Integer::parseInt (261 bytes)

GC Heap History (10 events):
Event: 2.816 GC heap before
{Heap before GC invocations=5 (full 0):
 PSYoungGen      total 66048K, used 66016K [0x00000000d8b00000, 0x00000000dd000000, 0x0000000100000000)
  eden space 61440K, 100% used [0x00000000d8b00000,0x00000000dc700000,0x00000000dc700000)
  from space 4608K, 99% used [0x00000000dcb80000,0x00000000dcff8010,0x00000000dd000000)
  to   space 4608K, 0% used [0x00000000dc700000,0x00000000dc700000,0x00000000dcb80000)
 ParOldGen       total 80896K, used 4896K [0x000000008a000000, 0x000000008ef00000, 0x00000000d8b00000)
  object space 80896K, 6% used [0x000000008a000000,0x000000008a4c81d8,0x000000008ef00000)
 Metaspace       used 13564K, capacity 13875K, committed 14208K, reserved 1060864K
  class space    used 1682K, capacity 1809K, committed 1920K, reserved 1048576K
Event: 2.825 GC heap after
Heap after GC invocations=5 (full 0):
 PSYoungGen      total 66048K, used 4592K [0x00000000d8b00000, 0x00000000e1400000, 0x0000000100000000)
  eden space 61440K, 0% used [0x00000000d8b00000,0x00000000d8b00000,0x00000000dc700000)
  from space 4608K, 99% used [0x00000000dc700000,0x00000000dcb7c020,0x00000000dcb80000)
  to   space 8704K, 0% used [0x00000000e0b80000,0x00000000e0b80000,0x00000000e1400000)
 ParOldGen       total 80896K, used 8640K [0x000000008a000000, 0x000000008ef00000, 0x00000000d8b00000)
  object space 80896K, 10% used [0x000000008a000000,0x000000008a8701d8,0x000000008ef00000)
 Metaspace       used 13564K, capacity 13875K, committed 14208K, reserved 1060864K
  class space    used 1682K, capacity 1809K, committed 1920K, reserved 1048576K
}
Event: 2.886 GC heap before
{Heap before GC invocations=6 (full 0):
 PSYoungGen      total 66048K, used 66032K [0x00000000d8b00000, 0x00000000e1400000, 0x0000000100000000)
  eden space 61440K, 100% used [0x00000000d8b00000,0x00000000dc700000,0x00000000dc700000)
  from space 4608K, 99% used [0x00000000dc700000,0x00000000dcb7c020,0x00000000dcb80000)
  to   space 8704K, 0% used [0x00000000e0b80000,0x00000000e0b80000,0x00000000e1400000)
 ParOldGen       total 80896K, used 8640K [0x000000008a000000, 0x000000008ef00000, 0x00000000d8b00000)
  object space 80896K, 10% used [0x000000008a000000,0x000000008a8701d8,0x000000008ef00000)
 Metaspace       used 13591K, capacity 13875K, committed 14208K, reserved 1060864K
  class space    used 1682K, capacity 1809K, committed 1920K, reserved 1048576K
Event: 2.896 GC heap after
Heap after GC invocations=6 (full 0):
 PSYoungGen      total 130560K, used 8016K [0x00000000d8b00000, 0x00000000e1600000, 0x0000000100000000)
  eden space 121856K, 0% used [0x00000000d8b00000,0x00000000d8b00000,0x00000000e0200000)
  from space 8704K, 92% used [0x00000000e0b80000,0x00000000e1354020,0x00000000e1400000)
  to   space 9728K, 0% used [0x00000000e0200000,0x00000000e0200000,0x00000000e0b80000)
 ParOldGen       total 80896K, used 8640K [0x000000008a000000, 0x000000008ef00000, 0x00000000d8b00000)
  object space 80896K, 10% used [0x000000008a000000,0x000000008a8701d8,0x000000008ef00000)
 Metaspace       used 13591K, capacity 13875K, committed 14208K, reserved 1060864K
  class space    used 1682K, capacity 1809K, committed 1920K, reserved 1048576K
}
Event: 3.061 GC heap before
{Heap before GC invocations=7 (full 0):
 PSYoungGen      total 130560K, used 129872K [0x00000000d8b00000, 0x00000000e1600000, 0x0000000100000000)
  eden space 121856K, 100% used [0x00000000d8b00000,0x00000000e0200000,0x00000000e0200000)
  from space 8704K, 92% used [0x00000000e0b80000,0x00000000e1354020,0x00000000e1400000)
  to   space 9728K, 0% used [0x00000000e0200000,0x00000000e0200000,0x00000000e0b80000)
 ParOldGen       total 80896K, used 8640K [0x000000008a000000, 0x000000008ef00000, 0x00000000d8b00000)
  object space 80896K, 10% used [0x000000008a000000,0x000000008a8701d8,0x000000008ef00000)
 Metaspace       used 13591K, capacity 13875K, committed 14208K, reserved 1060864K
  class space    used 1682K, capacity 1809K, committed 1920K, reserved 1048576K
Event: 3.093 GC heap after
Heap after GC invocations=7 (full 0):
 PSYoungGen      total 131584K, used 9696K [0x00000000d8b00000, 0x00000000e9300000, 0x0000000100000000)
  eden space 121856K, 0% used [0x00000000d8b00000,0x00000000d8b00000,0x00000000e0200000)
  from space 9728K, 99% used [0x00000000e0200000,0x00000000e0b78010,0x00000000e0b80000)
  to   space 13312K, 0% used [0x00000000e8600000,0x00000000e8600000,0x00000000e9300000)
 ParOldGen       total 80896K, used 13603K [0x000000008a000000, 0x000000008ef00000, 0x00000000d8b00000)
  object space 80896K, 16% used [0x000000008a000000,0x000000008ad48f38,0x000000008ef00000)
 Metaspace       used 13591K, capacity 13875K, committed 14208K, reserved 1060864K
  class space    used 1682K, capacity 1809K, committed 1920K, reserved 1048576K
}
Event: 3.298 GC heap before
{Heap before GC invocations=8 (full 0):
 PSYoungGen      total 131584K, used 131552K [0x00000000d8b00000, 0x00000000e9300000, 0x0000000100000000)
  eden space 121856K, 100% used [0x00000000d8b00000,0x00000000e0200000,0x00000000e0200000)
  from space 9728K, 99% used [0x00000000e0200000,0x00000000e0b78010,0x00000000e0b80000)
  to   space 13312K, 0% used [0x00000000e8600000,0x00000000e8600000,0x00000000e9300000)
 ParOldGen       total 80896K, used 13603K [0x000000008a000000, 0x000000008ef00000, 0x00000000d8b00000)
  object space 80896K, 16% used [0x000000008a000000,0x000000008ad48f38,0x000000008ef00000)
 Metaspace       used 13591K, capacity 13875K, committed 14208K, reserved 1060864K
  class space    used 1682K, capacity 1809K, committed 1920K, reserved 1048576K
Event: 3.325 GC heap after
Heap after GC invocations=8 (full 0):
 PSYoungGen      total 254464K, used 13280K [0x00000000d8b00000, 0x00000000e9800000, 0x0000000100000000)
  eden space 241152K, 0% used [0x00000000d8b00000,0x00000000d8b00000,0x00000000e7680000)
  from space 13312K, 99% used [0x00000000e8600000,0x00000000e92f8010,0x00000000e9300000)
  to   space 15872K, 0% used [0x00000000e7680000,0x00000000e7680000,0x00000000e8600000)
 ParOldGen       total 80896K, used 16163K [0x000000008a000000, 0x000000008ef00000, 0x00000000d8b00000)
  object space 80896K, 19% used [0x000000008a000000,0x000000008afc8f38,0x000000008ef00000)
 Metaspace       used 13591K, capacity 13875K, committed 14208K, reserved 1060864K
  class space    used 1682K, capacity 1809K, committed 1920K, reserved 1048576K
}
Event: 3.810 GC heap before
{Heap before GC invocations=9 (full 0):
 PSYoungGen      total 254464K, used 254432K [0x00000000d8b00000, 0x00000000e9800000, 0x0000000100000000)
  eden space 241152K, 100% used [0x00000000d8b00000,0x00000000e7680000,0x00000000e7680000)
  from space 13312K, 99% used [0x00000000e8600000,0x00000000e92f8010,0x00000000e9300000)
  to   space 15872K, 0% used [0x00000000e7680000,0x00000000e7680000,0x00000000e8600000)
 ParOldGen       total 80896K, used 16163K [0x000000008a000000, 0x000000008ef00000, 0x00000000d8b00000)
  object space 80896K, 19% used [0x000000008a000000,0x000000008afc8f38,0x000000008ef00000)
 Metaspace       used 13595K, capacity 13875K, committed 14208K, reserved 1060864K
  class space    used 1682K, capacity 1809K, committed 1920K, reserved 1048576K
Event: 3.858 GC heap after
Heap after GC invocations=9 (full 0):
 PSYoungGen      total 257024K, used 15840K [0x00000000d8b00000, 0x00000000f3100000, 0x0000000100000000)
  eden space 241152K, 0% used [0x00000000d8b00000,0x00000000d8b00000,0x00000000e7680000)
  from space 15872K, 99% used [0x00000000e7680000,0x00000000e85f8010,0x00000000e8600000)
  to   space 23040K, 0% used [0x00000000f1a80000,0x00000000f1a80000,0x00000000f3100000)
 ParOldGen       total 80896K, used 27584K [0x000000008a000000, 0x000000008ef00000, 0x00000000d8b00000)
  object space 80896K, 34% used [0x000000008a000000,0x000000008baf0148,0x000000008ef00000)
 Metaspace       used 13595K, capacity 13875K, committed 14208K, reserved 1060864K
  class space    used 1682K, capacity 1809K, committed 1920K, reserved 1048576K
}

Deoptimization events (10 events):
Event: 3.902 Thread 0x0000000003241000 Uncommon trap: reason=class_check action=maybe_recompile pc=0x00000000036a7298 method=java.util.regex.Pattern$BmpCharProperty.match(Ljava/util/regex/Matcher;ILjava/lang/CharSequence;)Z @ 31
Event: 3.903 Thread 0x0000000003241000 Uncommon trap: reason=bimorphic action=maybe_recompile pc=0x00000000036f6fe8 method=java.util.regex.Pattern$Start.match(Ljava/util/regex/Matcher;ILjava/lang/CharSequence;)Z @ 44
Event: 3.903 Thread 0x0000000003241000 Uncommon trap: reason=class_check action=maybe_recompile pc=0x0000000003705530 method=java.util.regex.Pattern$Slice.match(Ljava/util/regex/Matcher;ILjava/lang/CharSequence;)Z @ 49
Event: 3.903 Thread 0x0000000003241000 Uncommon trap: reason=bimorphic action=maybe_recompile pc=0x00000000036f6fe8 method=java.util.regex.Pattern$Start.match(Ljava/util/regex/Matcher;ILjava/lang/CharSequence;)Z @ 44
Event: 3.903 Thread 0x0000000003241000 Uncommon trap: reason=bimorphic action=maybe_recompile pc=0x00000000036f6fe8 method=java.util.regex.Pattern$Start.match(Ljava/util/regex/Matcher;ILjava/lang/CharSequence;)Z @ 44
Event: 3.903 Thread 0x0000000003241000 Uncommon trap: reason=bimorphic action=maybe_recompile pc=0x00000000036f6fe8 method=java.util.regex.Pattern$Start.match(Ljava/util/regex/Matcher;ILjava/lang/CharSequence;)Z @ 44
Event: 3.929 Thread 0x0000000003241000 Uncommon trap: reason=class_check action=maybe_recompile pc=0x00000000036a7298 method=java.util.regex.Pattern$BmpCharProperty.match(Ljava/util/regex/Matcher;ILjava/lang/CharSequence;)Z @ 31
Event: 3.991 Thread 0x0000000003241000 Uncommon trap: reason=bimorphic action=maybe_recompile pc=0x00000000037e97c0 method=java.util.regex.Pattern$CharProperty.match(Ljava/util/regex/Matcher;ILjava/lang/CharSequence;)Z @ 18
Event: 3.991 Thread 0x0000000003241000 Uncommon trap: reason=bimorphic action=maybe_recompile pc=0x00000000037e97c0 method=java.util.regex.Pattern$CharProperty.match(Ljava/util/regex/Matcher;ILjava/lang/CharSequence;)Z @ 18
Event: 3.991 Thread 0x0000000003241000 Uncommon trap: reason=bimorphic action=maybe_recompile pc=0x00000000036e6624 method=java.util.regex.Pattern$Curly.match0(Ljava/util/regex/Matcher;IILjava/lang/CharSequence;)Z @ 31

Internal exceptions (10 events):
Event: 2.071 Thread 0x0000000003241000 Exception <a 'java/security/PrivilegedActionException'> (0x00000000da543d18) thrown at [C:\re\workspace\8-2-build-windows-amd64-cygwin\jdk8u51\3951\hotspot\src\share\vm\prims\jvm.cpp, line 1382]
Event: 2.071 Thread 0x0000000003241000 Exception <a 'java/security/PrivilegedActionException'> (0x00000000da544060) thrown at [C:\re\workspace\8-2-build-windows-amd64-cygwin\jdk8u51\3951\hotspot\src\share\vm\prims\jvm.cpp, line 1382]
Event: 2.083 Thread 0x0000000003241000 Exception <a 'java/lang/NoClassDefFoundError': org/apache/log4j/Priority> (0x00000000da5a1ed8) thrown at [C:\re\workspace\8-2-build-windows-amd64-cygwin\jdk8u51\3951\hotspot\src\share\vm\classfile\systemDictionary.cpp, line 199]
Event: 2.093 Thread 0x0000000003241000 Exception <a 'java/security/PrivilegedActionException'> (0x00000000da5eafc8) thrown at [C:\re\workspace\8-2-build-windows-amd64-cygwin\jdk8u51\3951\hotspot\src\share\vm\prims\jvm.cpp, line 1382]
Event: 2.093 Thread 0x0000000003241000 Exception <a 'java/security/PrivilegedActionException'> (0x00000000da5eb310) thrown at [C:\re\workspace\8-2-build-windows-amd64-cygwin\jdk8u51\3951\hotspot\src\share\vm\prims\jvm.cpp, line 1382]
Event: 2.096 Thread 0x0000000003241000 Implicit null exception at 0x00000000035aec56 to 0x00000000035aef7d
Event: 2.097 Thread 0x0000000003241000 Exception <a 'java/security/PrivilegedActionException'> (0x00000000da60b290) thrown at [C:\re\workspace\8-2-build-windows-amd64-cygwin\jdk8u51\3951\hotspot\src\share\vm\prims\jvm.cpp, line 1382]
Event: 2.097 Thread 0x0000000003241000 Exception <a 'java/security/PrivilegedActionException'> (0x00000000da60b5d8) thrown at [C:\re\workspace\8-2-build-windows-amd64-cygwin\jdk8u51\3951\hotspot\src\share\vm\prims\jvm.cpp, line 1382]
Event: 2.451 Thread 0x0000000003241000 Exception <a 'java/lang/IncompatibleClassChangeError': Found class java.lang.Object, but interface was expected> (0x00000000d91e1a78) thrown at [C:\re\workspace\8-2-build-windows-amd64-cygwin\jdk8u51\3951\hotspot\src\share\vm\interpreter\linkResolver.cpp, ÅêÄ@
Event: 2.688 Thread 0x0000000003241000 Implicit null exception at 0x000000000373be9c to 0x000000000373d1f9

Events (10 events):
Event: 4.045 loading class com/google/common/collect/AbstractMapEntry
Event: 4.045 loading class com/google/common/collect/AbstractMapEntry done
Event: 4.046 loading class com/google/common/collect/ImmutableMapEntry$NonTerminalImmutableMapEntry
Event: 4.046 loading class com/google/common/collect/ImmutableMapEntry$NonTerminalImmutableMapEntry done
Event: 4.048 loading class com/google/common/collect/Hashing
Event: 4.048 loading class com/google/common/collect/Hashing done
Event: 4.050 loading class com/google/common/collect/CollectPreconditions
Event: 4.050 loading class com/google/common/collect/CollectPreconditions done
Event: 4.052 loading class com/optimaize/langdetect/profiles/LanguageProfileImpl$Stats
Event: 4.052 loading class com/optimaize/langdetect/profiles/LanguageProfileImpl$Stats done


Dynamic libraries:
0x00007ff7e8320000 - 0x00007ff7e8357000 	C:\ProgramData\Oracle\Java\javapath\java.exe
0x00007ff9126d0000 - 0x00007ff9128c8000 	C:\WINDOWS\SYSTEM32\ntdll.dll
0x00007ff9109a0000 - 0x00007ff910a5d000 	C:\WINDOWS\System32\KERNEL32.DLL
0x00007ff90fff0000 - 0x00007ff9102e6000 	C:\WINDOWS\System32\KERNELBASE.dll
0x0000000056ae0000 - 0x0000000056e12000 	C:\Program Files\Norton Security\NortonData\22.23.5.106\Definitions\IPSDefs\20231122.064\IPSEng64.dll
0x00007ff910c70000 - 0x00007ff910d20000 	C:\WINDOWS\System32\ADVAPI32.dll
0x00007ff910700000 - 0x00007ff91079e000 	C:\WINDOWS\System32\msvcrt.dll
0x00007ff9111c0000 - 0x00007ff911260000 	C:\WINDOWS\System32\sechost.dll
0x00007ff910b40000 - 0x00007ff910c63000 	C:\WINDOWS\System32\RPCRT4.dll
0x00007ff90ffc0000 - 0x00007ff90ffe7000 	C:\WINDOWS\System32\bcrypt.dll
0x00007ff911280000 - 0x00007ff911288000 	C:\WINDOWS\System32\PSAPI.DLL
0x00007ff9107a0000 - 0x00007ff91093f000 	C:\WINDOWS\System32\USER32.dll
0x00007ff90fef0000 - 0x00007ff90ff12000 	C:\WINDOWS\System32\win32u.dll
0x00007ff910d20000 - 0x00007ff910d4b000 	C:\WINDOWS\System32\GDI32.dll
0x00007ff90fdd0000 - 0x00007ff90fee7000 	C:\WINDOWS\System32\gdi32full.dll
0x00007ff90ff20000 - 0x00007ff90ffbd000 	C:\WINDOWS\System32\msvcp_win.dll
0x00007ff910430000 - 0x00007ff910530000 	C:\WINDOWS\System32\ucrtbase.dll
0x00007ff8f8b20000 - 0x00007ff8f8dba000 	C:\WINDOWS\WinSxS\amd64_microsoft.windows.common-controls_6595b64144ccf1df_6.0.19041.3636_none_60b6a03d71f818d5\COMCTL32.dll
0x00007ff9121f0000 - 0x00007ff912222000 	C:\WINDOWS\System32\IMM32.DLL
0x0000000055cd0000 - 0x0000000055da2000 	C:\Program Files\Java\jre1.8.0_51\bin\msvcr100.dll
0x0000000055440000 - 0x0000000055cc3000 	C:\Program Files\Java\jre1.8.0_51\bin\server\jvm.dll
0x00007ff906f10000 - 0x00007ff906f1a000 	C:\WINDOWS\SYSTEM32\VERSION.dll
0x00007ff8e73b0000 - 0x00007ff8e73b9000 	C:\WINDOWS\SYSTEM32\WSOCK32.dll
0x00007ff911290000 - 0x00007ff9112fb000 	C:\WINDOWS\System32\WS2_32.dll
0x00007ff904e80000 - 0x00007ff904ea7000 	C:\WINDOWS\SYSTEM32\WINMM.dll
0x0000000055430000 - 0x000000005543f000 	C:\Program Files\Java\jre1.8.0_51\bin\verify.dll
0x0000000055400000 - 0x0000000055429000 	C:\Program Files\Java\jre1.8.0_51\bin\java.dll
0x00000000553e0000 - 0x00000000553f6000 	C:\Program Files\Java\jre1.8.0_51\bin\zip.dll
0x00007ff911410000 - 0x00007ff911b7b000 	C:\WINDOWS\System32\SHELL32.dll
0x00007ff90dbf0000 - 0x00007ff90e38e000 	C:\WINDOWS\SYSTEM32\windows.storage.dll
0x00007ff911be0000 - 0x00007ff911f33000 	C:\WINDOWS\System32\combase.dll
0x00007ff90f7b0000 - 0x00007ff90f7de000 	C:\WINDOWS\SYSTEM32\Wldp.dll
0x00007ff9125c0000 - 0x00007ff91268d000 	C:\WINDOWS\System32\OLEAUT32.dll
0x00007ff911300000 - 0x00007ff9113ad000 	C:\WINDOWS\System32\SHCORE.dll
0x00007ff911b80000 - 0x00007ff911bd5000 	C:\WINDOWS\System32\shlwapi.dll
0x00007ff90fcb0000 - 0x00007ff90fcd3000 	C:\WINDOWS\SYSTEM32\profapi.dll
0x00007ff90e390000 - 0x00007ff90e574000 	C:\WINDOWS\SYSTEM32\dbghelp.dll
0x00007ff9103a0000 - 0x00007ff910422000 	C:\WINDOWS\System32\bcryptPrimitives.dll

VM Arguments:
java_command: org.languagetool.server.HTTPServer -p 8081
java_class_path (initial): C:\Users\impor\.cache\language_tool_python\LanguageTool-6.4\languagetool-server.jar
Launcher Type: SUN_STANDARD

Environment Variables:
PATH=C:\ProgramData\Oracle\Java\javapath;C:\Program Files\Common Files\Oracle\Java\javapath;C:\Windows\system32;C:\Windows;C:\Windows\System32\Wbem;C:\Windows\System32\WindowsPowerShell\v1.0\;C:\Windows\System32\OpenSSH\;C:\Program Files (x86)\NVIDIA Corporation\PhysX\Common;C:\Program Files\NVIDIA Corporation\NVIDIA NvDLISR;C:\WINDOWS\system32;C:\WINDOWS;C:\WINDOWS\System32\Wbem;C:\WINDOWS\System32\WindowsPowerShell\v1.0\;C:\WINDOWS\System32\OpenSSH\;D:\Program Files\Git\cmd;C:\Program Files\dotnet\;C:\Users\impor\AppData\Local\Microsoft\WindowsApps;;D:\Microsoft VS Code\bin
USERNAME=CACC
OS=Windows_NT
PROCESSOR_IDENTIFIER=AMD64 Family 23 Model 96 Stepping 1, AuthenticAMD



---------------  S Y S T E M  ---------------

OS: Windows 10.0 , 64 bit Build 19041 (10.0.19041.3636)

CPU:total 12 (12 cores per cpu, 1 threads per core) family 23 model 96 stepping 1, cmov, cx8, fxsr, mmx, sse, sse2, sse3, ssse3, sse4.1, sse4.2, popcnt, avx, avx2, aes, clmul, mmxext, 3dnowpref, lzcnt, sse4a, tsc, tscinvbit, tscinv, bmi1

Memory: 4k page, physical 7730500k(334876k free), swap 31847748k(472k free)

vm_info: Java HotSpot(TM) 64-Bit Server VM (25.51-b03) for windows-amd64 JRE (1.8.0_51-b16), built on Jun  8 2015 18:03:07 by "java_re" with MS VC++ 10.0 (VS2010)

time: Sat May 11 21:29:06 2024
elapsed time: 4 seconds (0d 0h 0m 4s)

