#
# There is insufficient memory for the Java Runtime Environment to continue.
# Native memory allocation (malloc) failed to allocate 32744 bytes for ChunkPool::allocate
# Possible reasons:
#   The system is out of physical RAM or swap space
#   In 32 bit mode, the process size limit was hit
# Possible solutions:
#   Reduce memory load on the system
#   Increase physical memory or swap space
#   Check if swap backing store is full
#   Use 64 bit Java on a 64 bit OS
#   Decrease Java heap size (-Xmx/-Xms)
#   Decrease number of Java threads
#   Decrease Java thread stack sizes (-Xss)
#   Set larger code cache with -XX:ReservedCodeCacheSize=
# This output file may be truncated or incomplete.
#
#  Out of Memory Error (allocation.cpp:273), pid=9656, tid=23212
#
# JRE version: Java(TM) SE Runtime Environment (8.0_51-b16) (build 1.8.0_51-b16)
# Java VM: Java HotSpot(TM) 64-Bit Server VM (25.51-b03 mixed mode windows-amd64 compressed oops)
# Failed to write core dump. Minidumps are not enabled by default on client versions of Windows
#

---------------  T H R E A D  ---------------

Current thread (0x00000000199c9800):  JavaThread "C2 CompilerThread1" daemon [_thread_in_native, id=23212, stack(0x000000001afd0000,0x000000001b0d0000)]

Stack: [0x000000001afd0000,0x000000001b0d0000]
Native frames: (J=compiled Java code, j=interpreted, Vv=VM code, C=native code)
V  [jvm.dll+0x32b4ca]


Current CompileTask:
C2:  17193 1307       4       java.util.AbstractCollection::toArray (147 bytes)


---------------  P R O C E S S  ---------------

Java Threads: ( => current thread )
  0x000000001ba3b800 JavaThread "LtThreadPoolExecutorMonitor" daemon [_thread_blocked, id=22924, stack(0x000000001d0e0000,0x000000001d1e0000)]
  0x000000001bbec800 JavaThread "LtThreadPoolMonitor" daemon [_thread_blocked, id=24168, stack(0x000000001cfe0000,0x000000001d0e0000)]
  0x00000000199d4800 JavaThread "Service Thread" daemon [_thread_blocked, id=21928, stack(0x000000001b2d0000,0x000000001b3d0000)]
  0x00000000199d0800 JavaThread "C1 CompilerThread3" daemon [_thread_blocked, id=19700, stack(0x000000001b1d0000,0x000000001b2d0000)]
  0x00000000199cf800 JavaThread "C2 CompilerThread2" daemon [_thread_in_native, id=19988, stack(0x000000001b0d0000,0x000000001b1d0000)]
=>0x00000000199c9800 JavaThread "C2 CompilerThread1" daemon [_thread_in_native, id=23212, stack(0x000000001afd0000,0x000000001b0d0000)]
  0x000000001996d000 JavaThread "C2 CompilerThread0" daemon [_thread_in_native, id=20812, stack(0x000000001aed0000,0x000000001afd0000)]
  0x000000001996a000 JavaThread "Attach Listener" daemon [_thread_blocked, id=13816, stack(0x000000001add0000,0x000000001aed0000)]
  0x0000000019969000 JavaThread "Signal Dispatcher" daemon [_thread_blocked, id=11244, stack(0x000000001acd0000,0x000000001add0000)]
  0x00000000035a5800 JavaThread "Finalizer" daemon [_thread_blocked, id=2000, stack(0x000000001abc0000,0x000000001acc0000)]
  0x000000001828d800 JavaThread "Reference Handler" daemon [_thread_blocked, id=23556, stack(0x000000001aac0000,0x000000001abc0000)]
  0x00000000034b1000 JavaThread "main" [_thread_in_Java, id=3296, stack(0x00000000033b0000,0x00000000034b0000)]

Other Threads:
  0x0000000018286800 VMThread [stack: 0x000000001a9c0000,0x000000001aac0000] [id=23424]
  0x00000000199d7000 WatcherThread [stack: 0x000000001b3d0000,0x000000001b4d0000] [id=18400]

VM state:not at safepoint (normal execution)

VM Mutex/Monitor currently owned by a thread: None

Heap:
 PSYoungGen      total 257024K, used 46363K [0x00000000d8b00000, 0x00000000f3000000, 0x0000000100000000)
  eden space 240640K, 12% used [0x00000000d8b00000,0x00000000da84ee98,0x00000000e7600000)
  from space 16384K, 99% used [0x00000000e7600000,0x00000000e85f8010,0x00000000e8600000)
  to   space 23040K, 0% used [0x00000000f1980000,0x00000000f1980000,0x00000000f3000000)
 ParOldGen       total 80896K, used 26765K [0x000000008a000000, 0x000000008ef00000, 0x00000000d8b00000)
  object space 80896K, 33% used [0x000000008a000000,0x000000008ba237d8,0x000000008ef00000)
 Metaspace       used 14030K, capacity 14327K, committed 14464K, reserved 1062912K
  class space    used 1744K, capacity 1873K, committed 1920K, reserved 1048576K

Card table byte_map: [0x0000000012980000,0x0000000012d40000] byte_map_base: 0x0000000012530000

Marking Bits: (ParMarkBitMap*) 0x0000000055c44040
 Begin Bits: [0x00000000139c0000, 0x0000000015740000)
 End Bits:   [0x0000000015740000, 0x00000000174c0000)

Polling page: 0x0000000003380000

CodeCache: size=245760Kb used=4839Kb max_used=4839Kb free=240920Kb
 bounds [0x00000000035c0000, 0x0000000003a80000, 0x00000000125c0000]
 total_blobs=1701 nmethods=1302 adapters=311
 compilation: enabled

Compilation events (10 events):
Event: 17.159 Thread 0x000000001996d000 1303       4       java.util.regex.Pattern$Curly::match1 (63 bytes)
Event: 17.161 Thread 0x00000000199c9800 1304       4       java.lang.StringBuilder::length (5 bytes)
Event: 17.161 Thread 0x00000000199c9800 nmethod 1304 0x0000000003a6e010 code [0x0000000003a6e140, 0x0000000003a6e198]
Event: 17.161 Thread 0x00000000199c9800 1305       4       java.lang.StringBuilder::getChars (10 bytes)
Event: 17.162 Thread 0x000000001996d000 nmethod 1303 0x0000000003a72090 code [0x0000000003a72200, 0x0000000003a72468]
Event: 17.162 Thread 0x000000001996d000 1306       4       java.lang.Integer::parseInt (261 bytes)
Event: 17.163 Thread 0x00000000199c9800 nmethod 1305 0x0000000003a74950 code [0x0000000003a74aa0, 0x0000000003a74c58]
Event: 17.172 Thread 0x000000001996d000 nmethod 1306 0x0000000003a750d0 code [0x0000000003a75240, 0x0000000003a75918]
Event: 17.172 Thread 0x00000000199c9800 1307       4       java.util.AbstractCollection::toArray (147 bytes)
Event: 17.173 Thread 0x000000001996d000 1308       4       java.lang.AbstractStringBuilder::append (54 bytes)

GC Heap History (10 events):
Event: 13.046 GC heap before
{Heap before GC invocations=5 (full 0):
 PSYoungGen      total 66048K, used 66032K [0x00000000d8b00000, 0x00000000dd000000, 0x0000000100000000)
  eden space 61440K, 100% used [0x00000000d8b00000,0x00000000dc700000,0x00000000dc700000)
  from space 4608K, 99% used [0x00000000dcb80000,0x00000000dcffc020,0x00000000dd000000)
  to   space 4608K, 0% used [0x00000000dc700000,0x00000000dc700000,0x00000000dcb80000)
 ParOldGen       total 80896K, used 4600K [0x000000008a000000, 0x000000008ef00000, 0x00000000d8b00000)
  object space 80896K, 5% used [0x000000008a000000,0x000000008a47e010,0x000000008ef00000)
 Metaspace       used 13594K, capacity 13875K, committed 14208K, reserved 1060864K
  class space    used 1682K, capacity 1809K, committed 1920K, reserved 1048576K
Event: 13.076 GC heap after
Heap after GC invocations=5 (full 0):
 PSYoungGen      total 66048K, used 4592K [0x00000000d8b00000, 0x00000000e1400000, 0x0000000100000000)
  eden space 61440K, 0% used [0x00000000d8b00000,0x00000000d8b00000,0x00000000dc700000)
  from space 4608K, 99% used [0x00000000dc700000,0x00000000dcb7c020,0x00000000dcb80000)
  to   space 8704K, 0% used [0x00000000e0b80000,0x00000000e0b80000,0x00000000e1400000)
 ParOldGen       total 80896K, used 8344K [0x000000008a000000, 0x000000008ef00000, 0x00000000d8b00000)
  object space 80896K, 10% used [0x000000008a000000,0x000000008a826010,0x000000008ef00000)
 Metaspace       used 13594K, capacity 13875K, committed 14208K, reserved 1060864K
  class space    used 1682K, capacity 1809K, committed 1920K, reserved 1048576K
}
Event: 13.315 GC heap before
{Heap before GC invocations=6 (full 0):
 PSYoungGen      total 66048K, used 66032K [0x00000000d8b00000, 0x00000000e1400000, 0x0000000100000000)
  eden space 61440K, 100% used [0x00000000d8b00000,0x00000000dc700000,0x00000000dc700000)
  from space 4608K, 99% used [0x00000000dc700000,0x00000000dcb7c020,0x00000000dcb80000)
  to   space 8704K, 0% used [0x00000000e0b80000,0x00000000e0b80000,0x00000000e1400000)
 ParOldGen       total 80896K, used 8344K [0x000000008a000000, 0x000000008ef00000, 0x00000000d8b00000)
  object space 80896K, 10% used [0x000000008a000000,0x000000008a826010,0x000000008ef00000)
 Metaspace       used 13621K, capacity 13939K, committed 14208K, reserved 1060864K
  class space    used 1682K, capacity 1809K, committed 1920K, reserved 1048576K
Event: 13.407 GC heap after
Heap after GC invocations=6 (full 0):
 PSYoungGen      total 130560K, used 7936K [0x00000000d8b00000, 0x00000000e1600000, 0x0000000100000000)
  eden space 121856K, 0% used [0x00000000d8b00000,0x00000000d8b00000,0x00000000e0200000)
  from space 8704K, 91% used [0x00000000e0b80000,0x00000000e1340030,0x00000000e1400000)
  to   space 9728K, 0% used [0x00000000e0200000,0x00000000e0200000,0x00000000e0b80000)
 ParOldGen       total 80896K, used 8344K [0x000000008a000000, 0x000000008ef00000, 0x00000000d8b00000)
  object space 80896K, 10% used [0x000000008a000000,0x000000008a826010,0x000000008ef00000)
 Metaspace       used 13621K, capacity 13939K, committed 14208K, reserved 1060864K
  class space    used 1682K, capacity 1809K, committed 1920K, reserved 1048576K
}
Event: 14.457 GC heap before
{Heap before GC invocations=7 (full 0):
 PSYoungGen      total 130560K, used 129792K [0x00000000d8b00000, 0x00000000e1600000, 0x0000000100000000)
  eden space 121856K, 100% used [0x00000000d8b00000,0x00000000e0200000,0x00000000e0200000)
  from space 8704K, 91% used [0x00000000e0b80000,0x00000000e1340030,0x00000000e1400000)
  to   space 9728K, 0% used [0x00000000e0200000,0x00000000e0200000,0x00000000e0b80000)
 ParOldGen       total 80896K, used 8344K [0x000000008a000000, 0x000000008ef00000, 0x00000000d8b00000)
  object space 80896K, 10% used [0x000000008a000000,0x000000008a826010,0x000000008ef00000)
 Metaspace       used 13621K, capacity 13939K, committed 14208K, reserved 1060864K
  class space    used 1682K, capacity 1809K, committed 1920K, reserved 1048576K
Event: 14.506 GC heap after
Heap after GC invocations=7 (full 0):
 PSYoungGen      total 131584K, used 9696K [0x00000000d8b00000, 0x00000000e9300000, 0x0000000100000000)
  eden space 121856K, 0% used [0x00000000d8b00000,0x00000000d8b00000,0x00000000e0200000)
  from space 9728K, 99% used [0x00000000e0200000,0x00000000e0b78010,0x00000000e0b80000)
  to   space 13312K, 0% used [0x00000000e8600000,0x00000000e8600000,0x00000000e9300000)
 ParOldGen       total 80896K, used 13377K [0x000000008a000000, 0x000000008ef00000, 0x00000000d8b00000)
  object space 80896K, 16% used [0x000000008a000000,0x000000008ad105c8,0x000000008ef00000)
 Metaspace       used 13621K, capacity 13939K, committed 14208K, reserved 1060864K
  class space    used 1682K, capacity 1809K, committed 1920K, reserved 1048576K
}
Event: 14.977 GC heap before
{Heap before GC invocations=8 (full 0):
 PSYoungGen      total 131584K, used 131552K [0x00000000d8b00000, 0x00000000e9300000, 0x0000000100000000)
  eden space 121856K, 100% used [0x00000000d8b00000,0x00000000e0200000,0x00000000e0200000)
  from space 9728K, 99% used [0x00000000e0200000,0x00000000e0b78010,0x00000000e0b80000)
  to   space 13312K, 0% used [0x00000000e8600000,0x00000000e8600000,0x00000000e9300000)
 ParOldGen       total 80896K, used 13377K [0x000000008a000000, 0x000000008ef00000, 0x00000000d8b00000)
  object space 80896K, 16% used [0x000000008a000000,0x000000008ad105c8,0x000000008ef00000)
 Metaspace       used 13622K, capacity 13943K, committed 14208K, reserved 1060864K
  class space    used 1682K, capacity 1809K, committed 1920K, reserved 1048576K
Event: 15.005 GC heap after
Heap after GC invocations=8 (full 0):
 PSYoungGen      total 253952K, used 13280K [0x00000000d8b00000, 0x00000000e9900000, 0x0000000100000000)
  eden space 240640K, 0% used [0x00000000d8b00000,0x00000000d8b00000,0x00000000e7600000)
  from space 13312K, 99% used [0x00000000e8600000,0x00000000e92f8010,0x00000000e9300000)
  to   space 16384K, 0% used [0x00000000e7600000,0x00000000e7600000,0x00000000e8600000)
 ParOldGen       total 80896K, used 15881K [0x000000008a000000, 0x000000008ef00000, 0x00000000d8b00000)
  object space 80896K, 19% used [0x000000008a000000,0x000000008af825c8,0x000000008ef00000)
 Metaspace       used 13622K, capacity 13943K, committed 14208K, reserved 1060864K
  class space    used 1682K, capacity 1809K, committed 1920K, reserved 1048576K
}
Event: 16.537 GC heap before
{Heap before GC invocations=9 (full 0):
 PSYoungGen      total 253952K, used 253920K [0x00000000d8b00000, 0x00000000e9900000, 0x0000000100000000)
  eden space 240640K, 100% used [0x00000000d8b00000,0x00000000e7600000,0x00000000e7600000)
  from space 13312K, 99% used [0x00000000e8600000,0x00000000e92f8010,0x00000000e9300000)
  to   space 16384K, 0% used [0x00000000e7600000,0x00000000e7600000,0x00000000e8600000)
 ParOldGen       total 80896K, used 15881K [0x000000008a000000, 0x000000008ef00000, 0x00000000d8b00000)
  object space 80896K, 19% used [0x000000008a000000,0x000000008af825c8,0x000000008ef00000)
 Metaspace       used 13626K, capacity 13943K, committed 14208K, reserved 1060864K
  class space    used 1682K, capacity 1809K, committed 1920K, reserved 1048576K
Event: 16.658 GC heap after
Heap after GC invocations=9 (full 0):
 PSYoungGen      total 257024K, used 16352K [0x00000000d8b00000, 0x00000000f3000000, 0x0000000100000000)
  eden space 240640K, 0% used [0x00000000d8b00000,0x00000000d8b00000,0x00000000e7600000)
  from space 16384K, 99% used [0x00000000e7600000,0x00000000e85f8010,0x00000000e8600000)
  to   space 23040K, 0% used [0x00000000f1980000,0x00000000f1980000,0x00000000f3000000)
 ParOldGen       total 80896K, used 26765K [0x000000008a000000, 0x000000008ef00000, 0x00000000d8b00000)
  object space 80896K, 33% used [0x000000008a000000,0x000000008ba237d8,0x000000008ef00000)
 Metaspace       used 13626K, capacity 13943K, committed 14208K, reserved 1060864K
  class space    used 1682K, capacity 1809K, committed 1920K, reserved 1048576K
}

Deoptimization events (10 events):
Event: 16.762 Thread 0x00000000034b1000 Uncommon trap: reason=class_check action=maybe_recompile pc=0x000000000398d0b0 method=java.util.regex.Pattern$Slice.match(Ljava/util/regex/Matcher;ILjava/lang/CharSequence;)Z @ 49
Event: 16.763 Thread 0x00000000034b1000 Uncommon trap: reason=bimorphic action=maybe_recompile pc=0x00000000039aa420 method=java.util.regex.Pattern$Start.match(Ljava/util/regex/Matcher;ILjava/lang/CharSequence;)Z @ 44
Event: 16.763 Thread 0x00000000034b1000 Uncommon trap: reason=bimorphic action=maybe_recompile pc=0x00000000039aa420 method=java.util.regex.Pattern$Start.match(Ljava/util/regex/Matcher;ILjava/lang/CharSequence;)Z @ 44
Event: 16.763 Thread 0x00000000034b1000 Uncommon trap: reason=bimorphic action=maybe_recompile pc=0x00000000039aa420 method=java.util.regex.Pattern$Start.match(Ljava/util/regex/Matcher;ILjava/lang/CharSequence;)Z @ 44
Event: 16.763 Thread 0x00000000034b1000 Uncommon trap: reason=bimorphic action=maybe_recompile pc=0x0000000003991b68 method=java.util.regex.Pattern$Start.match(Ljava/util/regex/Matcher;ILjava/lang/CharSequence;)Z @ 44
Event: 16.854 Thread 0x00000000034b1000 Uncommon trap: reason=class_check action=maybe_recompile pc=0x0000000003943a98 method=java.util.regex.Pattern$BmpCharProperty.match(Ljava/util/regex/Matcher;ILjava/lang/CharSequence;)Z @ 31
Event: 16.855 Thread 0x00000000034b1000 Uncommon trap: reason=class_check action=maybe_recompile pc=0x0000000003943a98 method=java.util.regex.Pattern$BmpCharProperty.match(Ljava/util/regex/Matcher;ILjava/lang/CharSequence;)Z @ 31
Event: 17.036 Thread 0x00000000034b1000 Uncommon trap: reason=bimorphic action=maybe_recompile pc=0x0000000003a421fc method=java.util.regex.Pattern$CharProperty.match(Ljava/util/regex/Matcher;ILjava/lang/CharSequence;)Z @ 18
Event: 17.036 Thread 0x00000000034b1000 Uncommon trap: reason=bimorphic action=maybe_recompile pc=0x0000000003a421fc method=java.util.regex.Pattern$CharProperty.match(Ljava/util/regex/Matcher;ILjava/lang/CharSequence;)Z @ 18
Event: 17.036 Thread 0x00000000034b1000 Uncommon trap: reason=bimorphic action=maybe_recompile pc=0x000000000397bd10 method=java.util.regex.Pattern$Curly.match0(Ljava/util/regex/Matcher;IILjava/lang/CharSequence;)Z @ 31

Internal exceptions (10 events):
Event: 9.235 Thread 0x00000000034b1000 Exception <a 'java/security/PrivilegedActionException'> (0x00000000da54f4b0) thrown at [C:\re\workspace\8-2-build-windows-amd64-cygwin\jdk8u51\3951\hotspot\src\share\vm\prims\jvm.cpp, line 1382]
Event: 9.235 Thread 0x00000000034b1000 Exception <a 'java/security/PrivilegedActionException'> (0x00000000da54f7f8) thrown at [C:\re\workspace\8-2-build-windows-amd64-cygwin\jdk8u51\3951\hotspot\src\share\vm\prims\jvm.cpp, line 1382]
Event: 9.262 Thread 0x00000000034b1000 Exception <a 'java/lang/NoClassDefFoundError': org/apache/log4j/Priority> (0x00000000da5ad668) thrown at [C:\re\workspace\8-2-build-windows-amd64-cygwin\jdk8u51\3951\hotspot\src\share\vm\classfile\systemDictionary.cpp, line 199]
Event: 9.306 Thread 0x00000000034b1000 Exception <a 'java/security/PrivilegedActionException'> (0x00000000da5f6758) thrown at [C:\re\workspace\8-2-build-windows-amd64-cygwin\jdk8u51\3951\hotspot\src\share\vm\prims\jvm.cpp, line 1382]
Event: 9.306 Thread 0x00000000034b1000 Exception <a 'java/security/PrivilegedActionException'> (0x00000000da5f6aa0) thrown at [C:\re\workspace\8-2-build-windows-amd64-cygwin\jdk8u51\3951\hotspot\src\share\vm\prims\jvm.cpp, line 1382]
Event: 9.312 Thread 0x00000000034b1000 Implicit null exception at 0x0000000003821b16 to 0x0000000003821e3d
Event: 9.315 Thread 0x00000000034b1000 Exception <a 'java/security/PrivilegedActionException'> (0x00000000da616a20) thrown at [C:\re\workspace\8-2-build-windows-amd64-cygwin\jdk8u51\3951\hotspot\src\share\vm\prims\jvm.cpp, line 1382]
Event: 9.315 Thread 0x00000000034b1000 Exception <a 'java/security/PrivilegedActionException'> (0x00000000da616d68) thrown at [C:\re\workspace\8-2-build-windows-amd64-cygwin\jdk8u51\3951\hotspot\src\share\vm\prims\jvm.cpp, line 1382]
Event: 12.297 Thread 0x00000000034b1000 Exception <a 'java/lang/IncompatibleClassChangeError': Found class java.lang.Object, but interface was expected> (0x00000000d92781d0) thrown at [C:\re\workspace\8-2-build-windows-amd64-cygwin\jdk8u51\3951\hotspot\src\share\vm\interpreter\linkResolver.cpp, ÔGà?K)@
Event: 12.647 Thread 0x00000000034b1000 Implicit null exception at 0x00000000039c22dc to 0x00000000039c36b5

Events (10 events):
Event: 17.129 loading class com/google/common/collect/RegularImmutableMap$KeySet
Event: 17.129 loading class com/google/common/collect/RegularImmutableMap$KeySet done
Event: 17.130 loading class com/google/common/collect/IndexedImmutableSet
Event: 17.130 loading class com/google/common/collect/IndexedImmutableSet done
Event: 17.133 loading class com/google/common/collect/Hashing
Event: 17.133 loading class com/google/common/collect/Hashing done
Event: 17.136 loading class com/google/common/collect/CollectPreconditions
Event: 17.136 loading class com/google/common/collect/CollectPreconditions done
Event: 17.145 loading class com/optimaize/langdetect/profiles/LanguageProfileImpl$Stats
Event: 17.145 loading class com/optimaize/langdetect/profiles/LanguageProfileImpl$Stats done


Dynamic libraries:
0x00007ff7e8320000 - 0x00007ff7e8357000 	C:\ProgramData\Oracle\Java\javapath\java.exe
0x00007ff9126d0000 - 0x00007ff9128c8000 	C:\WINDOWS\SYSTEM32\ntdll.dll
0x00007ff9109a0000 - 0x00007ff910a5d000 	C:\WINDOWS\System32\KERNEL32.DLL
0x00007ff90fff0000 - 0x00007ff9102e6000 	C:\WINDOWS\System32\KERNELBASE.dll
0x0000000056ae0000 - 0x0000000056e12000 	C:\Program Files\Norton Security\NortonData\22.23.5.106\Definitions\IPSDefs\20231122.064\IPSEng64.dll
0x00007ff910c70000 - 0x00007ff910d20000 	C:\WINDOWS\System32\ADVAPI32.dll
0x00007ff910700000 - 0x00007ff91079e000 	C:\WINDOWS\System32\msvcrt.dll
0x00007ff9111c0000 - 0x00007ff911260000 	C:\WINDOWS\System32\sechost.dll
0x00007ff910b40000 - 0x00007ff910c63000 	C:\WINDOWS\System32\RPCRT4.dll
0x00007ff90ffc0000 - 0x00007ff90ffe7000 	C:\WINDOWS\System32\bcrypt.dll
0x00007ff911280000 - 0x00007ff911288000 	C:\WINDOWS\System32\PSAPI.DLL
0x00007ff9107a0000 - 0x00007ff91093f000 	C:\WINDOWS\System32\USER32.dll
0x00007ff90fef0000 - 0x00007ff90ff12000 	C:\WINDOWS\System32\win32u.dll
0x00007ff910d20000 - 0x00007ff910d4b000 	C:\WINDOWS\System32\GDI32.dll
0x00007ff90fdd0000 - 0x00007ff90fee7000 	C:\WINDOWS\System32\gdi32full.dll
0x00007ff90ff20000 - 0x00007ff90ffbd000 	C:\WINDOWS\System32\msvcp_win.dll
0x00007ff910430000 - 0x00007ff910530000 	C:\WINDOWS\System32\ucrtbase.dll
0x00007ff8f8b20000 - 0x00007ff8f8dba000 	C:\WINDOWS\WinSxS\amd64_microsoft.windows.common-controls_6595b64144ccf1df_6.0.19041.3636_none_60b6a03d71f818d5\COMCTL32.dll
0x00007ff9121f0000 - 0x00007ff912222000 	C:\WINDOWS\System32\IMM32.DLL
0x0000000055cd0000 - 0x0000000055da2000 	C:\Program Files\Java\jre1.8.0_51\bin\msvcr100.dll
0x0000000055440000 - 0x0000000055cc3000 	C:\Program Files\Java\jre1.8.0_51\bin\server\jvm.dll
0x00007ff8e73b0000 - 0x00007ff8e73b9000 	C:\WINDOWS\SYSTEM32\WSOCK32.dll
0x00007ff906f10000 - 0x00007ff906f1a000 	C:\WINDOWS\SYSTEM32\VERSION.dll
0x00007ff911290000 - 0x00007ff9112fb000 	C:\WINDOWS\System32\WS2_32.dll
0x00007ff904e80000 - 0x00007ff904ea7000 	C:\WINDOWS\SYSTEM32\WINMM.dll
0x0000000055430000 - 0x000000005543f000 	C:\Program Files\Java\jre1.8.0_51\bin\verify.dll
0x0000000055400000 - 0x0000000055429000 	C:\Program Files\Java\jre1.8.0_51\bin\java.dll
0x00000000553e0000 - 0x00000000553f6000 	C:\Program Files\Java\jre1.8.0_51\bin\zip.dll
0x00007ff911410000 - 0x00007ff911b7b000 	C:\WINDOWS\System32\SHELL32.dll
0x00007ff90dbf0000 - 0x00007ff90e38e000 	C:\WINDOWS\SYSTEM32\windows.storage.dll
0x00007ff911be0000 - 0x00007ff911f33000 	C:\WINDOWS\System32\combase.dll
0x00007ff90f7b0000 - 0x00007ff90f7de000 	C:\WINDOWS\SYSTEM32\Wldp.dll
0x00007ff9125c0000 - 0x00007ff91268d000 	C:\WINDOWS\System32\OLEAUT32.dll
0x00007ff911300000 - 0x00007ff9113ad000 	C:\WINDOWS\System32\SHCORE.dll
0x00007ff911b80000 - 0x00007ff911bd5000 	C:\WINDOWS\System32\shlwapi.dll
0x00007ff90fcb0000 - 0x00007ff90fcd3000 	C:\WINDOWS\SYSTEM32\profapi.dll

VM Arguments:
java_command: org.languagetool.server.HTTPServer -p 8084
java_class_path (initial): C:\Users\impor\.cache\language_tool_python\LanguageTool-6.4\languagetool-server.jar
Launcher Type: SUN_STANDARD

Environment Variables:
PATH=C:\ProgramData\Oracle\Java\javapath;C:\Program Files\Common Files\Oracle\Java\javapath;C:\Windows\system32;C:\Windows;C:\Windows\System32\Wbem;C:\Windows\System32\WindowsPowerShell\v1.0\;C:\Windows\System32\OpenSSH\;C:\Program Files (x86)\NVIDIA Corporation\PhysX\Common;C:\Program Files\NVIDIA Corporation\NVIDIA NvDLISR;C:\WINDOWS\system32;C:\WINDOWS;C:\WINDOWS\System32\Wbem;C:\WINDOWS\System32\WindowsPowerShell\v1.0\;C:\WINDOWS\System32\OpenSSH\;D:\Program Files\Git\cmd;C:\Program Files\dotnet\;C:\Users\impor\AppData\Local\Microsoft\WindowsApps;;D:\Microsoft VS Code\bin
USERNAME=CACC
OS=Windows_NT
PROCESSOR_IDENTIFIER=AMD64 Family 23 Model 96 Stepping 1, AuthenticAMD



---------------  S Y S T E M  ---------------

OS: Windows 10.0 , 64 bit Build 19041 (10.0.19041.3636)

CPU:total 12 (12 cores per cpu, 1 threads per core) family 23 model 96 stepping 1, cmov, cx8, fxsr, mmx, sse, sse2, sse3, ssse3, sse4.1, sse4.2, popcnt, avx, avx2, aes, clmul, mmxext, 3dnowpref, lzcnt, sse4a, tsc, tscinvbit, tscinv, bmi1

Memory: 4k page, physical 7730500k(149664k free), swap 31847748k(884k free)

vm_info: Java HotSpot(TM) 64-Bit Server VM (25.51-b03) for windows-amd64 JRE (1.8.0_51-b16), built on Jun  8 2015 18:03:07 by "java_re" with MS VC++ 10.0 (VS2010)

time: Sat May 11 21:22:38 2024
elapsed time: 17 seconds (0d 0h 0m 17s)

