#
# There is insufficient memory for the Java Runtime Environment to continue.
# Native memory allocation (malloc) failed to allocate 390496 bytes for Chunk::new
# Possible reasons:
#   The system is out of physical RAM or swap space
#   In 32 bit mode, the process size limit was hit
# Possible solutions:
#   Reduce memory load on the system
#   Increase physical memory or swap space
#   Check if swap backing store is full
#   Use 64 bit Java on a 64 bit OS
#   Decrease Java heap size (-Xmx/-Xms)
#   Decrease number of Java threads
#   Decrease Java thread stack sizes (-Xss)
#   Set larger code cache with -XX:ReservedCodeCacheSize=
# This output file may be truncated or incomplete.
#
#  Out of Memory Error (allocation.cpp:390), pid=24032, tid=11032
#
# JRE version: Java(TM) SE Runtime Environment (8.0_51-b16) (build 1.8.0_51-b16)
# Java VM: Java HotSpot(TM) 64-Bit Server VM (25.51-b03 mixed mode windows-amd64 compressed oops)
# Failed to write core dump. Minidumps are not enabled by default on client versions of Windows
#

---------------  T H R E A D  ---------------

Current thread (0x000000001974d000):  JavaThread "C2 CompilerThread0" daemon [_thread_in_native, id=11032, stack(0x000000001acc0000,0x000000001adc0000)]

Stack: [0x000000001acc0000,0x000000001adc0000]
Native frames: (J=compiled Java code, j=interpreted, Vv=VM code, C=native code)
V  [jvm.dll+0x32b4ca]
V  [jvm.dll+0x2797e3]
V  [jvm.dll+0x27a479]
V  [jvm.dll+0x271765]
V  [jvm.dll+0xcba02]
V  [jvm.dll+0xcbecc]
V  [jvm.dll+0x476f72]
V  [jvm.dll+0x4b95ff]
V  [jvm.dll+0x46bca4]
V  [jvm.dll+0x46cd4e]
V  [jvm.dll+0x4501a2]
V  [jvm.dll+0xa43a2]
V  [jvm.dll+0xa4cdf]
V  [jvm.dll+0x2418a4]
V  [jvm.dll+0x29846a]
C  [msvcr100.dll+0x21d9f]
C  [msvcr100.dll+0x21e3b]
C  [KERNEL32.DLL+0x17344]
C  [ntdll.dll+0x526b1]


Current CompileTask:
C2:   4954  813       4       sun.misc.URLClassPath::getResource (83 bytes)


---------------  P R O C E S S  ---------------

Java Threads: ( => current thread )
  0x000000001befb000 JavaThread "LtThreadPoolExecutorMonitor" daemon [_thread_blocked, id=18968, stack(0x000000001ced0000,0x000000001cfd0000)]
  0x000000001befe800 JavaThread "LtThreadPoolMonitor" daemon [_thread_blocked, id=13016, stack(0x000000001cdd0000,0x000000001ced0000)]
  0x000000001975c000 JavaThread "Service Thread" daemon [_thread_blocked, id=22876, stack(0x000000001b0c0000,0x000000001b1c0000)]
  0x000000001975a800 JavaThread "C1 CompilerThread3" daemon [_thread_blocked, id=9352, stack(0x000000001afc0000,0x000000001b0c0000)]
  0x000000001975a000 JavaThread "C2 CompilerThread2" daemon [_thread_blocked, id=4696, stack(0x000000001aec0000,0x000000001afc0000)]
  0x0000000019755000 JavaThread "C2 CompilerThread1" daemon [_thread_in_native, id=1784, stack(0x000000001adc0000,0x000000001aec0000)]
=>0x000000001974d000 JavaThread "C2 CompilerThread0" daemon [_thread_in_native, id=11032, stack(0x000000001acc0000,0x000000001adc0000)]
  0x000000001974a000 JavaThread "Attach Listener" daemon [_thread_blocked, id=20116, stack(0x000000001abc0000,0x000000001acc0000)]
  0x0000000019749000 JavaThread "Signal Dispatcher" daemon [_thread_blocked, id=20636, stack(0x000000001aac0000,0x000000001abc0000)]
  0x000000000338b800 JavaThread "Finalizer" daemon [_thread_blocked, id=15972, stack(0x000000001a9b0000,0x000000001aab0000)]
  0x000000001805d800 JavaThread "Reference Handler" daemon [_thread_blocked, id=17228, stack(0x000000001a8b0000,0x000000001a9b0000)]
  0x0000000003291000 JavaThread "main" [_thread_in_vm, id=23952, stack(0x0000000003190000,0x0000000003290000)]

Other Threads:
  0x0000000018056800 VMThread [stack: 0x000000001a7b0000,0x000000001a8b0000] [id=2848]
  0x000000001975e000 WatcherThread [stack: 0x000000001b1c0000,0x000000001b2c0000] [id=19784]

VM state:not at safepoint (normal execution)

VM Mutex/Monitor currently owned by a thread: None

Heap:
 PSYoungGen      total 35328K, used 27769K [0x00000000d8b00000, 0x00000000db200000, 0x0000000100000000)
  eden space 30720K, 90% used [0x00000000d8b00000,0x00000000da61e708,0x00000000da900000)
  from space 4608K, 0% used [0x00000000dad80000,0x00000000dad80000,0x00000000db200000)
  to   space 4608K, 0% used [0x00000000da900000,0x00000000da900000,0x00000000dad80000)
 ParOldGen       total 80896K, used 0K [0x000000008a000000, 0x000000008ef00000, 0x00000000d8b00000)
  object space 80896K, 0% used [0x000000008a000000,0x000000008a000000,0x000000008ef00000)
 Metaspace       used 10492K, capacity 10808K, committed 11008K, reserved 1058816K
  class space    used 1321K, capacity 1420K, committed 1536K, reserved 1048576K

Card table byte_map: [0x0000000012750000,0x0000000012b10000] byte_map_base: 0x0000000012300000

Marking Bits: (ParMarkBitMap*) 0x0000000055c44040
 Begin Bits: [0x0000000013790000, 0x0000000015510000)
 End Bits:   [0x0000000015510000, 0x0000000017290000)

Polling page: 0x0000000003140000

CodeCache: size=245760Kb used=3188Kb max_used=3188Kb free=242572Kb
 bounds [0x0000000003390000, 0x00000000036b0000, 0x0000000012390000]
 total_blobs=1200 nmethods=824 adapters=290
 compilation: enabled

Compilation events (10 events):
Event: 4.848 Thread 0x000000001975a800 nmethod 809 0x00000000036a6b50 code [0x00000000036a6ca0, 0x00000000036a6d90]
Event: 4.849 Thread 0x000000001975a800  810       3       sun.invoke.util.VerifyAccess::isClassAccessible (66 bytes)
Event: 4.850 Thread 0x000000001975a800 nmethod 810 0x00000000036a6110 code [0x00000000036a62e0, 0x00000000036a6968]
Event: 4.850 Thread 0x000000001975a800  811       3       sun.invoke.util.VerifyAccess::getClassModifiers (24 bytes)
Event: 4.850 Thread 0x000000001975a800 nmethod 811 0x00000000036a5a90 code [0x00000000036a5c20, 0x00000000036a6018]
Event: 4.852 Thread 0x000000001975a800  812   !   3       sun.invoke.util.VerifyAccess::isTypeVisible (101 bytes)
Event: 4.854 Thread 0x000000001975a800 nmethod 812 0x00000000036a8010 code [0x00000000036a8320, 0x00000000036a9e78]
Event: 4.857 Thread 0x000000001974d000  813       4       sun.misc.URLClassPath::getResource (83 bytes)
Event: 4.881 Thread 0x000000001975a800  814       3       java.lang.invoke.MethodHandles$Lookup::checkAccess (250 bytes)
Event: 4.884 Thread 0x000000001975a800 nmethod 814 0x00000000036a3850 code [0x00000000036a3b00, 0x00000000036a5368]

GC Heap History (0 events):
No events

Deoptimization events (2 events):
Event: 4.193 Thread 0x0000000003291000 Uncommon trap: reason=unstable_if action=reinterpret pc=0x000000000353b8b4 method=java.lang.String.indexOf([CII[CIII)I @ 3
Event: 4.522 Thread 0x0000000003291000 Uncommon trap: reason=unstable_if action=reinterpret pc=0x00000000035d20a8 method=sun.misc.MetaIndex.mayContain(Ljava/lang/String;)Z @ 38

Internal exceptions (10 events):
Event: 2.566 Thread 0x0000000003291000 Exception <a 'java/lang/NoSuchFieldError': method resolution failed> (0x00000000d9319080) thrown at [C:\re\workspace\8-2-build-windows-amd64-cygwin\jdk8u51\3951\hotspot\src\share\vm\prims\methodHandles.cpp, line 1125]
Event: 2.569 Thread 0x0000000003291000 Exception <a 'java/lang/NoSuchFieldError': method resolution failed> (0x00000000d93279e0) thrown at [C:\re\workspace\8-2-build-windows-amd64-cygwin\jdk8u51\3951\hotspot\src\share\vm\prims\methodHandles.cpp, line 1125]
Event: 2.610 Thread 0x0000000003291000 Exception <a 'java/security/PrivilegedActionException'> (0x00000000d93b2188) thrown at [C:\re\workspace\8-2-build-windows-amd64-cygwin\jdk8u51\3951\hotspot\src\share\vm\prims\jvm.cpp, line 1382]
Event: 2.610 Thread 0x0000000003291000 Exception <a 'java/security/PrivilegedActionException'> (0x00000000d93b24d0) thrown at [C:\re\workspace\8-2-build-windows-amd64-cygwin\jdk8u51\3951\hotspot\src\share\vm\prims\jvm.cpp, line 1382]
Event: 2.955 Thread 0x0000000003291000 Exception <a 'java/lang/NoSuchMethodError': java.lang.Object.lambda$deepFindNestedSubModelsOfType$0(Ljava/lang/Class;Ljava/util/List;Lch/qos/logback/core/model/Model;)V> (0x00000000d956ec18) thrown at [C:\re\workspace\8-2-build-windows-amd64-cygwin\jdk8u51ŒÌmK­@
Event: 2.960 Thread 0x0000000003291000 Exception <a 'java/lang/NoSuchMethodError': java.lang.Object.lambda$deepFindNestedSubModelsOfType$1(Ljava/util/List;Lch/qos/logback/core/model/Model;Lch/qos/logback/core/model/Model;)V> (0x00000000d9579908) thrown at [C:\re\workspace\8-2-build-windows-amd6”ýNî@
Event: 3.876 Thread 0x0000000003291000 Exception <a 'java/security/PrivilegedActionException'> (0x00000000d9a2af98) thrown at [C:\re\workspace\8-2-build-windows-amd64-cygwin\jdk8u51\3951\hotspot\src\share\vm\prims\jvm.cpp, line 1382]
Event: 3.876 Thread 0x0000000003291000 Exception <a 'java/security/PrivilegedActionException'> (0x00000000d9a2b2e0) thrown at [C:\re\workspace\8-2-build-windows-amd64-cygwin\jdk8u51\3951\hotspot\src\share\vm\prims\jvm.cpp, line 1382]
Event: 4.354 Thread 0x0000000003291000 Exception <a 'java/security/PrivilegedActionException'> (0x00000000d9f8d6b8) thrown at [C:\re\workspace\8-2-build-windows-amd64-cygwin\jdk8u51\3951\hotspot\src\share\vm\prims\jvm.cpp, line 1382]
Event: 4.354 Thread 0x0000000003291000 Exception <a 'java/security/PrivilegedActionException'> (0x00000000d9f8da00) thrown at [C:\re\workspace\8-2-build-windows-amd64-cygwin\jdk8u51\3951\hotspot\src\share\vm\prims\jvm.cpp, line 1382]

Events (10 events):
Event: 4.880 loading class net/loomchild/segment/srx/io/Srx2SaxParser
Event: 4.880 loading class net/loomchild/segment/srx/io/Srx2SaxParser done
Event: 4.881 loading class net/loomchild/segment/srx/io/Srx2SaxParser$SrxHandler
Event: 4.881 loading class net/loomchild/segment/srx/io/Srx2SaxParser$SrxHandler done
Event: 4.882 loading class java/util/function/ToLongFunction
Event: 4.884 loading class net/loomchild/segment/util/XmlException
Event: 4.884 loading class net/loomchild/segment/util/XmlException done
Event: 4.888 loading class org/apache/commons/logging/LogFactory
Event: 4.888 loading class org/apache/commons/logging/LogFactory done
Event: 4.888 loading class java/util/function/ToLongFunction done


Dynamic libraries:
0x00007ff7e8320000 - 0x00007ff7e8357000 	C:\ProgramData\Oracle\Java\javapath\java.exe
0x00007ff9126d0000 - 0x00007ff9128c8000 	C:\WINDOWS\SYSTEM32\ntdll.dll
0x00007ff9109a0000 - 0x00007ff910a5d000 	C:\WINDOWS\System32\KERNEL32.DLL
0x00007ff90fff0000 - 0x00007ff9102e6000 	C:\WINDOWS\System32\KERNELBASE.dll
0x0000000056ae0000 - 0x0000000056e12000 	C:\Program Files\Norton Security\NortonData\22.23.5.106\Definitions\IPSDefs\20231122.064\IPSEng64.dll
0x00007ff910c70000 - 0x00007ff910d20000 	C:\WINDOWS\System32\ADVAPI32.dll
0x00007ff910700000 - 0x00007ff91079e000 	C:\WINDOWS\System32\msvcrt.dll
0x00007ff9111c0000 - 0x00007ff911260000 	C:\WINDOWS\System32\sechost.dll
0x00007ff910b40000 - 0x00007ff910c63000 	C:\WINDOWS\System32\RPCRT4.dll
0x00007ff90ffc0000 - 0x00007ff90ffe7000 	C:\WINDOWS\System32\bcrypt.dll
0x00007ff911280000 - 0x00007ff911288000 	C:\WINDOWS\System32\PSAPI.DLL
0x00007ff9107a0000 - 0x00007ff91093f000 	C:\WINDOWS\System32\USER32.dll
0x00007ff90fef0000 - 0x00007ff90ff12000 	C:\WINDOWS\System32\win32u.dll
0x00007ff910d20000 - 0x00007ff910d4b000 	C:\WINDOWS\System32\GDI32.dll
0x00007ff90fdd0000 - 0x00007ff90fee7000 	C:\WINDOWS\System32\gdi32full.dll
0x00007ff90ff20000 - 0x00007ff90ffbd000 	C:\WINDOWS\System32\msvcp_win.dll
0x00007ff910430000 - 0x00007ff910530000 	C:\WINDOWS\System32\ucrtbase.dll
0x00007ff8f8b20000 - 0x00007ff8f8dba000 	C:\WINDOWS\WinSxS\amd64_microsoft.windows.common-controls_6595b64144ccf1df_6.0.19041.3636_none_60b6a03d71f818d5\COMCTL32.dll
0x00007ff9121f0000 - 0x00007ff912222000 	C:\WINDOWS\System32\IMM32.DLL
0x0000000055cd0000 - 0x0000000055da2000 	C:\Program Files\Java\jre1.8.0_51\bin\msvcr100.dll
0x0000000055440000 - 0x0000000055cc3000 	C:\Program Files\Java\jre1.8.0_51\bin\server\jvm.dll
0x00007ff8e73b0000 - 0x00007ff8e73b9000 	C:\WINDOWS\SYSTEM32\WSOCK32.dll
0x00007ff911290000 - 0x00007ff9112fb000 	C:\WINDOWS\System32\WS2_32.dll
0x00007ff904e80000 - 0x00007ff904ea7000 	C:\WINDOWS\SYSTEM32\WINMM.dll
0x00007ff906f10000 - 0x00007ff906f1a000 	C:\WINDOWS\SYSTEM32\VERSION.dll
0x0000000055430000 - 0x000000005543f000 	C:\Program Files\Java\jre1.8.0_51\bin\verify.dll
0x0000000055400000 - 0x0000000055429000 	C:\Program Files\Java\jre1.8.0_51\bin\java.dll
0x00000000553e0000 - 0x00000000553f6000 	C:\Program Files\Java\jre1.8.0_51\bin\zip.dll
0x00007ff911410000 - 0x00007ff911b7b000 	C:\WINDOWS\System32\SHELL32.dll
0x00007ff90dbf0000 - 0x00007ff90e38e000 	C:\WINDOWS\SYSTEM32\windows.storage.dll
0x00007ff911be0000 - 0x00007ff911f33000 	C:\WINDOWS\System32\combase.dll
0x00007ff90f7b0000 - 0x00007ff90f7de000 	C:\WINDOWS\SYSTEM32\Wldp.dll
0x00007ff9125c0000 - 0x00007ff91268d000 	C:\WINDOWS\System32\OLEAUT32.dll
0x00007ff911300000 - 0x00007ff9113ad000 	C:\WINDOWS\System32\SHCORE.dll
0x00007ff911b80000 - 0x00007ff911bd5000 	C:\WINDOWS\System32\shlwapi.dll
0x00007ff90fcb0000 - 0x00007ff90fcd3000 	C:\WINDOWS\SYSTEM32\profapi.dll
0x00007ff90e390000 - 0x00007ff90e574000 	C:\WINDOWS\SYSTEM32\dbghelp.dll
0x00007ff9103a0000 - 0x00007ff910422000 	C:\WINDOWS\System32\bcryptPrimitives.dll

VM Arguments:
java_command: org.languagetool.server.HTTPServer -p 8093
java_class_path (initial): C:\Users\impor\.cache\language_tool_python\LanguageTool-6.4\languagetool-server.jar
Launcher Type: SUN_STANDARD

Environment Variables:
PATH=C:\ProgramData\Oracle\Java\javapath;C:\Program Files\Common Files\Oracle\Java\javapath;C:\Windows\system32;C:\Windows;C:\Windows\System32\Wbem;C:\Windows\System32\WindowsPowerShell\v1.0\;C:\Windows\System32\OpenSSH\;C:\Program Files (x86)\NVIDIA Corporation\PhysX\Common;C:\Program Files\NVIDIA Corporation\NVIDIA NvDLISR;C:\WINDOWS\system32;C:\WINDOWS;C:\WINDOWS\System32\Wbem;C:\WINDOWS\System32\WindowsPowerShell\v1.0\;C:\WINDOWS\System32\OpenSSH\;D:\Program Files\Git\cmd;C:\Program Files\dotnet\;C:\Users\impor\AppData\Local\Microsoft\WindowsApps;;D:\Microsoft VS Code\bin
USERNAME=CACC
OS=Windows_NT
PROCESSOR_IDENTIFIER=AMD64 Family 23 Model 96 Stepping 1, AuthenticAMD



---------------  S Y S T E M  ---------------

OS: Windows 10.0 , 64 bit Build 19041 (10.0.19041.3636)

CPU:total 12 (12 cores per cpu, 1 threads per core) family 23 model 96 stepping 1, cmov, cx8, fxsr, mmx, sse, sse2, sse3, ssse3, sse4.1, sse4.2, popcnt, avx, avx2, aes, clmul, mmxext, 3dnowpref, lzcnt, sse4a, tsc, tscinvbit, tscinv, bmi1

Memory: 4k page, physical 7730500k(527380k free), swap 31847748k(69864k free)

vm_info: Java HotSpot(TM) 64-Bit Server VM (25.51-b03) for windows-amd64 JRE (1.8.0_51-b16), built on Jun  8 2015 18:03:07 by "java_re" with MS VC++ 10.0 (VS2010)

time: Sat May 11 21:25:17 2024
elapsed time: 4 seconds (0d 0h 0m 4s)

