#
# There is insufficient memory for the Java Runtime Environment to continue.
# Native memory allocation (malloc) failed to allocate 115696 bytes for Chunk::new
# Possible reasons:
#   The system is out of physical RAM or swap space
#   In 32 bit mode, the process size limit was hit
# Possible solutions:
#   Reduce memory load on the system
#   Increase physical memory or swap space
#   Check if swap backing store is full
#   Use 64 bit Java on a 64 bit OS
#   Decrease Java heap size (-Xmx/-Xms)
#   Decrease number of Java threads
#   Decrease Java thread stack sizes (-Xss)
#   Set larger code cache with -XX:ReservedCodeCacheSize=
# This output file may be truncated or incomplete.
#
#  Out of Memory Error (allocation.cpp:390), pid=10632, tid=24232
#
# JRE version: Java(TM) SE Runtime Environment (8.0_51-b16) (build 1.8.0_51-b16)
# Java VM: Java HotSpot(TM) 64-Bit Server VM (25.51-b03 mixed mode windows-amd64 compressed oops)
# Failed to write core dump. Minidumps are not enabled by default on client versions of Windows
#

---------------  T H R E A D  ---------------

Current thread (0x000000001939f000):  JavaThread "C2 CompilerThread0" daemon [_thread_in_native, id=24232, stack(0x000000001a8f0000,0x000000001a9f0000)]

Stack: [0x000000001a8f0000,0x000000001a9f0000]
Native frames: (J=compiled Java code, j=interpreted, Vv=VM code, C=native code)
V  [jvm.dll+0x32b4ca]


Current CompileTask:
C2:   4659  466  s!   4       sun.misc.URLClassPath::getLoader (197 bytes)


---------------  P R O C E S S  ---------------

Java Threads: ( => current thread )
  0x00000000193ab800 JavaThread "Service Thread" daemon [_thread_blocked, id=8084, stack(0x000000001acf0000,0x000000001adf0000)]
  0x00000000193aa000 JavaThread "C1 CompilerThread3" daemon [_thread_blocked, id=16508, stack(0x000000001abf0000,0x000000001acf0000)]
  0x00000000193a9800 JavaThread "C2 CompilerThread2" daemon [_thread_blocked, id=21940, stack(0x000000001aaf0000,0x000000001abf0000)]
  0x00000000193a4800 JavaThread "C2 CompilerThread1" daemon [_thread_in_native, id=9140, stack(0x000000001a9f0000,0x000000001aaf0000)]
=>0x000000001939f000 JavaThread "C2 CompilerThread0" daemon [_thread_in_native, id=24232, stack(0x000000001a8f0000,0x000000001a9f0000)]
  0x000000001939c000 JavaThread "Attach Listener" daemon [_thread_blocked, id=21800, stack(0x000000001a7f0000,0x000000001a8f0000)]
  0x000000001939b000 JavaThread "Signal Dispatcher" daemon [_thread_blocked, id=10788, stack(0x000000001a6f0000,0x000000001a7f0000)]
  0x0000000003006000 JavaThread "Finalizer" daemon [_thread_blocked, id=6072, stack(0x000000001a5f0000,0x000000001a6f0000)]
  0x0000000017cad800 JavaThread "Reference Handler" daemon [_thread_blocked, id=10588, stack(0x000000001a4f0000,0x000000001a5f0000)]
  0x0000000002f11000 JavaThread "main" [_thread_in_native, id=19404, stack(0x0000000002e10000,0x0000000002f10000)]

Other Threads:
  0x0000000017ca6800 VMThread [stack: 0x000000001a3f0000,0x000000001a4f0000] [id=22252]
  0x00000000193ad800 WatcherThread [stack: 0x000000001adf0000,0x000000001aef0000] [id=23052]

VM state:not at safepoint (normal execution)

VM Mutex/Monitor currently owned by a thread: None

Heap:
 PSYoungGen      total 35328K, used 10454K [0x00000000d8b00000, 0x00000000db200000, 0x0000000100000000)
  eden space 30720K, 34% used [0x00000000d8b00000,0x00000000d9535a00,0x00000000da900000)
  from space 4608K, 0% used [0x00000000dad80000,0x00000000dad80000,0x00000000db200000)
  to   space 4608K, 0% used [0x00000000da900000,0x00000000da900000,0x00000000dad80000)
 ParOldGen       total 80896K, used 0K [0x000000008a000000, 0x000000008ef00000, 0x00000000d8b00000)
  object space 80896K, 0% used [0x000000008a000000,0x000000008a000000,0x000000008ef00000)
 Metaspace       used 5701K, capacity 5874K, committed 6016K, reserved 1056768K
  class space    used 679K, capacity 773K, committed 896K, reserved 1048576K

Card table byte_map: [0x00000000123d0000,0x0000000012790000] byte_map_base: 0x0000000011f80000

Marking Bits: (ParMarkBitMap*) 0x0000000055c44040
 Begin Bits: [0x0000000013410000, 0x0000000015190000)
 End Bits:   [0x0000000015190000, 0x0000000016f10000)

Polling page: 0x0000000002d40000

CodeCache: size=245760Kb used=2234Kb max_used=2234Kb free=243525Kb
 bounds [0x0000000003010000, 0x0000000003280000, 0x0000000012010000]
 total_blobs=781 nmethods=498 adapters=197
 compilation: enabled

Compilation events (10 events):
Event: 4.636 Thread 0x00000000193aa000  471       3       jdk.internal.org.objectweb.asm.ClassWriter::newClass (9 bytes)
Event: 4.637 Thread 0x00000000193aa000 nmethod 471 0x00000000032275d0 code [0x0000000003227740, 0x00000000032278e8]
Event: 4.637 Thread 0x00000000193a4800  472  s    4       sun.misc.URLClassPath::getNextLoader (88 bytes)
Event: 4.640 Thread 0x00000000193a9800  473       4       java.lang.String::startsWith (7 bytes)
Event: 4.642 Thread 0x00000000193a9800 nmethod 473 0x0000000003231750 code [0x00000000032318a0, 0x0000000003231998]
Event: 4.643 Thread 0x00000000193aa000  474       3       java.util.Objects::requireNonNull (15 bytes)
Event: 4.643 Thread 0x00000000193aa000 nmethod 474 0x0000000003228e90 code [0x0000000003229000, 0x0000000003229228]
Event: 4.646 Thread 0x00000000193aa000  475       3       java.lang.invoke.MethodType::parameterCount (6 bytes)
Event: 4.646 Thread 0x00000000193aa000 nmethod 475 0x0000000003228b50 code [0x0000000003228ca0, 0x0000000003228df0]
Event: 4.646 Thread 0x00000000193aa000  476       3       java.util.WeakHashMap::put (162 bytes)

GC Heap History (0 events):
No events

Deoptimization events (0 events):
No events

Internal exceptions (10 events):
Event: 3.994 Thread 0x0000000002f11000 Exception <a 'java/security/PrivilegedActionException'> (0x00000000d8fe26f8) thrown at [C:\re\workspace\8-2-build-windows-amd64-cygwin\jdk8u51\3951\hotspot\src\share\vm\prims\jvm.cpp, line 1382]
Event: 3.995 Thread 0x0000000002f11000 Exception <a 'java/security/PrivilegedActionException'> (0x00000000d8fe61f0) thrown at [C:\re\workspace\8-2-build-windows-amd64-cygwin\jdk8u51\3951\hotspot\src\share\vm\prims\jvm.cpp, line 1382]
Event: 3.995 Thread 0x0000000002f11000 Exception <a 'java/security/PrivilegedActionException'> (0x00000000d8fe63a8) thrown at [C:\re\workspace\8-2-build-windows-amd64-cygwin\jdk8u51\3951\hotspot\src\share\vm\prims\jvm.cpp, line 1382]
Event: 4.240 Thread 0x0000000002f11000 Exception <a 'java/io/FileNotFoundException'> (0x00000000d916bab8) thrown at [C:\re\workspace\8-2-build-windows-amd64-cygwin\jdk8u51\3951\hotspot\src\share\vm\prims\jni.cpp, line 709]
Event: 4.271 Thread 0x0000000002f11000 Exception <a 'java/security/PrivilegedActionException'> (0x00000000d918cb18) thrown at [C:\re\workspace\8-2-build-windows-amd64-cygwin\jdk8u51\3951\hotspot\src\share\vm\prims\jvm.cpp, line 1382]
Event: 4.271 Thread 0x0000000002f11000 Exception <a 'java/security/PrivilegedActionException'> (0x00000000d918ce60) thrown at [C:\re\workspace\8-2-build-windows-amd64-cygwin\jdk8u51\3951\hotspot\src\share\vm\prims\jvm.cpp, line 1382]
Event: 4.469 Thread 0x0000000002f11000 Exception <a 'java/lang/NoSuchFieldError': method resolution failed> (0x00000000d9318f50) thrown at [C:\re\workspace\8-2-build-windows-amd64-cygwin\jdk8u51\3951\hotspot\src\share\vm\prims\methodHandles.cpp, line 1125]
Event: 4.472 Thread 0x0000000002f11000 Exception <a 'java/lang/NoSuchFieldError': method resolution failed> (0x00000000d93278b0) thrown at [C:\re\workspace\8-2-build-windows-amd64-cygwin\jdk8u51\3951\hotspot\src\share\vm\prims\methodHandles.cpp, line 1125]
Event: 4.516 Thread 0x0000000002f11000 Exception <a 'java/security/PrivilegedActionException'> (0x00000000d93b1d80) thrown at [C:\re\workspace\8-2-build-windows-amd64-cygwin\jdk8u51\3951\hotspot\src\share\vm\prims\jvm.cpp, line 1382]
Event: 4.516 Thread 0x0000000002f11000 Exception <a 'java/security/PrivilegedActionException'> (0x00000000d93b20c8) thrown at [C:\re\workspace\8-2-build-windows-amd64-cygwin\jdk8u51\3951\hotspot\src\share\vm\prims\jvm.cpp, line 1382]

Events (10 events):
Event: 4.633 loading class ch/qos/logback/core/model/SerializeModelModel
Event: 4.633 loading class ch/qos/logback/core/model/SerializeModelModel done
Event: 4.637 loading class ch/qos/logback/core/joran/action/DefinePropertyAction
Event: 4.637 loading class ch/qos/logback/core/joran/action/DefinePropertyAction done
Event: 4.638 loading class ch/qos/logback/core/model/DefineModel
Event: 4.638 loading class ch/qos/logback/core/model/DefineModel done
Event: 4.639 loading class ch/qos/logback/core/model/NamedComponentModel
Event: 4.639 loading class ch/qos/logback/core/model/NamedComponentModel done
Event: 4.645 loading class ch/qos/logback/core/joran/action/EventEvaluatorAction
Event: 4.645 loading class ch/qos/logback/core/joran/action/EventEvaluatorAction done


Dynamic libraries:
0x00007ff7e8320000 - 0x00007ff7e8357000 	C:\ProgramData\Oracle\Java\javapath\java.exe
0x00007ff9126d0000 - 0x00007ff9128c8000 	C:\WINDOWS\SYSTEM32\ntdll.dll
0x00007ff9109a0000 - 0x00007ff910a5d000 	C:\WINDOWS\System32\KERNEL32.DLL
0x00007ff90fff0000 - 0x00007ff9102e6000 	C:\WINDOWS\System32\KERNELBASE.dll
0x0000000056ae0000 - 0x0000000056e12000 	C:\Program Files\Norton Security\NortonData\22.23.5.106\Definitions\IPSDefs\20231122.064\IPSEng64.dll
0x00007ff910c70000 - 0x00007ff910d20000 	C:\WINDOWS\System32\ADVAPI32.dll
0x00007ff910700000 - 0x00007ff91079e000 	C:\WINDOWS\System32\msvcrt.dll
0x00007ff9111c0000 - 0x00007ff911260000 	C:\WINDOWS\System32\sechost.dll
0x00007ff910b40000 - 0x00007ff910c63000 	C:\WINDOWS\System32\RPCRT4.dll
0x00007ff90ffc0000 - 0x00007ff90ffe7000 	C:\WINDOWS\System32\bcrypt.dll
0x00007ff911280000 - 0x00007ff911288000 	C:\WINDOWS\System32\PSAPI.DLL
0x00007ff9107a0000 - 0x00007ff91093f000 	C:\WINDOWS\System32\USER32.dll
0x00007ff90fef0000 - 0x00007ff90ff12000 	C:\WINDOWS\System32\win32u.dll
0x00007ff910d20000 - 0x00007ff910d4b000 	C:\WINDOWS\System32\GDI32.dll
0x00007ff90fdd0000 - 0x00007ff90fee7000 	C:\WINDOWS\System32\gdi32full.dll
0x00007ff90ff20000 - 0x00007ff90ffbd000 	C:\WINDOWS\System32\msvcp_win.dll
0x00007ff910430000 - 0x00007ff910530000 	C:\WINDOWS\System32\ucrtbase.dll
0x00007ff8f8b20000 - 0x00007ff8f8dba000 	C:\WINDOWS\WinSxS\amd64_microsoft.windows.common-controls_6595b64144ccf1df_6.0.19041.3636_none_60b6a03d71f818d5\COMCTL32.dll
0x00007ff9121f0000 - 0x00007ff912222000 	C:\WINDOWS\System32\IMM32.DLL
0x0000000055cd0000 - 0x0000000055da2000 	C:\Program Files\Java\jre1.8.0_51\bin\msvcr100.dll
0x0000000055440000 - 0x0000000055cc3000 	C:\Program Files\Java\jre1.8.0_51\bin\server\jvm.dll
0x00007ff8e73b0000 - 0x00007ff8e73b9000 	C:\WINDOWS\SYSTEM32\WSOCK32.dll
0x00007ff911290000 - 0x00007ff9112fb000 	C:\WINDOWS\System32\WS2_32.dll
0x00007ff904e80000 - 0x00007ff904ea7000 	C:\WINDOWS\SYSTEM32\WINMM.dll
0x00007ff906f10000 - 0x00007ff906f1a000 	C:\WINDOWS\SYSTEM32\VERSION.dll
0x0000000055430000 - 0x000000005543f000 	C:\Program Files\Java\jre1.8.0_51\bin\verify.dll
0x0000000055400000 - 0x0000000055429000 	C:\Program Files\Java\jre1.8.0_51\bin\java.dll
0x00000000553e0000 - 0x00000000553f6000 	C:\Program Files\Java\jre1.8.0_51\bin\zip.dll
0x00007ff911410000 - 0x00007ff911b7b000 	C:\WINDOWS\System32\SHELL32.dll
0x00007ff90dbf0000 - 0x00007ff90e38e000 	C:\WINDOWS\SYSTEM32\windows.storage.dll
0x00007ff911be0000 - 0x00007ff911f33000 	C:\WINDOWS\System32\combase.dll
0x00007ff90f7b0000 - 0x00007ff90f7de000 	C:\WINDOWS\SYSTEM32\Wldp.dll
0x00007ff9125c0000 - 0x00007ff91268d000 	C:\WINDOWS\System32\OLEAUT32.dll
0x00007ff911300000 - 0x00007ff9113ad000 	C:\WINDOWS\System32\SHCORE.dll
0x00007ff911b80000 - 0x00007ff911bd5000 	C:\WINDOWS\System32\shlwapi.dll
0x00007ff90fcb0000 - 0x00007ff90fcd3000 	C:\WINDOWS\SYSTEM32\profapi.dll
0x00007ff9103a0000 - 0x00007ff910422000 	C:\WINDOWS\System32\bcryptPrimitives.dll

VM Arguments:
java_command: org.languagetool.server.HTTPServer -p 8084
java_class_path (initial): C:\Users\impor\.cache\language_tool_python\LanguageTool-6.4\languagetool-server.jar
Launcher Type: SUN_STANDARD

Environment Variables:
PATH=C:\ProgramData\Oracle\Java\javapath;C:\Program Files\Common Files\Oracle\Java\javapath;C:\Windows\system32;C:\Windows;C:\Windows\System32\Wbem;C:\Windows\System32\WindowsPowerShell\v1.0\;C:\Windows\System32\OpenSSH\;C:\Program Files (x86)\NVIDIA Corporation\PhysX\Common;C:\Program Files\NVIDIA Corporation\NVIDIA NvDLISR;C:\WINDOWS\system32;C:\WINDOWS;C:\WINDOWS\System32\Wbem;C:\WINDOWS\System32\WindowsPowerShell\v1.0\;C:\WINDOWS\System32\OpenSSH\;D:\Program Files\Git\cmd;C:\Program Files\dotnet\;C:\Users\impor\AppData\Local\Microsoft\WindowsApps;;D:\Microsoft VS Code\bin
USERNAME=CACC
OS=Windows_NT
PROCESSOR_IDENTIFIER=AMD64 Family 23 Model 96 Stepping 1, AuthenticAMD



---------------  S Y S T E M  ---------------

OS: Windows 10.0 , 64 bit Build 19041 (10.0.19041.3636)

CPU:total 12 (12 cores per cpu, 1 threads per core) family 23 model 96 stepping 1, cmov, cx8, fxsr, mmx, sse, sse2, sse3, ssse3, sse4.1, sse4.2, popcnt, avx, avx2, aes, clmul, mmxext, 3dnowpref, lzcnt, sse4a, tsc, tscinvbit, tscinv, bmi1

Memory: 4k page, physical 7730500k(153164k free), swap 31847748k(232k free)

vm_info: Java HotSpot(TM) 64-Bit Server VM (25.51-b03) for windows-amd64 JRE (1.8.0_51-b16), built on Jun  8 2015 18:03:07 by "java_re" with MS VC++ 10.0 (VS2010)

time: Sat May 11 21:22:38 2024
elapsed time: 4 seconds (0d 0h 0m 4s)

