#
# There is insufficient memory for the Java Runtime Environment to continue.
# Native memory allocation (malloc) failed to allocate 32744 bytes for ChunkPool::allocate
# Possible reasons:
#   The system is out of physical RAM or swap space
#   In 32 bit mode, the process size limit was hit
# Possible solutions:
#   Reduce memory load on the system
#   Increase physical memory or swap space
#   Check if swap backing store is full
#   Use 64 bit Java on a 64 bit OS
#   Decrease Java heap size (-Xmx/-Xms)
#   Decrease number of Java threads
#   Decrease Java thread stack sizes (-Xss)
#   Set larger code cache with -XX:ReservedCodeCacheSize=
# This output file may be truncated or incomplete.
#
#  Out of Memory Error (allocation.cpp:273), pid=24156, tid=19232
#
# JRE version: Java(TM) SE Runtime Environment (8.0_51-b16) (build 1.8.0_51-b16)
# Java VM: Java HotSpot(TM) 64-Bit Server VM (25.51-b03 mixed mode windows-amd64 compressed oops)
# Failed to write core dump. Minidumps are not enabled by default on client versions of Windows
#

---------------  T H R E A D  ---------------

Current thread (0x00000000196bb800):  JavaThread "C1 CompilerThread3" daemon [_thread_in_native, id=19232, stack(0x000000001af30000,0x000000001b030000)]

Stack: [0x000000001af30000,0x000000001b030000]
Native frames: (J=compiled Java code, j=interpreted, Vv=VM code, C=native code)
V  [jvm.dll+0x32b4ca]
V  [jvm.dll+0x2797e3]
V  [jvm.dll+0x27a479]
V  [jvm.dll+0x271765]
V  [jvm.dll+0xcb824]
V  [jvm.dll+0xcba47]
V  [jvm.dll+0xcbecc]
V  [jvm.dll+0x4405c8]
V  [jvm.dll+0x4406bd]
V  [jvm.dll+0x4060c4]
V  [jvm.dll+0x4061f1]
V  [jvm.dll+0x4063b2]
V  [jvm.dll+0x406581]
V  [jvm.dll+0x40678f]
V  [jvm.dll+0xa43a2]
V  [jvm.dll+0xa4cdf]
V  [jvm.dll+0x2418a4]
V  [jvm.dll+0x29846a]
C  [msvcr100.dll+0x21d9f]
C  [msvcr100.dll+0x21e3b]
C  [KERNEL32.DLL+0x17344]
C  [ntdll.dll+0x526b1]


Current CompileTask:
C1:   5929  944       3       java.util.regex.Pattern::sequence (553 bytes)


---------------  P R O C E S S  ---------------

Java Threads: ( => current thread )
  0x000000001bccc000 JavaThread "LtThreadPoolExecutorMonitor" daemon [_thread_blocked, id=8284, stack(0x000000001ce40000,0x000000001cf40000)]
  0x000000001bc27800 JavaThread "LtThreadPoolMonitor" daemon [_thread_blocked, id=13456, stack(0x000000001cd40000,0x000000001ce40000)]
  0x00000000196bd000 JavaThread "Service Thread" daemon [_thread_blocked, id=5904, stack(0x000000001b030000,0x000000001b130000)]
=>0x00000000196bb800 JavaThread "C1 CompilerThread3" daemon [_thread_in_native, id=19232, stack(0x000000001af30000,0x000000001b030000)]
  0x00000000196bb000 JavaThread "C2 CompilerThread2" daemon [_thread_blocked, id=22380, stack(0x000000001ae30000,0x000000001af30000)]
  0x00000000196b6000 JavaThread "C2 CompilerThread1" daemon [_thread_blocked, id=5720, stack(0x000000001ad30000,0x000000001ae30000)]
  0x00000000196ae000 JavaThread "C2 CompilerThread0" daemon [_thread_blocked, id=19776, stack(0x000000001ac30000,0x000000001ad30000)]
  0x00000000196ab000 JavaThread "Attach Listener" daemon [_thread_blocked, id=10220, stack(0x000000001ab30000,0x000000001ac30000)]
  0x00000000196aa000 JavaThread "Signal Dispatcher" daemon [_thread_blocked, id=7412, stack(0x000000001aa30000,0x000000001ab30000)]
  0x000000000330b000 JavaThread "Finalizer" daemon [_thread_blocked, id=23436, stack(0x000000001a920000,0x000000001aa20000)]
  0x0000000017fdd000 JavaThread "Reference Handler" daemon [_thread_blocked, id=18476, stack(0x000000001a820000,0x000000001a920000)]
  0x0000000003211000 JavaThread "main" [_thread_in_native, id=13356, stack(0x0000000003110000,0x0000000003210000)]

Other Threads:
  0x0000000017fd6800 VMThread [stack: 0x000000001a720000,0x000000001a820000] [id=16008]
  0x00000000196bf000 WatcherThread [stack: 0x000000001b130000,0x000000001b230000] [id=18188]

VM state:not at safepoint (normal execution)

VM Mutex/Monitor currently owned by a thread: None

Heap:
 PSYoungGen      total 35328K, used 6833K [0x00000000d8b00000, 0x00000000dd000000, 0x0000000100000000)
  eden space 30720K, 9% used [0x00000000d8b00000,0x00000000d8dc4dd0,0x00000000da900000)
  from space 4608K, 99% used [0x00000000da900000,0x00000000dad7d820,0x00000000dad80000)
  to   space 4608K, 0% used [0x00000000dcb80000,0x00000000dcb80000,0x00000000dd000000)
 ParOldGen       total 80896K, used 1033K [0x000000008a000000, 0x000000008ef00000, 0x00000000d8b00000)
  object space 80896K, 1% used [0x000000008a000000,0x000000008a102680,0x000000008ef00000)
 Metaspace       used 12911K, capacity 13177K, committed 13312K, reserved 1060864K
  class space    used 1596K, capacity 1708K, committed 1792K, reserved 1048576K

Card table byte_map: [0x00000000126d0000,0x0000000012a90000] byte_map_base: 0x0000000012280000

Marking Bits: (ParMarkBitMap*) 0x0000000055c44040
 Begin Bits: [0x0000000013710000, 0x0000000015490000)
 End Bits:   [0x0000000015490000, 0x0000000017210000)

Polling page: 0x00000000030d0000

CodeCache: size=245760Kb used=3584Kb max_used=3597Kb free=242175Kb
 bounds [0x0000000003310000, 0x00000000036a0000, 0x0000000012310000]
 total_blobs=1333 nmethods=943 adapters=304
 compilation: enabled

Compilation events (10 events):
Event: 5.732 Thread 0x00000000196bb800  939       3       java.util.regex.Pattern::RemoveQEQuoting (346 bytes)
Event: 5.734 Thread 0x00000000196bb800 nmethod 939 0x000000000368cbd0 code [0x000000000368ce20, 0x000000000368df18]
Event: 5.806 Thread 0x00000000196bb800  940       3       java.util.regex.Pattern$Start::match (90 bytes)
Event: 5.807 Thread 0x00000000196bb800 nmethod 940 0x000000000368e850 code [0x000000000368e9e0, 0x000000000368ede8]
Event: 5.807 Thread 0x00000000196bb800  941       3       java.util.regex.Matcher::search (109 bytes)
Event: 5.808 Thread 0x00000000196bb800 nmethod 941 0x000000000368efd0 code [0x000000000368f160, 0x000000000368f568]
Event: 5.865 Thread 0x00000000196bb800  942       3       java.util.regex.Pattern::append (39 bytes)
Event: 5.866 Thread 0x00000000196bb800 nmethod 942 0x000000000368f6d0 code [0x000000000368f840, 0x000000000368fb88]
Event: 5.866 Thread 0x00000000196bb000  943       4       java.util.HashMap::putVal (300 bytes)
Event: 5.867 Thread 0x00000000196bb800  944       3       java.util.regex.Pattern::sequence (553 bytes)

GC Heap History (2 events):
Event: 5.494 GC heap before
{Heap before GC invocations=1 (full 0):
 PSYoungGen      total 35328K, used 30720K [0x00000000d8b00000, 0x00000000db200000, 0x0000000100000000)
  eden space 30720K, 100% used [0x00000000d8b00000,0x00000000da900000,0x00000000da900000)
  from space 4608K, 0% used [0x00000000dad80000,0x00000000dad80000,0x00000000db200000)
  to   space 4608K, 0% used [0x00000000da900000,0x00000000da900000,0x00000000dad80000)
 ParOldGen       total 80896K, used 0K [0x000000008a000000, 0x000000008ef00000, 0x00000000d8b00000)
  object space 80896K, 0% used [0x000000008a000000,0x000000008a000000,0x000000008ef00000)
 Metaspace       used 12364K, capacity 12652K, committed 12800K, reserved 1060864K
  class space    used 1558K, capacity 1676K, committed 1792K, reserved 1048576K
Event: 5.638 GC heap after
Heap after GC invocations=1 (full 0):
 PSYoungGen      total 35328K, used 4598K [0x00000000d8b00000, 0x00000000dd000000, 0x0000000100000000)
  eden space 30720K, 0% used [0x00000000d8b00000,0x00000000d8b00000,0x00000000da900000)
  from space 4608K, 99% used [0x00000000da900000,0x00000000dad7d820,0x00000000dad80000)
  to   space 4608K, 0% used [0x00000000dcb80000,0x00000000dcb80000,0x00000000dd000000)
 ParOldGen       total 80896K, used 1033K [0x000000008a000000, 0x000000008ef00000, 0x00000000d8b00000)
  object space 80896K, 1% used [0x000000008a000000,0x000000008a102680,0x000000008ef00000)
 Metaspace       used 12364K, capacity 12652K, committed 12800K, reserved 1060864K
  class space    used 1558K, capacity 1676K, committed 1792K, reserved 1048576K
}

Deoptimization events (5 events):
Event: 3.668 Thread 0x0000000003211000 Uncommon trap: reason=unstable_if action=reinterpret pc=0x00000000034bf8f8 method=java.lang.String.indexOf([CII[CIII)I @ 3
Event: 4.099 Thread 0x0000000003211000 Uncommon trap: reason=unstable_if action=reinterpret pc=0x000000000354bda8 method=sun.misc.MetaIndex.mayContain(Ljava/lang/String;)Z @ 38
Event: 4.456 Thread 0x0000000003211000 Uncommon trap: reason=unstable_if action=reinterpret pc=0x0000000003582654 method=java.lang.AbstractStringBuilder.append(Ljava/lang/String;)Ljava/lang/AbstractStringBuilder; @ 1
Event: 4.920 Thread 0x0000000003211000 Uncommon trap: reason=unstable_if action=reinterpret pc=0x00000000035d1d94 method=java.io.WinNTFileSystem.normalize(Ljava/lang/String;II)Ljava/lang/String; @ 90
Event: 5.202 Thread 0x0000000003211000 Uncommon trap: reason=unstable_if action=reinterpret pc=0x0000000003440000 method=java.lang.CharacterData.of(I)Ljava/lang/CharacterData; @ 4

Internal exceptions (10 events):
Event: 3.962 Thread 0x0000000003211000 Exception <a 'java/security/PrivilegedActionException'> (0x00000000d9f8d408) thrown at [C:\re\workspace\8-2-build-windows-amd64-cygwin\jdk8u51\3951\hotspot\src\share\vm\prims\jvm.cpp, line 1382]
Event: 3.962 Thread 0x0000000003211000 Exception <a 'java/security/PrivilegedActionException'> (0x00000000d9f8d750) thrown at [C:\re\workspace\8-2-build-windows-amd64-cygwin\jdk8u51\3951\hotspot\src\share\vm\prims\jvm.cpp, line 1382]
Event: 4.402 Thread 0x0000000003211000 Exception <a 'java/security/PrivilegedActionException'> (0x00000000da54f020) thrown at [C:\re\workspace\8-2-build-windows-amd64-cygwin\jdk8u51\3951\hotspot\src\share\vm\prims\jvm.cpp, line 1382]
Event: 4.402 Thread 0x0000000003211000 Exception <a 'java/security/PrivilegedActionException'> (0x00000000da54f368) thrown at [C:\re\workspace\8-2-build-windows-amd64-cygwin\jdk8u51\3951\hotspot\src\share\vm\prims\jvm.cpp, line 1382]
Event: 4.425 Thread 0x0000000003211000 Exception <a 'java/lang/NoClassDefFoundError': org/apache/log4j/Priority> (0x00000000da5ad240) thrown at [C:\re\workspace\8-2-build-windows-amd64-cygwin\jdk8u51\3951\hotspot\src\share\vm\classfile\systemDictionary.cpp, line 199]
Event: 4.452 Thread 0x0000000003211000 Exception <a 'java/security/PrivilegedActionException'> (0x00000000da5f6330) thrown at [C:\re\workspace\8-2-build-windows-amd64-cygwin\jdk8u51\3951\hotspot\src\share\vm\prims\jvm.cpp, line 1382]
Event: 4.452 Thread 0x0000000003211000 Exception <a 'java/security/PrivilegedActionException'> (0x00000000da5f6678) thrown at [C:\re\workspace\8-2-build-windows-amd64-cygwin\jdk8u51\3951\hotspot\src\share\vm\prims\jvm.cpp, line 1382]
Event: 4.456 Thread 0x0000000003211000 Implicit null exception at 0x0000000003582316 to 0x000000000358263d
Event: 4.457 Thread 0x0000000003211000 Exception <a 'java/security/PrivilegedActionException'> (0x00000000da6165f8) thrown at [C:\re\workspace\8-2-build-windows-amd64-cygwin\jdk8u51\3951\hotspot\src\share\vm\prims\jvm.cpp, line 1382]
Event: 4.457 Thread 0x0000000003211000 Exception <a 'java/security/PrivilegedActionException'> (0x00000000da616940) thrown at [C:\re\workspace\8-2-build-windows-amd64-cygwin\jdk8u51\3951\hotspot\src\share\vm\prims\jvm.cpp, line 1382]

Events (10 events):
Event: 5.862 loading class com/google/common/cache/LocalCache$WriteQueue
Event: 5.862 loading class com/google/common/cache/LocalCache$WriteQueue done
Event: 5.864 loading class com/google/common/cache/LocalCache$WriteQueue$1
Event: 5.864 loading class com/google/common/cache/LocalCache$WriteQueue$1 done
Event: 5.867 loading class org/languagetool/PremiumOn
Event: 5.867 loading class org/languagetool/PremiumOn done
Event: 5.868 loading class org/languagetool/PremiumOn
Event: 5.868 loading class org/languagetool/PremiumOn done
Event: 5.868 loading class org/languagetool/language/BritishEnglish
Event: 5.868 loading class org/languagetool/language/BritishEnglish done


Dynamic libraries:
0x00007ff7e8320000 - 0x00007ff7e8357000 	C:\ProgramData\Oracle\Java\javapath\java.exe
0x00007ff9126d0000 - 0x00007ff9128c8000 	C:\WINDOWS\SYSTEM32\ntdll.dll
0x00007ff9109a0000 - 0x00007ff910a5d000 	C:\WINDOWS\System32\KERNEL32.DLL
0x00007ff90fff0000 - 0x00007ff9102e6000 	C:\WINDOWS\System32\KERNELBASE.dll
0x0000000056ae0000 - 0x0000000056e12000 	C:\Program Files\Norton Security\NortonData\22.23.5.106\Definitions\IPSDefs\20231122.064\IPSEng64.dll
0x00007ff910c70000 - 0x00007ff910d20000 	C:\WINDOWS\System32\ADVAPI32.dll
0x00007ff910700000 - 0x00007ff91079e000 	C:\WINDOWS\System32\msvcrt.dll
0x00007ff9111c0000 - 0x00007ff911260000 	C:\WINDOWS\System32\sechost.dll
0x00007ff910b40000 - 0x00007ff910c63000 	C:\WINDOWS\System32\RPCRT4.dll
0x00007ff90ffc0000 - 0x00007ff90ffe7000 	C:\WINDOWS\System32\bcrypt.dll
0x00007ff911280000 - 0x00007ff911288000 	C:\WINDOWS\System32\PSAPI.DLL
0x00007ff9107a0000 - 0x00007ff91093f000 	C:\WINDOWS\System32\USER32.dll
0x00007ff90fef0000 - 0x00007ff90ff12000 	C:\WINDOWS\System32\win32u.dll
0x00007ff910d20000 - 0x00007ff910d4b000 	C:\WINDOWS\System32\GDI32.dll
0x00007ff90fdd0000 - 0x00007ff90fee7000 	C:\WINDOWS\System32\gdi32full.dll
0x00007ff90ff20000 - 0x00007ff90ffbd000 	C:\WINDOWS\System32\msvcp_win.dll
0x00007ff910430000 - 0x00007ff910530000 	C:\WINDOWS\System32\ucrtbase.dll
0x00007ff8f8b20000 - 0x00007ff8f8dba000 	C:\WINDOWS\WinSxS\amd64_microsoft.windows.common-controls_6595b64144ccf1df_6.0.19041.3636_none_60b6a03d71f818d5\COMCTL32.dll
0x00007ff9121f0000 - 0x00007ff912222000 	C:\WINDOWS\System32\IMM32.DLL
0x0000000055cd0000 - 0x0000000055da2000 	C:\Program Files\Java\jre1.8.0_51\bin\msvcr100.dll
0x0000000055440000 - 0x0000000055cc3000 	C:\Program Files\Java\jre1.8.0_51\bin\server\jvm.dll
0x00007ff8e73b0000 - 0x00007ff8e73b9000 	C:\WINDOWS\SYSTEM32\WSOCK32.dll
0x00007ff911290000 - 0x00007ff9112fb000 	C:\WINDOWS\System32\WS2_32.dll
0x00007ff904e80000 - 0x00007ff904ea7000 	C:\WINDOWS\SYSTEM32\WINMM.dll
0x00007ff906f10000 - 0x00007ff906f1a000 	C:\WINDOWS\SYSTEM32\VERSION.dll
0x0000000055430000 - 0x000000005543f000 	C:\Program Files\Java\jre1.8.0_51\bin\verify.dll
0x0000000055400000 - 0x0000000055429000 	C:\Program Files\Java\jre1.8.0_51\bin\java.dll
0x00000000553e0000 - 0x00000000553f6000 	C:\Program Files\Java\jre1.8.0_51\bin\zip.dll
0x00007ff911410000 - 0x00007ff911b7b000 	C:\WINDOWS\System32\SHELL32.dll
0x00007ff90dbf0000 - 0x00007ff90e38e000 	C:\WINDOWS\SYSTEM32\windows.storage.dll
0x00007ff911be0000 - 0x00007ff911f33000 	C:\WINDOWS\System32\combase.dll
0x00007ff90f7b0000 - 0x00007ff90f7de000 	C:\WINDOWS\SYSTEM32\Wldp.dll
0x00007ff9125c0000 - 0x00007ff91268d000 	C:\WINDOWS\System32\OLEAUT32.dll
0x00007ff911300000 - 0x00007ff9113ad000 	C:\WINDOWS\System32\SHCORE.dll
0x00007ff911b80000 - 0x00007ff911bd5000 	C:\WINDOWS\System32\shlwapi.dll
0x00007ff90fcb0000 - 0x00007ff90fcd3000 	C:\WINDOWS\SYSTEM32\profapi.dll
0x00007ff90e390000 - 0x00007ff90e574000 	C:\WINDOWS\SYSTEM32\dbghelp.dll
0x00007ff9103a0000 - 0x00007ff910422000 	C:\WINDOWS\System32\bcryptPrimitives.dll

VM Arguments:
java_command: org.languagetool.server.HTTPServer -p 8092
java_class_path (initial): C:\Users\impor\.cache\language_tool_python\LanguageTool-6.4\languagetool-server.jar
Launcher Type: SUN_STANDARD

Environment Variables:
PATH=C:\ProgramData\Oracle\Java\javapath;C:\Program Files\Common Files\Oracle\Java\javapath;C:\Windows\system32;C:\Windows;C:\Windows\System32\Wbem;C:\Windows\System32\WindowsPowerShell\v1.0\;C:\Windows\System32\OpenSSH\;C:\Program Files (x86)\NVIDIA Corporation\PhysX\Common;C:\Program Files\NVIDIA Corporation\NVIDIA NvDLISR;C:\WINDOWS\system32;C:\WINDOWS;C:\WINDOWS\System32\Wbem;C:\WINDOWS\System32\WindowsPowerShell\v1.0\;C:\WINDOWS\System32\OpenSSH\;D:\Program Files\Git\cmd;C:\Program Files\dotnet\;C:\Users\impor\AppData\Local\Microsoft\WindowsApps;;D:\Microsoft VS Code\bin
USERNAME=CACC
OS=Windows_NT
PROCESSOR_IDENTIFIER=AMD64 Family 23 Model 96 Stepping 1, AuthenticAMD



---------------  S Y S T E M  ---------------

OS: Windows 10.0 , 64 bit Build 19041 (10.0.19041.3636)

CPU:total 12 (12 cores per cpu, 1 threads per core) family 23 model 96 stepping 1, cmov, cx8, fxsr, mmx, sse, sse2, sse3, ssse3, sse4.1, sse4.2, popcnt, avx, avx2, aes, clmul, mmxext, 3dnowpref, lzcnt, sse4a, tsc, tscinvbit, tscinv, bmi1

Memory: 4k page, physical 7730500k(262060k free), swap 31847748k(4552k free)

vm_info: Java HotSpot(TM) 64-Bit Server VM (25.51-b03) for windows-amd64 JRE (1.8.0_51-b16), built on Jun  8 2015 18:03:07 by "java_re" with MS VC++ 10.0 (VS2010)

time: Sat May 11 21:25:17 2024
elapsed time: 5 seconds (0d 0h 0m 5s)

