#
# There is insufficient memory for the Java Runtime Environment to continue.
# Native memory allocation (malloc) failed to allocate 385456 bytes for Chunk::new
# Possible reasons:
#   The system is out of physical RAM or swap space
#   In 32 bit mode, the process size limit was hit
# Possible solutions:
#   Reduce memory load on the system
#   Increase physical memory or swap space
#   Check if swap backing store is full
#   Use 64 bit Java on a 64 bit OS
#   Decrease Java heap size (-Xmx/-Xms)
#   Decrease number of Java threads
#   Decrease Java thread stack sizes (-Xss)
#   Set larger code cache with -XX:ReservedCodeCacheSize=
# This output file may be truncated or incomplete.
#
#  Out of Memory Error (allocation.cpp:390), pid=19712, tid=14428
#
# JRE version: Java(TM) SE Runtime Environment (8.0_51-b16) (build 1.8.0_51-b16)
# Java VM: Java HotSpot(TM) 64-Bit Server VM (25.51-b03 mixed mode windows-amd64 compressed oops)
# Failed to write core dump. Minidumps are not enabled by default on client versions of Windows
#

---------------  T H R E A D  ---------------

Current thread (0x0000000018b84800):  JavaThread "C2 CompilerThread1" daemon [_thread_in_native, id=14428, stack(0x000000001a1d0000,0x000000001a2d0000)]

Stack: [0x000000001a1d0000,0x000000001a2d0000]
Native frames: (J=compiled Java code, j=interpreted, Vv=VM code, C=native code)
V  [jvm.dll+0x32b4ca]


Current CompileTask:
C2:  14137  823       4       sun.misc.URLClassPath::getResource (83 bytes)


---------------  P R O C E S S  ---------------

Java Threads: ( => current thread )
  0x000000001ac7b800 JavaThread "LtThreadPoolExecutorMonitor" daemon [_thread_blocked, id=24204, stack(0x000000001c2e0000,0x000000001c3e0000)]
  0x0000000018e5d000 JavaThread "LtThreadPoolMonitor" daemon [_thread_blocked, id=19384, stack(0x000000001c1e0000,0x000000001c2e0000)]
  0x0000000018bf2000 JavaThread "Service Thread" daemon [_thread_blocked, id=17256, stack(0x000000001a4d0000,0x000000001a5d0000)]
  0x0000000018beb800 JavaThread "C1 CompilerThread3" daemon [_thread_in_native, id=15508, stack(0x000000001a3d0000,0x000000001a4d0000)]
  0x0000000018beb000 JavaThread "C2 CompilerThread2" daemon [_thread_blocked, id=22980, stack(0x000000001a2d0000,0x000000001a3d0000)]
=>0x0000000018b84800 JavaThread "C2 CompilerThread1" daemon [_thread_in_native, id=14428, stack(0x000000001a1d0000,0x000000001a2d0000)]
  0x0000000018b7e800 JavaThread "C2 CompilerThread0" daemon [_thread_blocked, id=19764, stack(0x000000001a0d0000,0x000000001a1d0000)]
  0x0000000018b7c000 JavaThread "Attach Listener" daemon [_thread_blocked, id=18316, stack(0x0000000019fd0000,0x000000001a0d0000)]
  0x000000001749e000 JavaThread "Signal Dispatcher" daemon [_thread_blocked, id=2972, stack(0x0000000019ed0000,0x0000000019fd0000)]
  0x00000000027b6000 JavaThread "Finalizer" daemon [_thread_blocked, id=3748, stack(0x0000000019dd0000,0x0000000019ed0000)]
  0x000000001748d800 JavaThread "Reference Handler" daemon [_thread_blocked, id=24116, stack(0x0000000019cd0000,0x0000000019dd0000)]
  0x00000000026c1000 JavaThread "main" [_thread_in_Java, id=8152, stack(0x00000000025c0000,0x00000000026c0000)]

Other Threads:
  0x0000000017486800 VMThread [stack: 0x0000000019bd0000,0x0000000019cd0000] [id=20836]
  0x0000000018bf4000 WatcherThread [stack: 0x000000001a5d0000,0x000000001a6d0000] [id=15212]

VM state:not at safepoint (normal execution)

VM Mutex/Monitor currently owned by a thread: None

Heap:
 PSYoungGen      total 35328K, used 26519K [0x00000000d8b00000, 0x00000000db200000, 0x0000000100000000)
  eden space 30720K, 86% used [0x00000000d8b00000,0x00000000da4ead88,0x00000000da900000)
  from space 4608K, 0% used [0x00000000dad80000,0x00000000dad80000,0x00000000db200000)
  to   space 4608K, 0% used [0x00000000da900000,0x00000000da900000,0x00000000dad80000)
 ParOldGen       total 80896K, used 0K [0x000000008a000000, 0x000000008ef00000, 0x00000000d8b00000)
  object space 80896K, 0% used [0x000000008a000000,0x000000008a000000,0x000000008ef00000)
 Metaspace       used 10393K, capacity 10672K, committed 11008K, reserved 1058816K
  class space    used 1311K, capacity 1420K, committed 1536K, reserved 1048576K

Card table byte_map: [0x0000000011b80000,0x0000000011f40000] byte_map_base: 0x0000000011730000

Marking Bits: (ParMarkBitMap*) 0x0000000055c44040
 Begin Bits: [0x0000000012bc0000, 0x0000000014940000)
 End Bits:   [0x0000000014940000, 0x00000000166c0000)

Polling page: 0x00000000024f0000

CodeCache: size=245760Kb used=3206Kb max_used=3216Kb free=242553Kb
 bounds [0x00000000027c0000, 0x0000000002af0000, 0x00000000117c0000]
 total_blobs=1199 nmethods=823 adapters=290
 compilation: enabled

Compilation events (10 events):
Event: 13.783 Thread 0x0000000018beb800 nmethod 817 0x0000000002adcd10 code [0x0000000002adce80, 0x0000000002adcfe8]
Event: 13.783 Thread 0x0000000018beb800  818   !   3       java.lang.ClassLoader::checkCerts (195 bytes)
Event: 13.784 Thread 0x0000000018beb800 nmethod 818 0x0000000002add090 code [0x0000000002add340, 0x0000000002ade998]
Event: 13.971 Thread 0x0000000018b7e800  820       4       java.util.jar.Manifest$FastInputStream::readLine (167 bytes)
Event: 13.976 Thread 0x0000000018b7e800 nmethod 820 0x0000000002ae2b50 code [0x0000000002ae2ca0, 0x0000000002ae30c8]
Event: 13.990 Thread 0x0000000018beb800  821       3       java.lang.invoke.MethodHandles$Lookup::checkAccess (250 bytes)
Event: 13.992 Thread 0x0000000018beb800 nmethod 821 0x0000000002ae09d0 code [0x0000000002ae0c80, 0x0000000002ae24e8]
Event: 14.007 Thread 0x0000000018beb000  822       4       java.util.jar.JarFile::getEntry (22 bytes)
Event: 14.009 Thread 0x0000000018beb000 nmethod 822 0x0000000002ae0610 code [0x0000000002ae0760, 0x0000000002ae0908]
Event: 14.102 Thread 0x0000000018b84800  823       4       sun.misc.URLClassPath::getResource (83 bytes)

GC Heap History (0 events):
No events

Deoptimization events (2 events):
Event: 12.902 Thread 0x00000000026c1000 Uncommon trap: reason=unstable_if action=reinterpret pc=0x00000000029720b8 method=java.lang.String.indexOf([CII[CIII)I @ 3
Event: 13.348 Thread 0x00000000026c1000 Uncommon trap: reason=unstable_if action=reinterpret pc=0x0000000002a059a8 method=sun.misc.MetaIndex.mayContain(Ljava/lang/String;)Z @ 38

Internal exceptions (10 events):
Event: 10.436 Thread 0x00000000026c1000 Exception <a 'java/lang/NoSuchFieldError': method resolution failed> (0x00000000d9318f40) thrown at [C:\re\workspace\8-2-build-windows-amd64-cygwin\jdk8u51\3951\hotspot\src\share\vm\prims\methodHandles.cpp, line 1125]
Event: 10.439 Thread 0x00000000026c1000 Exception <a 'java/lang/NoSuchFieldError': method resolution failed> (0x00000000d9327870) thrown at [C:\re\workspace\8-2-build-windows-amd64-cygwin\jdk8u51\3951\hotspot\src\share\vm\prims\methodHandles.cpp, line 1125]
Event: 10.493 Thread 0x00000000026c1000 Exception <a 'java/security/PrivilegedActionException'> (0x00000000d93b1d38) thrown at [C:\re\workspace\8-2-build-windows-amd64-cygwin\jdk8u51\3951\hotspot\src\share\vm\prims\jvm.cpp, line 1382]
Event: 10.493 Thread 0x00000000026c1000 Exception <a 'java/security/PrivilegedActionException'> (0x00000000d93b2080) thrown at [C:\re\workspace\8-2-build-windows-amd64-cygwin\jdk8u51\3951\hotspot\src\share\vm\prims\jvm.cpp, line 1382]
Event: 10.911 Thread 0x00000000026c1000 Exception <a 'java/lang/NoSuchMethodError': java.lang.Object.lambda$deepFindNestedSubModelsOfType$0(Ljava/lang/Class;Ljava/util/List;Lch/qos/logback/core/model/Model;)V> (0x00000000d956ee40) thrown at [C:\re\workspace\8-2-build-windows-amd64-cygwin\jdk8u51ху$ог%@
Event: 10.914 Thread 0x00000000026c1000 Exception <a 'java/lang/NoSuchMethodError': java.lang.Object.lambda$deepFindNestedSubModelsOfType$1(Ljava/util/List;Lch/qos/logback/core/model/Model;Lch/qos/logback/core/model/Model;)V> (0x00000000d9579b30) thrown at [C:\re\workspace\8-2-build-windows-amd6
Event: 11.981 Thread 0x00000000026c1000 Exception <a 'java/security/PrivilegedActionException'> (0x00000000d9a2b3a8) thrown at [C:\re\workspace\8-2-build-windows-amd64-cygwin\jdk8u51\3951\hotspot\src\share\vm\prims\jvm.cpp, line 1382]
Event: 11.981 Thread 0x00000000026c1000 Exception <a 'java/security/PrivilegedActionException'> (0x00000000d9a2b6f0) thrown at [C:\re\workspace\8-2-build-windows-amd64-cygwin\jdk8u51\3951\hotspot\src\share\vm\prims\jvm.cpp, line 1382]
Event: 13.159 Thread 0x00000000026c1000 Exception <a 'java/security/PrivilegedActionException'> (0x00000000d9f8ce00) thrown at [C:\re\workspace\8-2-build-windows-amd64-cygwin\jdk8u51\3951\hotspot\src\share\vm\prims\jvm.cpp, line 1382]
Event: 13.159 Thread 0x00000000026c1000 Exception <a 'java/security/PrivilegedActionException'> (0x00000000d9f8d148) thrown at [C:\re\workspace\8-2-build-windows-amd64-cygwin\jdk8u51\3951\hotspot\src\share\vm\prims\jvm.cpp, line 1382]

Events (10 events):
Event: 14.101 loading class org/languagetool/tokenizers/SimpleSentenceTokenizer
Event: 14.101 loading class org/languagetool/tokenizers/SimpleSentenceTokenizer done
Event: 14.102 loading class org/languagetool/tokenizers/SRXSentenceTokenizer
Event: 14.102 loading class org/languagetool/tokenizers/SRXSentenceTokenizer done
Event: 14.103 loading class org/languagetool/tokenizers/SimpleSentenceTokenizer$AnyLanguage
Event: 14.103 loading class org/languagetool/tokenizers/SimpleSentenceTokenizer$AnyLanguage done
Event: 14.105 loading class org/languagetool/rules/patterns/UnifierConfiguration
Event: 14.105 loading class org/languagetool/rules/patterns/UnifierConfiguration done
Event: 14.122 loading class org/languagetool/tokenizers/SrxTools
Event: 14.122 loading class org/languagetool/tokenizers/SrxTools done


Dynamic libraries:
0x00007ff7e8320000 - 0x00007ff7e8357000 	C:\ProgramData\Oracle\Java\javapath\java.exe
0x00007ff9126d0000 - 0x00007ff9128c8000 	C:\WINDOWS\SYSTEM32\ntdll.dll
0x00007ff9109a0000 - 0x00007ff910a5d000 	C:\WINDOWS\System32\KERNEL32.DLL
0x00007ff90fff0000 - 0x00007ff9102e6000 	C:\WINDOWS\System32\KERNELBASE.dll
0x0000000056ae0000 - 0x0000000056e12000 	C:\Program Files\Norton Security\NortonData\22.23.5.106\Definitions\IPSDefs\20231122.064\IPSEng64.dll
0x00007ff910c70000 - 0x00007ff910d20000 	C:\WINDOWS\System32\ADVAPI32.dll
0x00007ff910700000 - 0x00007ff91079e000 	C:\WINDOWS\System32\msvcrt.dll
0x00007ff9111c0000 - 0x00007ff911260000 	C:\WINDOWS\System32\sechost.dll
0x00007ff910b40000 - 0x00007ff910c63000 	C:\WINDOWS\System32\RPCRT4.dll
0x00007ff90ffc0000 - 0x00007ff90ffe7000 	C:\WINDOWS\System32\bcrypt.dll
0x00007ff911280000 - 0x00007ff911288000 	C:\WINDOWS\System32\PSAPI.DLL
0x00007ff9107a0000 - 0x00007ff91093f000 	C:\WINDOWS\System32\USER32.dll
0x00007ff90fef0000 - 0x00007ff90ff12000 	C:\WINDOWS\System32\win32u.dll
0x00007ff910d20000 - 0x00007ff910d4b000 	C:\WINDOWS\System32\GDI32.dll
0x00007ff90fdd0000 - 0x00007ff90fee7000 	C:\WINDOWS\System32\gdi32full.dll
0x00007ff90ff20000 - 0x00007ff90ffbd000 	C:\WINDOWS\System32\msvcp_win.dll
0x00007ff910430000 - 0x00007ff910530000 	C:\WINDOWS\System32\ucrtbase.dll
0x00007ff8f8b20000 - 0x00007ff8f8dba000 	C:\WINDOWS\WinSxS\amd64_microsoft.windows.common-controls_6595b64144ccf1df_6.0.19041.3636_none_60b6a03d71f818d5\COMCTL32.dll
0x00007ff9121f0000 - 0x00007ff912222000 	C:\WINDOWS\System32\IMM32.DLL
0x0000000055cd0000 - 0x0000000055da2000 	C:\Program Files\Java\jre1.8.0_51\bin\msvcr100.dll
0x0000000055440000 - 0x0000000055cc3000 	C:\Program Files\Java\jre1.8.0_51\bin\server\jvm.dll
0x00007ff8e73b0000 - 0x00007ff8e73b9000 	C:\WINDOWS\SYSTEM32\WSOCK32.dll
0x00007ff911290000 - 0x00007ff9112fb000 	C:\WINDOWS\System32\WS2_32.dll
0x00007ff904e80000 - 0x00007ff904ea7000 	C:\WINDOWS\SYSTEM32\WINMM.dll
0x00007ff906f10000 - 0x00007ff906f1a000 	C:\WINDOWS\SYSTEM32\VERSION.dll
0x0000000055430000 - 0x000000005543f000 	C:\Program Files\Java\jre1.8.0_51\bin\verify.dll
0x0000000055400000 - 0x0000000055429000 	C:\Program Files\Java\jre1.8.0_51\bin\java.dll
0x00000000553e0000 - 0x00000000553f6000 	C:\Program Files\Java\jre1.8.0_51\bin\zip.dll
0x00007ff911410000 - 0x00007ff911b7b000 	C:\WINDOWS\System32\SHELL32.dll
0x00007ff90dbf0000 - 0x00007ff90e38e000 	C:\WINDOWS\SYSTEM32\windows.storage.dll
0x00007ff911be0000 - 0x00007ff911f33000 	C:\WINDOWS\System32\combase.dll
0x00007ff90f7b0000 - 0x00007ff90f7de000 	C:\WINDOWS\SYSTEM32\Wldp.dll
0x00007ff9125c0000 - 0x00007ff91268d000 	C:\WINDOWS\System32\OLEAUT32.dll
0x00007ff911300000 - 0x00007ff9113ad000 	C:\WINDOWS\System32\SHCORE.dll
0x00007ff911b80000 - 0x00007ff911bd5000 	C:\WINDOWS\System32\shlwapi.dll
0x00007ff90fcb0000 - 0x00007ff90fcd3000 	C:\WINDOWS\SYSTEM32\profapi.dll
0x00007ff90e390000 - 0x00007ff90e574000 	C:\WINDOWS\SYSTEM32\dbghelp.dll
0x00007ff9103a0000 - 0x00007ff910422000 	C:\WINDOWS\System32\bcryptPrimitives.dll

VM Arguments:
java_command: org.languagetool.server.HTTPServer -p 8083
java_class_path (initial): C:\Users\impor\.cache\language_tool_python\LanguageTool-6.4\languagetool-server.jar
Launcher Type: SUN_STANDARD

Environment Variables:
PATH=C:\ProgramData\Oracle\Java\javapath;C:\Program Files\Common Files\Oracle\Java\javapath;C:\Windows\system32;C:\Windows;C:\Windows\System32\Wbem;C:\Windows\System32\WindowsPowerShell\v1.0\;C:\Windows\System32\OpenSSH\;C:\Program Files (x86)\NVIDIA Corporation\PhysX\Common;C:\Program Files\NVIDIA Corporation\NVIDIA NvDLISR;C:\WINDOWS\system32;C:\WINDOWS;C:\WINDOWS\System32\Wbem;C:\WINDOWS\System32\WindowsPowerShell\v1.0\;C:\WINDOWS\System32\OpenSSH\;D:\Program Files\Git\cmd;C:\Program Files\dotnet\;C:\Users\impor\AppData\Local\Microsoft\WindowsApps;;D:\Microsoft VS Code\bin
USERNAME=CACC
OS=Windows_NT
PROCESSOR_IDENTIFIER=AMD64 Family 23 Model 96 Stepping 1, AuthenticAMD



---------------  S Y S T E M  ---------------

OS: Windows 10.0 , 64 bit Build 19041 (10.0.19041.3636)

CPU:total 12 (12 cores per cpu, 1 threads per core) family 23 model 96 stepping 1, cmov, cx8, fxsr, mmx, sse, sse2, sse3, ssse3, sse4.1, sse4.2, popcnt, avx, avx2, aes, clmul, mmxext, 3dnowpref, lzcnt, sse4a, tsc, tscinvbit, tscinv, bmi1

Memory: 4k page, physical 7730500k(266264k free), swap 31847748k(4184k free)

vm_info: Java HotSpot(TM) 64-Bit Server VM (25.51-b03) for windows-amd64 JRE (1.8.0_51-b16), built on Jun  8 2015 18:03:07 by "java_re" with MS VC++ 10.0 (VS2010)

time: Sat May 11 21:25:17 2024
elapsed time: 14 seconds (0d 0h 0m 14s)

