#
# There is insufficient memory for the Java Runtime Environment to continue.
# Native memory allocation (mmap) failed to map 268435456 bytes for G1 virtual space
# Possible reasons:
#   The system is out of physical RAM or swap space
#   The process is running with CompressedOops enabled, and the Java Heap may be blocking the growth of the native heap
# Possible solutions:
#   Reduce memory load on the system
#   Increase physical memory or swap space
#   Check if swap backing store is full
#   Decrease Java heap size (-Xmx/-Xms)
#   Decrease number of Java threads
#   Decrease Java thread stack sizes (-Xss)
#   Set larger code cache with -XX:ReservedCodeCacheSize=
#   JVM is running with Unscaled Compressed Oops mode in which the Java heap is
#     placed in the first 4GB address space. The Java Heap base address is the
#     maximum limit for the native heap growth. Please use -XX:HeapBaseMinAddress
#     to set the Java Heap base and to place the Java Heap above 4GB virtual address.
# This output file may be truncated or incomplete.
#
#  Out of Memory Error (os_windows.cpp:3536), pid=3700, tid=13828
#
# JRE version: Java(TM) SE Runtime Environment (19.0.2+7) (build 19.0.2+7-44)
# Java VM: Java HotSpot(TM) 64-Bit Server VM (19.0.2+7-44, mixed mode, sharing, tiered, compressed oops, compressed class ptrs, g1 gc, windows-amd64)
# No core dump will be written. Minidumps are not enabled by default on client versions of Windows
#

---------------  S U M M A R Y ------------

Command Line: org.languagetool.server.HTTPServer -p 8081

Host: Intel(R) Core(TM) i5-8265U CPU @ 1.60GHz, 8 cores, 3G,  Windows 11 , 64 bit Build 22621 (10.0.22621.3085)
Time: Sat May 11 19:48:45 2024 Malay Peninsula Standard Time elapsed time: 2.448316 seconds (0d 0h 0m 2s)

---------------  T H R E A D  ---------------

Current thread (0x00000223f9c1c940):  VMThread "VM Thread" [stack: 0x000000f3cee00000,0x000000f3cef00000] [id=13828]

Stack: [0x000000f3cee00000,0x000000f3cef00000]
Native frames: (J=compiled Java code, j=interpreted, Vv=VM code, C=native code)
V  [jvm.dll+0x6ee21a]
V  [jvm.dll+0x85765e]
V  [jvm.dll+0x85904e]
V  [jvm.dll+0x859703]
V  [jvm.dll+0x28298f]
V  [jvm.dll+0x6eb009]
V  [jvm.dll+0x6dfbaa]
V  [jvm.dll+0x3573f6]
V  [jvm.dll+0x35ee56]
V  [jvm.dll+0x3b541e]
V  [jvm.dll+0x3b564f]
V  [jvm.dll+0x32c9ea]
V  [jvm.dll+0x32ca97]
V  [jvm.dll+0x374cd2]
V  [jvm.dll+0x37340f]
V  [jvm.dll+0x32c210]
V  [jvm.dll+0x3729ab]
V  [jvm.dll+0x85ebc3]
V  [jvm.dll+0x85f989]
V  [jvm.dll+0x85febd]
V  [jvm.dll+0x86034b]
V  [jvm.dll+0x860407]
V  [jvm.dll+0x80125a]
V  [jvm.dll+0x6ecf0b]
C  [ucrtbase.dll+0x29363]
C  [KERNEL32.DLL+0x1257d]
C  [ntdll.dll+0x5aa58]

VM_Operation (0x000000f3ce8fce80): G1CollectForAllocation, mode: safepoint, requested by thread 0x00000223ddaad8c0


---------------  P R O C E S S  ---------------

Threads class SMR info:
_java_thread_list=0x00000223fed2a570, length=15, elements={
0x00000223ddaad8c0, 0x00000223f9c31420, 0x00000223f9c33d60, 0x00000223f9c37210,
0x00000223f9c37b40, 0x00000223f9c38470, 0x00000223f9c3c5f0, 0x00000223f9c3f260,
0x00000223f9c40be0, 0x00000223f9c49560, 0x00000223fe09d220, 0x00000223fe0a3070,
0x00000223fe65f8c0, 0x00000223fe812020, 0x00000223fe9ae440
}

Java Threads: ( => current thread )
  0x00000223ddaad8c0 JavaThread "main" [_thread_blocked, id=12808, stack(0x000000f3ce800000,0x000000f3ce900000)]
  0x00000223f9c31420 JavaThread "Reference Handler" daemon [_thread_blocked, id=10140, stack(0x000000f3cef00000,0x000000f3cf000000)]
  0x00000223f9c33d60 JavaThread "Finalizer" daemon [_thread_blocked, id=13196, stack(0x000000f3cf000000,0x000000f3cf100000)]
  0x00000223f9c37210 JavaThread "Signal Dispatcher" daemon [_thread_blocked, id=13860, stack(0x000000f3cf100000,0x000000f3cf200000)]
  0x00000223f9c37b40 JavaThread "Attach Listener" daemon [_thread_blocked, id=13360, stack(0x000000f3cf200000,0x000000f3cf300000)]
  0x00000223f9c38470 JavaThread "Service Thread" daemon [_thread_blocked, id=13524, stack(0x000000f3cf300000,0x000000f3cf400000)]
  0x00000223f9c3c5f0 JavaThread "Monitor Deflation Thread" daemon [_thread_blocked, id=5836, stack(0x000000f3cf400000,0x000000f3cf500000)]
  0x00000223f9c3f260 JavaThread "C2 CompilerThread0" daemon [_thread_blocked, id=12976, stack(0x000000f3cf500000,0x000000f3cf600000)]
  0x00000223f9c40be0 JavaThread "C1 CompilerThread0" daemon [_thread_blocked, id=9584, stack(0x000000f3cf600000,0x000000f3cf700000)]
  0x00000223f9c49560 JavaThread "Sweeper thread" daemon [_thread_blocked, id=12032, stack(0x000000f3cf700000,0x000000f3cf800000)]
  0x00000223fe09d220 JavaThread "Notification Thread" daemon [_thread_blocked, id=14000, stack(0x000000f3cf800000,0x000000f3cf900000)]
  0x00000223fe0a3070 JavaThread "Common-Cleaner" daemon [_thread_blocked, id=8796, stack(0x000000f3cfa00000,0x000000f3cfb00000)]
  0x00000223fe65f8c0 JavaThread "C2 CompilerThread1" daemon [_thread_blocked, id=9192, stack(0x000000f3cfb00000,0x000000f3cfc00000)]
  0x00000223fe812020 JavaThread "LtThreadPoolMonitor" daemon [_thread_blocked, id=4756, stack(0x000000f3cfc00000,0x000000f3cfd00000)]
  0x00000223fe9ae440 JavaThread "LtThreadPoolExecutorMonitor" daemon [_thread_blocked, id=12348, stack(0x000000f3cfd00000,0x000000f3cfe00000)]

Other Threads:
=>0x00000223f9c1c940 VMThread "VM Thread" [stack: 0x000000f3cee00000,0x000000f3cef00000] [id=13828]
  0x00000223fe0a17c0 WatcherThread "VM Periodic Task Thread" [stack: 0x000000f3cf900000,0x000000f3cfa00000] [id=13216]
  0x00000223ddaf09b0 WorkerThread "GC Thread#0" [stack: 0x000000f3ce900000,0x000000f3cea00000] [id=1668]
  0x00000223fed95b30 WorkerThread "GC Thread#1" [stack: 0x000000f3cfe00000,0x000000f3cff00000] [id=13556]
  0x00000223fee6c590 WorkerThread "GC Thread#2" [stack: 0x000000f3cff00000,0x000000f3d0000000] [id=12164]
  0x00000223fee82dd0 WorkerThread "GC Thread#3" [stack: 0x000000f3d0000000,0x000000f3d0100000] [id=10216]
  0x00000223fee830a0 WorkerThread "GC Thread#4" [stack: 0x000000f3d0100000,0x000000f3d0200000] [id=11972]
  0x00000223fee81cf0 WorkerThread "GC Thread#5" [stack: 0x000000f3d0200000,0x000000f3d0300000] [id=11720]
  0x00000223fee83370 WorkerThread "GC Thread#6" [stack: 0x000000f3d0300000,0x000000f3d0400000] [id=10384]
  0x00000223fee82290 WorkerThread "GC Thread#7" [stack: 0x000000f3d0400000,0x000000f3d0500000] [id=13332]
  0x00000223ddaf96f0 ConcurrentGCThread "G1 Main Marker" [stack: 0x000000f3cea00000,0x000000f3ceb00000] [id=7104]
  0x00000223ddafa130 WorkerThread "G1 Conc#0" [stack: 0x000000f3ceb00000,0x000000f3cec00000] [id=13328]
  0x00000223ddb62260 ConcurrentGCThread "G1 Refine#0" [stack: 0x000000f3cec00000,0x000000f3ced00000] [id=1200]
  0x00000223ddb65b60 ConcurrentGCThread "G1 Service" [stack: 0x000000f3ced00000,0x000000f3cee00000] [id=7272]

Threads with active compile tasks:
C2 CompilerThread0     2492 1567 % !   4       org.languagetool.language.identifier.detector.CommonWordsDetector::<init> @ 253 (531 bytes)
C2 CompilerThread1     2492 1596       4       java.lang.Character::codePointBefore (48 bytes)

VM state: at safepoint (normal execution)

VM Mutex/Monitor currently owned by a thread:  ([mutex/lock_event])
[0x00000223ddaaa2e0] Threads_lock - owner thread: 0x00000223f9c1c940
[0x00000223ddaa94d0] Heap_lock - owner thread: 0x00000223ddaad8c0

Heap address: 0x00000000c1e00000, size: 994 MB, Compressed Oops mode: 32-bit

CDS archive(s) mapped at: [0x0000000800000000-0x0000000800c40000-0x0000000800c40000), size 12845056, SharedBaseAddress: 0x0000000800000000, ArchiveRelocationMode: 0.
Compressed class space mapped at: 0x0000000801000000-0x0000000841000000, reserved size: 1073741824
Narrow klass base: 0x0000000800000000, Narrow klass shift: 0, Narrow klass range: 0x100000000

GC Precious Log:
 CardTable entry size: 512
 Card Set container configuration: InlinePtr #cards 5 size 8 Array Of Cards #cards 12 size 40 Howl #buckets 4 coarsen threshold 1843 Howl Bitmap #cards 512 size 80 coarsen threshold 460 Card regions per heap region 1 cards per card region 2048
 CPUs: 8 total, 8 available
 Memory: 3975M
 Large Page Support: Disabled
 NUMA Support: Disabled
 Compressed Oops: Enabled (32-bit)
 Heap Region Size: 1M
 Heap Min Capacity: 8M
 Heap Initial Capacity: 64M
 Heap Max Capacity: 994M
 Pre-touch: Disabled
 Parallel Workers: 8
 Concurrent Workers: 2
 Concurrent Refinement Workers: 8
 Periodic GC: Disabled

Heap:
 garbage-first heap   total 131072K, used 36486K [0x00000000c1e00000, 0x0000000100000000)
  region size 1024K, 9 young (9216K), 9 survivors (9216K)
 Metaspace       used 10059K, committed 10304K, reserved 1114112K
  class space    used 1101K, committed 1216K, reserved 1048576K

Heap Regions: E=young(eden), S=young(survivor), O=old, HS=humongous(starts), HC=humongous(continues), CS=collection set, F=free, OA=open archive, CA=closed archive, TAMS=top-at-mark-start (previous, next)
|   0|0x00000000c1e00000, 0x00000000c1f00000, 0x00000000c1f00000|100%| O|  |TAMS 0x00000000c1e00000, 0x00000000c1e00000| Untracked 
|   1|0x00000000c1f00000, 0x00000000c2000000, 0x00000000c2000000|100%| O|  |TAMS 0x00000000c1f00000, 0x00000000c1f00000| Untracked 
|   2|0x00000000c2000000, 0x00000000c2100000, 0x00000000c2100000|100%| O|  |TAMS 0x00000000c2000000, 0x00000000c2000000| Untracked 
|   3|0x00000000c2100000, 0x00000000c2200000, 0x00000000c2200000|100%| O|  |TAMS 0x00000000c2100000, 0x00000000c2100000| Untracked 
|   4|0x00000000c2200000, 0x00000000c2300000, 0x00000000c2300000|100%| O|  |TAMS 0x00000000c2200000, 0x00000000c2200000| Untracked 
|   5|0x00000000c2300000, 0x00000000c2400000, 0x00000000c2400000|100%| O|  |TAMS 0x00000000c2300000, 0x00000000c2300000| Untracked 
|   6|0x00000000c2400000, 0x00000000c2500000, 0x00000000c2500000|100%| O|  |TAMS 0x00000000c2400000, 0x00000000c2400000| Untracked 
|   7|0x00000000c2500000, 0x00000000c2600000, 0x00000000c2600000|100%| O|  |TAMS 0x00000000c2500000, 0x00000000c2500000| Untracked 
|   8|0x00000000c2600000, 0x00000000c2700000, 0x00000000c2700000|100%| O|  |TAMS 0x00000000c2600000, 0x00000000c2600000| Untracked 
|   9|0x00000000c2700000, 0x00000000c2800000, 0x00000000c2800000|100%|HS|  |TAMS 0x00000000c2700000, 0x00000000c2700000| Complete 
|  10|0x00000000c2800000, 0x00000000c2900000, 0x00000000c2900000|100%| O|  |TAMS 0x00000000c2800000, 0x00000000c2800000| Untracked 
|  11|0x00000000c2900000, 0x00000000c2a00000, 0x00000000c2a00000|100%| O|  |TAMS 0x00000000c2900000, 0x00000000c2900000| Untracked 
|  12|0x00000000c2a00000, 0x00000000c2b00000, 0x00000000c2b00000|100%| O|  |TAMS 0x00000000c2a00000, 0x00000000c2a00000| Untracked 
|  13|0x00000000c2b00000, 0x00000000c2c00000, 0x00000000c2c00000|100%| O|  |TAMS 0x00000000c2b00000, 0x00000000c2b00000| Untracked 
|  14|0x00000000c2c00000, 0x00000000c2d00000, 0x00000000c2d00000|100%| O|  |TAMS 0x00000000c2c00000, 0x00000000c2c00000| Untracked 
|  15|0x00000000c2d00000, 0x00000000c2e00000, 0x00000000c2e00000|100%| O|  |TAMS 0x00000000c2d00000, 0x00000000c2d00000| Untracked 
|  16|0x00000000c2e00000, 0x00000000c2f00000, 0x00000000c2f00000|100%| O|  |TAMS 0x00000000c2e00000, 0x00000000c2e00000| Untracked 
|  17|0x00000000c2f00000, 0x00000000c3000000, 0x00000000c3000000|100%|HS|  |TAMS 0x00000000c2f00000, 0x00000000c2f00000| Complete 
|  18|0x00000000c3000000, 0x00000000c3100000, 0x00000000c3100000|100%|HC|  |TAMS 0x00000000c3000000, 0x00000000c3000000| Complete 
|  19|0x00000000c3100000, 0x00000000c3200000, 0x00000000c3200000|100%| O|  |TAMS 0x00000000c3100000, 0x00000000c3100000| Untracked 
|  20|0x00000000c3200000, 0x00000000c3300000, 0x00000000c3300000|100%| O|  |TAMS 0x00000000c3200000, 0x00000000c3200000| Untracked 
|  21|0x00000000c3300000, 0x00000000c3400000, 0x00000000c3400000|100%| O|  |TAMS 0x00000000c3300000, 0x00000000c3300000| Untracked 
|  22|0x00000000c3400000, 0x00000000c3500000, 0x00000000c3500000|100%| O|  |TAMS 0x00000000c3400000, 0x00000000c3400000| Untracked 
|  23|0x00000000c3500000, 0x00000000c3600000, 0x00000000c3600000|100%| O|  |TAMS 0x00000000c3500000, 0x00000000c3500000| Untracked 
|  24|0x00000000c3600000, 0x00000000c3700000, 0x00000000c3700000|100%| O|  |TAMS 0x00000000c3600000, 0x00000000c3600000| Untracked 
|  25|0x00000000c3700000, 0x00000000c3800000, 0x00000000c3800000|100%| O|  |TAMS 0x00000000c3700000, 0x00000000c3700000| Untracked 
|  26|0x00000000c3800000, 0x00000000c38a4c00, 0x00000000c3900000| 64%| O|  |TAMS 0x00000000c3800000, 0x00000000c3800000| Untracked 
|  27|0x00000000c3900000, 0x00000000c3900000, 0x00000000c3a00000|  0%| F|  |TAMS 0x00000000c3900000, 0x00000000c3900000| Untracked 
|  28|0x00000000c3a00000, 0x00000000c3a00000, 0x00000000c3b00000|  0%| F|  |TAMS 0x00000000c3a00000, 0x00000000c3a00000| Untracked 
|  29|0x00000000c3b00000, 0x00000000c3b00000, 0x00000000c3c00000|  0%| F|  |TAMS 0x00000000c3b00000, 0x00000000c3b00000| Untracked 
|  30|0x00000000c3c00000, 0x00000000c3c00000, 0x00000000c3d00000|  0%| F|  |TAMS 0x00000000c3c00000, 0x00000000c3c00000| Untracked 
|  31|0x00000000c3d00000, 0x00000000c3d00000, 0x00000000c3e00000|  0%| F|  |TAMS 0x00000000c3d00000, 0x00000000c3d00000| Untracked 
|  32|0x00000000c3e00000, 0x00000000c3e00000, 0x00000000c3f00000|  0%| F|  |TAMS 0x00000000c3e00000, 0x00000000c3e00000| Untracked 
|  33|0x00000000c3f00000, 0x00000000c3f00000, 0x00000000c4000000|  0%| F|  |TAMS 0x00000000c3f00000, 0x00000000c3f00000| Untracked 
|  34|0x00000000c4000000, 0x00000000c4000000, 0x00000000c4100000|  0%| F|  |TAMS 0x00000000c4000000, 0x00000000c4000000| Untracked 
|  35|0x00000000c4100000, 0x00000000c4100000, 0x00000000c4200000|  0%| F|  |TAMS 0x00000000c4100000, 0x00000000c4100000| Untracked 
|  36|0x00000000c4200000, 0x00000000c4200000, 0x00000000c4300000|  0%| F|  |TAMS 0x00000000c4200000, 0x00000000c4200000| Untracked 
|  37|0x00000000c4300000, 0x00000000c4300000, 0x00000000c4400000|  0%| F|  |TAMS 0x00000000c4300000, 0x00000000c4300000| Untracked 
|  38|0x00000000c4400000, 0x00000000c4400000, 0x00000000c4500000|  0%| F|  |TAMS 0x00000000c4400000, 0x00000000c4400000| Untracked 
|  39|0x00000000c4500000, 0x00000000c4500000, 0x00000000c4600000|  0%| F|  |TAMS 0x00000000c4500000, 0x00000000c4500000| Untracked 
|  40|0x00000000c4600000, 0x00000000c4600000, 0x00000000c4700000|  0%| F|  |TAMS 0x00000000c4600000, 0x00000000c4600000| Untracked 
|  41|0x00000000c4700000, 0x00000000c4700000, 0x00000000c4800000|  0%| F|  |TAMS 0x00000000c4700000, 0x00000000c4700000| Untracked 
|  42|0x00000000c4800000, 0x00000000c4800000, 0x00000000c4900000|  0%| F|  |TAMS 0x00000000c4800000, 0x00000000c4800000| Untracked 
|  43|0x00000000c4900000, 0x00000000c49fcfa0, 0x00000000c4a00000| 98%| S|CS|TAMS 0x00000000c4900000, 0x00000000c4900000| Complete 
|  44|0x00000000c4a00000, 0x00000000c4b00000, 0x00000000c4b00000|100%| S|CS|TAMS 0x00000000c4a00000, 0x00000000c4a00000| Complete 
|  45|0x00000000c4b00000, 0x00000000c4c00000, 0x00000000c4c00000|100%| S|CS|TAMS 0x00000000c4b00000, 0x00000000c4b00000| Complete 
|  46|0x00000000c4c00000, 0x00000000c4d00000, 0x00000000c4d00000|100%| S|CS|TAMS 0x00000000c4c00000, 0x00000000c4c00000| Complete 
|  47|0x00000000c4d00000, 0x00000000c4e00000, 0x00000000c4e00000|100%| S|CS|TAMS 0x00000000c4d00000, 0x00000000c4d00000| Complete 
|  48|0x00000000c4e00000, 0x00000000c4e00000, 0x00000000c4f00000|  0%| F|  |TAMS 0x00000000c4e00000, 0x00000000c4e00000| Untracked 
|  49|0x00000000c4f00000, 0x00000000c4f00000, 0x00000000c5000000|  0%| F|  |TAMS 0x00000000c4f00000, 0x00000000c4f00000| Untracked 
|  50|0x00000000c5000000, 0x00000000c5000000, 0x00000000c5100000|  0%| F|  |TAMS 0x00000000c5000000, 0x00000000c5000000| Untracked 
|  51|0x00000000c5100000, 0x00000000c5100000, 0x00000000c5200000|  0%| F|  |TAMS 0x00000000c5100000, 0x00000000c5100000| Untracked 
|  52|0x00000000c5200000, 0x00000000c5200000, 0x00000000c5300000|  0%| F|  |TAMS 0x00000000c5200000, 0x00000000c5200000| Untracked 
|  53|0x00000000c5300000, 0x00000000c5300000, 0x00000000c5400000|  0%| F|  |TAMS 0x00000000c5300000, 0x00000000c5300000| Untracked 
|  54|0x00000000c5400000, 0x00000000c5400000, 0x00000000c5500000|  0%| F|  |TAMS 0x00000000c5400000, 0x00000000c5400000| Untracked 
|  55|0x00000000c5500000, 0x00000000c5600000, 0x00000000c5600000|100%| S|CS|TAMS 0x00000000c5500000, 0x00000000c5500000| Complete 
|  56|0x00000000c5600000, 0x00000000c5700000, 0x00000000c5700000|100%| S|CS|TAMS 0x00000000c5600000, 0x00000000c5600000| Complete 
|  57|0x00000000c5700000, 0x00000000c5800000, 0x00000000c5800000|100%| S|CS|TAMS 0x00000000c5700000, 0x00000000c5700000| Complete 
|  58|0x00000000c5800000, 0x00000000c5900000, 0x00000000c5900000|100%| S|CS|TAMS 0x00000000c5800000, 0x00000000c5800000| Complete 
|  59|0x00000000c5900000, 0x00000000c5900000, 0x00000000c5a00000|  0%| F|  |TAMS 0x00000000c5900000, 0x00000000c5900000| Untracked 
|  60|0x00000000c5a00000, 0x00000000c5a00000, 0x00000000c5b00000|  0%| F|  |TAMS 0x00000000c5a00000, 0x00000000c5a00000| Untracked 
|  61|0x00000000c5b00000, 0x00000000c5b00000, 0x00000000c5c00000|  0%| F|  |TAMS 0x00000000c5b00000, 0x00000000c5b00000| Untracked 
|  62|0x00000000c5c00000, 0x00000000c5c00000, 0x00000000c5d00000|  0%| F|  |TAMS 0x00000000c5c00000, 0x00000000c5c00000| Untracked 
|  63|0x00000000c5d00000, 0x00000000c5d00000, 0x00000000c5e00000|  0%| F|  |TAMS 0x00000000c5d00000, 0x00000000c5d00000| Untracked 
|  64|0x00000000c5e00000, 0x00000000c5e00000, 0x00000000c5f00000|  0%| F|  |TAMS 0x00000000c5e00000, 0x00000000c5e00000| Untracked 
|  65|0x00000000c5f00000, 0x00000000c5f00000, 0x00000000c6000000|  0%| F|  |TAMS 0x00000000c5f00000, 0x00000000c5f00000| Untracked 
|  66|0x00000000c6000000, 0x00000000c6000000, 0x00000000c6100000|  0%| F|  |TAMS 0x00000000c6000000, 0x00000000c6000000| Untracked 
|  67|0x00000000c6100000, 0x00000000c6100000, 0x00000000c6200000|  0%| F|  |TAMS 0x00000000c6100000, 0x00000000c6100000| Untracked 
|  68|0x00000000c6200000, 0x00000000c6200000, 0x00000000c6300000|  0%| F|  |TAMS 0x00000000c6200000, 0x00000000c6200000| Untracked 
|  69|0x00000000c6300000, 0x00000000c6300000, 0x00000000c6400000|  0%| F|  |TAMS 0x00000000c6300000, 0x00000000c6300000| Untracked 
|  70|0x00000000c6400000, 0x00000000c6400000, 0x00000000c6500000|  0%| F|  |TAMS 0x00000000c6400000, 0x00000000c6400000| Untracked 
|  71|0x00000000c6500000, 0x00000000c6500000, 0x00000000c6600000|  0%| F|  |TAMS 0x00000000c6500000, 0x00000000c6500000| Untracked 
|  72|0x00000000c6600000, 0x00000000c6600000, 0x00000000c6700000|  0%| F|  |TAMS 0x00000000c6600000, 0x00000000c6600000| Untracked 
|  73|0x00000000c6700000, 0x00000000c6700000, 0x00000000c6800000|  0%| F|  |TAMS 0x00000000c6700000, 0x00000000c6700000| Untracked 
|  74|0x00000000c6800000, 0x00000000c6800000, 0x00000000c6900000|  0%| F|  |TAMS 0x00000000c6800000, 0x00000000c6800000| Untracked 
|  75|0x00000000c6900000, 0x00000000c6900000, 0x00000000c6a00000|  0%| F|  |TAMS 0x00000000c6900000, 0x00000000c6900000| Untracked 
|  76|0x00000000c6a00000, 0x00000000c6a00000, 0x00000000c6b00000|  0%| F|  |TAMS 0x00000000c6a00000, 0x00000000c6a00000| Untracked 
|  77|0x00000000c6b00000, 0x00000000c6b00000, 0x00000000c6c00000|  0%| F|  |TAMS 0x00000000c6b00000, 0x00000000c6b00000| Untracked 
|  78|0x00000000c6c00000, 0x00000000c6c00000, 0x00000000c6d00000|  0%| F|  |TAMS 0x00000000c6c00000, 0x00000000c6c00000| Untracked 
|  79|0x00000000c6d00000, 0x00000000c6d00000, 0x00000000c6e00000|  0%| F|  |TAMS 0x00000000c6d00000, 0x00000000c6d00000| Untracked 
|  80|0x00000000c6e00000, 0x00000000c6e00000, 0x00000000c6f00000|  0%| F|  |TAMS 0x00000000c6e00000, 0x00000000c6e00000| Untracked 
|  81|0x00000000c6f00000, 0x00000000c6f00000, 0x00000000c7000000|  0%| F|  |TAMS 0x00000000c6f00000, 0x00000000c6f00000| Untracked 
|  82|0x00000000c7000000, 0x00000000c7000000, 0x00000000c7100000|  0%| F|  |TAMS 0x00000000c7000000, 0x00000000c7000000| Untracked 
|  83|0x00000000c7100000, 0x00000000c7100000, 0x00000000c7200000|  0%| F|  |TAMS 0x00000000c7100000, 0x00000000c7100000| Untracked 
|  84|0x00000000c7200000, 0x00000000c7200000, 0x00000000c7300000|  0%| F|  |TAMS 0x00000000c7200000, 0x00000000c7200000| Untracked 
|  85|0x00000000c7300000, 0x00000000c7300000, 0x00000000c7400000|  0%| F|  |TAMS 0x00000000c7300000, 0x00000000c7300000| Untracked 
|  86|0x00000000c7400000, 0x00000000c7400000, 0x00000000c7500000|  0%| F|  |TAMS 0x00000000c7400000, 0x00000000c7400000| Untracked 
|  87|0x00000000c7500000, 0x00000000c7500000, 0x00000000c7600000|  0%| F|  |TAMS 0x00000000c7500000, 0x00000000c7500000| Untracked 
|  88|0x00000000c7600000, 0x00000000c7600000, 0x00000000c7700000|  0%| F|  |TAMS 0x00000000c7600000, 0x00000000c7600000| Untracked 
|  89|0x00000000c7700000, 0x00000000c7700000, 0x00000000c7800000|  0%| F|  |TAMS 0x00000000c7700000, 0x00000000c7700000| Untracked 
|  90|0x00000000c7800000, 0x00000000c7800000, 0x00000000c7900000|  0%| F|  |TAMS 0x00000000c7800000, 0x00000000c7800000| Untracked 
|  91|0x00000000c7900000, 0x00000000c7900000, 0x00000000c7a00000|  0%| F|  |TAMS 0x00000000c7900000, 0x00000000c7900000| Untracked 
|  92|0x00000000c7a00000, 0x00000000c7a00000, 0x00000000c7b00000|  0%| F|  |TAMS 0x00000000c7a00000, 0x00000000c7a00000| Untracked 
|  93|0x00000000c7b00000, 0x00000000c7b00000, 0x00000000c7c00000|  0%| F|  |TAMS 0x00000000c7b00000, 0x00000000c7b00000| Untracked 
|  94|0x00000000c7c00000, 0x00000000c7c00000, 0x00000000c7d00000|  0%| F|  |TAMS 0x00000000c7c00000, 0x00000000c7c00000| Untracked 
|  95|0x00000000c7d00000, 0x00000000c7d00000, 0x00000000c7e00000|  0%| F|  |TAMS 0x00000000c7d00000, 0x00000000c7d00000| Untracked 
|  96|0x00000000c7e00000, 0x00000000c7e00000, 0x00000000c7f00000|  0%| F|  |TAMS 0x00000000c7e00000, 0x00000000c7e00000| Untracked 
|  97|0x00000000c7f00000, 0x00000000c7f00000, 0x00000000c8000000|  0%| F|  |TAMS 0x00000000c7f00000, 0x00000000c7f00000| Untracked 
|  98|0x00000000c8000000, 0x00000000c8000000, 0x00000000c8100000|  0%| F|  |TAMS 0x00000000c8000000, 0x00000000c8000000| Untracked 
|  99|0x00000000c8100000, 0x00000000c8100000, 0x00000000c8200000|  0%| F|  |TAMS 0x00000000c8100000, 0x00000000c8100000| Untracked 
| 100|0x00000000c8200000, 0x00000000c8200000, 0x00000000c8300000|  0%| F|  |TAMS 0x00000000c8200000, 0x00000000c8200000| Untracked 
| 101|0x00000000c8300000, 0x00000000c8300000, 0x00000000c8400000|  0%| F|  |TAMS 0x00000000c8300000, 0x00000000c8300000| Untracked 
| 102|0x00000000c8400000, 0x00000000c8400000, 0x00000000c8500000|  0%| F|  |TAMS 0x00000000c8400000, 0x00000000c8400000| Untracked 
| 103|0x00000000c8500000, 0x00000000c8500000, 0x00000000c8600000|  0%| F|  |TAMS 0x00000000c8500000, 0x00000000c8500000| Untracked 
| 104|0x00000000c8600000, 0x00000000c8600000, 0x00000000c8700000|  0%| F|  |TAMS 0x00000000c8600000, 0x00000000c8600000| Untracked 
| 105|0x00000000c8700000, 0x00000000c8700000, 0x00000000c8800000|  0%| F|  |TAMS 0x00000000c8700000, 0x00000000c8700000| Untracked 
| 106|0x00000000c8800000, 0x00000000c8800000, 0x00000000c8900000|  0%| F|  |TAMS 0x00000000c8800000, 0x00000000c8800000| Untracked 
| 107|0x00000000c8900000, 0x00000000c8900000, 0x00000000c8a00000|  0%| F|  |TAMS 0x00000000c8900000, 0x00000000c8900000| Untracked 
| 108|0x00000000c8a00000, 0x00000000c8a00000, 0x00000000c8b00000|  0%| F|  |TAMS 0x00000000c8a00000, 0x00000000c8a00000| Untracked 
| 109|0x00000000c8b00000, 0x00000000c8b00000, 0x00000000c8c00000|  0%| F|  |TAMS 0x00000000c8b00000, 0x00000000c8b00000| Untracked 
| 110|0x00000000c8c00000, 0x00000000c8c00000, 0x00000000c8d00000|  0%| F|  |TAMS 0x00000000c8c00000, 0x00000000c8c00000| Untracked 
| 111|0x00000000c8d00000, 0x00000000c8d00000, 0x00000000c8e00000|  0%| F|  |TAMS 0x00000000c8d00000, 0x00000000c8d00000| Untracked 
| 112|0x00000000c8e00000, 0x00000000c8e00000, 0x00000000c8f00000|  0%| F|  |TAMS 0x00000000c8e00000, 0x00000000c8e00000| Untracked 
| 113|0x00000000c8f00000, 0x00000000c8f00000, 0x00000000c9000000|  0%| F|  |TAMS 0x00000000c8f00000, 0x00000000c8f00000| Untracked 
| 114|0x00000000c9000000, 0x00000000c9000000, 0x00000000c9100000|  0%| F|  |TAMS 0x00000000c9000000, 0x00000000c9000000| Untracked 
| 115|0x00000000c9100000, 0x00000000c9100000, 0x00000000c9200000|  0%| F|  |TAMS 0x00000000c9100000, 0x00000000c9100000| Untracked 
| 116|0x00000000c9200000, 0x00000000c9200000, 0x00000000c9300000|  0%| F|  |TAMS 0x00000000c9200000, 0x00000000c9200000| Untracked 
| 117|0x00000000c9300000, 0x00000000c9300000, 0x00000000c9400000|  0%| F|  |TAMS 0x00000000c9300000, 0x00000000c9300000| Untracked 
| 118|0x00000000c9400000, 0x00000000c9400000, 0x00000000c9500000|  0%| F|  |TAMS 0x00000000c9400000, 0x00000000c9400000| Untracked 
| 119|0x00000000c9500000, 0x00000000c9500000, 0x00000000c9600000|  0%| F|  |TAMS 0x00000000c9500000, 0x00000000c9500000| Untracked 
| 120|0x00000000c9600000, 0x00000000c9600000, 0x00000000c9700000|  0%| F|  |TAMS 0x00000000c9600000, 0x00000000c9600000| Untracked 
| 121|0x00000000c9700000, 0x00000000c9700000, 0x00000000c9800000|  0%| F|  |TAMS 0x00000000c9700000, 0x00000000c9700000| Untracked 
| 122|0x00000000c9800000, 0x00000000c9800000, 0x00000000c9900000|  0%| F|  |TAMS 0x00000000c9800000, 0x00000000c9800000| Untracked 
| 123|0x00000000c9900000, 0x00000000c9900000, 0x00000000c9a00000|  0%| F|  |TAMS 0x00000000c9900000, 0x00000000c9900000| Untracked 
| 124|0x00000000c9a00000, 0x00000000c9a00000, 0x00000000c9b00000|  0%| F|  |TAMS 0x00000000c9a00000, 0x00000000c9a00000| Untracked 
| 125|0x00000000c9b00000, 0x00000000c9b00000, 0x00000000c9c00000|  0%| F|  |TAMS 0x00000000c9b00000, 0x00000000c9b00000| Untracked 
| 126|0x00000000c9c00000, 0x00000000c9c00000, 0x00000000c9d00000|  0%| F|  |TAMS 0x00000000c9c00000, 0x00000000c9c00000| Untracked 
| 127|0x00000000c9d00000, 0x00000000c9d00000, 0x00000000c9e00000|  0%| F|  |TAMS 0x00000000c9d00000, 0x00000000c9d00000| Untracked 

Card table byte_map: [0x00000223f4f40000,0x00000223f5140000] _byte_map_base: 0x00000223f4931000

Marking Bits (Prev, Next): (CMBitMap*) 0x00000223ddaf0fe0, (CMBitMap*) 0x00000223ddaf1020
 Prev Bits: [0x00000223f5340000, 0x00000223f62c8000)
 Next Bits: [0x00000223f62d0000, 0x00000223f7258000)

Polling page: 0x00000223dba50000

Metaspace:

Usage:
  Non-class:      8.75 MB used.
      Class:      1.08 MB used.
       Both:      9.82 MB used.

Virtual space:
  Non-class space:       64.00 MB reserved,       8.88 MB ( 14%) committed,  1 nodes.
      Class space:        1.00 GB reserved,       1.19 MB ( <1%) committed,  1 nodes.
             Both:        1.06 GB reserved,      10.06 MB ( <1%) committed. 

Chunk freelists:
   Non-Class:  2.53 MB
       Class:  2.66 MB
        Both:  5.19 MB

MaxMetaspaceSize: unlimited
CompressedClassSpaceSize: 1.00 GB
Initial GC threshold: 21.00 MB
Current GC threshold: 21.00 MB
CDS: on
MetaspaceReclaimPolicy: balanced
 - commit_granule_bytes: 65536.
 - commit_granule_words: 8192.
 - virtual_space_node_default_size: 8388608.
 - enlarge_chunks_in_place: 1.
 - new_chunks_are_fully_committed: 0.
 - uncommit_free_chunks: 1.
 - use_allocation_guard: 0.


Internal statistics:

num_allocs_failed_limit: 0.
num_arena_births: 96.
num_arena_deaths: 0.
num_vsnodes_births: 2.
num_vsnodes_deaths: 0.
num_space_committed: 160.
num_space_uncommitted: 0.
num_chunks_returned_to_freelist: 0.
num_chunks_taken_from_freelist: 279.
num_chunk_merges: 0.
num_chunk_splits: 181.
num_chunks_enlarged: 144.
num_inconsistent_stats: 0.

CodeHeap 'non-profiled nmethods': size=120000Kb used=674Kb max_used=674Kb free=119325Kb
 bounds [0x00000223ed4e0000, 0x00000223ed750000, 0x00000223f4a10000]
CodeHeap 'profiled nmethods': size=120000Kb used=3022Kb max_used=3022Kb free=116977Kb
 bounds [0x00000223e5a10000, 0x00000223e5d10000, 0x00000223ecf40000]
CodeHeap 'non-nmethods': size=5760Kb used=1299Kb max_used=1331Kb free=4460Kb
 bounds [0x00000223ecf40000, 0x00000223ed1b0000, 0x00000223ed4e0000]
 total_blobs=2107 nmethods=1592 adapters=425
 compilation: enabled
              stopped_count=0, restarted_count=0
 full_count=0

Compilation events (20 events):
Event: 2.354 Thread 0x00000223fe65f8c0 nmethod 1582 0x00000223ed586410 code [0x00000223ed5865a0, 0x00000223ed586848]
Event: 2.359 Thread 0x00000223f9c40be0 1587   !   3       sun.nio.cs.StreamDecoder::readBytes (271 bytes)
Event: 2.360 Thread 0x00000223f9c40be0 nmethod 1587 0x00000223e5cff910 code [0x00000223e5cffc20, 0x00000223e5d00c68]
Event: 2.364 Thread 0x00000223fe65f8c0 1588       4       jdk.internal.jimage.ImageLocation::readValue (61 bytes)
Event: 2.366 Thread 0x00000223f9c40be0 1589       1       java.util.stream.IntPipeline$StatelessOp::opIsStateful (2 bytes)
Event: 2.366 Thread 0x00000223f9c40be0 nmethod 1589 0x00000223ed586a10 code [0x00000223ed586ba0, 0x00000223ed586c78]
Event: 2.366 Thread 0x00000223f9c40be0 1590       3       java.util.stream.Sink$ChainedInt::cancellationRequested (10 bytes)
Event: 2.366 Thread 0x00000223f9c40be0 nmethod 1590 0x00000223e5d01490 code [0x00000223e5d01640, 0x00000223e5d01808]
Event: 2.366 Thread 0x00000223f9c40be0 1591       3       java.lang.StringUTF16::toLowerCase (299 bytes)
Event: 2.368 Thread 0x00000223f9c40be0 nmethod 1591 0x00000223e5d01910 code [0x00000223e5d01c40, 0x00000223e5d02ef8]
Event: 2.370 Thread 0x00000223fe65f8c0 nmethod 1588 0x00000223ed586d10 code [0x00000223ed586ea0, 0x00000223ed587118]
Event: 2.372 Thread 0x00000223f9c40be0 1592       3       java.nio.ByteBuffer::flip (7 bytes)
Event: 2.372 Thread 0x00000223f9c40be0 nmethod 1592 0x00000223e5d03490 code [0x00000223e5d03640, 0x00000223e5d037b8]
Event: 2.375 Thread 0x00000223fe65f8c0 1593       4       java.lang.StringUTF16::toLowerCase (299 bytes)
Event: 2.386 Thread 0x00000223fe65f8c0 nmethod 1593 0x00000223ed587210 code [0x00000223ed587420, 0x00000223ed587d70]
Event: 2.386 Thread 0x00000223fe65f8c0 1594       4       java.util.ArrayList$Itr::hasNext (20 bytes)
Event: 2.387 Thread 0x00000223fe65f8c0 nmethod 1594 0x00000223ed588410 code [0x00000223ed5885a0, 0x00000223ed588638]
Event: 2.390 Thread 0x00000223fe65f8c0 1595       4       java.lang.CharacterDataLatin1::getProperties (11 bytes)
Event: 2.391 Thread 0x00000223fe65f8c0 nmethod 1595 0x00000223ed588710 code [0x00000223ed5888a0, 0x00000223ed588938]
Event: 2.396 Thread 0x00000223fe65f8c0 1596       4       java.lang.Character::codePointBefore (48 bytes)

GC Heap History (19 events):
Event: 1.396 GC heap before
{Heap before GC invocations=0 (full 0):
 garbage-first heap   total 65536K, used 22528K [0x00000000c1e00000, 0x0000000100000000)
  region size 1024K, 23 young (23552K), 0 survivors (0K)
 Metaspace       used 8661K, committed 8768K, reserved 1114112K
  class space    used 987K, committed 1024K, reserved 1048576K
}
Event: 1.405 GC heap after
{Heap after GC invocations=1 (full 0):
 garbage-first heap   total 65536K, used 8056K [0x00000000c1e00000, 0x0000000100000000)
  region size 1024K, 3 young (3072K), 3 survivors (3072K)
 Metaspace       used 8661K, committed 8768K, reserved 1114112K
  class space    used 987K, committed 1024K, reserved 1048576K
}
Event: 1.561 GC heap before
{Heap before GC invocations=1 (full 0):
 garbage-first heap   total 65536K, used 29560K [0x00000000c1e00000, 0x0000000100000000)
  region size 1024K, 25 young (25600K), 3 survivors (3072K)
 Metaspace       used 9862K, committed 10048K, reserved 1114112K
  class space    used 1089K, committed 1152K, reserved 1048576K
}
Event: 1.569 GC heap after
{Heap after GC invocations=2 (full 0):
 garbage-first heap   total 65536K, used 9221K [0x00000000c1e00000, 0x0000000100000000)
  region size 1024K, 2 young (2048K), 2 survivors (2048K)
 Metaspace       used 9862K, committed 10048K, reserved 1114112K
  class space    used 1089K, committed 1152K, reserved 1048576K
}
Event: 1.626 GC heap before
{Heap before GC invocations=2 (full 0):
 garbage-first heap   total 65536K, used 32773K [0x00000000c1e00000, 0x0000000100000000)
  region size 1024K, 25 young (25600K), 2 survivors (2048K)
 Metaspace       used 9876K, committed 10048K, reserved 1114112K
  class space    used 1089K, committed 1152K, reserved 1048576K
}
Event: 1.632 GC heap after
{Heap after GC invocations=3 (full 0):
 garbage-first heap   total 65536K, used 10349K [0x00000000c1e00000, 0x0000000100000000)
  region size 1024K, 3 young (3072K), 3 survivors (3072K)
 Metaspace       used 9876K, committed 10048K, reserved 1114112K
  class space    used 1089K, committed 1152K, reserved 1048576K
}
Event: 1.709 GC heap before
{Heap before GC invocations=3 (full 0):
 garbage-first heap   total 65536K, used 37997K [0x00000000c1e00000, 0x0000000100000000)
  region size 1024K, 30 young (30720K), 3 survivors (3072K)
 Metaspace       used 9903K, committed 10176K, reserved 1114112K
  class space    used 1090K, committed 1216K, reserved 1048576K
}
Event: 1.723 GC heap after
{Heap after GC invocations=4 (full 0):
 garbage-first heap   total 65536K, used 11797K [0x00000000c1e00000, 0x0000000100000000)
  region size 1024K, 3 young (3072K), 3 survivors (3072K)
 Metaspace       used 9903K, committed 10176K, reserved 1114112K
  class space    used 1090K, committed 1216K, reserved 1048576K
}
Event: 1.825 GC heap before
{Heap before GC invocations=4 (full 0):
 garbage-first heap   total 65536K, used 44565K [0x00000000c1e00000, 0x0000000100000000)
  region size 1024K, 35 young (35840K), 3 survivors (3072K)
 Metaspace       used 9918K, committed 10176K, reserved 1114112K
  class space    used 1090K, committed 1216K, reserved 1048576K
}
Event: 1.849 GC heap after
{Heap after GC invocations=5 (full 0):
 garbage-first heap   total 65536K, used 14263K [0x00000000c1e00000, 0x0000000100000000)
  region size 1024K, 5 young (5120K), 5 survivors (5120K)
 Metaspace       used 9918K, committed 10176K, reserved 1114112K
  class space    used 1090K, committed 1216K, reserved 1048576K
}
Event: 1.945 GC heap before
{Heap before GC invocations=5 (full 0):
 garbage-first heap   total 65536K, used 47031K [0x00000000c1e00000, 0x0000000100000000)
  region size 1024K, 36 young (36864K), 5 survivors (5120K)
 Metaspace       used 9931K, committed 10176K, reserved 1114112K
  class space    used 1090K, committed 1216K, reserved 1048576K
}
Event: 1.973 GC heap after
{Heap after GC invocations=6 (full 0):
 garbage-first heap   total 131072K, used 17847K [0x00000000c1e00000, 0x0000000100000000)
  region size 1024K, 3 young (3072K), 3 survivors (3072K)
 Metaspace       used 9931K, committed 10176K, reserved 1114112K
  class space    used 1090K, committed 1216K, reserved 1048576K
}
Event: 2.113 GC heap before
{Heap before GC invocations=6 (full 0):
 garbage-first heap   total 131072K, used 92599K [0x00000000c1e00000, 0x0000000100000000)
  region size 1024K, 76 young (77824K), 3 survivors (3072K)
 Metaspace       used 10054K, committed 10304K, reserved 1114112K
  class space    used 1100K, committed 1216K, reserved 1048576K
}
Event: 2.137 GC heap after
{Heap after GC invocations=7 (full 0):
 garbage-first heap   total 131072K, used 21301K [0x00000000c1e00000, 0x0000000100000000)
  region size 1024K, 7 young (7168K), 7 survivors (7168K)
 Metaspace       used 10054K, committed 10304K, reserved 1114112K
  class space    used 1100K, committed 1216K, reserved 1048576K
}
Event: 2.176 GC heap before
{Heap before GC invocations=7 (full 0):
 garbage-first heap   total 131072K, used 91957K [0x00000000c1e00000, 0x0000000100000000)
  region size 1024K, 76 young (77824K), 7 survivors (7168K)
 Metaspace       used 10055K, committed 10304K, reserved 1114112K
  class space    used 1100K, committed 1216K, reserved 1048576K
}
Event: 2.214 GC heap after
{Heap after GC invocations=8 (full 0):
 garbage-first heap   total 131072K, used 25282K [0x00000000c1e00000, 0x0000000100000000)
  region size 1024K, 8 young (8192K), 8 survivors (8192K)
 Metaspace       used 10055K, committed 10304K, reserved 1114112K
  class space    used 1100K, committed 1216K, reserved 1048576K
}
Event: 2.305 GC heap before
{Heap before GC invocations=8 (full 0):
 garbage-first heap   total 131072K, used 96962K [0x00000000c1e00000, 0x0000000100000000)
  region size 1024K, 76 young (77824K), 8 survivors (8192K)
 Metaspace       used 10058K, committed 10304K, reserved 1114112K
  class space    used 1101K, committed 1216K, reserved 1048576K
}
Event: 2.347 GC heap after
{Heap after GC invocations=9 (full 0):
 garbage-first heap   total 131072K, used 31659K [0x00000000c1e00000, 0x0000000100000000)
  region size 1024K, 8 young (8192K), 8 survivors (8192K)
 Metaspace       used 10058K, committed 10304K, reserved 1114112K
  class space    used 1101K, committed 1216K, reserved 1048576K
}
Event: 2.398 GC heap before
{Heap before GC invocations=9 (full 0):
 garbage-first heap   total 131072K, used 101291K [0x00000000c1e00000, 0x0000000100000000)
  region size 1024K, 76 young (77824K), 8 survivors (8192K)
 Metaspace       used 10059K, committed 10304K, reserved 1114112K
  class space    used 1101K, committed 1216K, reserved 1048576K
}

Dll operation events (7 events):
Event: 0.006 Loaded shared library C:\Program Files\Java\jdk-19\bin\java.dll
Event: 0.013 Loaded shared library C:\Program Files\Java\jdk-19\bin\jsvml.dll
Event: 0.046 Loaded shared library C:\Program Files\Java\jdk-19\bin\net.dll
Event: 0.048 Loaded shared library C:\Program Files\Java\jdk-19\bin\nio.dll
Event: 0.051 Loaded shared library C:\Program Files\Java\jdk-19\bin\zip.dll
Event: 0.059 Loaded shared library C:\Program Files\Java\jdk-19\bin\jimage.dll
Event: 1.307 Loaded shared library C:\Program Files\Java\jdk-19\bin\verify.dll

Deoptimization events (20 events):
Event: 2.280 Thread 0x00000223ddaad8c0 DEOPT PACKING pc=0x00000223e5cfa084 sp=0x000000f3ce8fdd70
Event: 2.280 Thread 0x00000223ddaad8c0 DEOPT UNPACKING pc=0x00000223ecfa7543 sp=0x000000f3ce8fd2c8 mode 0
Event: 2.284 Thread 0x00000223ddaad8c0 DEOPT PACKING pc=0x00000223e5cfa084 sp=0x000000f3ce8fdd70
Event: 2.284 Thread 0x00000223ddaad8c0 DEOPT UNPACKING pc=0x00000223ecfa7543 sp=0x000000f3ce8fd2c8 mode 0
Event: 2.287 Thread 0x00000223ddaad8c0 DEOPT PACKING pc=0x00000223e5cfa084 sp=0x000000f3ce8fdd70
Event: 2.287 Thread 0x00000223ddaad8c0 DEOPT UNPACKING pc=0x00000223ecfa7543 sp=0x000000f3ce8fd2c8 mode 0
Event: 2.289 Thread 0x00000223ddaad8c0 DEOPT PACKING pc=0x00000223e5cfa084 sp=0x000000f3ce8fdd70
Event: 2.289 Thread 0x00000223ddaad8c0 DEOPT UNPACKING pc=0x00000223ecfa7543 sp=0x000000f3ce8fd2c8 mode 0
Event: 2.351 Thread 0x00000223ddaad8c0 Uncommon trap: trap_request=0xffffffde fr.pc=0x00000223ed55e720 relative=0x0000000000000180
Event: 2.351 Thread 0x00000223ddaad8c0 Uncommon trap: reason=class_check action=maybe_recompile pc=0x00000223ed55e720 method=java.util.regex.Pattern$Slice.match(Ljava/util/regex/Matcher;ILjava/lang/CharSequence;)Z @ 49 c2
Event: 2.351 Thread 0x00000223ddaad8c0 DEOPT PACKING pc=0x00000223ed55e720 sp=0x000000f3ce8fe360
Event: 2.351 Thread 0x00000223ddaad8c0 DEOPT UNPACKING pc=0x00000223ecfa6da3 sp=0x000000f3ce8fe2e8 mode 2
Event: 2.351 Thread 0x00000223ddaad8c0 Uncommon trap: trap_request=0xffffffde fr.pc=0x00000223ed55e720 relative=0x0000000000000180
Event: 2.351 Thread 0x00000223ddaad8c0 Uncommon trap: reason=class_check action=maybe_recompile pc=0x00000223ed55e720 method=java.util.regex.Pattern$Slice.match(Ljava/util/regex/Matcher;ILjava/lang/CharSequence;)Z @ 49 c2
Event: 2.351 Thread 0x00000223ddaad8c0 DEOPT PACKING pc=0x00000223ed55e720 sp=0x000000f3ce8fe360
Event: 2.351 Thread 0x00000223ddaad8c0 DEOPT UNPACKING pc=0x00000223ecfa6da3 sp=0x000000f3ce8fe2e8 mode 2
Event: 2.351 Thread 0x00000223ddaad8c0 Uncommon trap: trap_request=0xffffffde fr.pc=0x00000223ed55e720 relative=0x0000000000000180
Event: 2.351 Thread 0x00000223ddaad8c0 Uncommon trap: reason=class_check action=maybe_recompile pc=0x00000223ed55e720 method=java.util.regex.Pattern$Slice.match(Ljava/util/regex/Matcher;ILjava/lang/CharSequence;)Z @ 49 c2
Event: 2.351 Thread 0x00000223ddaad8c0 DEOPT PACKING pc=0x00000223ed55e720 sp=0x000000f3ce8fe360
Event: 2.351 Thread 0x00000223ddaad8c0 DEOPT UNPACKING pc=0x00000223ecfa6da3 sp=0x000000f3ce8fe2e8 mode 2

Classes loaded (20 events):
Event: 1.979 Loading class sun/text/resources/BreakIteratorResources
Event: 1.979 Loading class sun/util/resources/BreakIteratorResourceBundle
Event: 1.979 Loading class sun/util/resources/BreakIteratorResourceBundle done
Event: 1.979 Loading class sun/text/resources/BreakIteratorResources done
Event: 1.979 Loading class sun/text/resources/BreakIteratorResources_en
Event: 1.979 Loading class sun/text/resources/BreakIteratorResources_en done
Event: 1.979 Loading class sun/text/resources/BreakIteratorResources_en_US
Event: 1.979 Loading class sun/text/resources/BreakIteratorResources_en_US done
Event: 1.980 Loading class sun/text/RuleBasedBreakIterator
Event: 1.980 Loading class sun/text/RuleBasedBreakIterator done
Event: 1.981 Loading class sun/text/CompactByteArray
Event: 1.981 Loading class sun/text/CompactByteArray done
Event: 1.982 Loading class sun/text/SupplementaryCharacterData
Event: 1.982 Loading class sun/text/SupplementaryCharacterData done
Event: 1.982 Loading class java/text/BreakIterator$BreakIteratorCache
Event: 1.982 Loading class java/text/BreakIterator$BreakIteratorCache done
Event: 1.982 Loading class java/text/StringCharacterIterator
Event: 1.982 Loading class java/text/CharacterIterator
Event: 1.982 Loading class java/text/CharacterIterator done
Event: 1.982 Loading class java/text/StringCharacterIterator done

Classes unloaded (0 events):
No events

Classes redefined (0 events):
No events

Internal exceptions (11 events):
Event: 0.435 Thread 0x00000223ddaad8c0 Exception <a 'java/lang/ClassNotFoundException'{0x00000000c55545c8}: javax/smartcardio/CardPermission> (0x00000000c55545c8) 
thrown [s\open\src\hotspot\share\classfile\systemDictionary.cpp, line 255]
Event: 0.442 Thread 0x00000223ddaad8c0 Exception <a 'java/io/FileNotFoundException'{0x00000000c5562a18}> (0x00000000c5562a18) 
thrown [s\open\src\hotspot\share\prims\jni.cpp, line 517]
Event: 0.478 Thread 0x00000223ddaad8c0 Exception <a 'java/lang/NoSuchMethodError'{0x00000000c54629f0}: 'void java.lang.invoke.DirectMethodHandle$Holder.invokeStatic(java.lang.Object, java.lang.Object, java.lang.Object)'> (0x00000000c54629f0) 
thrown [s\open\src\hotspot\share\interpreter\linkResolver.cpp, line 774]
Event: 0.667 Thread 0x00000223ddaad8c0 Exception <a 'java/lang/NoSuchMethodError'{0x00000000c520a208}: 'void java.lang.invoke.DirectMethodHandle$Holder.invokeSpecialIFC(java.lang.Object, java.lang.Object, java.lang.Object, java.lang.Object, java.lang.Object)'> (0x00000000c520a208) 
thrown [s\open\src\hotspot\share\interpreter\linkResolver.cpp, line 774]
Event: 0.668 Thread 0x00000223ddaad8c0 Exception <a 'java/lang/NoSuchMethodError'{0x00000000c5212560}: 'void java.lang.invoke.DirectMethodHandle$Holder.invokeStatic(java.lang.Object, java.lang.Object, java.lang.Object, java.lang.Object)'> (0x00000000c5212560) 
thrown [s\open\src\hotspot\share\interpreter\linkResolver.cpp, line 774]
Event: 0.674 Thread 0x00000223ddaad8c0 Exception <a 'java/lang/NoSuchMethodError'{0x00000000c521b5c0}: 'int java.lang.invoke.DirectMethodHandle$Holder.invokeSpecial(java.lang.Object, java.lang.Object, java.lang.Object)'> (0x00000000c521b5c0) 
thrown [s\open\src\hotspot\share\interpreter\linkResolver.cpp, line 774]
Event: 0.725 Thread 0x00000223ddaad8c0 Exception <a 'java/lang/NoSuchMethodError'{0x00000000c52c2a60}: 'java.lang.Object java.lang.invoke.DirectMethodHandle$Holder.invokeStaticInit(java.lang.Object, java.lang.Object, java.lang.Object)'> (0x00000000c52c2a60) 
thrown [s\open\src\hotspot\share\interpreter\linkResolver.cpp, line 774]
Event: 1.314 Thread 0x00000223ddaad8c0 Exception <a 'java/lang/NoClassDefFoundError'{0x00000000c49fdf18}: org/apache/log4j/Priority> (0x00000000c49fdf18) 
thrown [s\open\src\hotspot\share\classfile\systemDictionary.cpp, line 244]
Event: 1.334 Thread 0x00000223ddaad8c0 Exception <a 'java/lang/ClassNotFoundException'{0x00000000c4873190}: com/sun/org/apache/xerces/internal/impl/xpath/regex/spi/messageProvider> (0x00000000c4873190) 
thrown [s\open\src\hotspot\share\classfile\systemDictionary.cpp, line 255]
Event: 1.502 Thread 0x00000223ddaad8c0 Exception <a 'java/lang/NoSuchMethodError'{0x00000000c5aab070}: 'java.lang.Object java.lang.invoke.DirectMethodHandle$Holder.invokeInterface(java.lang.Object, java.lang.Object)'> (0x00000000c5aab070) 
thrown [s\open\src\hotspot\share\interpreter\linkResolver.cpp, line 774]
Event: 1.502 Thread 0x00000223ddaad8c0 Exception <a 'java/lang/IncompatibleClassChangeError'{0x00000000c5aae5c0}: Found class java.lang.Object, but interface was expected> (0x00000000c5aae5c0) 
thrown [s\open\src\hotspot\share\interpreter\linkResolver.cpp, line 841]

VM Operations (20 events):
Event: 1.406 Executing VM operation: HandshakeAllThreads done
Event: 1.561 Executing VM operation: G1CollectForAllocation
Event: 1.569 Executing VM operation: G1CollectForAllocation done
Event: 1.626 Executing VM operation: G1CollectForAllocation
Event: 1.632 Executing VM operation: G1CollectForAllocation done
Event: 1.709 Executing VM operation: G1CollectForAllocation
Event: 1.723 Executing VM operation: G1CollectForAllocation done
Event: 1.825 Executing VM operation: G1CollectForAllocation
Event: 1.849 Executing VM operation: G1CollectForAllocation done
Event: 1.945 Executing VM operation: G1CollectForAllocation
Event: 1.973 Executing VM operation: G1CollectForAllocation done
Event: 2.113 Executing VM operation: G1CollectForAllocation
Event: 2.137 Executing VM operation: G1CollectForAllocation done
Event: 2.176 Executing VM operation: G1CollectForAllocation
Event: 2.214 Executing VM operation: G1CollectForAllocation done
Event: 2.283 Executing VM operation: ThreadDump
Event: 2.284 Executing VM operation: ThreadDump done
Event: 2.305 Executing VM operation: G1CollectForAllocation
Event: 2.347 Executing VM operation: G1CollectForAllocation done
Event: 2.398 Executing VM operation: G1CollectForAllocation

Events (15 events):
Event: 0.014 Thread 0x00000223ddaad8c0 Thread added: 0x00000223ddaad8c0
Event: 0.026 Thread 0x00000223f9c31420 Thread added: 0x00000223f9c31420
Event: 0.026 Thread 0x00000223f9c33d60 Thread added: 0x00000223f9c33d60
Event: 0.026 Thread 0x00000223f9c37210 Thread added: 0x00000223f9c37210
Event: 0.027 Thread 0x00000223f9c37b40 Thread added: 0x00000223f9c37b40
Event: 0.027 Thread 0x00000223f9c38470 Thread added: 0x00000223f9c38470
Event: 0.027 Thread 0x00000223f9c3c5f0 Thread added: 0x00000223f9c3c5f0
Event: 0.027 Thread 0x00000223f9c3f260 Thread added: 0x00000223f9c3f260
Event: 0.027 Thread 0x00000223f9c40be0 Thread added: 0x00000223f9c40be0
Event: 0.027 Thread 0x00000223f9c49560 Thread added: 0x00000223f9c49560
Event: 0.041 Thread 0x00000223fe09d220 Thread added: 0x00000223fe09d220
Event: 0.044 Thread 0x00000223fe0a3070 Thread added: 0x00000223fe0a3070
Event: 0.410 Thread 0x00000223fe65f8c0 Thread added: 0x00000223fe65f8c0
Event: 1.283 Thread 0x00000223fe812020 Thread added: 0x00000223fe812020
Event: 1.289 Thread 0x00000223fe9ae440 Thread added: 0x00000223fe9ae440


Dynamic libraries:
0x00007ff78af00000 - 0x00007ff78af10000 	C:\Program Files\Java\jdk-19\bin\java.exe
0x00007ff9af930000 - 0x00007ff9afb47000 	C:\WINDOWS\SYSTEM32\ntdll.dll
0x00007ff9ae540000 - 0x00007ff9ae604000 	C:\WINDOWS\System32\KERNEL32.DLL
0x00007ff9ad2d0000 - 0x00007ff9ad676000 	C:\WINDOWS\System32\KERNELBASE.dll
0x00007ff9acd10000 - 0x00007ff9ace21000 	C:\WINDOWS\System32\ucrtbase.dll
0x00007ff997cc0000 - 0x00007ff997cdb000 	C:\Program Files\Java\jdk-19\bin\VCRUNTIME140.dll
0x00007ff998680000 - 0x00007ff998698000 	C:\Program Files\Java\jdk-19\bin\jli.dll
0x00007ff9aeb40000 - 0x00007ff9aebf3000 	C:\WINDOWS\System32\ADVAPI32.dll
0x00007ff9ae9a0000 - 0x00007ff9aea47000 	C:\WINDOWS\System32\msvcrt.dll
0x00007ff9adbd0000 - 0x00007ff9adc78000 	C:\WINDOWS\System32\sechost.dll
0x00007ff9ad020000 - 0x00007ff9ad048000 	C:\WINDOWS\System32\bcrypt.dll
0x00007ff9adde0000 - 0x00007ff9adef7000 	C:\WINDOWS\System32\RPCRT4.dll
0x00007ff9aec90000 - 0x00007ff9aee3e000 	C:\WINDOWS\System32\USER32.dll
0x00007ff9ad2a0000 - 0x00007ff9ad2c6000 	C:\WINDOWS\System32\win32u.dll
0x00007ff9abfa0000 - 0x00007ff9ac233000 	C:\WINDOWS\WinSxS\amd64_microsoft.windows.common-controls_6595b64144ccf1df_6.0.22621.2506_none_270c5ae97388e100\COMCTL32.dll
0x00007ff9ae810000 - 0x00007ff9ae839000 	C:\WINDOWS\System32\GDI32.dll
0x00007ff9ad180000 - 0x00007ff9ad298000 	C:\WINDOWS\System32\gdi32full.dll
0x00007ff9acc70000 - 0x00007ff9acd0a000 	C:\WINDOWS\System32\msvcp_win.dll
0x00007ff9aaaf0000 - 0x00007ff9aaafa000 	C:\WINDOWS\SYSTEM32\VERSION.dll
0x00007ff9ad680000 - 0x00007ff9ad6b1000 	C:\WINDOWS\System32\IMM32.DLL
0x00007ff9a6300000 - 0x00007ff9a630c000 	C:\Program Files\Java\jdk-19\bin\vcruntime140_1.dll
0x00007ff997c30000 - 0x00007ff997cbe000 	C:\Program Files\Java\jdk-19\bin\msvcp140.dll
0x00007ff952170000 - 0x00007ff952e30000 	C:\Program Files\Java\jdk-19\bin\server\jvm.dll
0x00007ff9a61d0000 - 0x00007ff9a61d9000 	C:\WINDOWS\SYSTEM32\WSOCK32.dll
0x00007ff9a5230000 - 0x00007ff9a5264000 	C:\WINDOWS\SYSTEM32\WINMM.dll
0x00007ff9aec00000 - 0x00007ff9aec71000 	C:\WINDOWS\System32\WS2_32.dll
0x00007ff9aad60000 - 0x00007ff9aad78000 	C:\WINDOWS\SYSTEM32\kernel.appcore.dll
0x00007ff9a5390000 - 0x00007ff9a539a000 	C:\Program Files\Java\jdk-19\bin\jimage.dll
0x00007ff9ac4f0000 - 0x00007ff9ac723000 	C:\WINDOWS\SYSTEM32\DBGHELP.DLL
0x00007ff9adfe0000 - 0x00007ff9ae369000 	C:\WINDOWS\System32\combase.dll
0x00007ff9adf00000 - 0x00007ff9adfd7000 	C:\WINDOWS\System32\OLEAUT32.dll
0x00007ff9ac3e0000 - 0x00007ff9ac412000 	C:\WINDOWS\SYSTEM32\dbgcore.DLL
0x00007ff9acfa0000 - 0x00007ff9ad01a000 	C:\WINDOWS\System32\bcryptPrimitives.dll
0x00007ff997b10000 - 0x00007ff997b36000 	C:\Program Files\Java\jdk-19\bin\java.dll
0x00007ff973330000 - 0x00007ff973407000 	C:\Program Files\Java\jdk-19\bin\jsvml.dll
0x00007ff9aeed0000 - 0x00007ff9af72b000 	C:\WINDOWS\System32\SHELL32.dll
0x00007ff9a9c60000 - 0x00007ff9aa556000 	C:\WINDOWS\SYSTEM32\windows.storage.dll
0x00007ff9a9b20000 - 0x00007ff9a9c5e000 	C:\WINDOWS\SYSTEM32\wintypes.dll
0x00007ff9adce0000 - 0x00007ff9addd3000 	C:\WINDOWS\System32\SHCORE.dll
0x00007ff9ae480000 - 0x00007ff9ae4de000 	C:\WINDOWS\System32\shlwapi.dll
0x00007ff9acba0000 - 0x00007ff9acbc6000 	C:\WINDOWS\SYSTEM32\profapi.dll
0x00007ff997af0000 - 0x00007ff997b03000 	C:\Program Files\Java\jdk-19\bin\net.dll
0x00007ff9a5650000 - 0x00007ff9a5787000 	C:\WINDOWS\SYSTEM32\WINHTTP.dll
0x00007ff9ab9e0000 - 0x00007ff9aba49000 	C:\WINDOWS\system32\mswsock.dll
0x00007ff997ad0000 - 0x00007ff997ae6000 	C:\Program Files\Java\jdk-19\bin\nio.dll
0x00007ff9949d0000 - 0x00007ff9949e8000 	C:\Program Files\Java\jdk-19\bin\zip.dll
0x00007ff999620000 - 0x00007ff999630000 	C:\Program Files\Java\jdk-19\bin\verify.dll

dbghelp: loaded successfully - version: 4.0.5 - missing functions: none
symbol engine: initialized successfully - sym options: 0x614 - pdb path: .;C:\Program Files\Java\jdk-19\bin;C:\WINDOWS\SYSTEM32;C:\WINDOWS\WinSxS\amd64_microsoft.windows.common-controls_6595b64144ccf1df_6.0.22621.2506_none_270c5ae97388e100;C:\Program Files\Java\jdk-19\bin\server

VM Arguments:
java_command: org.languagetool.server.HTTPServer -p 8081
java_class_path (initial): C:\Users\lenovo\.cache\language_tool_python\LanguageTool-6.4\languagetool-server.jar
Launcher Type: SUN_STANDARD

[Global flags]
     intx CICompilerCount                          = 4                                         {product} {ergonomic}
     uint ConcGCThreads                            = 2                                         {product} {ergonomic}
     uint G1ConcRefinementThreads                  = 8                                         {product} {ergonomic}
   size_t G1HeapRegionSize                         = 1048576                                   {product} {ergonomic}
    uintx GCDrainStackTargetSize                   = 64                                        {product} {ergonomic}
   size_t InitialHeapSize                          = 67108864                                  {product} {ergonomic}
   size_t MarkStackSize                            = 4194304                                   {product} {ergonomic}
   size_t MaxHeapSize                              = 1042284544                                {product} {ergonomic}
   size_t MaxNewSize                               = 624951296                                 {product} {ergonomic}
   size_t MinHeapDeltaBytes                        = 1048576                                   {product} {ergonomic}
   size_t MinHeapSize                              = 8388608                                   {product} {ergonomic}
    uintx NonNMethodCodeHeapSize                   = 5839372                                {pd product} {ergonomic}
    uintx NonProfiledCodeHeapSize                  = 122909434                              {pd product} {ergonomic}
    uintx ProfiledCodeHeapSize                     = 122909434                              {pd product} {ergonomic}
    uintx ReservedCodeCacheSize                    = 251658240                              {pd product} {ergonomic}
     bool SegmentedCodeCache                       = true                                      {product} {ergonomic}
   size_t SoftMaxHeapSize                          = 1042284544                             {manageable} {ergonomic}
     bool UseCompressedClassPointers               = true                           {product lp64_product} {ergonomic}
     bool UseCompressedOops                        = true                           {product lp64_product} {ergonomic}
     bool UseG1GC                                  = true                                      {product} {ergonomic}
     bool UseLargePagesIndividualAllocation        = false                                  {pd product} {ergonomic}

Logging:
Log output configuration:
 #0: stdout all=warning uptime,level,tags foldmultilines=false
 #1: stderr all=off uptime,level,tags foldmultilines=false

Environment Variables:
JAVA_HOME=C:\Program Files\Java\jdk-19
PATH=C:\Program Files\Common Files\Oracle\Java\javapath;C:\WINDOWS\system32;C:\WINDOWS;C:\WINDOWS\System32\Wbem;C:\WINDOWS\System32\WindowsPowerShell\v1.0\;C:\WINDOWS\System32\OpenSSH\;C:\Program Files\dotnet\;C:\Program Files\Java\jdk-19\bin;C:\Program Files\Git\cmd;C:\Users\lenovo\AppData\Local\Programs\Python\Python312\Scripts\;C:\Users\lenovo\AppData\Local\Programs\Python\Python312\;C:\Users\lenovo\AppData\Local\Programs\Python\Launcher\;C:\Users\lenovo\AppData\Local\Microsoft\WindowsApps;C:\Users\lenovo\.dotnet\tools;D:\Microsoft VS Code\bin;
USERNAME=lenovo
LANG=en_US.UTF-8
OS=Windows_NT
PROCESSOR_IDENTIFIER=Intel64 Family 6 Model 142 Stepping 12, GenuineIntel
TMP=C:\Users\lenovo\AppData\Local\Temp
TEMP=C:\Users\lenovo\AppData\Local\Temp



---------------  S Y S T E M  ---------------

OS:
 Windows 11 , 64 bit Build 22621 (10.0.22621.3085)
OS uptime: 0 days 0:23 hours
Hyper-V role detected

CPU: total 8 (initial active 8) (4 cores per cpu, 2 threads per core) family 6 model 142 stepping 12 microcode 0xde, cx8, cmov, fxsr, ht, mmx, 3dnowpref, sse, sse2, sse3, ssse3, sse4.1, sse4.2, popcnt, lzcnt, tsc, tscinvbit, avx, avx2, aes, erms, clmul, bmi1, bmi2, adx, fma, vzeroupper, clflush, clflushopt, hv, rdtscp

Memory: 4k page, system-wide physical 3975M (453M free)
TotalPageFile size 16261M (AvailPageFile size 105M)
current process WorkingSet (physical memory assigned to process): 192M, peak: 192M
current process commit charge ("private bytes"): 240M, peak: 496M

vm_info: Java HotSpot(TM) 64-Bit Server VM (19.0.2+7-44) for windows-amd64 JRE (19.0.2+7-44), built on 2022-11-30T18:02:09Z by "mach5one" with MS VC++ 17.1 (VS2022)

END.
