#
# There is insufficient memory for the Java Runtime Environment to continue.
# Native memory allocation (mmap) failed to map 57671680 bytes for G1 virtual space
# Possible reasons:
#   The system is out of physical RAM or swap space
#   The process is running with CompressedOops enabled, and the Java Heap may be blocking the growth of the native heap
# Possible solutions:
#   Reduce memory load on the system
#   Increase physical memory or swap space
#   Check if swap backing store is full
#   Decrease Java heap size (-Xmx/-Xms)
#   Decrease number of Java threads
#   Decrease Java thread stack sizes (-Xss)
#   Set larger code cache with -XX:ReservedCodeCacheSize=
#   JVM is running with Unscaled Compressed Oops mode in which the Java heap is
#     placed in the first 4GB address space. The Java Heap base address is the
#     maximum limit for the native heap growth. Please use -XX:HeapBaseMinAddress
#     to set the Java Heap base and to place the Java Heap above 4GB virtual address.
# This output file may be truncated or incomplete.
#
#  Out of Memory Error (os_windows.cpp:3536), pid=5408, tid=6996
#
# JRE version: Java(TM) SE Runtime Environment (19.0.2+7) (build 19.0.2+7-44)
# Java VM: Java HotSpot(TM) 64-Bit Server VM (19.0.2+7-44, mixed mode, sharing, tiered, compressed oops, compressed class ptrs, g1 gc, windows-amd64)
# No core dump will be written. Minidumps are not enabled by default on client versions of Windows
#

---------------  S U M M A R Y ------------

Command Line: org.languagetool.server.HTTPServer -p 8081

Host: Intel(R) Core(TM) i5-8265U CPU @ 1.60GHz, 8 cores, 3G,  Windows 11 , 64 bit Build 22621 (10.0.22621.3085)
Time: Sat May 11 18:46:41 2024 Malay Peninsula Standard Time elapsed time: 1.507530 seconds (0d 0h 0m 1s)

---------------  T H R E A D  ---------------

Current thread (0x00000240fee79b10):  VMThread "VM Thread" [stack: 0x000000881aa00000,0x000000881ab00000] [id=6996]

Stack: [0x000000881aa00000,0x000000881ab00000]
Native frames: (J=compiled Java code, j=interpreted, Vv=VM code, C=native code)
V  [jvm.dll+0x6ee21a]
V  [jvm.dll+0x85765e]
V  [jvm.dll+0x85904e]
V  [jvm.dll+0x859703]
V  [jvm.dll+0x28298f]
V  [jvm.dll+0x6eb009]
V  [jvm.dll+0x6dfbaa]
V  [jvm.dll+0x3573f6]
V  [jvm.dll+0x35ee56]
V  [jvm.dll+0x3b541e]
V  [jvm.dll+0x3b564f]
V  [jvm.dll+0x32c9ea]
V  [jvm.dll+0x32ca97]
V  [jvm.dll+0x374cd2]
V  [jvm.dll+0x37340f]
V  [jvm.dll+0x32c210]
V  [jvm.dll+0x3729ab]
V  [jvm.dll+0x85ebc3]
V  [jvm.dll+0x85f989]
V  [jvm.dll+0x85febd]
V  [jvm.dll+0x86034b]
V  [jvm.dll+0x860407]
V  [jvm.dll+0x80125a]
V  [jvm.dll+0x6ecf0b]
C  [ucrtbase.dll+0x29363]
C  [KERNEL32.DLL+0x1257d]
C  [ntdll.dll+0x5aa58]

VM_Operation (0x000000881a4fdca0): G1CollectForAllocation, mode: safepoint, requested by thread 0x00000240f9baf640


---------------  P R O C E S S  ---------------

Threads class SMR info:
_java_thread_list=0x000002409bdef300, length=14, elements={
0x00000240f9baf640, 0x00000240fee8dec0, 0x00000240fee8e9f0, 0x00000240fee93540,
0x00000240fee943d0, 0x00000240fee96d10, 0x00000240fee9ba60, 0x00000240fee9c6c0,
0x00000240fee9e040, 0x00000240feea9ec0, 0x000002409b096e90, 0x000002409b097830,
0x000002409be13ae0, 0x000002409bdfe770
}

Java Threads: ( => current thread )
  0x00000240f9baf640 JavaThread "main" [_thread_blocked, id=13748, stack(0x000000881a400000,0x000000881a500000)]
  0x00000240fee8dec0 JavaThread "Reference Handler" daemon [_thread_blocked, id=5200, stack(0x000000881ab00000,0x000000881ac00000)]
  0x00000240fee8e9f0 JavaThread "Finalizer" daemon [_thread_blocked, id=12624, stack(0x000000881ac00000,0x000000881ad00000)]
  0x00000240fee93540 JavaThread "Signal Dispatcher" daemon [_thread_blocked, id=14036, stack(0x000000881ad00000,0x000000881ae00000)]
  0x00000240fee943d0 JavaThread "Attach Listener" daemon [_thread_blocked, id=8700, stack(0x000000881ae00000,0x000000881af00000)]
  0x00000240fee96d10 JavaThread "Service Thread" daemon [_thread_blocked, id=4704, stack(0x000000881af00000,0x000000881b000000)]
  0x00000240fee9ba60 JavaThread "Monitor Deflation Thread" daemon [_thread_blocked, id=13760, stack(0x000000881b000000,0x000000881b100000)]
  0x00000240fee9c6c0 JavaThread "C2 CompilerThread0" daemon [_thread_blocked, id=10088, stack(0x000000881b100000,0x000000881b200000)]
  0x00000240fee9e040 JavaThread "C1 CompilerThread0" daemon [_thread_blocked, id=9180, stack(0x000000881b200000,0x000000881b300000)]
  0x00000240feea9ec0 JavaThread "Sweeper thread" daemon [_thread_blocked, id=8780, stack(0x000000881b300000,0x000000881b400000)]
  0x000002409b096e90 JavaThread "Notification Thread" daemon [_thread_blocked, id=6192, stack(0x000000881b400000,0x000000881b500000)]
  0x000002409b097830 JavaThread "Common-Cleaner" daemon [_thread_blocked, id=14216, stack(0x000000881b600000,0x000000881b700000)]
  0x000002409be13ae0 JavaThread "LtThreadPoolMonitor" daemon [_thread_blocked, id=13904, stack(0x000000881b700000,0x000000881b800000)]
  0x000002409bdfe770 JavaThread "LtThreadPoolExecutorMonitor" daemon [_thread_blocked, id=8260, stack(0x000000881b800000,0x000000881b900000)]

Other Threads:
=>0x00000240fee79b10 VMThread "VM Thread" [stack: 0x000000881aa00000,0x000000881ab00000] [id=6996]
  0x000002409b0973d0 WatcherThread "VM Periodic Task Thread" [stack: 0x000000881b500000,0x000000881b600000] [id=5512]
  0x00000240f9bf1350 WorkerThread "GC Thread#0" [stack: 0x000000881a500000,0x000000881a600000] [id=14148]
  0x000002409be9a860 WorkerThread "GC Thread#1" [stack: 0x000000881b900000,0x000000881ba00000] [id=3512]
  0x000002409be565f0 WorkerThread "GC Thread#2" [stack: 0x000000881ba00000,0x000000881bb00000] [id=1960]
  0x000002409bfee340 WorkerThread "GC Thread#3" [stack: 0x000000881bb00000,0x000000881bc00000] [id=9248]
  0x000002409bfef150 WorkerThread "GC Thread#4" [stack: 0x000000881bc00000,0x000000881bd00000] [id=6392]
  0x000002409bfeebb0 WorkerThread "GC Thread#5" [stack: 0x000000881bd00000,0x000000881be00000] [id=9736]
  0x000002409bfef420 WorkerThread "GC Thread#6" [stack: 0x000000881be00000,0x000000881bf00000] [id=11416]
  0x000002409bfee610 WorkerThread "GC Thread#7" [stack: 0x000000881bf00000,0x000000881c000000] [id=4108]
  0x00000240f9bf9e00 ConcurrentGCThread "G1 Main Marker" [stack: 0x000000881a600000,0x000000881a700000] [id=1012]
  0x00000240f9bfa740 WorkerThread "G1 Conc#0" [stack: 0x000000881a700000,0x000000881a800000] [id=3788]
  0x00000240f9c62990 ConcurrentGCThread "G1 Refine#0" [stack: 0x000000881a800000,0x000000881a900000] [id=11044]
  0x00000240f9c64290 ConcurrentGCThread "G1 Service" [stack: 0x000000881a900000,0x000000881aa00000] [id=11908]

Threads with active compile tasks:
C2 CompilerThread0     1581 1426       4       java.util.Scanner::findWithinHorizon (83 bytes)

VM state: at safepoint (normal execution)

VM Mutex/Monitor currently owned by a thread:  ([mutex/lock_event])
[0x00000240f9baa000] Threads_lock - owner thread: 0x00000240fee79b10
[0x00000240f9bab200] Heap_lock - owner thread: 0x00000240f9baf640

Heap address: 0x00000000c1e00000, size: 994 MB, Compressed Oops mode: 32-bit

CDS archive(s) mapped at: [0x0000000800000000-0x0000000800c40000-0x0000000800c40000), size 12845056, SharedBaseAddress: 0x0000000800000000, ArchiveRelocationMode: 0.
Compressed class space mapped at: 0x0000000801000000-0x0000000841000000, reserved size: 1073741824
Narrow klass base: 0x0000000800000000, Narrow klass shift: 0, Narrow klass range: 0x100000000

GC Precious Log:
 CardTable entry size: 512
 Card Set container configuration: InlinePtr #cards 5 size 8 Array Of Cards #cards 12 size 40 Howl #buckets 4 coarsen threshold 1843 Howl Bitmap #cards 512 size 80 coarsen threshold 460 Card regions per heap region 1 cards per card region 2048
 CPUs: 8 total, 8 available
 Memory: 3975M
 Large Page Support: Disabled
 NUMA Support: Disabled
 Compressed Oops: Enabled (32-bit)
 Heap Region Size: 1M
 Heap Min Capacity: 8M
 Heap Initial Capacity: 64M
 Heap Max Capacity: 994M
 Pre-touch: Disabled
 Parallel Workers: 8
 Concurrent Workers: 2
 Concurrent Refinement Workers: 8
 Periodic GC: Disabled

Heap:
 garbage-first heap   total 65536K, used 14336K [0x00000000c1e00000, 0x0000000100000000)
  region size 1024K, 5 young (5120K), 5 survivors (5120K)
 Metaspace       used 9923K, committed 10176K, reserved 1114112K
  class space    used 1091K, committed 1216K, reserved 1048576K

Heap Regions: E=young(eden), S=young(survivor), O=old, HS=humongous(starts), HC=humongous(continues), CS=collection set, F=free, OA=open archive, CA=closed archive, TAMS=top-at-mark-start (previous, next)
|   0|0x00000000c1e00000, 0x00000000c1f00000, 0x00000000c1f00000|100%| O|  |TAMS 0x00000000c1e00000, 0x00000000c1e00000| Untracked 
|   1|0x00000000c1f00000, 0x00000000c2000000, 0x00000000c2000000|100%| O|  |TAMS 0x00000000c1f00000, 0x00000000c1f00000| Untracked 
|   2|0x00000000c2000000, 0x00000000c2100000, 0x00000000c2100000|100%| O|  |TAMS 0x00000000c2000000, 0x00000000c2000000| Untracked 
|   3|0x00000000c2100000, 0x00000000c2200000, 0x00000000c2200000|100%| O|  |TAMS 0x00000000c2100000, 0x00000000c2100000| Untracked 
|   4|0x00000000c2200000, 0x00000000c2300000, 0x00000000c2300000|100%| O|  |TAMS 0x00000000c2200000, 0x00000000c2200000| Untracked 
|   5|0x00000000c2300000, 0x00000000c2400000, 0x00000000c2400000|100%| O|  |TAMS 0x00000000c2300000, 0x00000000c2300000| Untracked 
|   6|0x00000000c2400000, 0x00000000c2500000, 0x00000000c2500000|100%| O|  |TAMS 0x00000000c2400000, 0x00000000c2400000| Untracked 
|   7|0x00000000c2500000, 0x00000000c2600000, 0x00000000c2600000|100%| O|  |TAMS 0x00000000c2500000, 0x00000000c2500000| Untracked 
|   8|0x00000000c2600000, 0x00000000c2700000, 0x00000000c2700000|100%| O|  |TAMS 0x00000000c2600000, 0x00000000c2600000| Untracked 
|   9|0x00000000c2700000, 0x00000000c2700000, 0x00000000c2800000|  0%| F|  |TAMS 0x00000000c2700000, 0x00000000c2700000| Untracked 
|  10|0x00000000c2800000, 0x00000000c2800000, 0x00000000c2900000|  0%| F|  |TAMS 0x00000000c2800000, 0x00000000c2800000| Untracked 
|  11|0x00000000c2900000, 0x00000000c2900000, 0x00000000c2a00000|  0%| F|  |TAMS 0x00000000c2900000, 0x00000000c2900000| Untracked 
|  12|0x00000000c2a00000, 0x00000000c2a00000, 0x00000000c2b00000|  0%| F|  |TAMS 0x00000000c2a00000, 0x00000000c2a00000| Untracked 
|  13|0x00000000c2b00000, 0x00000000c2b00000, 0x00000000c2c00000|  0%| F|  |TAMS 0x00000000c2b00000, 0x00000000c2b00000| Untracked 
|  14|0x00000000c2c00000, 0x00000000c2c00000, 0x00000000c2d00000|  0%| F|  |TAMS 0x00000000c2c00000, 0x00000000c2c00000| Untracked 
|  15|0x00000000c2d00000, 0x00000000c2d00000, 0x00000000c2e00000|  0%| F|  |TAMS 0x00000000c2d00000, 0x00000000c2d00000| Untracked 
|  16|0x00000000c2e00000, 0x00000000c2e00000, 0x00000000c2f00000|  0%| F|  |TAMS 0x00000000c2e00000, 0x00000000c2e00000| Untracked 
|  17|0x00000000c2f00000, 0x00000000c2f00000, 0x00000000c3000000|  0%| F|  |TAMS 0x00000000c2f00000, 0x00000000c2f00000| Untracked 
|  18|0x00000000c3000000, 0x00000000c3000000, 0x00000000c3100000|  0%| F|  |TAMS 0x00000000c3000000, 0x00000000c3000000| Untracked 
|  19|0x00000000c3100000, 0x00000000c3100000, 0x00000000c3200000|  0%| F|  |TAMS 0x00000000c3100000, 0x00000000c3100000| Untracked 
|  20|0x00000000c3200000, 0x00000000c3200000, 0x00000000c3300000|  0%| F|  |TAMS 0x00000000c3200000, 0x00000000c3200000| Untracked 
|  21|0x00000000c3300000, 0x00000000c3300000, 0x00000000c3400000|  0%| F|  |TAMS 0x00000000c3300000, 0x00000000c3300000| Untracked 
|  22|0x00000000c3400000, 0x00000000c3400000, 0x00000000c3500000|  0%| F|  |TAMS 0x00000000c3400000, 0x00000000c3400000| Untracked 
|  23|0x00000000c3500000, 0x00000000c3500000, 0x00000000c3600000|  0%| F|  |TAMS 0x00000000c3500000, 0x00000000c3500000| Untracked 
|  24|0x00000000c3600000, 0x00000000c3700000, 0x00000000c3700000|100%| S|CS|TAMS 0x00000000c3600000, 0x00000000c3600000| Complete 
|  25|0x00000000c3700000, 0x00000000c3800000, 0x00000000c3800000|100%| S|CS|TAMS 0x00000000c3700000, 0x00000000c3700000| Complete 
|  26|0x00000000c3800000, 0x00000000c3900000, 0x00000000c3900000|100%| S|CS|TAMS 0x00000000c3800000, 0x00000000c3800000| Complete 
|  27|0x00000000c3900000, 0x00000000c3a00000, 0x00000000c3a00000|100%| S|CS|TAMS 0x00000000c3900000, 0x00000000c3900000| Complete 
|  28|0x00000000c3a00000, 0x00000000c3b00000, 0x00000000c3b00000|100%| S|CS|TAMS 0x00000000c3a00000, 0x00000000c3a00000| Complete 
|  29|0x00000000c3b00000, 0x00000000c3b00000, 0x00000000c3c00000|  0%| F|  |TAMS 0x00000000c3b00000, 0x00000000c3b00000| Untracked 
|  30|0x00000000c3c00000, 0x00000000c3c00000, 0x00000000c3d00000|  0%| F|  |TAMS 0x00000000c3c00000, 0x00000000c3c00000| Untracked 
|  31|0x00000000c3d00000, 0x00000000c3d00000, 0x00000000c3e00000|  0%| F|  |TAMS 0x00000000c3d00000, 0x00000000c3d00000| Untracked 
|  32|0x00000000c3e00000, 0x00000000c3e00000, 0x00000000c3f00000|  0%| F|  |TAMS 0x00000000c3e00000, 0x00000000c3e00000| Untracked 
|  33|0x00000000c3f00000, 0x00000000c3f00000, 0x00000000c4000000|  0%| F|  |TAMS 0x00000000c3f00000, 0x00000000c3f00000| Untracked 
|  34|0x00000000c4000000, 0x00000000c4000000, 0x00000000c4100000|  0%| F|  |TAMS 0x00000000c4000000, 0x00000000c4000000| Untracked 
|  35|0x00000000c4100000, 0x00000000c4100000, 0x00000000c4200000|  0%| F|  |TAMS 0x00000000c4100000, 0x00000000c4100000| Untracked 
|  36|0x00000000c4200000, 0x00000000c4200000, 0x00000000c4300000|  0%| F|  |TAMS 0x00000000c4200000, 0x00000000c4200000| Untracked 
|  37|0x00000000c4300000, 0x00000000c4300000, 0x00000000c4400000|  0%| F|  |TAMS 0x00000000c4300000, 0x00000000c4300000| Untracked 
|  38|0x00000000c4400000, 0x00000000c4400000, 0x00000000c4500000|  0%| F|  |TAMS 0x00000000c4400000, 0x00000000c4400000| Untracked 
|  39|0x00000000c4500000, 0x00000000c4500000, 0x00000000c4600000|  0%| F|  |TAMS 0x00000000c4500000, 0x00000000c4500000| Untracked 
|  40|0x00000000c4600000, 0x00000000c4600000, 0x00000000c4700000|  0%| F|  |TAMS 0x00000000c4600000, 0x00000000c4600000| Untracked 
|  41|0x00000000c4700000, 0x00000000c4700000, 0x00000000c4800000|  0%| F|  |TAMS 0x00000000c4700000, 0x00000000c4700000| Untracked 
|  42|0x00000000c4800000, 0x00000000c4800000, 0x00000000c4900000|  0%| F|  |TAMS 0x00000000c4800000, 0x00000000c4800000| Untracked 
|  43|0x00000000c4900000, 0x00000000c4900000, 0x00000000c4a00000|  0%| F|  |TAMS 0x00000000c4900000, 0x00000000c4900000| Untracked 
|  44|0x00000000c4a00000, 0x00000000c4a00000, 0x00000000c4b00000|  0%| F|  |TAMS 0x00000000c4a00000, 0x00000000c4a00000| Untracked 
|  45|0x00000000c4b00000, 0x00000000c4b00000, 0x00000000c4c00000|  0%| F|  |TAMS 0x00000000c4b00000, 0x00000000c4b00000| Untracked 
|  46|0x00000000c4c00000, 0x00000000c4c00000, 0x00000000c4d00000|  0%| F|  |TAMS 0x00000000c4c00000, 0x00000000c4c00000| Untracked 
|  47|0x00000000c4d00000, 0x00000000c4d00000, 0x00000000c4e00000|  0%| F|  |TAMS 0x00000000c4d00000, 0x00000000c4d00000| Untracked 
|  48|0x00000000c4e00000, 0x00000000c4e00000, 0x00000000c4f00000|  0%| F|  |TAMS 0x00000000c4e00000, 0x00000000c4e00000| Untracked 
|  49|0x00000000c4f00000, 0x00000000c4f00000, 0x00000000c5000000|  0%| F|  |TAMS 0x00000000c4f00000, 0x00000000c4f00000| Untracked 
|  50|0x00000000c5000000, 0x00000000c5000000, 0x00000000c5100000|  0%| F|  |TAMS 0x00000000c5000000, 0x00000000c5000000| Untracked 
|  51|0x00000000c5100000, 0x00000000c5100000, 0x00000000c5200000|  0%| F|  |TAMS 0x00000000c5100000, 0x00000000c5100000| Untracked 
|  52|0x00000000c5200000, 0x00000000c5200000, 0x00000000c5300000|  0%| F|  |TAMS 0x00000000c5200000, 0x00000000c5200000| Untracked 
|  53|0x00000000c5300000, 0x00000000c5300000, 0x00000000c5400000|  0%| F|  |TAMS 0x00000000c5300000, 0x00000000c5300000| Untracked 
|  54|0x00000000c5400000, 0x00000000c5400000, 0x00000000c5500000|  0%| F|  |TAMS 0x00000000c5400000, 0x00000000c5400000| Untracked 
|  55|0x00000000c5500000, 0x00000000c5500000, 0x00000000c5600000|  0%| F|  |TAMS 0x00000000c5500000, 0x00000000c5500000| Untracked 
|  56|0x00000000c5600000, 0x00000000c5600000, 0x00000000c5700000|  0%| F|  |TAMS 0x00000000c5600000, 0x00000000c5600000| Untracked 
|  57|0x00000000c5700000, 0x00000000c5700000, 0x00000000c5800000|  0%| F|  |TAMS 0x00000000c5700000, 0x00000000c5700000| Untracked 
|  58|0x00000000c5800000, 0x00000000c5800000, 0x00000000c5900000|  0%| F|  |TAMS 0x00000000c5800000, 0x00000000c5800000| Untracked 
|  59|0x00000000c5900000, 0x00000000c5900000, 0x00000000c5a00000|  0%| F|  |TAMS 0x00000000c5900000, 0x00000000c5900000| Untracked 
|  60|0x00000000c5a00000, 0x00000000c5a00000, 0x00000000c5b00000|  0%| F|  |TAMS 0x00000000c5a00000, 0x00000000c5a00000| Untracked 
|  61|0x00000000c5b00000, 0x00000000c5b00000, 0x00000000c5c00000|  0%| F|  |TAMS 0x00000000c5b00000, 0x00000000c5b00000| Untracked 
|  62|0x00000000c5c00000, 0x00000000c5c00000, 0x00000000c5d00000|  0%| F|  |TAMS 0x00000000c5c00000, 0x00000000c5c00000| Untracked 
|  63|0x00000000c5d00000, 0x00000000c5d00000, 0x00000000c5e00000|  0%| F|  |TAMS 0x00000000c5d00000, 0x00000000c5d00000| Untracked 

Card table byte_map: [0x00000240fa1a0000,0x00000240fa3a0000] _byte_map_base: 0x00000240f9b91000

Marking Bits (Prev, Next): (CMBitMap*) 0x00000240f9bf1890, (CMBitMap*) 0x00000240f9bf18d0
 Prev Bits: [0x00000240fa5a0000, 0x00000240fb528000)
 Next Bits: [0x00000240fb530000, 0x00000240fc4b8000)

Polling page: 0x00000240f7ac0000

Metaspace:

Usage:
  Non-class:      8.62 MB used.
      Class:      1.07 MB used.
       Both:      9.69 MB used.

Virtual space:
  Non-class space:       64.00 MB reserved,       8.75 MB ( 14%) committed,  1 nodes.
      Class space:        1.00 GB reserved,       1.19 MB ( <1%) committed,  1 nodes.
             Both:        1.06 GB reserved,       9.94 MB ( <1%) committed. 

Chunk freelists:
   Non-Class:  2.54 MB
       Class:  2.66 MB
        Both:  5.20 MB

MaxMetaspaceSize: unlimited
CompressedClassSpaceSize: 1.00 GB
Initial GC threshold: 21.00 MB
Current GC threshold: 21.00 MB
CDS: on
MetaspaceReclaimPolicy: balanced
 - commit_granule_bytes: 65536.
 - commit_granule_words: 8192.
 - virtual_space_node_default_size: 8388608.
 - enlarge_chunks_in_place: 1.
 - new_chunks_are_fully_committed: 0.
 - uncommit_free_chunks: 1.
 - use_allocation_guard: 0.


Internal statistics:

num_allocs_failed_limit: 0.
num_arena_births: 96.
num_arena_deaths: 0.
num_vsnodes_births: 2.
num_vsnodes_deaths: 0.
num_space_committed: 158.
num_space_uncommitted: 0.
num_chunks_returned_to_freelist: 0.
num_chunks_taken_from_freelist: 277.
num_chunk_merges: 0.
num_chunk_splits: 181.
num_chunks_enlarged: 144.
num_inconsistent_stats: 0.

CodeHeap 'non-profiled nmethods': size=120000Kb used=469Kb max_used=469Kb free=119530Kb
 bounds [0x000002408f970000, 0x000002408fbe0000, 0x0000024096ea0000]
CodeHeap 'profiled nmethods': size=120000Kb used=2784Kb max_used=2784Kb free=117215Kb
 bounds [0x0000024087ea0000, 0x0000024088160000, 0x000002408f3d0000]
CodeHeap 'non-nmethods': size=5760Kb used=1291Kb max_used=1313Kb free=4468Kb
 bounds [0x000002408f3d0000, 0x000002408f640000, 0x000002408f970000]
 total_blobs=1936 nmethods=1422 adapters=425
 compilation: enabled
              stopped_count=0, restarted_count=0
 full_count=0

Compilation events (20 events):
Event: 1.411 Thread 0x00000240fee9e040 1456   !   2       sun.nio.cs.StreamDecoder::read (78 bytes)
Event: 1.411 Thread 0x00000240fee9e040 nmethod 1456 0x0000024088154e90 code [0x00000240881550a0, 0x0000024088155578]
Event: 1.413 Thread 0x00000240fee9e040 1457       1       org.languagetool.language.English::getShortCode (3 bytes)
Event: 1.413 Thread 0x00000240fee9e040 nmethod 1457 0x000002408f9e4e90 code [0x000002408f9e5020, 0x000002408f9e50f8]
Event: 1.415 Thread 0x00000240fee9e040 1458       1       java.util.stream.FindOps$FindSink::cancellationRequested (5 bytes)
Event: 1.415 Thread 0x00000240fee9e040 nmethod 1458 0x000002408f9e5190 code [0x000002408f9e5320, 0x000002408f9e53f8]
Event: 1.415 Thread 0x00000240fee9e040 1459       2       java.io.InputStreamReader::read (9 bytes)
Event: 1.415 Thread 0x00000240fee9e040 nmethod 1459 0x0000024088155990 code [0x0000024088155b40, 0x0000024088155c68]
Event: 1.415 Thread 0x00000240fee9e040 1460       2       java.io.Reader::read (115 bytes)
Event: 1.416 Thread 0x00000240fee9e040 nmethod 1460 0x0000024088155d10 code [0x0000024088155f40, 0x00000240881564f8]
Event: 1.419 Thread 0x00000240fee9e040 1461   !   2       java.util.Scanner::readInput (136 bytes)
Event: 1.419 Thread 0x00000240fee9e040 nmethod 1461 0x0000024088156890 code [0x0000024088156a80, 0x0000024088156d78]
Event: 1.419 Thread 0x00000240fee9e040 1462       2       java.nio.CharBuffer::flip (7 bytes)
Event: 1.419 Thread 0x00000240fee9e040 nmethod 1462 0x0000024088156f90 code [0x0000024088157120, 0x0000024088157238]
Event: 1.419 Thread 0x00000240fee9e040 1463       2       java.nio.HeapCharBuffer::compact (85 bytes)
Event: 1.419 Thread 0x00000240fee9e040 nmethod 1463 0x0000024088157310 code [0x00000240881574c0, 0x0000024088157708]
Event: 1.419 Thread 0x00000240fee9e040 1464       2       java.util.Scanner::translateSavedIndexes (19 bytes)
Event: 1.419 Thread 0x00000240fee9e040 nmethod 1464 0x0000024088157810 code [0x00000240881579a0, 0x0000024088157ab8]
Event: 1.421 Thread 0x00000240fee9e040 1465       2       java.lang.String::decodeASCII (46 bytes)
Event: 1.421 Thread 0x00000240fee9e040 nmethod 1465 0x0000024088157b90 code [0x0000024088157d40, 0x0000024088157f38]

GC Heap History (9 events):
Event: 1.039 GC heap before
{Heap before GC invocations=0 (full 0):
 garbage-first heap   total 65536K, used 23552K [0x00000000c1e00000, 0x0000000100000000)
  region size 1024K, 23 young (23552K), 0 survivors (0K)
 Metaspace       used 8658K, committed 8768K, reserved 1114112K
  class space    used 988K, committed 1024K, reserved 1048576K
}
Event: 1.052 GC heap after
{Heap after GC invocations=1 (full 0):
 garbage-first heap   total 65536K, used 7936K [0x00000000c1e00000, 0x0000000100000000)
  region size 1024K, 3 young (3072K), 3 survivors (3072K)
 Metaspace       used 8658K, committed 8768K, reserved 1114112K
  class space    used 988K, committed 1024K, reserved 1048576K
}
Event: 1.285 GC heap before
{Heap before GC invocations=1 (full 0):
 garbage-first heap   total 65536K, used 29440K [0x00000000c1e00000, 0x0000000100000000)
  region size 1024K, 25 young (25600K), 3 survivors (3072K)
 Metaspace       used 9866K, committed 10112K, reserved 1114112K
  class space    used 1090K, committed 1216K, reserved 1048576K
}
Event: 1.293 GC heap after
{Heap after GC invocations=2 (full 0):
 garbage-first heap   total 65536K, used 9439K [0x00000000c1e00000, 0x0000000100000000)
  region size 1024K, 2 young (2048K), 2 survivors (2048K)
 Metaspace       used 9866K, committed 10112K, reserved 1114112K
  class space    used 1090K, committed 1216K, reserved 1048576K
}
Event: 1.346 GC heap before
{Heap before GC invocations=2 (full 0):
 garbage-first heap   total 65536K, used 32991K [0x00000000c1e00000, 0x0000000100000000)
  region size 1024K, 25 young (25600K), 2 survivors (2048K)
 Metaspace       used 9881K, committed 10112K, reserved 1114112K
  class space    used 1090K, committed 1216K, reserved 1048576K
}
Event: 1.351 GC heap after
{Heap after GC invocations=3 (full 0):
 garbage-first heap   total 65536K, used 10448K [0x00000000c1e00000, 0x0000000100000000)
  region size 1024K, 3 young (3072K), 3 survivors (3072K)
 Metaspace       used 9881K, committed 10112K, reserved 1114112K
  class space    used 1090K, committed 1216K, reserved 1048576K
}
Event: 1.383 GC heap before
{Heap before GC invocations=3 (full 0):
 garbage-first heap   total 65536K, used 38096K [0x00000000c1e00000, 0x0000000100000000)
  region size 1024K, 30 young (30720K), 3 survivors (3072K)
 Metaspace       used 9907K, committed 10176K, reserved 1114112K
  class space    used 1091K, committed 1216K, reserved 1048576K
}
Event: 1.389 GC heap after
{Heap after GC invocations=4 (full 0):
 garbage-first heap   total 65536K, used 11867K [0x00000000c1e00000, 0x0000000100000000)
  region size 1024K, 3 young (3072K), 3 survivors (3072K)
 Metaspace       used 9907K, committed 10176K, reserved 1114112K
  class space    used 1091K, committed 1216K, reserved 1048576K
}
Event: 1.423 GC heap before
{Heap before GC invocations=4 (full 0):
 garbage-first heap   total 65536K, used 44635K [0x00000000c1e00000, 0x0000000100000000)
  region size 1024K, 35 young (35840K), 3 survivors (3072K)
 Metaspace       used 9923K, committed 10176K, reserved 1114112K
  class space    used 1091K, committed 1216K, reserved 1048576K
}

Dll operation events (7 events):
Event: 0.007 Loaded shared library C:\Program Files\Java\jdk-19\bin\java.dll
Event: 0.015 Loaded shared library C:\Program Files\Java\jdk-19\bin\jsvml.dll
Event: 0.059 Loaded shared library C:\Program Files\Java\jdk-19\bin\net.dll
Event: 0.063 Loaded shared library C:\Program Files\Java\jdk-19\bin\nio.dll
Event: 0.069 Loaded shared library C:\Program Files\Java\jdk-19\bin\zip.dll
Event: 0.086 Loaded shared library C:\Program Files\Java\jdk-19\bin\jimage.dll
Event: 0.842 Loaded shared library C:\Program Files\Java\jdk-19\bin\verify.dll

Deoptimization events (20 events):
Event: 1.229 Thread 0x00000240f9baf640 DEOPT PACKING pc=0x000002408f9b9f24 sp=0x000000881a4fe360
Event: 1.229 Thread 0x00000240f9baf640 DEOPT UNPACKING pc=0x000002408f436da3 sp=0x000000881a4fe318 mode 2
Event: 1.229 Thread 0x00000240f9baf640 Uncommon trap: trap_request=0xffffff45 fr.pc=0x000002408f9c2484 relative=0x00000000000001e4
Event: 1.229 Thread 0x00000240f9baf640 Uncommon trap: reason=unstable_if action=reinterpret pc=0x000002408f9c2484 method=java.lang.String.startsWith(Ljava/lang/String;I)Z @ 50 c2
Event: 1.229 Thread 0x00000240f9baf640 DEOPT PACKING pc=0x000002408f9c2484 sp=0x000000881a4fe4b0
Event: 1.229 Thread 0x00000240f9baf640 DEOPT UNPACKING pc=0x000002408f436da3 sp=0x000000881a4fe3b8 mode 2
Event: 1.230 Thread 0x00000240f9baf640 Uncommon trap: trap_request=0xffffff45 fr.pc=0x000002408f99809c relative=0x000000000000027c
Event: 1.230 Thread 0x00000240f9baf640 Uncommon trap: reason=unstable_if action=reinterpret pc=0x000002408f99809c method=java.lang.String.startsWith(Ljava/lang/String;I)Z @ 50 c2
Event: 1.230 Thread 0x00000240f9baf640 DEOPT PACKING pc=0x000002408f99809c sp=0x000000881a4fe440
Event: 1.230 Thread 0x00000240f9baf640 DEOPT UNPACKING pc=0x000002408f436da3 sp=0x000000881a4fe3b8 mode 2
Event: 1.232 Thread 0x00000240f9baf640 Uncommon trap: trap_request=0xffffff45 fr.pc=0x000002408f9c6f64 relative=0x00000000000001c4
Event: 1.232 Thread 0x00000240f9baf640 Uncommon trap: reason=unstable_if action=reinterpret pc=0x000002408f9c6f64 method=java.util.HashMap.getNode(Ljava/lang/Object;)Ljava/util/HashMap$Node; @ 66 c2
Event: 1.232 Thread 0x00000240f9baf640 DEOPT PACKING pc=0x000002408f9c6f64 sp=0x000000881a4fe3f0
Event: 1.232 Thread 0x00000240f9baf640 DEOPT UNPACKING pc=0x000002408f436da3 sp=0x000000881a4fe360 mode 2
Event: 1.404 Thread 0x00000240f9baf640 Uncommon trap: trap_request=0xffffff45 fr.pc=0x000002408f99a72c relative=0x000000000000018c
Event: 1.404 Thread 0x00000240f9baf640 Uncommon trap: reason=unstable_if action=reinterpret pc=0x000002408f99a72c method=java.lang.String.equals(Ljava/lang/Object;)Z @ 33 c2
Event: 1.404 Thread 0x00000240f9baf640 DEOPT PACKING pc=0x000002408f99a72c sp=0x000000881a4fe3e0
Event: 1.404 Thread 0x00000240f9baf640 DEOPT UNPACKING pc=0x000002408f436da3 sp=0x000000881a4fe370 mode 2
Event: 1.411 Thread 0x00000240f9baf640 DEOPT PACKING pc=0x00000240880b2457 sp=0x000000881a4fdc20
Event: 1.411 Thread 0x00000240f9baf640 DEOPT UNPACKING pc=0x000002408f437543 sp=0x000000881a4fd0b8 mode 0

Classes loaded (20 events):
Event: 0.975 Loading class java/util/Scanner$PatternLRUCache
Event: 0.975 Loading class java/util/Scanner$PatternLRUCache done
Event: 0.976 Loading class java/util/regex/Matcher$ImmutableMatchResult
Event: 0.977 Loading class java/util/regex/Matcher$ImmutableMatchResult done
Event: 1.031 Loading class java/util/regex/Pattern$SliceU
Event: 1.031 Loading class java/util/regex/Pattern$SliceU done
Event: 1.052 Loading class java/util/concurrent/locks/AbstractQueuedSynchronizer$ExclusiveNode
Event: 1.053 Loading class java/util/concurrent/locks/AbstractQueuedSynchronizer$ExclusiveNode done
Event: 1.217 Loading class java/lang/Character$UnicodeBlock
Event: 1.218 Loading class java/lang/Character$Subset
Event: 1.218 Loading class java/lang/Character$Subset done
Event: 1.218 Loading class java/lang/Character$UnicodeBlock done
Event: 1.229 Loading class java/util/Collections$SynchronizedList
Event: 1.230 Loading class java/util/Collections$SynchronizedList done
Event: 1.230 Loading class java/util/LinkedList$Node
Event: 1.230 Loading class java/util/LinkedList$Node done
Event: 1.372 Loading class java/lang/foreign/MemorySegment
Event: 1.374 Loading class java/lang/foreign/Addressable
Event: 1.377 Loading class java/lang/foreign/Addressable done
Event: 1.377 Loading class java/lang/foreign/MemorySegment done

Classes unloaded (0 events):
No events

Classes redefined (0 events):
No events

Internal exceptions (11 events):
Event: 0.374 Thread 0x00000240f9baf640 Exception <a 'java/lang/ClassNotFoundException'{0x00000000c55545c8}: javax/smartcardio/CardPermission> (0x00000000c55545c8) 
thrown [s\open\src\hotspot\share\classfile\systemDictionary.cpp, line 255]
Event: 0.378 Thread 0x00000240f9baf640 Exception <a 'java/io/FileNotFoundException'{0x00000000c5562a18}> (0x00000000c5562a18) 
thrown [s\open\src\hotspot\share\prims\jni.cpp, line 517]
Event: 0.404 Thread 0x00000240f9baf640 Exception <a 'java/lang/NoSuchMethodError'{0x00000000c54629c8}: 'void java.lang.invoke.DirectMethodHandle$Holder.invokeStatic(java.lang.Object, java.lang.Object, java.lang.Object)'> (0x00000000c54629c8) 
thrown [s\open\src\hotspot\share\interpreter\linkResolver.cpp, line 774]
Event: 0.511 Thread 0x00000240f9baf640 Exception <a 'java/lang/NoSuchMethodError'{0x00000000c520a208}: 'void java.lang.invoke.DirectMethodHandle$Holder.invokeSpecialIFC(java.lang.Object, java.lang.Object, java.lang.Object, java.lang.Object, java.lang.Object)'> (0x00000000c520a208) 
thrown [s\open\src\hotspot\share\interpreter\linkResolver.cpp, line 774]
Event: 0.513 Thread 0x00000240f9baf640 Exception <a 'java/lang/NoSuchMethodError'{0x00000000c5212598}: 'void java.lang.invoke.DirectMethodHandle$Holder.invokeStatic(java.lang.Object, java.lang.Object, java.lang.Object, java.lang.Object)'> (0x00000000c5212598) 
thrown [s\open\src\hotspot\share\interpreter\linkResolver.cpp, line 774]
Event: 0.514 Thread 0x00000240f9baf640 Exception <a 'java/lang/NoSuchMethodError'{0x00000000c521b5f8}: 'int java.lang.invoke.DirectMethodHandle$Holder.invokeSpecial(java.lang.Object, java.lang.Object, java.lang.Object)'> (0x00000000c521b5f8) 
thrown [s\open\src\hotspot\share\interpreter\linkResolver.cpp, line 774]
Event: 0.542 Thread 0x00000240f9baf640 Exception <a 'java/lang/NoSuchMethodError'{0x00000000c52c2a60}: 'java.lang.Object java.lang.invoke.DirectMethodHandle$Holder.invokeStaticInit(java.lang.Object, java.lang.Object, java.lang.Object)'> (0x00000000c52c2a60) 
thrown [s\open\src\hotspot\share\interpreter\linkResolver.cpp, line 774]
Event: 0.856 Thread 0x00000240f9baf640 Exception <a 'java/lang/NoClassDefFoundError'{0x00000000c49fdf18}: org/apache/log4j/Priority> (0x00000000c49fdf18) 
thrown [s\open\src\hotspot\share\classfile\systemDictionary.cpp, line 244]
Event: 0.897 Thread 0x00000240f9baf640 Exception <a 'java/lang/ClassNotFoundException'{0x00000000c4873190}: com/sun/org/apache/xerces/internal/impl/xpath/regex/spi/messageProvider> (0x00000000c4873190) 
thrown [s\open\src\hotspot\share\classfile\systemDictionary.cpp, line 255]
Event: 1.224 Thread 0x00000240f9baf640 Exception <a 'java/lang/NoSuchMethodError'{0x00000000c5adf378}: 'java.lang.Object java.lang.invoke.DirectMethodHandle$Holder.invokeInterface(java.lang.Object, java.lang.Object)'> (0x00000000c5adf378) 
thrown [s\open\src\hotspot\share\interpreter\linkResolver.cpp, line 774]
Event: 1.224 Thread 0x00000240f9baf640 Exception <a 'java/lang/IncompatibleClassChangeError'{0x00000000c5ae28c8}: Found class java.lang.Object, but interface was expected> (0x00000000c5ae28c8) 
thrown [s\open\src\hotspot\share\interpreter\linkResolver.cpp, line 841]

VM Operations (20 events):
Event: 0.693 Executing VM operation: HandshakeAllThreads done
Event: 0.814 Executing VM operation: ThreadDump
Event: 0.815 Executing VM operation: ThreadDump done
Event: 0.946 Executing VM operation: HandshakeAllThreads
Event: 0.946 Executing VM operation: HandshakeAllThreads done
Event: 0.971 Executing VM operation: HandshakeAllThreads
Event: 0.971 Executing VM operation: HandshakeAllThreads done
Event: 0.971 Executing VM operation: HandshakeAllThreads
Event: 0.971 Executing VM operation: HandshakeAllThreads done
Event: 1.039 Executing VM operation: G1CollectForAllocation
Event: 1.052 Executing VM operation: G1CollectForAllocation done
Event: 1.054 Executing VM operation: HandshakeAllThreads
Event: 1.054 Executing VM operation: HandshakeAllThreads done
Event: 1.285 Executing VM operation: G1CollectForAllocation
Event: 1.293 Executing VM operation: G1CollectForAllocation done
Event: 1.346 Executing VM operation: G1CollectForAllocation
Event: 1.351 Executing VM operation: G1CollectForAllocation done
Event: 1.382 Executing VM operation: G1CollectForAllocation
Event: 1.389 Executing VM operation: G1CollectForAllocation done
Event: 1.422 Executing VM operation: G1CollectForAllocation

Events (14 events):
Event: 0.015 Thread 0x00000240f9baf640 Thread added: 0x00000240f9baf640
Event: 0.025 Thread 0x00000240fee8dec0 Thread added: 0x00000240fee8dec0
Event: 0.025 Thread 0x00000240fee8e9f0 Thread added: 0x00000240fee8e9f0
Event: 0.026 Thread 0x00000240fee93540 Thread added: 0x00000240fee93540
Event: 0.026 Thread 0x00000240fee943d0 Thread added: 0x00000240fee943d0
Event: 0.026 Thread 0x00000240fee96d10 Thread added: 0x00000240fee96d10
Event: 0.026 Thread 0x00000240fee9ba60 Thread added: 0x00000240fee9ba60
Event: 0.026 Thread 0x00000240fee9c6c0 Thread added: 0x00000240fee9c6c0
Event: 0.026 Thread 0x00000240fee9e040 Thread added: 0x00000240fee9e040
Event: 0.026 Thread 0x00000240feea9ec0 Thread added: 0x00000240feea9ec0
Event: 0.041 Thread 0x000002409b096e90 Thread added: 0x000002409b096e90
Event: 0.053 Thread 0x000002409b097830 Thread added: 0x000002409b097830
Event: 0.814 Thread 0x000002409be13ae0 Thread added: 0x000002409be13ae0
Event: 0.820 Thread 0x000002409bdfe770 Thread added: 0x000002409bdfe770


Dynamic libraries:
0x00007ff7af600000 - 0x00007ff7af610000 	C:\Program Files\Java\jdk-19\bin\java.exe
0x00007ffe57130000 - 0x00007ffe57347000 	C:\WINDOWS\SYSTEM32\ntdll.dll
0x00007ffe55340000 - 0x00007ffe55404000 	C:\WINDOWS\System32\KERNEL32.DLL
0x00007ffe54aa0000 - 0x00007ffe54e46000 	C:\WINDOWS\System32\KERNELBASE.dll
0x00007ffe54900000 - 0x00007ffe54a11000 	C:\WINDOWS\System32\ucrtbase.dll
0x00007ffe30ff0000 - 0x00007ffe3100b000 	C:\Program Files\Java\jdk-19\bin\VCRUNTIME140.dll
0x00007ffe31010000 - 0x00007ffe31028000 	C:\Program Files\Java\jdk-19\bin\jli.dll
0x00007ffe550b0000 - 0x00007ffe55163000 	C:\WINDOWS\System32\ADVAPI32.dll
0x00007ffe55290000 - 0x00007ffe55337000 	C:\WINDOWS\System32\msvcrt.dll
0x00007ffe56b20000 - 0x00007ffe56bc8000 	C:\WINDOWS\System32\sechost.dll
0x00007ffe547a0000 - 0x00007ffe547c8000 	C:\WINDOWS\System32\bcrypt.dll
0x00007ffe55170000 - 0x00007ffe55287000 	C:\WINDOWS\System32\RPCRT4.dll
0x00007ffe56ce0000 - 0x00007ffe56e8e000 	C:\WINDOWS\System32\USER32.dll
0x00007ffe537a0000 - 0x00007ffe53a33000 	C:\WINDOWS\WinSxS\amd64_microsoft.windows.common-controls_6595b64144ccf1df_6.0.22621.2506_none_270c5ae97388e100\COMCTL32.dll
0x00007ffe54e50000 - 0x00007ffe54e76000 	C:\WINDOWS\System32\win32u.dll
0x00007ffe56950000 - 0x00007ffe56979000 	C:\WINDOWS\System32\GDI32.dll
0x00007ffe54510000 - 0x00007ffe54628000 	C:\WINDOWS\System32\gdi32full.dll
0x00007ffe54470000 - 0x00007ffe5450a000 	C:\WINDOWS\System32\msvcp_win.dll
0x00007ffe52550000 - 0x00007ffe5255a000 	C:\WINDOWS\SYSTEM32\VERSION.dll
0x00007ffe56ca0000 - 0x00007ffe56cd1000 	C:\WINDOWS\System32\IMM32.DLL
0x00007ffe429a0000 - 0x00007ffe429ac000 	C:\Program Files\Java\jdk-19\bin\vcruntime140_1.dll
0x00007ffe2e970000 - 0x00007ffe2e9fe000 	C:\Program Files\Java\jdk-19\bin\msvcp140.dll
0x00007ffdf7700000 - 0x00007ffdf83c0000 	C:\Program Files\Java\jdk-19\bin\server\jvm.dll
0x00007ffe4c5e0000 - 0x00007ffe4c614000 	C:\WINDOWS\SYSTEM32\WINMM.dll
0x00007ffe42610000 - 0x00007ffe42619000 	C:\WINDOWS\SYSTEM32\WSOCK32.dll
0x00007ffe55b50000 - 0x00007ffe55bc1000 	C:\WINDOWS\System32\WS2_32.dll
0x00007ffe52560000 - 0x00007ffe52578000 	C:\WINDOWS\SYSTEM32\kernel.appcore.dll
0x00007ffe421a0000 - 0x00007ffe421aa000 	C:\Program Files\Java\jdk-19\bin\jimage.dll
0x00007ffe53cf0000 - 0x00007ffe53f23000 	C:\WINDOWS\SYSTEM32\DBGHELP.DLL
0x00007ffe55bd0000 - 0x00007ffe55f59000 	C:\WINDOWS\System32\combase.dll
0x00007ffe56f50000 - 0x00007ffe57027000 	C:\WINDOWS\System32\OLEAUT32.dll
0x00007ffe53be0000 - 0x00007ffe53c12000 	C:\WINDOWS\SYSTEM32\dbgcore.DLL
0x00007ffe54a20000 - 0x00007ffe54a9a000 	C:\WINDOWS\System32\bcryptPrimitives.dll
0x00007ffe2f630000 - 0x00007ffe2f656000 	C:\Program Files\Java\jdk-19\bin\java.dll
0x00007ffdf9d80000 - 0x00007ffdf9e57000 	C:\Program Files\Java\jdk-19\bin\jsvml.dll
0x00007ffe560f0000 - 0x00007ffe5694b000 	C:\WINDOWS\System32\SHELL32.dll
0x00007ffe51460000 - 0x00007ffe51d56000 	C:\WINDOWS\SYSTEM32\windows.storage.dll
0x00007ffe51320000 - 0x00007ffe5145e000 	C:\WINDOWS\SYSTEM32\wintypes.dll
0x00007ffe54e80000 - 0x00007ffe54f73000 	C:\WINDOWS\System32\SHCORE.dll
0x00007ffe57090000 - 0x00007ffe570ee000 	C:\WINDOWS\System32\shlwapi.dll
0x00007ffe543a0000 - 0x00007ffe543c6000 	C:\WINDOWS\SYSTEM32\profapi.dll
0x00007ffe248d0000 - 0x00007ffe248e3000 	C:\Program Files\Java\jdk-19\bin\net.dll
0x00007ffe4d000000 - 0x00007ffe4d137000 	C:\WINDOWS\SYSTEM32\WINHTTP.dll
0x00007ffe52b00000 - 0x00007ffe52b69000 	C:\WINDOWS\system32\mswsock.dll
0x00007ffe1a600000 - 0x00007ffe1a616000 	C:\Program Files\Java\jdk-19\bin\nio.dll
0x00007ffe1a5e0000 - 0x00007ffe1a5f8000 	C:\Program Files\Java\jdk-19\bin\zip.dll
0x00007ffe40fd0000 - 0x00007ffe40fe0000 	C:\Program Files\Java\jdk-19\bin\verify.dll

dbghelp: loaded successfully - version: 4.0.5 - missing functions: none
symbol engine: initialized successfully - sym options: 0x614 - pdb path: .;C:\Program Files\Java\jdk-19\bin;C:\WINDOWS\SYSTEM32;C:\WINDOWS\WinSxS\amd64_microsoft.windows.common-controls_6595b64144ccf1df_6.0.22621.2506_none_270c5ae97388e100;C:\Program Files\Java\jdk-19\bin\server

VM Arguments:
java_command: org.languagetool.server.HTTPServer -p 8081
java_class_path (initial): C:\Users\lenovo\.cache\language_tool_python\LanguageTool-6.4\languagetool-server.jar
Launcher Type: SUN_STANDARD

[Global flags]
     intx CICompilerCount                          = 4                                         {product} {ergonomic}
     uint ConcGCThreads                            = 2                                         {product} {ergonomic}
     uint G1ConcRefinementThreads                  = 8                                         {product} {ergonomic}
   size_t G1HeapRegionSize                         = 1048576                                   {product} {ergonomic}
    uintx GCDrainStackTargetSize                   = 64                                        {product} {ergonomic}
   size_t InitialHeapSize                          = 67108864                                  {product} {ergonomic}
   size_t MarkStackSize                            = 4194304                                   {product} {ergonomic}
   size_t MaxHeapSize                              = 1042284544                                {product} {ergonomic}
   size_t MaxNewSize                               = 624951296                                 {product} {ergonomic}
   size_t MinHeapDeltaBytes                        = 1048576                                   {product} {ergonomic}
   size_t MinHeapSize                              = 8388608                                   {product} {ergonomic}
    uintx NonNMethodCodeHeapSize                   = 5839372                                {pd product} {ergonomic}
    uintx NonProfiledCodeHeapSize                  = 122909434                              {pd product} {ergonomic}
    uintx ProfiledCodeHeapSize                     = 122909434                              {pd product} {ergonomic}
    uintx ReservedCodeCacheSize                    = 251658240                              {pd product} {ergonomic}
     bool SegmentedCodeCache                       = true                                      {product} {ergonomic}
   size_t SoftMaxHeapSize                          = 1042284544                             {manageable} {ergonomic}
     bool UseCompressedClassPointers               = true                           {product lp64_product} {ergonomic}
     bool UseCompressedOops                        = true                           {product lp64_product} {ergonomic}
     bool UseG1GC                                  = true                                      {product} {ergonomic}
     bool UseLargePagesIndividualAllocation        = false                                  {pd product} {ergonomic}

Logging:
Log output configuration:
 #0: stdout all=warning uptime,level,tags foldmultilines=false
 #1: stderr all=off uptime,level,tags foldmultilines=false

Environment Variables:
JAVA_HOME=C:\Program Files\Java\jdk-19
PATH=C:\Program Files\Common Files\Oracle\Java\javapath;C:\WINDOWS\system32;C:\WINDOWS;C:\WINDOWS\System32\Wbem;C:\WINDOWS\System32\WindowsPowerShell\v1.0\;C:\WINDOWS\System32\OpenSSH\;C:\Program Files\dotnet\;C:\Program Files\Java\jdk-19\bin;C:\Program Files\Git\cmd;C:\Users\lenovo\AppData\Local\Programs\Python\Python312\Scripts\;C:\Users\lenovo\AppData\Local\Programs\Python\Python312\;C:\Users\lenovo\AppData\Local\Programs\Python\Launcher\;C:\Users\lenovo\AppData\Local\Microsoft\WindowsApps;C:\Users\lenovo\.dotnet\tools;D:\Microsoft VS Code\bin;
USERNAME=lenovo
LANG=en_US.UTF-8
OS=Windows_NT
PROCESSOR_IDENTIFIER=Intel64 Family 6 Model 142 Stepping 12, GenuineIntel
TMP=C:\Users\lenovo\AppData\Local\Temp
TEMP=C:\Users\lenovo\AppData\Local\Temp



---------------  S Y S T E M  ---------------

OS:
 Windows 11 , 64 bit Build 22621 (10.0.22621.3085)
OS uptime: 0 days 18:48 hours
Hyper-V role detected

CPU: total 8 (initial active 8) (4 cores per cpu, 2 threads per core) family 6 model 142 stepping 12 microcode 0xde, cx8, cmov, fxsr, ht, mmx, 3dnowpref, sse, sse2, sse3, ssse3, sse4.1, sse4.2, popcnt, lzcnt, tsc, tscinvbit, avx, avx2, aes, erms, clmul, bmi1, bmi2, adx, fma, vzeroupper, clflush, clflushopt, hv, rdtscp

Memory: 4k page, system-wide physical 3975M (183M free)
TotalPageFile size 16263M (AvailPageFile size 8M)
current process WorkingSet (physical memory assigned to process): 108M, peak: 109M
current process commit charge ("private bytes"): 169M, peak: 224M

vm_info: Java HotSpot(TM) 64-Bit Server VM (19.0.2+7-44) for windows-amd64 JRE (19.0.2+7-44), built on 2022-11-30T18:02:09Z by "mach5one" with MS VC++ 17.1 (VS2022)

END.
