#
# There is insufficient memory for the Java Runtime Environment to continue.
# Native memory allocation (mmap) failed to map 256901120 bytes for G1 virtual space
# Possible reasons:
#   The system is out of physical RAM or swap space
#   The process is running with CompressedOops enabled, and the Java Heap may be blocking the growth of the native heap
# Possible solutions:
#   Reduce memory load on the system
#   Increase physical memory or swap space
#   Check if swap backing store is full
#   Decrease Java heap size (-Xmx/-Xms)
#   Decrease number of Java threads
#   Decrease Java thread stack sizes (-Xss)
#   Set larger code cache with -XX:ReservedCodeCacheSize=
#   JVM is running with Unscaled Compressed Oops mode in which the Java heap is
#     placed in the first 4GB address space. The Java Heap base address is the
#     maximum limit for the native heap growth. Please use -XX:HeapBaseMinAddress
#     to set the Java Heap base and to place the Java Heap above 4GB virtual address.
# This output file may be truncated or incomplete.
#
#  Out of Memory Error (os_windows.cpp:3536), pid=13972, tid=12988
#
# JRE version: Java(TM) SE Runtime Environment (19.0.2+7) (build 19.0.2+7-44)
# Java VM: Java HotSpot(TM) 64-Bit Server VM (19.0.2+7-44, mixed mode, sharing, tiered, compressed oops, compressed class ptrs, g1 gc, windows-amd64)
# No core dump will be written. Minidumps are not enabled by default on client versions of Windows
#

---------------  S U M M A R Y ------------

Command Line: org.languagetool.server.HTTPServer -p 8081

Host: Intel(R) Core(TM) i5-8265U CPU @ 1.60GHz, 8 cores, 3G,  Windows 11 , 64 bit Build 22621 (10.0.22621.3085)
Time: Sat May 11 19:48:44 2024 Malay Peninsula Standard Time elapsed time: 2.766810 seconds (0d 0h 0m 2s)

---------------  T H R E A D  ---------------

Current thread (0x000001c056968970):  VMThread "VM Thread" [stack: 0x0000008d6b100000,0x0000008d6b200000] [id=12988]

Stack: [0x0000008d6b100000,0x0000008d6b200000]
Native frames: (J=compiled Java code, j=interpreted, Vv=VM code, C=native code)
V  [jvm.dll+0x6ee21a]
V  [jvm.dll+0x85765e]
V  [jvm.dll+0x85904e]
V  [jvm.dll+0x859703]
V  [jvm.dll+0x28298f]
V  [jvm.dll+0x6eb009]
V  [jvm.dll+0x6dfbaa]
V  [jvm.dll+0x3573f6]
V  [jvm.dll+0x35ee56]
V  [jvm.dll+0x3b541e]
V  [jvm.dll+0x3b564f]
V  [jvm.dll+0x32c9ea]
V  [jvm.dll+0x32ca97]
V  [jvm.dll+0x374cd2]
V  [jvm.dll+0x37340f]
V  [jvm.dll+0x32c210]
V  [jvm.dll+0x3729ab]
V  [jvm.dll+0x85ebc3]
V  [jvm.dll+0x85f989]
V  [jvm.dll+0x85febd]
V  [jvm.dll+0x86034b]
V  [jvm.dll+0x860407]
V  [jvm.dll+0x80125a]
V  [jvm.dll+0x6ecf0b]
C  [ucrtbase.dll+0x29363]
C  [KERNEL32.DLL+0x1257d]
C  [ntdll.dll+0x5aa58]

VM_Operation (0x0000008d6abfd160): G1CollectForAllocation, mode: safepoint, requested by thread 0x000001c03a7fcf90


---------------  P R O C E S S  ---------------

Threads class SMR info:
_java_thread_list=0x000001c05babd760, length=15, elements={
0x000001c03a7fcf90, 0x000001c05697ea80, 0x000001c056981690, 0x000001c056982280,
0x000001c056983bc0, 0x000001c0569844f0, 0x000001c056984e20, 0x000001c056987a90,
0x000001c056996920, 0x000001c056997290, 0x000001c05ac9d700, 0x000001c05aca04c0,
0x000001c05b2ae310, 0x000001c05bb85230, 0x000001c05bb4ad30
}

Java Threads: ( => current thread )
  0x000001c03a7fcf90 JavaThread "main" [_thread_blocked, id=14024, stack(0x0000008d6ab00000,0x0000008d6ac00000)]
  0x000001c05697ea80 JavaThread "Reference Handler" daemon [_thread_blocked, id=8036, stack(0x0000008d6b200000,0x0000008d6b300000)]
  0x000001c056981690 JavaThread "Finalizer" daemon [_thread_blocked, id=6860, stack(0x0000008d6b300000,0x0000008d6b400000)]
  0x000001c056982280 JavaThread "Signal Dispatcher" daemon [_thread_blocked, id=13476, stack(0x0000008d6b400000,0x0000008d6b500000)]
  0x000001c056983bc0 JavaThread "Attach Listener" daemon [_thread_blocked, id=13396, stack(0x0000008d6b500000,0x0000008d6b600000)]
  0x000001c0569844f0 JavaThread "Service Thread" daemon [_thread_blocked, id=11860, stack(0x0000008d6b600000,0x0000008d6b700000)]
  0x000001c056984e20 JavaThread "Monitor Deflation Thread" daemon [_thread_blocked, id=13448, stack(0x0000008d6b700000,0x0000008d6b800000)]
  0x000001c056987a90 JavaThread "C2 CompilerThread0" daemon [_thread_blocked, id=3204, stack(0x0000008d6b800000,0x0000008d6b900000)]
  0x000001c056996920 JavaThread "C1 CompilerThread0" daemon [_thread_blocked, id=12444, stack(0x0000008d6b900000,0x0000008d6ba00000)]
  0x000001c056997290 JavaThread "Sweeper thread" daemon [_thread_blocked, id=14004, stack(0x0000008d6ba00000,0x0000008d6bb00000)]
  0x000001c05ac9d700 JavaThread "Notification Thread" daemon [_thread_blocked, id=12396, stack(0x0000008d6bb00000,0x0000008d6bc00000)]
  0x000001c05aca04c0 JavaThread "Common-Cleaner" daemon [_thread_blocked, id=14300, stack(0x0000008d6bd00000,0x0000008d6be00000)]
  0x000001c05b2ae310 JavaThread "C2 CompilerThread1" daemon [_thread_blocked, id=13968, stack(0x0000008d6be00000,0x0000008d6bf00000)]
  0x000001c05bb85230 JavaThread "LtThreadPoolMonitor" daemon [_thread_blocked, id=13908, stack(0x0000008d6bf00000,0x0000008d6c000000)]
  0x000001c05bb4ad30 JavaThread "LtThreadPoolExecutorMonitor" daemon [_thread_blocked, id=1652, stack(0x0000008d6c000000,0x0000008d6c100000)]

Other Threads:
=>0x000001c056968970 VMThread "VM Thread" [stack: 0x0000008d6b100000,0x0000008d6b200000] [id=12988]
  0x000001c05aca0060 WatcherThread "VM Periodic Task Thread" [stack: 0x0000008d6bc00000,0x0000008d6bd00000] [id=1484]
  0x000001c03a840ab0 WorkerThread "GC Thread#0" [stack: 0x0000008d6ac00000,0x0000008d6ad00000] [id=12772]
  0x000001c0569686a0 WorkerThread "GC Thread#1" [stack: 0x0000008d6c100000,0x0000008d6c200000] [id=3176]
  0x000001c056968f10 WorkerThread "GC Thread#2" [stack: 0x0000008d6c200000,0x0000008d6c300000] [id=6408]
  0x000001c0569691e0 WorkerThread "GC Thread#3" [stack: 0x0000008d6c300000,0x0000008d6c400000] [id=6352]
  0x000001c056969780 WorkerThread "GC Thread#4" [stack: 0x0000008d6c400000,0x0000008d6c500000] [id=12260]
  0x000001c056969d20 WorkerThread "GC Thread#5" [stack: 0x0000008d6c500000,0x0000008d6c600000] [id=9936]
  0x000001c05696a2c0 WorkerThread "GC Thread#6" [stack: 0x0000008d6c600000,0x0000008d6c700000] [id=13544]
  0x000001c056969ff0 WorkerThread "GC Thread#7" [stack: 0x0000008d6c700000,0x0000008d6c800000] [id=8400]
  0x000001c03a849550 ConcurrentGCThread "G1 Main Marker" [stack: 0x0000008d6ad00000,0x0000008d6ae00000] [id=6804]
  0x000001c03a84a020 WorkerThread "G1 Conc#0" [stack: 0x0000008d6ae00000,0x0000008d6af00000] [id=2640]
  0x000001c03a8b1d50 ConcurrentGCThread "G1 Refine#0" [stack: 0x0000008d6af00000,0x0000008d6b000000] [id=12616]
  0x000001c03a8b2790 ConcurrentGCThread "G1 Service" [stack: 0x0000008d6b000000,0x0000008d6b100000] [id=9860]

Threads with active compile tasks:
C2 CompilerThread0     2845 1564 % !   4       org.languagetool.language.identifier.detector.CommonWordsDetector::<init> @ 253 (531 bytes)

VM state: at safepoint (normal execution)

VM Mutex/Monitor currently owned by a thread:  ([mutex/lock_event])
[0x000001c03a7f9210] Threads_lock - owner thread: 0x000001c056968970
[0x000001c03a7f78c0] Heap_lock - owner thread: 0x000001c03a7fcf90

Heap address: 0x00000000c1e00000, size: 994 MB, Compressed Oops mode: 32-bit

CDS archive(s) mapped at: [0x0000000800000000-0x0000000800c40000-0x0000000800c40000), size 12845056, SharedBaseAddress: 0x0000000800000000, ArchiveRelocationMode: 0.
Compressed class space mapped at: 0x0000000801000000-0x0000000841000000, reserved size: 1073741824
Narrow klass base: 0x0000000800000000, Narrow klass shift: 0, Narrow klass range: 0x100000000

GC Precious Log:
 CardTable entry size: 512
 Card Set container configuration: InlinePtr #cards 5 size 8 Array Of Cards #cards 12 size 40 Howl #buckets 4 coarsen threshold 1843 Howl Bitmap #cards 512 size 80 coarsen threshold 460 Card regions per heap region 1 cards per card region 2048
 CPUs: 8 total, 8 available
 Memory: 3975M
 Large Page Support: Disabled
 NUMA Support: Disabled
 Compressed Oops: Enabled (32-bit)
 Heap Region Size: 1M
 Heap Min Capacity: 8M
 Heap Initial Capacity: 64M
 Heap Max Capacity: 994M
 Pre-touch: Disabled
 Parallel Workers: 8
 Concurrent Workers: 2
 Concurrent Refinement Workers: 8
 Periodic GC: Disabled

Heap:
 garbage-first heap   total 142336K, used 37812K [0x00000000c1e00000, 0x0000000100000000)
  region size 1024K, 4 young (4096K), 4 survivors (4096K)
 Metaspace       used 10056K, committed 10304K, reserved 1114112K
  class space    used 1101K, committed 1216K, reserved 1048576K

Heap Regions: E=young(eden), S=young(survivor), O=old, HS=humongous(starts), HC=humongous(continues), CS=collection set, F=free, OA=open archive, CA=closed archive, TAMS=top-at-mark-start (previous, next)
|   0|0x00000000c1e00000, 0x00000000c1f00000, 0x00000000c1f00000|100%| O|  |TAMS 0x00000000c1e00000, 0x00000000c1e00000| Untracked 
|   1|0x00000000c1f00000, 0x00000000c2000000, 0x00000000c2000000|100%| O|  |TAMS 0x00000000c1f00000, 0x00000000c1f00000| Untracked 
|   2|0x00000000c2000000, 0x00000000c2100000, 0x00000000c2100000|100%| O|  |TAMS 0x00000000c2000000, 0x00000000c2000000| Untracked 
|   3|0x00000000c2100000, 0x00000000c2200000, 0x00000000c2200000|100%| O|  |TAMS 0x00000000c2100000, 0x00000000c2100000| Untracked 
|   4|0x00000000c2200000, 0x00000000c2300000, 0x00000000c2300000|100%| O|  |TAMS 0x00000000c2200000, 0x00000000c2200000| Untracked 
|   5|0x00000000c2300000, 0x00000000c2400000, 0x00000000c2400000|100%| O|  |TAMS 0x00000000c2300000, 0x00000000c2300000| Untracked 
|   6|0x00000000c2400000, 0x00000000c2500000, 0x00000000c2500000|100%| O|  |TAMS 0x00000000c2400000, 0x00000000c2400000| Untracked 
|   7|0x00000000c2500000, 0x00000000c2600000, 0x00000000c2600000|100%| O|  |TAMS 0x00000000c2500000, 0x00000000c2500000| Untracked 
|   8|0x00000000c2600000, 0x00000000c2700000, 0x00000000c2700000|100%| O|  |TAMS 0x00000000c2600000, 0x00000000c2600000| Untracked 
|   9|0x00000000c2700000, 0x00000000c2800000, 0x00000000c2800000|100%| O|  |TAMS 0x00000000c2700000, 0x00000000c2700000| Untracked 
|  10|0x00000000c2800000, 0x00000000c2900000, 0x00000000c2900000|100%| O|  |TAMS 0x00000000c2800000, 0x00000000c2800000| Untracked 
|  11|0x00000000c2900000, 0x00000000c2a00000, 0x00000000c2a00000|100%| O|  |TAMS 0x00000000c2900000, 0x00000000c2900000| Untracked 
|  12|0x00000000c2a00000, 0x00000000c2b00000, 0x00000000c2b00000|100%| O|  |TAMS 0x00000000c2a00000, 0x00000000c2a00000| Untracked 
|  13|0x00000000c2b00000, 0x00000000c2c00000, 0x00000000c2c00000|100%| O|  |TAMS 0x00000000c2b00000, 0x00000000c2b00000| Untracked 
|  14|0x00000000c2c00000, 0x00000000c2d00000, 0x00000000c2d00000|100%| O|  |TAMS 0x00000000c2c00000, 0x00000000c2c00000| Untracked 
|  15|0x00000000c2d00000, 0x00000000c2e00000, 0x00000000c2e00000|100%|HS|  |TAMS 0x00000000c2d00000, 0x00000000c2d00000| Complete 
|  16|0x00000000c2e00000, 0x00000000c2f00000, 0x00000000c2f00000|100%| O|  |TAMS 0x00000000c2e00000, 0x00000000c2e00000| Untracked 
|  17|0x00000000c2f00000, 0x00000000c3000000, 0x00000000c3000000|100%| O|  |TAMS 0x00000000c2f00000, 0x00000000c2f00000| Untracked 
|  18|0x00000000c3000000, 0x00000000c3100000, 0x00000000c3100000|100%|HS|  |TAMS 0x00000000c3000000, 0x00000000c3000000| Complete 
|  19|0x00000000c3100000, 0x00000000c3200000, 0x00000000c3200000|100%|HC|  |TAMS 0x00000000c3100000, 0x00000000c3100000| Complete 
|  20|0x00000000c3200000, 0x00000000c3300000, 0x00000000c3300000|100%| O|  |TAMS 0x00000000c3200000, 0x00000000c3200000| Untracked 
|  21|0x00000000c3300000, 0x00000000c3400000, 0x00000000c3400000|100%| O|  |TAMS 0x00000000c3300000, 0x00000000c3300000| Untracked 
|  22|0x00000000c3400000, 0x00000000c3500000, 0x00000000c3500000|100%| O|  |TAMS 0x00000000c3400000, 0x00000000c3400000| Untracked 
|  23|0x00000000c3500000, 0x00000000c3600000, 0x00000000c3600000|100%| O|  |TAMS 0x00000000c3500000, 0x00000000c3500000| Untracked 
|  24|0x00000000c3600000, 0x00000000c3700000, 0x00000000c3700000|100%| O|  |TAMS 0x00000000c3600000, 0x00000000c3600000| Untracked 
|  25|0x00000000c3700000, 0x00000000c3800000, 0x00000000c3800000|100%| O|  |TAMS 0x00000000c3700000, 0x00000000c3700000| Untracked 
|  26|0x00000000c3800000, 0x00000000c3900000, 0x00000000c3900000|100%| O|  |TAMS 0x00000000c3800000, 0x00000000c3800000| Untracked 
|  27|0x00000000c3900000, 0x00000000c3a00000, 0x00000000c3a00000|100%| O|  |TAMS 0x00000000c3900000, 0x00000000c3900000| Untracked 
|  28|0x00000000c3a00000, 0x00000000c3b00000, 0x00000000c3b00000|100%| O|  |TAMS 0x00000000c3a00000, 0x00000000c3a00000| Untracked 
|  29|0x00000000c3b00000, 0x00000000c3c00000, 0x00000000c3c00000|100%| O|  |TAMS 0x00000000c3b00000, 0x00000000c3b00000| Untracked 
|  30|0x00000000c3c00000, 0x00000000c3d00000, 0x00000000c3d00000|100%| O|  |TAMS 0x00000000c3c00000, 0x00000000c3c00000| Untracked 
|  31|0x00000000c3d00000, 0x00000000c3e00000, 0x00000000c3e00000|100%| O|  |TAMS 0x00000000c3d00000, 0x00000000c3d00000| Untracked 
|  32|0x00000000c3e00000, 0x00000000c3eed000, 0x00000000c3f00000| 92%| O|  |TAMS 0x00000000c3e00000, 0x00000000c3e00000| Untracked 
|  33|0x00000000c3f00000, 0x00000000c3f00000, 0x00000000c4000000|  0%| F|  |TAMS 0x00000000c3f00000, 0x00000000c3f00000| Untracked 
|  34|0x00000000c4000000, 0x00000000c4000000, 0x00000000c4100000|  0%| F|  |TAMS 0x00000000c4000000, 0x00000000c4000000| Untracked 
|  35|0x00000000c4100000, 0x00000000c4100000, 0x00000000c4200000|  0%| F|  |TAMS 0x00000000c4100000, 0x00000000c4100000| Untracked 
|  36|0x00000000c4200000, 0x00000000c4200000, 0x00000000c4300000|  0%| F|  |TAMS 0x00000000c4200000, 0x00000000c4200000| Untracked 
|  37|0x00000000c4300000, 0x00000000c4300000, 0x00000000c4400000|  0%| F|  |TAMS 0x00000000c4300000, 0x00000000c4300000| Untracked 
|  38|0x00000000c4400000, 0x00000000c4400000, 0x00000000c4500000|  0%| F|  |TAMS 0x00000000c4400000, 0x00000000c4400000| Untracked 
|  39|0x00000000c4500000, 0x00000000c4500000, 0x00000000c4600000|  0%| F|  |TAMS 0x00000000c4500000, 0x00000000c4500000| Untracked 
|  40|0x00000000c4600000, 0x00000000c4600000, 0x00000000c4700000|  0%| F|  |TAMS 0x00000000c4600000, 0x00000000c4600000| Untracked 
|  41|0x00000000c4700000, 0x00000000c4700000, 0x00000000c4800000|  0%| F|  |TAMS 0x00000000c4700000, 0x00000000c4700000| Untracked 
|  42|0x00000000c4800000, 0x00000000c4800000, 0x00000000c4900000|  0%| F|  |TAMS 0x00000000c4800000, 0x00000000c4800000| Untracked 
|  43|0x00000000c4900000, 0x00000000c4900000, 0x00000000c4a00000|  0%| F|  |TAMS 0x00000000c4900000, 0x00000000c4900000| Untracked 
|  44|0x00000000c4a00000, 0x00000000c4a00000, 0x00000000c4b00000|  0%| F|  |TAMS 0x00000000c4a00000, 0x00000000c4a00000| Untracked 
|  45|0x00000000c4b00000, 0x00000000c4b00000, 0x00000000c4c00000|  0%| F|  |TAMS 0x00000000c4b00000, 0x00000000c4b00000| Untracked 
|  46|0x00000000c4c00000, 0x00000000c4c00000, 0x00000000c4d00000|  0%| F|  |TAMS 0x00000000c4c00000, 0x00000000c4c00000| Untracked 
|  47|0x00000000c4d00000, 0x00000000c4d00000, 0x00000000c4e00000|  0%| F|  |TAMS 0x00000000c4d00000, 0x00000000c4d00000| Untracked 
|  48|0x00000000c4e00000, 0x00000000c4e00000, 0x00000000c4f00000|  0%| F|  |TAMS 0x00000000c4e00000, 0x00000000c4e00000| Untracked 
|  49|0x00000000c4f00000, 0x00000000c4f00000, 0x00000000c5000000|  0%| F|  |TAMS 0x00000000c4f00000, 0x00000000c4f00000| Untracked 
|  50|0x00000000c5000000, 0x00000000c5000000, 0x00000000c5100000|  0%| F|  |TAMS 0x00000000c5000000, 0x00000000c5000000| Untracked 
|  51|0x00000000c5100000, 0x00000000c5100000, 0x00000000c5200000|  0%| F|  |TAMS 0x00000000c5100000, 0x00000000c5100000| Untracked 
|  52|0x00000000c5200000, 0x00000000c5200000, 0x00000000c5300000|  0%| F|  |TAMS 0x00000000c5200000, 0x00000000c5200000| Untracked 
|  53|0x00000000c5300000, 0x00000000c5300000, 0x00000000c5400000|  0%| F|  |TAMS 0x00000000c5300000, 0x00000000c5300000| Untracked 
|  54|0x00000000c5400000, 0x00000000c5400000, 0x00000000c5500000|  0%| F|  |TAMS 0x00000000c5400000, 0x00000000c5400000| Untracked 
|  55|0x00000000c5500000, 0x00000000c5500000, 0x00000000c5600000|  0%| F|  |TAMS 0x00000000c5500000, 0x00000000c5500000| Untracked 
|  56|0x00000000c5600000, 0x00000000c5600000, 0x00000000c5700000|  0%| F|  |TAMS 0x00000000c5600000, 0x00000000c5600000| Untracked 
|  57|0x00000000c5700000, 0x00000000c5700000, 0x00000000c5800000|  0%| F|  |TAMS 0x00000000c5700000, 0x00000000c5700000| Untracked 
|  58|0x00000000c5800000, 0x00000000c5800000, 0x00000000c5900000|  0%| F|  |TAMS 0x00000000c5800000, 0x00000000c5800000| Untracked 
|  59|0x00000000c5900000, 0x00000000c5900000, 0x00000000c5a00000|  0%| F|  |TAMS 0x00000000c5900000, 0x00000000c5900000| Untracked 
|  60|0x00000000c5a00000, 0x00000000c5a00000, 0x00000000c5b00000|  0%| F|  |TAMS 0x00000000c5a00000, 0x00000000c5a00000| Untracked 
|  61|0x00000000c5b00000, 0x00000000c5c00000, 0x00000000c5c00000|100%| S|CS|TAMS 0x00000000c5b00000, 0x00000000c5b00000| Complete 
|  62|0x00000000c5c00000, 0x00000000c5d00000, 0x00000000c5d00000|100%| S|CS|TAMS 0x00000000c5c00000, 0x00000000c5c00000| Complete 
|  63|0x00000000c5d00000, 0x00000000c5d00000, 0x00000000c5e00000|  0%| F|  |TAMS 0x00000000c5d00000, 0x00000000c5d00000| Untracked 
|  64|0x00000000c5e00000, 0x00000000c5f00000, 0x00000000c5f00000|100%| S|CS|TAMS 0x00000000c5e00000, 0x00000000c5e00000| Complete 
|  65|0x00000000c5f00000, 0x00000000c6000000, 0x00000000c6000000|100%| S|CS|TAMS 0x00000000c5f00000, 0x00000000c5f00000| Complete 
|  66|0x00000000c6000000, 0x00000000c6000000, 0x00000000c6100000|  0%| F|  |TAMS 0x00000000c6000000, 0x00000000c6000000| Untracked 
|  67|0x00000000c6100000, 0x00000000c6100000, 0x00000000c6200000|  0%| F|  |TAMS 0x00000000c6100000, 0x00000000c6100000| Untracked 
|  68|0x00000000c6200000, 0x00000000c6200000, 0x00000000c6300000|  0%| F|  |TAMS 0x00000000c6200000, 0x00000000c6200000| Untracked 
|  69|0x00000000c6300000, 0x00000000c6300000, 0x00000000c6400000|  0%| F|  |TAMS 0x00000000c6300000, 0x00000000c6300000| Untracked 
|  70|0x00000000c6400000, 0x00000000c6400000, 0x00000000c6500000|  0%| F|  |TAMS 0x00000000c6400000, 0x00000000c6400000| Untracked 
|  71|0x00000000c6500000, 0x00000000c6500000, 0x00000000c6600000|  0%| F|  |TAMS 0x00000000c6500000, 0x00000000c6500000| Untracked 
|  72|0x00000000c6600000, 0x00000000c6600000, 0x00000000c6700000|  0%| F|  |TAMS 0x00000000c6600000, 0x00000000c6600000| Untracked 
|  73|0x00000000c6700000, 0x00000000c6700000, 0x00000000c6800000|  0%| F|  |TAMS 0x00000000c6700000, 0x00000000c6700000| Untracked 
|  74|0x00000000c6800000, 0x00000000c6800000, 0x00000000c6900000|  0%| F|  |TAMS 0x00000000c6800000, 0x00000000c6800000| Untracked 
|  75|0x00000000c6900000, 0x00000000c6900000, 0x00000000c6a00000|  0%| F|  |TAMS 0x00000000c6900000, 0x00000000c6900000| Untracked 
|  76|0x00000000c6a00000, 0x00000000c6a00000, 0x00000000c6b00000|  0%| F|  |TAMS 0x00000000c6a00000, 0x00000000c6a00000| Untracked 
|  77|0x00000000c6b00000, 0x00000000c6b00000, 0x00000000c6c00000|  0%| F|  |TAMS 0x00000000c6b00000, 0x00000000c6b00000| Untracked 
|  78|0x00000000c6c00000, 0x00000000c6c00000, 0x00000000c6d00000|  0%| F|  |TAMS 0x00000000c6c00000, 0x00000000c6c00000| Untracked 
|  79|0x00000000c6d00000, 0x00000000c6d00000, 0x00000000c6e00000|  0%| F|  |TAMS 0x00000000c6d00000, 0x00000000c6d00000| Untracked 
|  80|0x00000000c6e00000, 0x00000000c6e00000, 0x00000000c6f00000|  0%| F|  |TAMS 0x00000000c6e00000, 0x00000000c6e00000| Untracked 
|  81|0x00000000c6f00000, 0x00000000c6f00000, 0x00000000c7000000|  0%| F|  |TAMS 0x00000000c6f00000, 0x00000000c6f00000| Untracked 
|  82|0x00000000c7000000, 0x00000000c7000000, 0x00000000c7100000|  0%| F|  |TAMS 0x00000000c7000000, 0x00000000c7000000| Untracked 
|  83|0x00000000c7100000, 0x00000000c7100000, 0x00000000c7200000|  0%| F|  |TAMS 0x00000000c7100000, 0x00000000c7100000| Untracked 
|  84|0x00000000c7200000, 0x00000000c7200000, 0x00000000c7300000|  0%| F|  |TAMS 0x00000000c7200000, 0x00000000c7200000| Untracked 
|  85|0x00000000c7300000, 0x00000000c7300000, 0x00000000c7400000|  0%| F|  |TAMS 0x00000000c7300000, 0x00000000c7300000| Untracked 
|  86|0x00000000c7400000, 0x00000000c7400000, 0x00000000c7500000|  0%| F|  |TAMS 0x00000000c7400000, 0x00000000c7400000| Untracked 
|  87|0x00000000c7500000, 0x00000000c7500000, 0x00000000c7600000|  0%| F|  |TAMS 0x00000000c7500000, 0x00000000c7500000| Untracked 
|  88|0x00000000c7600000, 0x00000000c7600000, 0x00000000c7700000|  0%| F|  |TAMS 0x00000000c7600000, 0x00000000c7600000| Untracked 
|  89|0x00000000c7700000, 0x00000000c7700000, 0x00000000c7800000|  0%| F|  |TAMS 0x00000000c7700000, 0x00000000c7700000| Untracked 
|  90|0x00000000c7800000, 0x00000000c7800000, 0x00000000c7900000|  0%| F|  |TAMS 0x00000000c7800000, 0x00000000c7800000| Untracked 
|  91|0x00000000c7900000, 0x00000000c7900000, 0x00000000c7a00000|  0%| F|  |TAMS 0x00000000c7900000, 0x00000000c7900000| Untracked 
|  92|0x00000000c7a00000, 0x00000000c7a00000, 0x00000000c7b00000|  0%| F|  |TAMS 0x00000000c7a00000, 0x00000000c7a00000| Untracked 
|  93|0x00000000c7b00000, 0x00000000c7b00000, 0x00000000c7c00000|  0%| F|  |TAMS 0x00000000c7b00000, 0x00000000c7b00000| Untracked 
|  94|0x00000000c7c00000, 0x00000000c7c00000, 0x00000000c7d00000|  0%| F|  |TAMS 0x00000000c7c00000, 0x00000000c7c00000| Untracked 
|  95|0x00000000c7d00000, 0x00000000c7d00000, 0x00000000c7e00000|  0%| F|  |TAMS 0x00000000c7d00000, 0x00000000c7d00000| Untracked 
|  96|0x00000000c7e00000, 0x00000000c7e00000, 0x00000000c7f00000|  0%| F|  |TAMS 0x00000000c7e00000, 0x00000000c7e00000| Untracked 
|  97|0x00000000c7f00000, 0x00000000c7f00000, 0x00000000c8000000|  0%| F|  |TAMS 0x00000000c7f00000, 0x00000000c7f00000| Untracked 
|  98|0x00000000c8000000, 0x00000000c8000000, 0x00000000c8100000|  0%| F|  |TAMS 0x00000000c8000000, 0x00000000c8000000| Untracked 
|  99|0x00000000c8100000, 0x00000000c8100000, 0x00000000c8200000|  0%| F|  |TAMS 0x00000000c8100000, 0x00000000c8100000| Untracked 
| 100|0x00000000c8200000, 0x00000000c8200000, 0x00000000c8300000|  0%| F|  |TAMS 0x00000000c8200000, 0x00000000c8200000| Untracked 
| 101|0x00000000c8300000, 0x00000000c8300000, 0x00000000c8400000|  0%| F|  |TAMS 0x00000000c8300000, 0x00000000c8300000| Untracked 
| 102|0x00000000c8400000, 0x00000000c8400000, 0x00000000c8500000|  0%| F|  |TAMS 0x00000000c8400000, 0x00000000c8400000| Untracked 
| 103|0x00000000c8500000, 0x00000000c8500000, 0x00000000c8600000|  0%| F|  |TAMS 0x00000000c8500000, 0x00000000c8500000| Untracked 
| 104|0x00000000c8600000, 0x00000000c8600000, 0x00000000c8700000|  0%| F|  |TAMS 0x00000000c8600000, 0x00000000c8600000| Untracked 
| 105|0x00000000c8700000, 0x00000000c8700000, 0x00000000c8800000|  0%| F|  |TAMS 0x00000000c8700000, 0x00000000c8700000| Untracked 
| 106|0x00000000c8800000, 0x00000000c8800000, 0x00000000c8900000|  0%| F|  |TAMS 0x00000000c8800000, 0x00000000c8800000| Untracked 
| 107|0x00000000c8900000, 0x00000000c8900000, 0x00000000c8a00000|  0%| F|  |TAMS 0x00000000c8900000, 0x00000000c8900000| Untracked 
| 108|0x00000000c8a00000, 0x00000000c8a00000, 0x00000000c8b00000|  0%| F|  |TAMS 0x00000000c8a00000, 0x00000000c8a00000| Untracked 
| 109|0x00000000c8b00000, 0x00000000c8b00000, 0x00000000c8c00000|  0%| F|  |TAMS 0x00000000c8b00000, 0x00000000c8b00000| Untracked 
| 110|0x00000000c8c00000, 0x00000000c8c00000, 0x00000000c8d00000|  0%| F|  |TAMS 0x00000000c8c00000, 0x00000000c8c00000| Untracked 
| 111|0x00000000c8d00000, 0x00000000c8d00000, 0x00000000c8e00000|  0%| F|  |TAMS 0x00000000c8d00000, 0x00000000c8d00000| Untracked 
| 112|0x00000000c8e00000, 0x00000000c8e00000, 0x00000000c8f00000|  0%| F|  |TAMS 0x00000000c8e00000, 0x00000000c8e00000| Untracked 
| 113|0x00000000c8f00000, 0x00000000c8f00000, 0x00000000c9000000|  0%| F|  |TAMS 0x00000000c8f00000, 0x00000000c8f00000| Untracked 
| 114|0x00000000c9000000, 0x00000000c9000000, 0x00000000c9100000|  0%| F|  |TAMS 0x00000000c9000000, 0x00000000c9000000| Untracked 
| 115|0x00000000c9100000, 0x00000000c9100000, 0x00000000c9200000|  0%| F|  |TAMS 0x00000000c9100000, 0x00000000c9100000| Untracked 
| 116|0x00000000c9200000, 0x00000000c9200000, 0x00000000c9300000|  0%| F|  |TAMS 0x00000000c9200000, 0x00000000c9200000| Untracked 
| 117|0x00000000c9300000, 0x00000000c9300000, 0x00000000c9400000|  0%| F|  |TAMS 0x00000000c9300000, 0x00000000c9300000| Untracked 
| 118|0x00000000c9400000, 0x00000000c9400000, 0x00000000c9500000|  0%| F|  |TAMS 0x00000000c9400000, 0x00000000c9400000| Untracked 
| 119|0x00000000c9500000, 0x00000000c9500000, 0x00000000c9600000|  0%| F|  |TAMS 0x00000000c9500000, 0x00000000c9500000| Untracked 
| 120|0x00000000c9600000, 0x00000000c9600000, 0x00000000c9700000|  0%| F|  |TAMS 0x00000000c9600000, 0x00000000c9600000| Untracked 
| 121|0x00000000c9700000, 0x00000000c9700000, 0x00000000c9800000|  0%| F|  |TAMS 0x00000000c9700000, 0x00000000c9700000| Untracked 
| 122|0x00000000c9800000, 0x00000000c9800000, 0x00000000c9900000|  0%| F|  |TAMS 0x00000000c9800000, 0x00000000c9800000| Untracked 
| 123|0x00000000c9900000, 0x00000000c9900000, 0x00000000c9a00000|  0%| F|  |TAMS 0x00000000c9900000, 0x00000000c9900000| Untracked 
| 124|0x00000000c9a00000, 0x00000000c9a00000, 0x00000000c9b00000|  0%| F|  |TAMS 0x00000000c9a00000, 0x00000000c9a00000| Untracked 
| 125|0x00000000c9b00000, 0x00000000c9b00000, 0x00000000c9c00000|  0%| F|  |TAMS 0x00000000c9b00000, 0x00000000c9b00000| Untracked 
| 126|0x00000000c9c00000, 0x00000000c9c00000, 0x00000000c9d00000|  0%| F|  |TAMS 0x00000000c9c00000, 0x00000000c9c00000| Untracked 
| 127|0x00000000c9d00000, 0x00000000c9d00000, 0x00000000c9e00000|  0%| F|  |TAMS 0x00000000c9d00000, 0x00000000c9d00000| Untracked 
| 128|0x00000000c9e00000, 0x00000000c9e00000, 0x00000000c9f00000|  0%| F|  |TAMS 0x00000000c9e00000, 0x00000000c9e00000| Untracked 
| 129|0x00000000c9f00000, 0x00000000c9f00000, 0x00000000ca000000|  0%| F|  |TAMS 0x00000000c9f00000, 0x00000000c9f00000| Untracked 
| 130|0x00000000ca000000, 0x00000000ca000000, 0x00000000ca100000|  0%| F|  |TAMS 0x00000000ca000000, 0x00000000ca000000| Untracked 
| 131|0x00000000ca100000, 0x00000000ca100000, 0x00000000ca200000|  0%| F|  |TAMS 0x00000000ca100000, 0x00000000ca100000| Untracked 
| 132|0x00000000ca200000, 0x00000000ca200000, 0x00000000ca300000|  0%| F|  |TAMS 0x00000000ca200000, 0x00000000ca200000| Untracked 
| 133|0x00000000ca300000, 0x00000000ca300000, 0x00000000ca400000|  0%| F|  |TAMS 0x00000000ca300000, 0x00000000ca300000| Untracked 
| 134|0x00000000ca400000, 0x00000000ca400000, 0x00000000ca500000|  0%| F|  |TAMS 0x00000000ca400000, 0x00000000ca400000| Untracked 
| 135|0x00000000ca500000, 0x00000000ca500000, 0x00000000ca600000|  0%| F|  |TAMS 0x00000000ca500000, 0x00000000ca500000| Untracked 
| 136|0x00000000ca600000, 0x00000000ca600000, 0x00000000ca700000|  0%| F|  |TAMS 0x00000000ca600000, 0x00000000ca600000| Untracked 
| 137|0x00000000ca700000, 0x00000000ca700000, 0x00000000ca800000|  0%| F|  |TAMS 0x00000000ca700000, 0x00000000ca700000| Untracked 
| 138|0x00000000ca800000, 0x00000000ca800000, 0x00000000ca900000|  0%| F|  |TAMS 0x00000000ca800000, 0x00000000ca800000| Untracked 

Card table byte_map: [0x000001c051c90000,0x000001c051e90000] _byte_map_base: 0x000001c051681000

Marking Bits (Prev, Next): (CMBitMap*) 0x000001c03a840fe0, (CMBitMap*) 0x000001c03a841020
 Prev Bits: [0x000001c052090000, 0x000001c053018000)
 Next Bits: [0x000001c053020000, 0x000001c053fa8000)

Polling page: 0x000001c039fc0000

Metaspace:

Usage:
  Non-class:      8.75 MB used.
      Class:      1.08 MB used.
       Both:      9.82 MB used.

Virtual space:
  Non-class space:       64.00 MB reserved,       8.88 MB ( 14%) committed,  1 nodes.
      Class space:        1.00 GB reserved,       1.19 MB ( <1%) committed,  1 nodes.
             Both:        1.06 GB reserved,      10.06 MB ( <1%) committed. 

Chunk freelists:
   Non-Class:  2.53 MB
       Class:  2.66 MB
        Both:  5.19 MB

MaxMetaspaceSize: unlimited
CompressedClassSpaceSize: 1.00 GB
Initial GC threshold: 21.00 MB
Current GC threshold: 21.00 MB
CDS: on
MetaspaceReclaimPolicy: balanced
 - commit_granule_bytes: 65536.
 - commit_granule_words: 8192.
 - virtual_space_node_default_size: 8388608.
 - enlarge_chunks_in_place: 1.
 - new_chunks_are_fully_committed: 0.
 - uncommit_free_chunks: 1.
 - use_allocation_guard: 0.


Internal statistics:

num_allocs_failed_limit: 0.
num_arena_births: 96.
num_arena_deaths: 0.
num_vsnodes_births: 2.
num_vsnodes_deaths: 0.
num_space_committed: 160.
num_space_uncommitted: 0.
num_chunks_returned_to_freelist: 0.
num_chunks_taken_from_freelist: 277.
num_chunk_merges: 0.
num_chunk_splits: 180.
num_chunks_enlarged: 145.
num_inconsistent_stats: 0.

CodeHeap 'non-profiled nmethods': size=120000Kb used=693Kb max_used=693Kb free=119306Kb
 bounds [0x000001c04a230000, 0x000001c04a4a0000, 0x000001c051760000]
CodeHeap 'profiled nmethods': size=120000Kb used=2982Kb max_used=2982Kb free=117018Kb
 bounds [0x000001c042760000, 0x000001c042a50000, 0x000001c049c90000]
CodeHeap 'non-nmethods': size=5760Kb used=1292Kb max_used=1329Kb free=4468Kb
 bounds [0x000001c049c90000, 0x000001c049f00000, 0x000001c04a230000]
 total_blobs=2100 nmethods=1586 adapters=425
 compilation: enabled
              stopped_count=0, restarted_count=0
 full_count=0

Compilation events (20 events):
Event: 2.223 Thread 0x000001c05b2ae310 1580       4       jdk.internal.jimage.ImageLocation::readValue (61 bytes)
Event: 2.225 Thread 0x000001c056996920 1582       3       java.util.stream.Sink$ChainedInt::cancellationRequested (10 bytes)
Event: 2.226 Thread 0x000001c056996920 nmethod 1582 0x000001c042a45190 code [0x000001c042a45340, 0x000001c042a45508]
Event: 2.226 Thread 0x000001c056996920 1581       1       java.util.stream.IntPipeline$StatelessOp::opIsStateful (2 bytes)
Event: 2.227 Thread 0x000001c056996920 nmethod 1581 0x000001c04a2db110 code [0x000001c04a2db2a0, 0x000001c04a2db378]
Event: 2.238 Thread 0x000001c056996920 1583 %     3       java.lang.StringUTF16::toLowerCase @ 23 (299 bytes)
Event: 2.289 Thread 0x000001c05b2ae310 nmethod 1580 0x000001c04a2db410 code [0x000001c04a2db5a0, 0x000001c04a2db818]
Event: 2.290 Thread 0x000001c056996920 nmethod 1583% 0x000001c042a45610 code [0x000001c042a45940, 0x000001c042a46dd8]
Event: 2.291 Thread 0x000001c056996920 1584       3       java.lang.StringUTF16::toLowerCase (299 bytes)
Event: 2.293 Thread 0x000001c056996920 nmethod 1584 0x000001c042a47390 code [0x000001c042a476c0, 0x000001c042a48978]
Event: 2.299 Thread 0x000001c056996920 1585       3       java.nio.ByteBuffer::flip (7 bytes)
Event: 2.299 Thread 0x000001c056996920 nmethod 1585 0x000001c042a48f10 code [0x000001c042a490c0, 0x000001c042a49238]
Event: 2.301 Thread 0x000001c05b2ae310 1586       4       java.lang.StringUTF16::toLowerCase (299 bytes)
Event: 2.318 Thread 0x000001c05b2ae310 nmethod 1586 0x000001c04a2db910 code [0x000001c04a2dbb20, 0x000001c04a2dc470]
Event: 2.318 Thread 0x000001c05b2ae310 1587       4       java.util.regex.Matcher::getTextLength (10 bytes)
Event: 2.320 Thread 0x000001c05b2ae310 nmethod 1587 0x000001c04a2dcb10 code [0x000001c04a2dcca0, 0x000001c04a2dcd98]
Event: 2.331 Thread 0x000001c05b2ae310 1588       4       java.lang.Character::codePointBefore (48 bytes)
Event: 2.333 Thread 0x000001c05b2ae310 nmethod 1588 0x000001c04a2dce90 code [0x000001c04a2dd020, 0x000001c04a2dd1f8]
Event: 2.335 Thread 0x000001c056996920 1589       3       sun.net.www.ParseUtil::match (50 bytes)
Event: 2.335 Thread 0x000001c056996920 nmethod 1589 0x000001c042a49310 code [0x000001c042a494c0, 0x000001c042a49758]

GC Heap History (19 events):
Event: 1.141 GC heap before
{Heap before GC invocations=0 (full 0):
 garbage-first heap   total 65536K, used 22528K [0x00000000c1e00000, 0x0000000100000000)
  region size 1024K, 23 young (23552K), 0 survivors (0K)
 Metaspace       used 8659K, committed 8768K, reserved 1114112K
  class space    used 987K, committed 1024K, reserved 1048576K
}
Event: 1.149 GC heap after
{Heap after GC invocations=1 (full 0):
 garbage-first heap   total 65536K, used 7712K [0x00000000c1e00000, 0x0000000100000000)
  region size 1024K, 3 young (3072K), 3 survivors (3072K)
 Metaspace       used 8659K, committed 8768K, reserved 1114112K
  class space    used 987K, committed 1024K, reserved 1048576K
}
Event: 1.383 GC heap before
{Heap before GC invocations=1 (full 0):
 garbage-first heap   total 65536K, used 29216K [0x00000000c1e00000, 0x0000000100000000)
  region size 1024K, 25 young (25600K), 3 survivors (3072K)
 Metaspace       used 9860K, committed 10048K, reserved 1114112K
  class space    used 1089K, committed 1152K, reserved 1048576K
}
Event: 1.394 GC heap after
{Heap after GC invocations=2 (full 0):
 garbage-first heap   total 65536K, used 9567K [0x00000000c1e00000, 0x0000000100000000)
  region size 1024K, 2 young (2048K), 2 survivors (2048K)
 Metaspace       used 9860K, committed 10048K, reserved 1114112K
  class space    used 1089K, committed 1152K, reserved 1048576K
}
Event: 1.455 GC heap before
{Heap before GC invocations=2 (full 0):
 garbage-first heap   total 65536K, used 33119K [0x00000000c1e00000, 0x0000000100000000)
  region size 1024K, 25 young (25600K), 2 survivors (2048K)
 Metaspace       used 9875K, committed 10048K, reserved 1114112K
  class space    used 1089K, committed 1152K, reserved 1048576K
}
Event: 1.469 GC heap after
{Heap after GC invocations=3 (full 0):
 garbage-first heap   total 65536K, used 10630K [0x00000000c1e00000, 0x0000000100000000)
  region size 1024K, 3 young (3072K), 3 survivors (3072K)
 Metaspace       used 9875K, committed 10048K, reserved 1114112K
  class space    used 1089K, committed 1152K, reserved 1048576K
}
Event: 1.533 GC heap before
{Heap before GC invocations=3 (full 0):
 garbage-first heap   total 65536K, used 38278K [0x00000000c1e00000, 0x0000000100000000)
  region size 1024K, 30 young (30720K), 3 survivors (3072K)
 Metaspace       used 9901K, committed 10176K, reserved 1114112K
  class space    used 1090K, committed 1216K, reserved 1048576K
}
Event: 1.554 GC heap after
{Heap after GC invocations=4 (full 0):
 garbage-first heap   total 65536K, used 11858K [0x00000000c1e00000, 0x0000000100000000)
  region size 1024K, 3 young (3072K), 3 survivors (3072K)
 Metaspace       used 9901K, committed 10176K, reserved 1114112K
  class space    used 1090K, committed 1216K, reserved 1048576K
}
Event: 1.631 GC heap before
{Heap before GC invocations=4 (full 0):
 garbage-first heap   total 65536K, used 43602K [0x00000000c1e00000, 0x0000000100000000)
  region size 1024K, 34 young (34816K), 3 survivors (3072K)
 Metaspace       used 9927K, committed 10176K, reserved 1114112K
  class space    used 1090K, committed 1216K, reserved 1048576K
}
Event: 1.643 GC heap after
{Heap after GC invocations=5 (full 0):
 garbage-first heap   total 65536K, used 14530K [0x00000000c1e00000, 0x0000000100000000)
  region size 1024K, 5 young (5120K), 5 survivors (5120K)
 Metaspace       used 9927K, committed 10176K, reserved 1114112K
  class space    used 1090K, committed 1216K, reserved 1048576K
}
Event: 1.711 GC heap before
{Heap before GC invocations=5 (full 0):
 garbage-first heap   total 65536K, used 45250K [0x00000000c1e00000, 0x0000000100000000)
  region size 1024K, 35 young (35840K), 5 survivors (5120K)
 Metaspace       used 9930K, committed 10176K, reserved 1114112K
  class space    used 1090K, committed 1216K, reserved 1048576K
}
Event: 1.744 GC heap after
{Heap after GC invocations=6 (full 0):
 garbage-first heap   total 142336K, used 17284K [0x00000000c1e00000, 0x0000000100000000)
  region size 1024K, 3 young (3072K), 3 survivors (3072K)
 Metaspace       used 9930K, committed 10176K, reserved 1114112K
  class space    used 1090K, committed 1216K, reserved 1048576K
}
Event: 1.955 GC heap before
{Heap before GC invocations=6 (full 0):
 garbage-first heap   total 142336K, used 100228K [0x00000000c1e00000, 0x0000000100000000)
  region size 1024K, 83 young (84992K), 3 survivors (3072K)
 Metaspace       used 10052K, committed 10304K, reserved 1114112K
  class space    used 1100K, committed 1216K, reserved 1048576K
}
Event: 1.976 GC heap after
{Heap after GC invocations=7 (full 0):
 garbage-first heap   total 142336K, used 22129K [0x00000000c1e00000, 0x0000000100000000)
  region size 1024K, 7 young (7168K), 7 survivors (7168K)
 Metaspace       used 10052K, committed 10304K, reserved 1114112K
  class space    used 1100K, committed 1216K, reserved 1048576K
}
Event: 2.042 GC heap before
{Heap before GC invocations=7 (full 0):
 garbage-first heap   total 142336K, used 99953K [0x00000000c1e00000, 0x0000000100000000)
  region size 1024K, 83 young (84992K), 7 survivors (7168K)
 Metaspace       used 10053K, committed 10304K, reserved 1114112K
  class space    used 1101K, committed 1216K, reserved 1048576K
}
Event: 2.081 GC heap after
{Heap after GC invocations=8 (full 0):
 garbage-first heap   total 142336K, used 25960K [0x00000000c1e00000, 0x0000000100000000)
  region size 1024K, 8 young (8192K), 8 survivors (8192K)
 Metaspace       used 10053K, committed 10304K, reserved 1114112K
  class space    used 1101K, committed 1216K, reserved 1048576K
}
Event: 2.239 GC heap before
{Heap before GC invocations=8 (full 0):
 garbage-first heap   total 142336K, used 104808K [0x00000000c1e00000, 0x0000000100000000)
  region size 1024K, 83 young (84992K), 8 survivors (8192K)
 Metaspace       used 10056K, committed 10304K, reserved 1114112K
  class space    used 1101K, committed 1216K, reserved 1048576K
}
Event: 2.288 GC heap after
{Heap after GC invocations=9 (full 0):
 garbage-first heap   total 142336K, used 34248K [0x00000000c1e00000, 0x0000000100000000)
  region size 1024K, 10 young (10240K), 10 survivors (10240K)
 Metaspace       used 10056K, committed 10304K, reserved 1114112K
  class space    used 1101K, committed 1216K, reserved 1048576K
}
Event: 2.364 GC heap before
{Heap before GC invocations=9 (full 0):
 garbage-first heap   total 142336K, used 109000K [0x00000000c1e00000, 0x0000000100000000)
  region size 1024K, 83 young (84992K), 10 survivors (10240K)
 Metaspace       used 10056K, committed 10304K, reserved 1114112K
  class space    used 1101K, committed 1216K, reserved 1048576K
}

Dll operation events (7 events):
Event: 0.006 Loaded shared library C:\Program Files\Java\jdk-19\bin\java.dll
Event: 0.014 Loaded shared library C:\Program Files\Java\jdk-19\bin\jsvml.dll
Event: 0.057 Loaded shared library C:\Program Files\Java\jdk-19\bin\net.dll
Event: 0.060 Loaded shared library C:\Program Files\Java\jdk-19\bin\nio.dll
Event: 0.068 Loaded shared library C:\Program Files\Java\jdk-19\bin\zip.dll
Event: 0.086 Loaded shared library C:\Program Files\Java\jdk-19\bin\jimage.dll
Event: 0.927 Loaded shared library C:\Program Files\Java\jdk-19\bin\verify.dll

Deoptimization events (20 events):
Event: 2.147 Thread 0x000001c03a7fcf90 DEOPT PACKING pc=0x000001c042a40f04 sp=0x0000008d6abfe010
Event: 2.147 Thread 0x000001c03a7fcf90 DEOPT UNPACKING pc=0x000001c049cf7543 sp=0x0000008d6abfd568 mode 0
Event: 2.151 Thread 0x000001c03a7fcf90 DEOPT PACKING pc=0x000001c042a40f04 sp=0x0000008d6abfe010
Event: 2.151 Thread 0x000001c03a7fcf90 DEOPT UNPACKING pc=0x000001c049cf7543 sp=0x0000008d6abfd568 mode 0
Event: 2.154 Thread 0x000001c03a7fcf90 DEOPT PACKING pc=0x000001c042a40f04 sp=0x0000008d6abfe010
Event: 2.154 Thread 0x000001c03a7fcf90 DEOPT UNPACKING pc=0x000001c049cf7543 sp=0x0000008d6abfd568 mode 0
Event: 2.157 Thread 0x000001c03a7fcf90 DEOPT PACKING pc=0x000001c042a40f04 sp=0x0000008d6abfe010
Event: 2.157 Thread 0x000001c03a7fcf90 DEOPT UNPACKING pc=0x000001c049cf7543 sp=0x0000008d6abfd568 mode 0
Event: 2.198 Thread 0x000001c03a7fcf90 Uncommon trap: trap_request=0xffffffde fr.pc=0x000001c04a2b0220 relative=0x0000000000000180
Event: 2.198 Thread 0x000001c03a7fcf90 Uncommon trap: reason=class_check action=maybe_recompile pc=0x000001c04a2b0220 method=java.util.regex.Pattern$Slice.match(Ljava/util/regex/Matcher;ILjava/lang/CharSequence;)Z @ 49 c2
Event: 2.198 Thread 0x000001c03a7fcf90 DEOPT PACKING pc=0x000001c04a2b0220 sp=0x0000008d6abfe600
Event: 2.198 Thread 0x000001c03a7fcf90 DEOPT UNPACKING pc=0x000001c049cf6da3 sp=0x0000008d6abfe588 mode 2
Event: 2.198 Thread 0x000001c03a7fcf90 Uncommon trap: trap_request=0xffffffde fr.pc=0x000001c04a2b0220 relative=0x0000000000000180
Event: 2.198 Thread 0x000001c03a7fcf90 Uncommon trap: reason=class_check action=maybe_recompile pc=0x000001c04a2b0220 method=java.util.regex.Pattern$Slice.match(Ljava/util/regex/Matcher;ILjava/lang/CharSequence;)Z @ 49 c2
Event: 2.198 Thread 0x000001c03a7fcf90 DEOPT PACKING pc=0x000001c04a2b0220 sp=0x0000008d6abfe600
Event: 2.198 Thread 0x000001c03a7fcf90 DEOPT UNPACKING pc=0x000001c049cf6da3 sp=0x0000008d6abfe588 mode 2
Event: 2.198 Thread 0x000001c03a7fcf90 Uncommon trap: trap_request=0xffffffde fr.pc=0x000001c04a2b0220 relative=0x0000000000000180
Event: 2.198 Thread 0x000001c03a7fcf90 Uncommon trap: reason=class_check action=maybe_recompile pc=0x000001c04a2b0220 method=java.util.regex.Pattern$Slice.match(Ljava/util/regex/Matcher;ILjava/lang/CharSequence;)Z @ 49 c2
Event: 2.198 Thread 0x000001c03a7fcf90 DEOPT PACKING pc=0x000001c04a2b0220 sp=0x0000008d6abfe600
Event: 2.198 Thread 0x000001c03a7fcf90 DEOPT UNPACKING pc=0x000001c049cf6da3 sp=0x0000008d6abfe588 mode 2

Classes loaded (20 events):
Event: 1.768 Loading class sun/text/resources/BreakIteratorResources
Event: 1.769 Loading class sun/util/resources/BreakIteratorResourceBundle
Event: 1.771 Loading class sun/util/resources/BreakIteratorResourceBundle done
Event: 1.771 Loading class sun/text/resources/BreakIteratorResources done
Event: 1.772 Loading class sun/text/resources/BreakIteratorResources_en
Event: 1.772 Loading class sun/text/resources/BreakIteratorResources_en done
Event: 1.772 Loading class sun/text/resources/BreakIteratorResources_en_US
Event: 1.772 Loading class sun/text/resources/BreakIteratorResources_en_US done
Event: 1.773 Loading class sun/text/RuleBasedBreakIterator
Event: 1.774 Loading class sun/text/RuleBasedBreakIterator done
Event: 1.774 Loading class sun/text/CompactByteArray
Event: 1.776 Loading class sun/text/CompactByteArray done
Event: 1.777 Loading class sun/text/SupplementaryCharacterData
Event: 1.777 Loading class sun/text/SupplementaryCharacterData done
Event: 1.777 Loading class java/text/BreakIterator$BreakIteratorCache
Event: 1.777 Loading class java/text/BreakIterator$BreakIteratorCache done
Event: 1.777 Loading class java/text/StringCharacterIterator
Event: 1.778 Loading class java/text/CharacterIterator
Event: 1.778 Loading class java/text/CharacterIterator done
Event: 1.778 Loading class java/text/StringCharacterIterator done

Classes unloaded (0 events):
No events

Classes redefined (0 events):
No events

Internal exceptions (11 events):
Event: 0.309 Thread 0x000001c03a7fcf90 Exception <a 'java/lang/ClassNotFoundException'{0x00000000c55545c8}: javax/smartcardio/CardPermission> (0x00000000c55545c8) 
thrown [s\open\src\hotspot\share\classfile\systemDictionary.cpp, line 255]
Event: 0.312 Thread 0x000001c03a7fcf90 Exception <a 'java/io/FileNotFoundException'{0x00000000c5562a18}> (0x00000000c5562a18) 
thrown [s\open\src\hotspot\share\prims\jni.cpp, line 517]
Event: 0.334 Thread 0x000001c03a7fcf90 Exception <a 'java/lang/NoSuchMethodError'{0x00000000c54629c8}: 'void java.lang.invoke.DirectMethodHandle$Holder.invokeStatic(java.lang.Object, java.lang.Object, java.lang.Object)'> (0x00000000c54629c8) 
thrown [s\open\src\hotspot\share\interpreter\linkResolver.cpp, line 774]
Event: 0.469 Thread 0x000001c03a7fcf90 Exception <a 'java/lang/NoSuchMethodError'{0x00000000c520a208}: 'void java.lang.invoke.DirectMethodHandle$Holder.invokeSpecialIFC(java.lang.Object, java.lang.Object, java.lang.Object, java.lang.Object, java.lang.Object)'> (0x00000000c520a208) 
thrown [s\open\src\hotspot\share\interpreter\linkResolver.cpp, line 774]
Event: 0.471 Thread 0x000001c03a7fcf90 Exception <a 'java/lang/NoSuchMethodError'{0x00000000c5212560}: 'void java.lang.invoke.DirectMethodHandle$Holder.invokeStatic(java.lang.Object, java.lang.Object, java.lang.Object, java.lang.Object)'> (0x00000000c5212560) 
thrown [s\open\src\hotspot\share\interpreter\linkResolver.cpp, line 774]
Event: 0.472 Thread 0x000001c03a7fcf90 Exception <a 'java/lang/NoSuchMethodError'{0x00000000c521b5c0}: 'int java.lang.invoke.DirectMethodHandle$Holder.invokeSpecial(java.lang.Object, java.lang.Object, java.lang.Object)'> (0x00000000c521b5c0) 
thrown [s\open\src\hotspot\share\interpreter\linkResolver.cpp, line 774]
Event: 0.494 Thread 0x000001c03a7fcf90 Exception <a 'java/lang/NoSuchMethodError'{0x00000000c52c2a60}: 'java.lang.Object java.lang.invoke.DirectMethodHandle$Holder.invokeStaticInit(java.lang.Object, java.lang.Object, java.lang.Object)'> (0x00000000c52c2a60) 
thrown [s\open\src\hotspot\share\interpreter\linkResolver.cpp, line 774]
Event: 0.937 Thread 0x000001c03a7fcf90 Exception <a 'java/lang/NoClassDefFoundError'{0x00000000c49fec38}: org/apache/log4j/Priority> (0x00000000c49fec38) 
thrown [s\open\src\hotspot\share\classfile\systemDictionary.cpp, line 244]
Event: 1.004 Thread 0x000001c03a7fcf90 Exception <a 'java/lang/ClassNotFoundException'{0x00000000c48739b8}: com/sun/org/apache/xerces/internal/impl/xpath/regex/spi/messageProvider> (0x00000000c48739b8) 
thrown [s\open\src\hotspot\share\classfile\systemDictionary.cpp, line 255]
Event: 1.310 Thread 0x000001c03a7fcf90 Exception <a 'java/lang/NoSuchMethodError'{0x00000000c5aad780}: 'java.lang.Object java.lang.invoke.DirectMethodHandle$Holder.invokeInterface(java.lang.Object, java.lang.Object)'> (0x00000000c5aad780) 
thrown [s\open\src\hotspot\share\interpreter\linkResolver.cpp, line 774]
Event: 1.311 Thread 0x000001c03a7fcf90 Exception <a 'java/lang/IncompatibleClassChangeError'{0x00000000c5ab0cd0}: Found class java.lang.Object, but interface was expected> (0x00000000c5ab0cd0) 
thrown [s\open\src\hotspot\share\interpreter\linkResolver.cpp, line 841]

VM Operations (20 events):
Event: 1.149 Executing VM operation: HandshakeAllThreads done
Event: 1.383 Executing VM operation: G1CollectForAllocation
Event: 1.395 Executing VM operation: G1CollectForAllocation done
Event: 1.454 Executing VM operation: G1CollectForAllocation
Event: 1.469 Executing VM operation: G1CollectForAllocation done
Event: 1.533 Executing VM operation: G1CollectForAllocation
Event: 1.554 Executing VM operation: G1CollectForAllocation done
Event: 1.631 Executing VM operation: G1CollectForAllocation
Event: 1.643 Executing VM operation: G1CollectForAllocation done
Event: 1.711 Executing VM operation: G1CollectForAllocation
Event: 1.744 Executing VM operation: G1CollectForAllocation done
Event: 1.891 Executing VM operation: ThreadDump
Event: 1.891 Executing VM operation: ThreadDump done
Event: 1.955 Executing VM operation: G1CollectForAllocation
Event: 1.976 Executing VM operation: G1CollectForAllocation done
Event: 2.042 Executing VM operation: G1CollectForAllocation
Event: 2.081 Executing VM operation: G1CollectForAllocation done
Event: 2.239 Executing VM operation: G1CollectForAllocation
Event: 2.288 Executing VM operation: G1CollectForAllocation done
Event: 2.364 Executing VM operation: G1CollectForAllocation

Events (15 events):
Event: 0.014 Thread 0x000001c03a7fcf90 Thread added: 0x000001c03a7fcf90
Event: 0.023 Thread 0x000001c05697ea80 Thread added: 0x000001c05697ea80
Event: 0.023 Thread 0x000001c056981690 Thread added: 0x000001c056981690
Event: 0.023 Thread 0x000001c056982280 Thread added: 0x000001c056982280
Event: 0.023 Thread 0x000001c056983bc0 Thread added: 0x000001c056983bc0
Event: 0.023 Thread 0x000001c0569844f0 Thread added: 0x000001c0569844f0
Event: 0.023 Thread 0x000001c056984e20 Thread added: 0x000001c056984e20
Event: 0.023 Thread 0x000001c056987a90 Thread added: 0x000001c056987a90
Event: 0.024 Thread 0x000001c056996920 Thread added: 0x000001c056996920
Event: 0.024 Thread 0x000001c056997290 Thread added: 0x000001c056997290
Event: 0.036 Thread 0x000001c05ac9d700 Thread added: 0x000001c05ac9d700
Event: 0.046 Thread 0x000001c05aca04c0 Thread added: 0x000001c05aca04c0
Event: 0.297 Thread 0x000001c05b2ae310 Thread added: 0x000001c05b2ae310
Event: 0.891 Thread 0x000001c05bb85230 Thread added: 0x000001c05bb85230
Event: 0.901 Thread 0x000001c05bb4ad30 Thread added: 0x000001c05bb4ad30


Dynamic libraries:
0x00007ff78af00000 - 0x00007ff78af10000 	C:\Program Files\Java\jdk-19\bin\java.exe
0x00007ff9af930000 - 0x00007ff9afb47000 	C:\WINDOWS\SYSTEM32\ntdll.dll
0x00007ff9ae540000 - 0x00007ff9ae604000 	C:\WINDOWS\System32\KERNEL32.DLL
0x00007ff9ad2d0000 - 0x00007ff9ad676000 	C:\WINDOWS\System32\KERNELBASE.dll
0x00007ff9acd10000 - 0x00007ff9ace21000 	C:\WINDOWS\System32\ucrtbase.dll
0x00007ff997cc0000 - 0x00007ff997cdb000 	C:\Program Files\Java\jdk-19\bin\VCRUNTIME140.dll
0x00007ff998680000 - 0x00007ff998698000 	C:\Program Files\Java\jdk-19\bin\jli.dll
0x00007ff9aeb40000 - 0x00007ff9aebf3000 	C:\WINDOWS\System32\ADVAPI32.dll
0x00007ff9ae9a0000 - 0x00007ff9aea47000 	C:\WINDOWS\System32\msvcrt.dll
0x00007ff9adbd0000 - 0x00007ff9adc78000 	C:\WINDOWS\System32\sechost.dll
0x00007ff9ad020000 - 0x00007ff9ad048000 	C:\WINDOWS\System32\bcrypt.dll
0x00007ff9adde0000 - 0x00007ff9adef7000 	C:\WINDOWS\System32\RPCRT4.dll
0x00007ff9aec90000 - 0x00007ff9aee3e000 	C:\WINDOWS\System32\USER32.dll
0x00007ff9ad2a0000 - 0x00007ff9ad2c6000 	C:\WINDOWS\System32\win32u.dll
0x00007ff9abfa0000 - 0x00007ff9ac233000 	C:\WINDOWS\WinSxS\amd64_microsoft.windows.common-controls_6595b64144ccf1df_6.0.22621.2506_none_270c5ae97388e100\COMCTL32.dll
0x00007ff9ae810000 - 0x00007ff9ae839000 	C:\WINDOWS\System32\GDI32.dll
0x00007ff9ad180000 - 0x00007ff9ad298000 	C:\WINDOWS\System32\gdi32full.dll
0x00007ff9acc70000 - 0x00007ff9acd0a000 	C:\WINDOWS\System32\msvcp_win.dll
0x00007ff9aaaf0000 - 0x00007ff9aaafa000 	C:\WINDOWS\SYSTEM32\VERSION.dll
0x00007ff9ad680000 - 0x00007ff9ad6b1000 	C:\WINDOWS\System32\IMM32.DLL
0x00007ff9a6300000 - 0x00007ff9a630c000 	C:\Program Files\Java\jdk-19\bin\vcruntime140_1.dll
0x00007ff997c30000 - 0x00007ff997cbe000 	C:\Program Files\Java\jdk-19\bin\msvcp140.dll
0x00007ff952170000 - 0x00007ff952e30000 	C:\Program Files\Java\jdk-19\bin\server\jvm.dll
0x00007ff9a61d0000 - 0x00007ff9a61d9000 	C:\WINDOWS\SYSTEM32\WSOCK32.dll
0x00007ff9a5230000 - 0x00007ff9a5264000 	C:\WINDOWS\SYSTEM32\WINMM.dll
0x00007ff9aec00000 - 0x00007ff9aec71000 	C:\WINDOWS\System32\WS2_32.dll
0x00007ff9aad60000 - 0x00007ff9aad78000 	C:\WINDOWS\SYSTEM32\kernel.appcore.dll
0x00007ff9a5390000 - 0x00007ff9a539a000 	C:\Program Files\Java\jdk-19\bin\jimage.dll
0x00007ff9ac4f0000 - 0x00007ff9ac723000 	C:\WINDOWS\SYSTEM32\DBGHELP.DLL
0x00007ff9adfe0000 - 0x00007ff9ae369000 	C:\WINDOWS\System32\combase.dll
0x00007ff9adf00000 - 0x00007ff9adfd7000 	C:\WINDOWS\System32\OLEAUT32.dll
0x00007ff9ac3e0000 - 0x00007ff9ac412000 	C:\WINDOWS\SYSTEM32\dbgcore.DLL
0x00007ff9acfa0000 - 0x00007ff9ad01a000 	C:\WINDOWS\System32\bcryptPrimitives.dll
0x00007ff997b10000 - 0x00007ff997b36000 	C:\Program Files\Java\jdk-19\bin\java.dll
0x00007ff973330000 - 0x00007ff973407000 	C:\Program Files\Java\jdk-19\bin\jsvml.dll
0x00007ff9aeed0000 - 0x00007ff9af72b000 	C:\WINDOWS\System32\SHELL32.dll
0x00007ff9a9c60000 - 0x00007ff9aa556000 	C:\WINDOWS\SYSTEM32\windows.storage.dll
0x00007ff9a9b20000 - 0x00007ff9a9c5e000 	C:\WINDOWS\SYSTEM32\wintypes.dll
0x00007ff9adce0000 - 0x00007ff9addd3000 	C:\WINDOWS\System32\SHCORE.dll
0x00007ff9ae480000 - 0x00007ff9ae4de000 	C:\WINDOWS\System32\shlwapi.dll
0x00007ff9acba0000 - 0x00007ff9acbc6000 	C:\WINDOWS\SYSTEM32\profapi.dll
0x00007ff997af0000 - 0x00007ff997b03000 	C:\Program Files\Java\jdk-19\bin\net.dll
0x00007ff9a5650000 - 0x00007ff9a5787000 	C:\WINDOWS\SYSTEM32\WINHTTP.dll
0x00007ff9ab9e0000 - 0x00007ff9aba49000 	C:\WINDOWS\system32\mswsock.dll
0x00007ff997ad0000 - 0x00007ff997ae6000 	C:\Program Files\Java\jdk-19\bin\nio.dll
0x00007ff9949d0000 - 0x00007ff9949e8000 	C:\Program Files\Java\jdk-19\bin\zip.dll
0x00007ff999620000 - 0x00007ff999630000 	C:\Program Files\Java\jdk-19\bin\verify.dll

dbghelp: loaded successfully - version: 4.0.5 - missing functions: none
symbol engine: initialized successfully - sym options: 0x614 - pdb path: .;C:\Program Files\Java\jdk-19\bin;C:\WINDOWS\SYSTEM32;C:\WINDOWS\WinSxS\amd64_microsoft.windows.common-controls_6595b64144ccf1df_6.0.22621.2506_none_270c5ae97388e100;C:\Program Files\Java\jdk-19\bin\server

VM Arguments:
java_command: org.languagetool.server.HTTPServer -p 8081
java_class_path (initial): C:\Users\lenovo\.cache\language_tool_python\LanguageTool-6.4\languagetool-server.jar
Launcher Type: SUN_STANDARD

[Global flags]
     intx CICompilerCount                          = 4                                         {product} {ergonomic}
     uint ConcGCThreads                            = 2                                         {product} {ergonomic}
     uint G1ConcRefinementThreads                  = 8                                         {product} {ergonomic}
   size_t G1HeapRegionSize                         = 1048576                                   {product} {ergonomic}
    uintx GCDrainStackTargetSize                   = 64                                        {product} {ergonomic}
   size_t InitialHeapSize                          = 67108864                                  {product} {ergonomic}
   size_t MarkStackSize                            = 4194304                                   {product} {ergonomic}
   size_t MaxHeapSize                              = 1042284544                                {product} {ergonomic}
   size_t MaxNewSize                               = 624951296                                 {product} {ergonomic}
   size_t MinHeapDeltaBytes                        = 1048576                                   {product} {ergonomic}
   size_t MinHeapSize                              = 8388608                                   {product} {ergonomic}
    uintx NonNMethodCodeHeapSize                   = 5839372                                {pd product} {ergonomic}
    uintx NonProfiledCodeHeapSize                  = 122909434                              {pd product} {ergonomic}
    uintx ProfiledCodeHeapSize                     = 122909434                              {pd product} {ergonomic}
    uintx ReservedCodeCacheSize                    = 251658240                              {pd product} {ergonomic}
     bool SegmentedCodeCache                       = true                                      {product} {ergonomic}
   size_t SoftMaxHeapSize                          = 1042284544                             {manageable} {ergonomic}
     bool UseCompressedClassPointers               = true                           {product lp64_product} {ergonomic}
     bool UseCompressedOops                        = true                           {product lp64_product} {ergonomic}
     bool UseG1GC                                  = true                                      {product} {ergonomic}
     bool UseLargePagesIndividualAllocation        = false                                  {pd product} {ergonomic}

Logging:
Log output configuration:
 #0: stdout all=warning uptime,level,tags foldmultilines=false
 #1: stderr all=off uptime,level,tags foldmultilines=false

Environment Variables:
JAVA_HOME=C:\Program Files\Java\jdk-19
PATH=C:\Program Files\Common Files\Oracle\Java\javapath;C:\WINDOWS\system32;C:\WINDOWS;C:\WINDOWS\System32\Wbem;C:\WINDOWS\System32\WindowsPowerShell\v1.0\;C:\WINDOWS\System32\OpenSSH\;C:\Program Files\dotnet\;C:\Program Files\Java\jdk-19\bin;C:\Program Files\Git\cmd;C:\Users\lenovo\AppData\Local\Programs\Python\Python312\Scripts\;C:\Users\lenovo\AppData\Local\Programs\Python\Python312\;C:\Users\lenovo\AppData\Local\Programs\Python\Launcher\;C:\Users\lenovo\AppData\Local\Microsoft\WindowsApps;C:\Users\lenovo\.dotnet\tools;D:\Microsoft VS Code\bin;
USERNAME=lenovo
LANG=en_US.UTF-8
OS=Windows_NT
PROCESSOR_IDENTIFIER=Intel64 Family 6 Model 142 Stepping 12, GenuineIntel
TMP=C:\Users\lenovo\AppData\Local\Temp
TEMP=C:\Users\lenovo\AppData\Local\Temp



---------------  S Y S T E M  ---------------

OS:
 Windows 11 , 64 bit Build 22621 (10.0.22621.3085)
OS uptime: 0 days 0:23 hours
Hyper-V role detected

CPU: total 8 (initial active 8) (4 cores per cpu, 2 threads per core) family 6 model 142 stepping 12 microcode 0xde, cx8, cmov, fxsr, ht, mmx, 3dnowpref, sse, sse2, sse3, ssse3, sse4.1, sse4.2, popcnt, lzcnt, tsc, tscinvbit, avx, avx2, aes, erms, clmul, bmi1, bmi2, adx, fma, vzeroupper, clflush, clflushopt, hv, rdtscp

Memory: 4k page, system-wide physical 3975M (424M free)
TotalPageFile size 16261M (AvailPageFile size 87M)
current process WorkingSet (physical memory assigned to process): 203M, peak: 204M
current process commit charge ("private bytes"): 252M, peak: 497M

vm_info: Java HotSpot(TM) 64-Bit Server VM (19.0.2+7-44) for windows-amd64 JRE (19.0.2+7-44), built on 2022-11-30T18:02:09Z by "mach5one" with MS VC++ 17.1 (VS2022)

END.
