#
# There is insufficient memory for the Java Runtime Environment to continue.
# Native memory allocation (mmap) failed to map 333447168 bytes for G1 virtual space
# Possible reasons:
#   The system is out of physical RAM or swap space
#   The process is running with CompressedOops enabled, and the Java Heap may be blocking the growth of the native heap
# Possible solutions:
#   Reduce memory load on the system
#   Increase physical memory or swap space
#   Check if swap backing store is full
#   Decrease Java heap size (-Xmx/-Xms)
#   Decrease number of Java threads
#   Decrease Java thread stack sizes (-Xss)
#   Set larger code cache with -XX:ReservedCodeCacheSize=
#   JVM is running with Unscaled Compressed Oops mode in which the Java heap is
#     placed in the first 4GB address space. The Java Heap base address is the
#     maximum limit for the native heap growth. Please use -XX:HeapBaseMinAddress
#     to set the Java Heap base and to place the Java Heap above 4GB virtual address.
# This output file may be truncated or incomplete.
#
#  Out of Memory Error (os_windows.cpp:3536), pid=14036, tid=13904
#
# JRE version: Java(TM) SE Runtime Environment (19.0.2+7) (build 19.0.2+7-44)
# Java VM: Java HotSpot(TM) 64-Bit Server VM (19.0.2+7-44, mixed mode, sharing, tiered, compressed oops, compressed class ptrs, g1 gc, windows-amd64)
# No core dump will be written. Minidumps are not enabled by default on client versions of Windows
#

---------------  S U M M A R Y ------------

Command Line: org.languagetool.server.HTTPServer -p 8081

Host: Intel(R) Core(TM) i5-8265U CPU @ 1.60GHz, 8 cores, 3G,  Windows 11 , 64 bit Build 22621 (10.0.22621.3085)
Time: Sat May 11 18:47:18 2024 Malay Peninsula Standard Time elapsed time: 2.084723 seconds (0d 0h 0m 2s)

---------------  T H R E A D  ---------------

Current thread (0x0000022f2de0bb20):  VMThread "VM Thread" [stack: 0x000000d5a2a00000,0x000000d5a2b00000] [id=13904]

Stack: [0x000000d5a2a00000,0x000000d5a2b00000]
Native frames: (J=compiled Java code, j=interpreted, Vv=VM code, C=native code)
V  [jvm.dll+0x6ee21a]
V  [jvm.dll+0x85765e]
V  [jvm.dll+0x85904e]
V  [jvm.dll+0x859703]
V  [jvm.dll+0x28298f]
V  [jvm.dll+0x6eb009]
V  [jvm.dll+0x6dfbaa]
V  [jvm.dll+0x3573f6]
V  [jvm.dll+0x35ee56]
V  [jvm.dll+0x3b541e]
V  [jvm.dll+0x3b564f]
V  [jvm.dll+0x32c9ea]
V  [jvm.dll+0x32ca97]
V  [jvm.dll+0x374cd2]
V  [jvm.dll+0x37340f]
V  [jvm.dll+0x32c210]
V  [jvm.dll+0x3729ab]
V  [jvm.dll+0x85ebc3]
V  [jvm.dll+0x85f989]
V  [jvm.dll+0x85febd]
V  [jvm.dll+0x86034b]
V  [jvm.dll+0x860407]
V  [jvm.dll+0x80125a]
V  [jvm.dll+0x6ecf0b]
C  [ucrtbase.dll+0x29363]
C  [KERNEL32.DLL+0x1257d]
C  [ntdll.dll+0x5aa58]

VM_Operation (0x000000d5a24fce70): G1CollectForAllocation, mode: safepoint, requested by thread 0x0000022f0fd3f0e0


---------------  P R O C E S S  ---------------

Threads class SMR info:
_java_thread_list=0x0000022f32ac1650, length=15, elements={
0x0000022f0fd3f0e0, 0x0000022f2de1e230, 0x0000022f2de1f020, 0x0000022f2de22230,
0x0000022f2de23d70, 0x0000022f2de266b0, 0x0000022f2de29270, 0x0000022f2de4d4c0,
0x0000022f2de4eb00, 0x0000022f2de5b340, 0x0000022f320c0ed0, 0x0000022f320c78e0,
0x0000022f2de4e570, 0x0000022f328d37c0, 0x0000022f32e6a620
}

Java Threads: ( => current thread )
  0x0000022f0fd3f0e0 JavaThread "main" [_thread_blocked, id=9180, stack(0x000000d5a2400000,0x000000d5a2500000)]
  0x0000022f2de1e230 JavaThread "Reference Handler" daemon [_thread_blocked, id=8260, stack(0x000000d5a2b00000,0x000000d5a2c00000)]
  0x0000022f2de1f020 JavaThread "Finalizer" daemon [_thread_blocked, id=3512, stack(0x000000d5a2c00000,0x000000d5a2d00000)]
  0x0000022f2de22230 JavaThread "Signal Dispatcher" daemon [_thread_blocked, id=1960, stack(0x000000d5a2d00000,0x000000d5a2e00000)]
  0x0000022f2de23d70 JavaThread "Attach Listener" daemon [_thread_blocked, id=9248, stack(0x000000d5a2e00000,0x000000d5a2f00000)]
  0x0000022f2de266b0 JavaThread "Service Thread" daemon [_thread_blocked, id=6392, stack(0x000000d5a2f00000,0x000000d5a3000000)]
  0x0000022f2de29270 JavaThread "Monitor Deflation Thread" daemon [_thread_blocked, id=9736, stack(0x000000d5a3000000,0x000000d5a3100000)]
  0x0000022f2de4d4c0 JavaThread "C2 CompilerThread0" daemon [_thread_blocked, id=11416, stack(0x000000d5a3100000,0x000000d5a3200000)]
  0x0000022f2de4eb00 JavaThread "C1 CompilerThread0" daemon [_thread_blocked, id=4108, stack(0x000000d5a3200000,0x000000d5a3300000)]
  0x0000022f2de5b340 JavaThread "Sweeper thread" daemon [_thread_blocked, id=6996, stack(0x000000d5a3300000,0x000000d5a3400000)]
  0x0000022f320c0ed0 JavaThread "Notification Thread" daemon [_thread_blocked, id=14164, stack(0x000000d5a3400000,0x000000d5a3500000)]
  0x0000022f320c78e0 JavaThread "Common-Cleaner" daemon [_thread_blocked, id=9348, stack(0x000000d5a3600000,0x000000d5a3700000)]
  0x0000022f2de4e570 JavaThread "C2 CompilerThread1" daemon [_thread_blocked, id=5408, stack(0x000000d5a3700000,0x000000d5a3800000)]
  0x0000022f328d37c0 JavaThread "LtThreadPoolMonitor" daemon [_thread_blocked, id=12244, stack(0x000000d5a3800000,0x000000d5a3900000)]
  0x0000022f32e6a620 JavaThread "LtThreadPoolExecutorMonitor" daemon [_thread_blocked, id=11852, stack(0x000000d5a3900000,0x000000d5a3a00000)]

Other Threads:
=>0x0000022f2de0bb20 VMThread "VM Thread" [stack: 0x000000d5a2a00000,0x000000d5a2b00000] [id=13904]
  0x0000022f320c6c60 WatcherThread "VM Periodic Task Thread" [stack: 0x000000d5a3500000,0x000000d5a3600000] [id=11748]
  0x0000022f0fd80c20 WorkerThread "GC Thread#0" [stack: 0x000000d5a2500000,0x000000d5a2600000] [id=8780]
  0x0000022f32f873f0 WorkerThread "GC Thread#1" [stack: 0x000000d5a3a00000,0x000000d5a3b00000] [id=13192]
  0x0000022f330829f0 WorkerThread "GC Thread#2" [stack: 0x000000d5a3b00000,0x000000d5a3c00000] [id=12736]
  0x0000022f330830d0 WorkerThread "GC Thread#3" [stack: 0x000000d5a3c00000,0x000000d5a3d00000] [id=12640]
  0x0000022f330836c0 WorkerThread "GC Thread#4" [stack: 0x000000d5a3d00000,0x000000d5a3e00000] [id=11740]
  0x0000022f33083f30 WorkerThread "GC Thread#5" [stack: 0x000000d5a3e00000,0x000000d5a3f00000] [id=13300]
  0x0000022f33084d40 WorkerThread "GC Thread#6" [stack: 0x000000d5a3f00000,0x000000d5a4000000] [id=12724]
  0x0000022f33083c60 WorkerThread "GC Thread#7" [stack: 0x000000d5a4000000,0x000000d5a4100000] [id=10712]
  0x0000022f0fd897c0 ConcurrentGCThread "G1 Main Marker" [stack: 0x000000d5a2600000,0x000000d5a2700000] [id=6192]
  0x0000022f0fd8a1f0 WorkerThread "G1 Conc#0" [stack: 0x000000d5a2700000,0x000000d5a2800000] [id=5512]
  0x0000022f0fdf1ef0 ConcurrentGCThread "G1 Refine#0" [stack: 0x000000d5a2800000,0x000000d5a2900000] [id=14216]
  0x0000022f0fdf2a30 ConcurrentGCThread "G1 Service" [stack: 0x000000d5a2900000,0x000000d5a2a00000] [id=12956]

Threads with active compile tasks:

VM state: at safepoint (normal execution)

VM Mutex/Monitor currently owned by a thread:  ([mutex/lock_event])
[0x0000022f0fd3b420] Threads_lock - owner thread: 0x0000022f2de0bb20
[0x0000022f0fd39920] Heap_lock - owner thread: 0x0000022f0fd3f0e0

Heap address: 0x00000000c1e00000, size: 994 MB, Compressed Oops mode: 32-bit

CDS archive(s) mapped at: [0x0000000800000000-0x0000000800c40000-0x0000000800c40000), size 12845056, SharedBaseAddress: 0x0000000800000000, ArchiveRelocationMode: 0.
Compressed class space mapped at: 0x0000000801000000-0x0000000841000000, reserved size: 1073741824
Narrow klass base: 0x0000000800000000, Narrow klass shift: 0, Narrow klass range: 0x100000000

GC Precious Log:
 CardTable entry size: 512
 Card Set container configuration: InlinePtr #cards 5 size 8 Array Of Cards #cards 12 size 40 Howl #buckets 4 coarsen threshold 1843 Howl Bitmap #cards 512 size 80 coarsen threshold 460 Card regions per heap region 1 cards per card region 2048
 CPUs: 8 total, 8 available
 Memory: 3975M
 Large Page Support: Disabled
 NUMA Support: Disabled
 Compressed Oops: Enabled (32-bit)
 Heap Region Size: 1M
 Heap Min Capacity: 8M
 Heap Initial Capacity: 64M
 Heap Max Capacity: 994M
 Pre-touch: Disabled
 Parallel Workers: 8
 Concurrent Workers: 2
 Concurrent Refinement Workers: 8
 Periodic GC: Disabled

Heap:
 garbage-first heap   total 162816K, used 40226K [0x00000000c1e00000, 0x0000000100000000)
  region size 1024K, 11 young (11264K), 11 survivors (11264K)
 Metaspace       used 10057K, committed 10304K, reserved 1114112K
  class space    used 1101K, committed 1216K, reserved 1048576K

Heap Regions: E=young(eden), S=young(survivor), O=old, HS=humongous(starts), HC=humongous(continues), CS=collection set, F=free, OA=open archive, CA=closed archive, TAMS=top-at-mark-start (previous, next)
|   0|0x00000000c1e00000, 0x00000000c1f00000, 0x00000000c1f00000|100%| O|  |TAMS 0x00000000c1e00000, 0x00000000c1e00000| Untracked 
|   1|0x00000000c1f00000, 0x00000000c2000000, 0x00000000c2000000|100%| O|  |TAMS 0x00000000c1f00000, 0x00000000c1f00000| Untracked 
|   2|0x00000000c2000000, 0x00000000c2100000, 0x00000000c2100000|100%| O|  |TAMS 0x00000000c2000000, 0x00000000c2000000| Untracked 
|   3|0x00000000c2100000, 0x00000000c2200000, 0x00000000c2200000|100%| O|  |TAMS 0x00000000c2100000, 0x00000000c2100000| Untracked 
|   4|0x00000000c2200000, 0x00000000c2300000, 0x00000000c2300000|100%| O|  |TAMS 0x00000000c2200000, 0x00000000c2200000| Untracked 
|   5|0x00000000c2300000, 0x00000000c2400000, 0x00000000c2400000|100%| O|  |TAMS 0x00000000c2300000, 0x00000000c2300000| Untracked 
|   6|0x00000000c2400000, 0x00000000c2500000, 0x00000000c2500000|100%| O|  |TAMS 0x00000000c2400000, 0x00000000c2400000| Untracked 
|   7|0x00000000c2500000, 0x00000000c2600000, 0x00000000c2600000|100%| O|  |TAMS 0x00000000c2500000, 0x00000000c2500000| Untracked 
|   8|0x00000000c2600000, 0x00000000c2700000, 0x00000000c2700000|100%| O|  |TAMS 0x00000000c2600000, 0x00000000c2600000| Untracked 
|   9|0x00000000c2700000, 0x00000000c2800000, 0x00000000c2800000|100%| O|  |TAMS 0x00000000c2700000, 0x00000000c2700000| Untracked 
|  10|0x00000000c2800000, 0x00000000c2900000, 0x00000000c2900000|100%| O|  |TAMS 0x00000000c2800000, 0x00000000c2800000| Untracked 
|  11|0x00000000c2900000, 0x00000000c2a00000, 0x00000000c2a00000|100%| O|  |TAMS 0x00000000c2900000, 0x00000000c2900000| Untracked 
|  12|0x00000000c2a00000, 0x00000000c2b00000, 0x00000000c2b00000|100%| O|  |TAMS 0x00000000c2a00000, 0x00000000c2a00000| Untracked 
|  13|0x00000000c2b00000, 0x00000000c2c00000, 0x00000000c2c00000|100%| O|  |TAMS 0x00000000c2b00000, 0x00000000c2b00000| Untracked 
|  14|0x00000000c2c00000, 0x00000000c2d00000, 0x00000000c2d00000|100%| O|  |TAMS 0x00000000c2c00000, 0x00000000c2c00000| Untracked 
|  15|0x00000000c2d00000, 0x00000000c2e00000, 0x00000000c2e00000|100%|HS|  |TAMS 0x00000000c2d00000, 0x00000000c2d00000| Complete 
|  16|0x00000000c2e00000, 0x00000000c2f00000, 0x00000000c2f00000|100%|HS|  |TAMS 0x00000000c2e00000, 0x00000000c2e00000| Complete 
|  17|0x00000000c2f00000, 0x00000000c3000000, 0x00000000c3000000|100%|HC|  |TAMS 0x00000000c2f00000, 0x00000000c2f00000| Complete 
|  18|0x00000000c3000000, 0x00000000c3100000, 0x00000000c3100000|100%| O|  |TAMS 0x00000000c3000000, 0x00000000c3000000| Untracked 
|  19|0x00000000c3100000, 0x00000000c3200000, 0x00000000c3200000|100%| O|  |TAMS 0x00000000c3100000, 0x00000000c3100000| Untracked 
|  20|0x00000000c3200000, 0x00000000c3300000, 0x00000000c3300000|100%| O|  |TAMS 0x00000000c3200000, 0x00000000c3200000| Untracked 
|  21|0x00000000c3300000, 0x00000000c3400000, 0x00000000c3400000|100%| O|  |TAMS 0x00000000c3300000, 0x00000000c3300000| Untracked 
|  22|0x00000000c3400000, 0x00000000c3500000, 0x00000000c3500000|100%| O|  |TAMS 0x00000000c3400000, 0x00000000c3400000| Untracked 
|  23|0x00000000c3500000, 0x00000000c3600000, 0x00000000c3600000|100%| O|  |TAMS 0x00000000c3500000, 0x00000000c3500000| Untracked 
|  24|0x00000000c3600000, 0x00000000c3700000, 0x00000000c3700000|100%| O|  |TAMS 0x00000000c3600000, 0x00000000c3600000| Untracked 
|  25|0x00000000c3700000, 0x00000000c3800000, 0x00000000c3800000|100%| O|  |TAMS 0x00000000c3700000, 0x00000000c3700000| Untracked 
|  26|0x00000000c3800000, 0x00000000c3900000, 0x00000000c3900000|100%| O|  |TAMS 0x00000000c3800000, 0x00000000c3800000| Untracked 
|  27|0x00000000c3900000, 0x00000000c3a00000, 0x00000000c3a00000|100%| O|  |TAMS 0x00000000c3900000, 0x00000000c3900000| Untracked 
|  28|0x00000000c3a00000, 0x00000000c3ac8a00, 0x00000000c3b00000| 78%| O|  |TAMS 0x00000000c3a00000, 0x00000000c3a00000| Untracked 
|  29|0x00000000c3b00000, 0x00000000c3b00000, 0x00000000c3c00000|  0%| F|  |TAMS 0x00000000c3b00000, 0x00000000c3b00000| Untracked 
|  30|0x00000000c3c00000, 0x00000000c3c00000, 0x00000000c3d00000|  0%| F|  |TAMS 0x00000000c3c00000, 0x00000000c3c00000| Untracked 
|  31|0x00000000c3d00000, 0x00000000c3d00000, 0x00000000c3e00000|  0%| F|  |TAMS 0x00000000c3d00000, 0x00000000c3d00000| Untracked 
|  32|0x00000000c3e00000, 0x00000000c3e00000, 0x00000000c3f00000|  0%| F|  |TAMS 0x00000000c3e00000, 0x00000000c3e00000| Untracked 
|  33|0x00000000c3f00000, 0x00000000c3f00000, 0x00000000c4000000|  0%| F|  |TAMS 0x00000000c3f00000, 0x00000000c3f00000| Untracked 
|  34|0x00000000c4000000, 0x00000000c4000000, 0x00000000c4100000|  0%| F|  |TAMS 0x00000000c4000000, 0x00000000c4000000| Untracked 
|  35|0x00000000c4100000, 0x00000000c4100000, 0x00000000c4200000|  0%| F|  |TAMS 0x00000000c4100000, 0x00000000c4100000| Untracked 
|  36|0x00000000c4200000, 0x00000000c4200000, 0x00000000c4300000|  0%| F|  |TAMS 0x00000000c4200000, 0x00000000c4200000| Untracked 
|  37|0x00000000c4300000, 0x00000000c4300000, 0x00000000c4400000|  0%| F|  |TAMS 0x00000000c4300000, 0x00000000c4300000| Untracked 
|  38|0x00000000c4400000, 0x00000000c4400000, 0x00000000c4500000|  0%| F|  |TAMS 0x00000000c4400000, 0x00000000c4400000| Untracked 
|  39|0x00000000c4500000, 0x00000000c4500000, 0x00000000c4600000|  0%| F|  |TAMS 0x00000000c4500000, 0x00000000c4500000| Untracked 
|  40|0x00000000c4600000, 0x00000000c4600000, 0x00000000c4700000|  0%| F|  |TAMS 0x00000000c4600000, 0x00000000c4600000| Untracked 
|  41|0x00000000c4700000, 0x00000000c4700000, 0x00000000c4800000|  0%| F|  |TAMS 0x00000000c4700000, 0x00000000c4700000| Untracked 
|  42|0x00000000c4800000, 0x00000000c4800000, 0x00000000c4900000|  0%| F|  |TAMS 0x00000000c4800000, 0x00000000c4800000| Untracked 
|  43|0x00000000c4900000, 0x00000000c4900000, 0x00000000c4a00000|  0%| F|  |TAMS 0x00000000c4900000, 0x00000000c4900000| Untracked 
|  44|0x00000000c4a00000, 0x00000000c4a00000, 0x00000000c4b00000|  0%| F|  |TAMS 0x00000000c4a00000, 0x00000000c4a00000| Untracked 
|  45|0x00000000c4b00000, 0x00000000c4b00000, 0x00000000c4c00000|  0%| F|  |TAMS 0x00000000c4b00000, 0x00000000c4b00000| Untracked 
|  46|0x00000000c4c00000, 0x00000000c4c00000, 0x00000000c4d00000|  0%| F|  |TAMS 0x00000000c4c00000, 0x00000000c4c00000| Untracked 
|  47|0x00000000c4d00000, 0x00000000c4d00000, 0x00000000c4e00000|  0%| F|  |TAMS 0x00000000c4d00000, 0x00000000c4d00000| Untracked 
|  48|0x00000000c4e00000, 0x00000000c4e00000, 0x00000000c4f00000|  0%| F|  |TAMS 0x00000000c4e00000, 0x00000000c4e00000| Untracked 
|  49|0x00000000c4f00000, 0x00000000c4f00000, 0x00000000c5000000|  0%| F|  |TAMS 0x00000000c4f00000, 0x00000000c4f00000| Untracked 
|  50|0x00000000c5000000, 0x00000000c5000000, 0x00000000c5100000|  0%| F|  |TAMS 0x00000000c5000000, 0x00000000c5000000| Untracked 
|  51|0x00000000c5100000, 0x00000000c5100000, 0x00000000c5200000|  0%| F|  |TAMS 0x00000000c5100000, 0x00000000c5100000| Untracked 
|  52|0x00000000c5200000, 0x00000000c5200000, 0x00000000c5300000|  0%| F|  |TAMS 0x00000000c5200000, 0x00000000c5200000| Untracked 
|  53|0x00000000c5300000, 0x00000000c5300000, 0x00000000c5400000|  0%| F|  |TAMS 0x00000000c5300000, 0x00000000c5300000| Untracked 
|  54|0x00000000c5400000, 0x00000000c5480000, 0x00000000c5500000| 50%| S|CS|TAMS 0x00000000c5400000, 0x00000000c5400000| Complete 
|  55|0x00000000c5500000, 0x00000000c5600000, 0x00000000c5600000|100%| S|CS|TAMS 0x00000000c5500000, 0x00000000c5500000| Complete 
|  56|0x00000000c5600000, 0x00000000c5700000, 0x00000000c5700000|100%| S|CS|TAMS 0x00000000c5600000, 0x00000000c5600000| Complete 
|  57|0x00000000c5700000, 0x00000000c5800000, 0x00000000c5800000|100%| S|CS|TAMS 0x00000000c5700000, 0x00000000c5700000| Complete 
|  58|0x00000000c5800000, 0x00000000c5900000, 0x00000000c5900000|100%| S|CS|TAMS 0x00000000c5800000, 0x00000000c5800000| Complete 
|  59|0x00000000c5900000, 0x00000000c5a00000, 0x00000000c5a00000|100%| S|CS|TAMS 0x00000000c5900000, 0x00000000c5900000| Complete 
|  60|0x00000000c5a00000, 0x00000000c5a00000, 0x00000000c5b00000|  0%| F|  |TAMS 0x00000000c5a00000, 0x00000000c5a00000| Untracked 
|  61|0x00000000c5b00000, 0x00000000c5b00000, 0x00000000c5c00000|  0%| F|  |TAMS 0x00000000c5b00000, 0x00000000c5b00000| Untracked 
|  62|0x00000000c5c00000, 0x00000000c5c00000, 0x00000000c5d00000|  0%| F|  |TAMS 0x00000000c5c00000, 0x00000000c5c00000| Untracked 
|  63|0x00000000c5d00000, 0x00000000c5d00000, 0x00000000c5e00000|  0%| F|  |TAMS 0x00000000c5d00000, 0x00000000c5d00000| Untracked 
|  64|0x00000000c5e00000, 0x00000000c5e00000, 0x00000000c5f00000|  0%| F|  |TAMS 0x00000000c5e00000, 0x00000000c5e00000| Untracked 
|  65|0x00000000c5f00000, 0x00000000c5f00000, 0x00000000c6000000|  0%| F|  |TAMS 0x00000000c5f00000, 0x00000000c5f00000| Untracked 
|  66|0x00000000c6000000, 0x00000000c6000000, 0x00000000c6100000|  0%| F|  |TAMS 0x00000000c6000000, 0x00000000c6000000| Untracked 
|  67|0x00000000c6100000, 0x00000000c6200000, 0x00000000c6200000|100%| S|CS|TAMS 0x00000000c6100000, 0x00000000c6100000| Complete 
|  68|0x00000000c6200000, 0x00000000c6300000, 0x00000000c6300000|100%| S|CS|TAMS 0x00000000c6200000, 0x00000000c6200000| Complete 
|  69|0x00000000c6300000, 0x00000000c6400000, 0x00000000c6400000|100%| S|CS|TAMS 0x00000000c6300000, 0x00000000c6300000| Complete 
|  70|0x00000000c6400000, 0x00000000c6500000, 0x00000000c6500000|100%| S|CS|TAMS 0x00000000c6400000, 0x00000000c6400000| Complete 
|  71|0x00000000c6500000, 0x00000000c6500000, 0x00000000c6600000|  0%| F|  |TAMS 0x00000000c6500000, 0x00000000c6500000| Untracked 
|  72|0x00000000c6600000, 0x00000000c6600000, 0x00000000c6700000|  0%| F|  |TAMS 0x00000000c6600000, 0x00000000c6600000| Untracked 
|  73|0x00000000c6700000, 0x00000000c6700000, 0x00000000c6800000|  0%| F|  |TAMS 0x00000000c6700000, 0x00000000c6700000| Untracked 
|  74|0x00000000c6800000, 0x00000000c6900000, 0x00000000c6900000|100%| S|CS|TAMS 0x00000000c6800000, 0x00000000c6800000| Complete 
|  75|0x00000000c6900000, 0x00000000c6900000, 0x00000000c6a00000|  0%| F|  |TAMS 0x00000000c6900000, 0x00000000c6900000| Untracked 
|  76|0x00000000c6a00000, 0x00000000c6a00000, 0x00000000c6b00000|  0%| F|  |TAMS 0x00000000c6a00000, 0x00000000c6a00000| Untracked 
|  77|0x00000000c6b00000, 0x00000000c6b00000, 0x00000000c6c00000|  0%| F|  |TAMS 0x00000000c6b00000, 0x00000000c6b00000| Untracked 
|  78|0x00000000c6c00000, 0x00000000c6c00000, 0x00000000c6d00000|  0%| F|  |TAMS 0x00000000c6c00000, 0x00000000c6c00000| Untracked 
|  79|0x00000000c6d00000, 0x00000000c6d00000, 0x00000000c6e00000|  0%| F|  |TAMS 0x00000000c6d00000, 0x00000000c6d00000| Untracked 
|  80|0x00000000c6e00000, 0x00000000c6e00000, 0x00000000c6f00000|  0%| F|  |TAMS 0x00000000c6e00000, 0x00000000c6e00000| Untracked 
|  81|0x00000000c6f00000, 0x00000000c6f00000, 0x00000000c7000000|  0%| F|  |TAMS 0x00000000c6f00000, 0x00000000c6f00000| Untracked 
|  82|0x00000000c7000000, 0x00000000c7000000, 0x00000000c7100000|  0%| F|  |TAMS 0x00000000c7000000, 0x00000000c7000000| Untracked 
|  83|0x00000000c7100000, 0x00000000c7100000, 0x00000000c7200000|  0%| F|  |TAMS 0x00000000c7100000, 0x00000000c7100000| Untracked 
|  84|0x00000000c7200000, 0x00000000c7200000, 0x00000000c7300000|  0%| F|  |TAMS 0x00000000c7200000, 0x00000000c7200000| Untracked 
|  85|0x00000000c7300000, 0x00000000c7300000, 0x00000000c7400000|  0%| F|  |TAMS 0x00000000c7300000, 0x00000000c7300000| Untracked 
|  86|0x00000000c7400000, 0x00000000c7400000, 0x00000000c7500000|  0%| F|  |TAMS 0x00000000c7400000, 0x00000000c7400000| Untracked 
|  87|0x00000000c7500000, 0x00000000c7500000, 0x00000000c7600000|  0%| F|  |TAMS 0x00000000c7500000, 0x00000000c7500000| Untracked 
|  88|0x00000000c7600000, 0x00000000c7600000, 0x00000000c7700000|  0%| F|  |TAMS 0x00000000c7600000, 0x00000000c7600000| Untracked 
|  89|0x00000000c7700000, 0x00000000c7700000, 0x00000000c7800000|  0%| F|  |TAMS 0x00000000c7700000, 0x00000000c7700000| Untracked 
|  90|0x00000000c7800000, 0x00000000c7800000, 0x00000000c7900000|  0%| F|  |TAMS 0x00000000c7800000, 0x00000000c7800000| Untracked 
|  91|0x00000000c7900000, 0x00000000c7900000, 0x00000000c7a00000|  0%| F|  |TAMS 0x00000000c7900000, 0x00000000c7900000| Untracked 
|  92|0x00000000c7a00000, 0x00000000c7a00000, 0x00000000c7b00000|  0%| F|  |TAMS 0x00000000c7a00000, 0x00000000c7a00000| Untracked 
|  93|0x00000000c7b00000, 0x00000000c7b00000, 0x00000000c7c00000|  0%| F|  |TAMS 0x00000000c7b00000, 0x00000000c7b00000| Untracked 
|  94|0x00000000c7c00000, 0x00000000c7c00000, 0x00000000c7d00000|  0%| F|  |TAMS 0x00000000c7c00000, 0x00000000c7c00000| Untracked 
|  95|0x00000000c7d00000, 0x00000000c7d00000, 0x00000000c7e00000|  0%| F|  |TAMS 0x00000000c7d00000, 0x00000000c7d00000| Untracked 
|  96|0x00000000c7e00000, 0x00000000c7e00000, 0x00000000c7f00000|  0%| F|  |TAMS 0x00000000c7e00000, 0x00000000c7e00000| Untracked 
|  97|0x00000000c7f00000, 0x00000000c7f00000, 0x00000000c8000000|  0%| F|  |TAMS 0x00000000c7f00000, 0x00000000c7f00000| Untracked 
|  98|0x00000000c8000000, 0x00000000c8000000, 0x00000000c8100000|  0%| F|  |TAMS 0x00000000c8000000, 0x00000000c8000000| Untracked 
|  99|0x00000000c8100000, 0x00000000c8100000, 0x00000000c8200000|  0%| F|  |TAMS 0x00000000c8100000, 0x00000000c8100000| Untracked 
| 100|0x00000000c8200000, 0x00000000c8200000, 0x00000000c8300000|  0%| F|  |TAMS 0x00000000c8200000, 0x00000000c8200000| Untracked 
| 101|0x00000000c8300000, 0x00000000c8300000, 0x00000000c8400000|  0%| F|  |TAMS 0x00000000c8300000, 0x00000000c8300000| Untracked 
| 102|0x00000000c8400000, 0x00000000c8400000, 0x00000000c8500000|  0%| F|  |TAMS 0x00000000c8400000, 0x00000000c8400000| Untracked 
| 103|0x00000000c8500000, 0x00000000c8500000, 0x00000000c8600000|  0%| F|  |TAMS 0x00000000c8500000, 0x00000000c8500000| Untracked 
| 104|0x00000000c8600000, 0x00000000c8600000, 0x00000000c8700000|  0%| F|  |TAMS 0x00000000c8600000, 0x00000000c8600000| Untracked 
| 105|0x00000000c8700000, 0x00000000c8700000, 0x00000000c8800000|  0%| F|  |TAMS 0x00000000c8700000, 0x00000000c8700000| Untracked 
| 106|0x00000000c8800000, 0x00000000c8800000, 0x00000000c8900000|  0%| F|  |TAMS 0x00000000c8800000, 0x00000000c8800000| Untracked 
| 107|0x00000000c8900000, 0x00000000c8900000, 0x00000000c8a00000|  0%| F|  |TAMS 0x00000000c8900000, 0x00000000c8900000| Untracked 
| 108|0x00000000c8a00000, 0x00000000c8a00000, 0x00000000c8b00000|  0%| F|  |TAMS 0x00000000c8a00000, 0x00000000c8a00000| Untracked 
| 109|0x00000000c8b00000, 0x00000000c8b00000, 0x00000000c8c00000|  0%| F|  |TAMS 0x00000000c8b00000, 0x00000000c8b00000| Untracked 
| 110|0x00000000c8c00000, 0x00000000c8c00000, 0x00000000c8d00000|  0%| F|  |TAMS 0x00000000c8c00000, 0x00000000c8c00000| Untracked 
| 111|0x00000000c8d00000, 0x00000000c8d00000, 0x00000000c8e00000|  0%| F|  |TAMS 0x00000000c8d00000, 0x00000000c8d00000| Untracked 
| 112|0x00000000c8e00000, 0x00000000c8e00000, 0x00000000c8f00000|  0%| F|  |TAMS 0x00000000c8e00000, 0x00000000c8e00000| Untracked 
| 113|0x00000000c8f00000, 0x00000000c8f00000, 0x00000000c9000000|  0%| F|  |TAMS 0x00000000c8f00000, 0x00000000c8f00000| Untracked 
| 114|0x00000000c9000000, 0x00000000c9000000, 0x00000000c9100000|  0%| F|  |TAMS 0x00000000c9000000, 0x00000000c9000000| Untracked 
| 115|0x00000000c9100000, 0x00000000c9100000, 0x00000000c9200000|  0%| F|  |TAMS 0x00000000c9100000, 0x00000000c9100000| Untracked 
| 116|0x00000000c9200000, 0x00000000c9200000, 0x00000000c9300000|  0%| F|  |TAMS 0x00000000c9200000, 0x00000000c9200000| Untracked 
| 117|0x00000000c9300000, 0x00000000c9300000, 0x00000000c9400000|  0%| F|  |TAMS 0x00000000c9300000, 0x00000000c9300000| Untracked 
| 118|0x00000000c9400000, 0x00000000c9400000, 0x00000000c9500000|  0%| F|  |TAMS 0x00000000c9400000, 0x00000000c9400000| Untracked 
| 119|0x00000000c9500000, 0x00000000c9500000, 0x00000000c9600000|  0%| F|  |TAMS 0x00000000c9500000, 0x00000000c9500000| Untracked 
| 120|0x00000000c9600000, 0x00000000c9600000, 0x00000000c9700000|  0%| F|  |TAMS 0x00000000c9600000, 0x00000000c9600000| Untracked 
| 121|0x00000000c9700000, 0x00000000c9700000, 0x00000000c9800000|  0%| F|  |TAMS 0x00000000c9700000, 0x00000000c9700000| Untracked 
| 122|0x00000000c9800000, 0x00000000c9800000, 0x00000000c9900000|  0%| F|  |TAMS 0x00000000c9800000, 0x00000000c9800000| Untracked 
| 123|0x00000000c9900000, 0x00000000c9900000, 0x00000000c9a00000|  0%| F|  |TAMS 0x00000000c9900000, 0x00000000c9900000| Untracked 
| 124|0x00000000c9a00000, 0x00000000c9a00000, 0x00000000c9b00000|  0%| F|  |TAMS 0x00000000c9a00000, 0x00000000c9a00000| Untracked 
| 125|0x00000000c9b00000, 0x00000000c9b00000, 0x00000000c9c00000|  0%| F|  |TAMS 0x00000000c9b00000, 0x00000000c9b00000| Untracked 
| 126|0x00000000c9c00000, 0x00000000c9c00000, 0x00000000c9d00000|  0%| F|  |TAMS 0x00000000c9c00000, 0x00000000c9c00000| Untracked 
| 127|0x00000000c9d00000, 0x00000000c9d00000, 0x00000000c9e00000|  0%| F|  |TAMS 0x00000000c9d00000, 0x00000000c9d00000| Untracked 
| 128|0x00000000c9e00000, 0x00000000c9e00000, 0x00000000c9f00000|  0%| F|  |TAMS 0x00000000c9e00000, 0x00000000c9e00000| Untracked 
| 129|0x00000000c9f00000, 0x00000000c9f00000, 0x00000000ca000000|  0%| F|  |TAMS 0x00000000c9f00000, 0x00000000c9f00000| Untracked 
| 130|0x00000000ca000000, 0x00000000ca000000, 0x00000000ca100000|  0%| F|  |TAMS 0x00000000ca000000, 0x00000000ca000000| Untracked 
| 131|0x00000000ca100000, 0x00000000ca100000, 0x00000000ca200000|  0%| F|  |TAMS 0x00000000ca100000, 0x00000000ca100000| Untracked 
| 132|0x00000000ca200000, 0x00000000ca200000, 0x00000000ca300000|  0%| F|  |TAMS 0x00000000ca200000, 0x00000000ca200000| Untracked 
| 133|0x00000000ca300000, 0x00000000ca300000, 0x00000000ca400000|  0%| F|  |TAMS 0x00000000ca300000, 0x00000000ca300000| Untracked 
| 134|0x00000000ca400000, 0x00000000ca400000, 0x00000000ca500000|  0%| F|  |TAMS 0x00000000ca400000, 0x00000000ca400000| Untracked 
| 135|0x00000000ca500000, 0x00000000ca500000, 0x00000000ca600000|  0%| F|  |TAMS 0x00000000ca500000, 0x00000000ca500000| Untracked 
| 136|0x00000000ca600000, 0x00000000ca600000, 0x00000000ca700000|  0%| F|  |TAMS 0x00000000ca600000, 0x00000000ca600000| Untracked 
| 137|0x00000000ca700000, 0x00000000ca700000, 0x00000000ca800000|  0%| F|  |TAMS 0x00000000ca700000, 0x00000000ca700000| Untracked 
| 138|0x00000000ca800000, 0x00000000ca800000, 0x00000000ca900000|  0%| F|  |TAMS 0x00000000ca800000, 0x00000000ca800000| Untracked 
| 139|0x00000000ca900000, 0x00000000ca900000, 0x00000000caa00000|  0%| F|  |TAMS 0x00000000ca900000, 0x00000000ca900000| Untracked 
| 140|0x00000000caa00000, 0x00000000caa00000, 0x00000000cab00000|  0%| F|  |TAMS 0x00000000caa00000, 0x00000000caa00000| Untracked 
| 141|0x00000000cab00000, 0x00000000cab00000, 0x00000000cac00000|  0%| F|  |TAMS 0x00000000cab00000, 0x00000000cab00000| Untracked 
| 142|0x00000000cac00000, 0x00000000cac00000, 0x00000000cad00000|  0%| F|  |TAMS 0x00000000cac00000, 0x00000000cac00000| Untracked 
| 143|0x00000000cad00000, 0x00000000cad00000, 0x00000000cae00000|  0%| F|  |TAMS 0x00000000cad00000, 0x00000000cad00000| Untracked 
| 144|0x00000000cae00000, 0x00000000cae00000, 0x00000000caf00000|  0%| F|  |TAMS 0x00000000cae00000, 0x00000000cae00000| Untracked 
| 145|0x00000000caf00000, 0x00000000caf00000, 0x00000000cb000000|  0%| F|  |TAMS 0x00000000caf00000, 0x00000000caf00000| Untracked 
| 146|0x00000000cb000000, 0x00000000cb000000, 0x00000000cb100000|  0%| F|  |TAMS 0x00000000cb000000, 0x00000000cb000000| Untracked 
| 147|0x00000000cb100000, 0x00000000cb100000, 0x00000000cb200000|  0%| F|  |TAMS 0x00000000cb100000, 0x00000000cb100000| Untracked 
| 148|0x00000000cb200000, 0x00000000cb200000, 0x00000000cb300000|  0%| F|  |TAMS 0x00000000cb200000, 0x00000000cb200000| Untracked 
| 149|0x00000000cb300000, 0x00000000cb300000, 0x00000000cb400000|  0%| F|  |TAMS 0x00000000cb300000, 0x00000000cb300000| Untracked 
| 150|0x00000000cb400000, 0x00000000cb400000, 0x00000000cb500000|  0%| F|  |TAMS 0x00000000cb400000, 0x00000000cb400000| Untracked 
| 151|0x00000000cb500000, 0x00000000cb500000, 0x00000000cb600000|  0%| F|  |TAMS 0x00000000cb500000, 0x00000000cb500000| Untracked 
| 152|0x00000000cb600000, 0x00000000cb600000, 0x00000000cb700000|  0%| F|  |TAMS 0x00000000cb600000, 0x00000000cb600000| Untracked 
| 153|0x00000000cb700000, 0x00000000cb700000, 0x00000000cb800000|  0%| F|  |TAMS 0x00000000cb700000, 0x00000000cb700000| Untracked 
| 154|0x00000000cb800000, 0x00000000cb800000, 0x00000000cb900000|  0%| F|  |TAMS 0x00000000cb800000, 0x00000000cb800000| Untracked 
| 155|0x00000000cb900000, 0x00000000cb900000, 0x00000000cba00000|  0%| F|  |TAMS 0x00000000cb900000, 0x00000000cb900000| Untracked 
| 156|0x00000000cba00000, 0x00000000cba00000, 0x00000000cbb00000|  0%| F|  |TAMS 0x00000000cba00000, 0x00000000cba00000| Untracked 
| 157|0x00000000cbb00000, 0x00000000cbb00000, 0x00000000cbc00000|  0%| F|  |TAMS 0x00000000cbb00000, 0x00000000cbb00000| Untracked 
| 158|0x00000000cbc00000, 0x00000000cbc00000, 0x00000000cbd00000|  0%| F|  |TAMS 0x00000000cbc00000, 0x00000000cbc00000| Untracked 

Card table byte_map: [0x0000022f290d0000,0x0000022f292d0000] _byte_map_base: 0x0000022f28ac1000

Marking Bits (Prev, Next): (CMBitMap*) 0x0000022f0fd81250, (CMBitMap*) 0x0000022f0fd81290
 Prev Bits: [0x0000022f294d0000, 0x0000022f2a458000)
 Next Bits: [0x0000022f2a460000, 0x0000022f2b3e8000)

Polling page: 0x0000022f0fbd0000

Metaspace:

Usage:
  Non-class:      8.75 MB used.
      Class:      1.08 MB used.
       Both:      9.82 MB used.

Virtual space:
  Non-class space:       64.00 MB reserved,       8.88 MB ( 14%) committed,  1 nodes.
      Class space:        1.00 GB reserved,       1.19 MB ( <1%) committed,  1 nodes.
             Both:        1.06 GB reserved,      10.06 MB ( <1%) committed. 

Chunk freelists:
   Non-Class:  2.53 MB
       Class:  2.66 MB
        Both:  5.19 MB

MaxMetaspaceSize: unlimited
CompressedClassSpaceSize: 1.00 GB
Initial GC threshold: 21.00 MB
Current GC threshold: 21.00 MB
CDS: on
MetaspaceReclaimPolicy: balanced
 - commit_granule_bytes: 65536.
 - commit_granule_words: 8192.
 - virtual_space_node_default_size: 8388608.
 - enlarge_chunks_in_place: 1.
 - new_chunks_are_fully_committed: 0.
 - uncommit_free_chunks: 1.
 - use_allocation_guard: 0.


Internal statistics:

num_allocs_failed_limit: 0.
num_arena_births: 96.
num_arena_deaths: 0.
num_vsnodes_births: 2.
num_vsnodes_deaths: 0.
num_space_committed: 160.
num_space_uncommitted: 0.
num_chunks_returned_to_freelist: 0.
num_chunks_taken_from_freelist: 278.
num_chunk_merges: 0.
num_chunk_splits: 180.
num_chunks_enlarged: 144.
num_inconsistent_stats: 0.

CodeHeap 'non-profiled nmethods': size=120000Kb used=697Kb max_used=697Kb free=119302Kb
 bounds [0x0000022f20f30000, 0x0000022f211a0000, 0x0000022f28460000]
CodeHeap 'profiled nmethods': size=120000Kb used=3002Kb max_used=3002Kb free=116997Kb
 bounds [0x0000022f19460000, 0x0000022f19750000, 0x0000022f20990000]
CodeHeap 'non-nmethods': size=5760Kb used=1292Kb max_used=1345Kb free=4467Kb
 bounds [0x0000022f20990000, 0x0000022f20c00000, 0x0000022f20f30000]
 total_blobs=2095 nmethods=1581 adapters=425
 compilation: enabled
              stopped_count=0, restarted_count=0
 full_count=0

Compilation events (20 events):
Event: 1.649 Thread 0x0000022f2de4eb00 nmethod 1575 0x0000022f1974b690 code [0x0000022f1974b840, 0x0000022f1974ba08]
Event: 1.649 Thread 0x0000022f2de4eb00 1574       1       java.util.stream.IntPipeline$StatelessOp::opIsStateful (2 bytes)
Event: 1.649 Thread 0x0000022f2de4eb00 nmethod 1574 0x0000022f20fd4990 code [0x0000022f20fd4b20, 0x0000022f20fd4bf8]
Event: 1.649 Thread 0x0000022f2de4eb00 1576       3       java.lang.StringUTF16::toLowerCase (299 bytes)
Event: 1.650 Thread 0x0000022f2de4eb00 nmethod 1576 0x0000022f1974bb10 code [0x0000022f1974be40, 0x0000022f1974d0f8]
Event: 1.654 Thread 0x0000022f2de4eb00 1577       3       java.nio.ByteBuffer::flip (7 bytes)
Event: 1.654 Thread 0x0000022f2de4eb00 nmethod 1577 0x0000022f1974d690 code [0x0000022f1974d840, 0x0000022f1974d9b8]
Event: 1.656 Thread 0x0000022f2de4e570 1578       4       java.lang.StringUTF16::toLowerCase (299 bytes)
Event: 1.664 Thread 0x0000022f2de4e570 nmethod 1578 0x0000022f20fd4c90 code [0x0000022f20fd4ea0, 0x0000022f20fd57f0]
Event: 1.665 Thread 0x0000022f2de4e570 1579       4       java.util.ArrayList$Itr::hasNext (20 bytes)
Event: 1.666 Thread 0x0000022f2de4e570 nmethod 1579 0x0000022f20fd5e90 code [0x0000022f20fd6020, 0x0000022f20fd60b8]
Event: 1.666 Thread 0x0000022f2de4e570 1580       4       jdk.internal.jimage.ImageLocation::readValue (61 bytes)
Event: 1.718 Thread 0x0000022f2de4e570 nmethod 1580 0x0000022f20fd6190 code [0x0000022f20fd6320, 0x0000022f20fd6598]
Event: 1.723 Thread 0x0000022f2de4e570 1581       4       java.lang.Character::codePointBefore (48 bytes)
Event: 1.725 Thread 0x0000022f2de4e570 nmethod 1581 0x0000022f20fd6690 code [0x0000022f20fd6820, 0x0000022f20fd69f8]
Event: 1.726 Thread 0x0000022f2de4eb00 1582       3       sun.net.www.ParseUtil::match (50 bytes)
Event: 1.726 Thread 0x0000022f2de4eb00 nmethod 1582 0x0000022f1974da90 code [0x0000022f1974dc40, 0x0000022f1974ded8]
Event: 1.733 Thread 0x0000022f2de4d4c0 nmethod 1557% 0x0000022f20fd6c90 code [0x0000022f20fd7140, 0x0000022f20fdbfd0]
Event: 1.738 Thread 0x0000022f2de4eb00 1583       3       java.nio.HeapByteBuffer::compact (85 bytes)
Event: 1.739 Thread 0x0000022f2de4eb00 nmethod 1583 0x0000022f1974df90 code [0x0000022f1974e180, 0x0000022f1974e7a8]

GC Heap History (19 events):
Event: 0.952 GC heap before
{Heap before GC invocations=0 (full 0):
 garbage-first heap   total 65536K, used 23552K [0x00000000c1e00000, 0x0000000100000000)
  region size 1024K, 23 young (23552K), 0 survivors (0K)
 Metaspace       used 8656K, committed 8768K, reserved 1114112K
  class space    used 987K, committed 1024K, reserved 1048576K
}
Event: 0.960 GC heap after
{Heap after GC invocations=1 (full 0):
 garbage-first heap   total 65536K, used 7672K [0x00000000c1e00000, 0x0000000100000000)
  region size 1024K, 3 young (3072K), 3 survivors (3072K)
 Metaspace       used 8656K, committed 8768K, reserved 1114112K
  class space    used 987K, committed 1024K, reserved 1048576K
}
Event: 1.144 GC heap before
{Heap before GC invocations=1 (full 0):
 garbage-first heap   total 65536K, used 29176K [0x00000000c1e00000, 0x0000000100000000)
  region size 1024K, 25 young (25600K), 3 survivors (3072K)
 Metaspace       used 9862K, committed 10048K, reserved 1114112K
  class space    used 1089K, committed 1152K, reserved 1048576K
}
Event: 1.152 GC heap after
{Heap after GC invocations=2 (full 0):
 garbage-first heap   total 65536K, used 9777K [0x00000000c1e00000, 0x0000000100000000)
  region size 1024K, 2 young (2048K), 2 survivors (2048K)
 Metaspace       used 9862K, committed 10048K, reserved 1114112K
  class space    used 1089K, committed 1152K, reserved 1048576K
}
Event: 1.200 GC heap before
{Heap before GC invocations=2 (full 0):
 garbage-first heap   total 65536K, used 33329K [0x00000000c1e00000, 0x0000000100000000)
  region size 1024K, 25 young (25600K), 2 survivors (2048K)
 Metaspace       used 9876K, committed 10048K, reserved 1114112K
  class space    used 1089K, committed 1152K, reserved 1048576K
}
Event: 1.205 GC heap after
{Heap after GC invocations=3 (full 0):
 garbage-first heap   total 65536K, used 10492K [0x00000000c1e00000, 0x0000000100000000)
  region size 1024K, 3 young (3072K), 3 survivors (3072K)
 Metaspace       used 9876K, committed 10048K, reserved 1114112K
  class space    used 1089K, committed 1152K, reserved 1048576K
}
Event: 1.227 GC heap before
{Heap before GC invocations=3 (full 0):
 garbage-first heap   total 65536K, used 38140K [0x00000000c1e00000, 0x0000000100000000)
  region size 1024K, 30 young (30720K), 3 survivors (3072K)
 Metaspace       used 9903K, committed 10176K, reserved 1114112K
  class space    used 1090K, committed 1216K, reserved 1048576K
}
Event: 1.250 GC heap after
{Heap after GC invocations=4 (full 0):
 garbage-first heap   total 65536K, used 12077K [0x00000000c1e00000, 0x0000000100000000)
  region size 1024K, 3 young (3072K), 3 survivors (3072K)
 Metaspace       used 9903K, committed 10176K, reserved 1114112K
  class space    used 1090K, committed 1216K, reserved 1048576K
}
Event: 1.294 GC heap before
{Heap before GC invocations=4 (full 0):
 garbage-first heap   total 65536K, used 43821K [0x00000000c1e00000, 0x0000000100000000)
  region size 1024K, 34 young (34816K), 3 survivors (3072K)
 Metaspace       used 9918K, committed 10176K, reserved 1114112K
  class space    used 1090K, committed 1216K, reserved 1048576K
}
Event: 1.302 GC heap after
{Heap after GC invocations=5 (full 0):
 garbage-first heap   total 65536K, used 14530K [0x00000000c1e00000, 0x0000000100000000)
  region size 1024K, 5 young (5120K), 5 survivors (5120K)
 Metaspace       used 9918K, committed 10176K, reserved 1114112K
  class space    used 1090K, committed 1216K, reserved 1048576K
}
Event: 1.329 GC heap before
{Heap before GC invocations=5 (full 0):
 garbage-first heap   total 65536K, used 45250K [0x00000000c1e00000, 0x0000000100000000)
  region size 1024K, 35 young (35840K), 5 survivors (5120K)
 Metaspace       used 9932K, committed 10176K, reserved 1114112K
  class space    used 1090K, committed 1216K, reserved 1048576K
}
Event: 1.354 GC heap after
{Heap after GC invocations=6 (full 0):
 garbage-first heap   total 162816K, used 17284K [0x00000000c1e00000, 0x0000000100000000)
  region size 1024K, 3 young (3072K), 3 survivors (3072K)
 Metaspace       used 9932K, committed 10176K, reserved 1114112K
  class space    used 1090K, committed 1216K, reserved 1048576K
}
Event: 1.506 GC heap before
{Heap before GC invocations=6 (full 0):
 garbage-first heap   total 162816K, used 112516K [0x00000000c1e00000, 0x0000000100000000)
  region size 1024K, 95 young (97280K), 3 survivors (3072K)
 Metaspace       used 10052K, committed 10304K, reserved 1114112K
  class space    used 1100K, committed 1216K, reserved 1048576K
}
Event: 1.519 GC heap after
{Heap after GC invocations=7 (full 0):
 garbage-first heap   total 162816K, used 22604K [0x00000000c1e00000, 0x0000000100000000)
  region size 1024K, 7 young (7168K), 7 survivors (7168K)
 Metaspace       used 10052K, committed 10304K, reserved 1114112K
  class space    used 1100K, committed 1216K, reserved 1048576K
}
Event: 1.568 GC heap before
{Heap before GC invocations=7 (full 0):
 garbage-first heap   total 162816K, used 114764K [0x00000000c1e00000, 0x0000000100000000)
  region size 1024K, 95 young (97280K), 7 survivors (7168K)
 Metaspace       used 10054K, committed 10304K, reserved 1114112K
  class space    used 1101K, committed 1216K, reserved 1048576K
}
Event: 1.609 GC heap after
{Heap after GC invocations=8 (full 0):
 garbage-first heap   total 162816K, used 29487K [0x00000000c1e00000, 0x0000000100000000)
  region size 1024K, 10 young (10240K), 10 survivors (10240K)
 Metaspace       used 10054K, committed 10304K, reserved 1114112K
  class space    used 1101K, committed 1216K, reserved 1048576K
}
Event: 1.668 GC heap before
{Heap before GC invocations=8 (full 0):
 garbage-first heap   total 162816K, used 116527K [0x00000000c1e00000, 0x0000000100000000)
  region size 1024K, 95 young (97280K), 10 survivors (10240K)
 Metaspace       used 10057K, committed 10304K, reserved 1114112K
  class space    used 1101K, committed 1216K, reserved 1048576K
}
Event: 1.715 GC heap after
{Heap after GC invocations=9 (full 0):
 garbage-first heap   total 162816K, used 36097K [0x00000000c1e00000, 0x0000000100000000)
  region size 1024K, 11 young (11264K), 11 survivors (11264K)
 Metaspace       used 10057K, committed 10304K, reserved 1114112K
  class space    used 1101K, committed 1216K, reserved 1048576K
}
Event: 1.751 GC heap before
{Heap before GC invocations=9 (full 0):
 garbage-first heap   total 162816K, used 122113K [0x00000000c1e00000, 0x0000000100000000)
  region size 1024K, 95 young (97280K), 11 survivors (11264K)
 Metaspace       used 10057K, committed 10304K, reserved 1114112K
  class space    used 1101K, committed 1216K, reserved 1048576K
}

Dll operation events (7 events):
Event: 0.008 Loaded shared library C:\Program Files\Java\jdk-19\bin\java.dll
Event: 0.016 Loaded shared library C:\Program Files\Java\jdk-19\bin\jsvml.dll
Event: 0.049 Loaded shared library C:\Program Files\Java\jdk-19\bin\net.dll
Event: 0.051 Loaded shared library C:\Program Files\Java\jdk-19\bin\nio.dll
Event: 0.057 Loaded shared library C:\Program Files\Java\jdk-19\bin\zip.dll
Event: 0.069 Loaded shared library C:\Program Files\Java\jdk-19\bin\jimage.dll
Event: 0.836 Loaded shared library C:\Program Files\Java\jdk-19\bin\verify.dll

Deoptimization events (20 events):
Event: 1.623 Thread 0x0000022f0fd3f0e0 DEOPT PACKING pc=0x0000022f19745884 sp=0x000000d5a24fdb70
Event: 1.623 Thread 0x0000022f0fd3f0e0 DEOPT UNPACKING pc=0x0000022f209f7543 sp=0x000000d5a24fd0c8 mode 0
Event: 1.624 Thread 0x0000022f0fd3f0e0 DEOPT PACKING pc=0x0000022f19745884 sp=0x000000d5a24fdb70
Event: 1.624 Thread 0x0000022f0fd3f0e0 DEOPT UNPACKING pc=0x0000022f209f7543 sp=0x000000d5a24fd0c8 mode 0
Event: 1.625 Thread 0x0000022f0fd3f0e0 DEOPT PACKING pc=0x0000022f19745884 sp=0x000000d5a24fdb70
Event: 1.625 Thread 0x0000022f0fd3f0e0 DEOPT UNPACKING pc=0x0000022f209f7543 sp=0x000000d5a24fd0c8 mode 0
Event: 1.637 Thread 0x0000022f0fd3f0e0 Uncommon trap: trap_request=0xffffffde fr.pc=0x0000022f20fabda0 relative=0x0000000000000180
Event: 1.637 Thread 0x0000022f0fd3f0e0 Uncommon trap: reason=class_check action=maybe_recompile pc=0x0000022f20fabda0 method=java.util.regex.Pattern$Slice.match(Ljava/util/regex/Matcher;ILjava/lang/CharSequence;)Z @ 49 c2
Event: 1.637 Thread 0x0000022f0fd3f0e0 DEOPT PACKING pc=0x0000022f20fabda0 sp=0x000000d5a24fe160
Event: 1.637 Thread 0x0000022f0fd3f0e0 DEOPT UNPACKING pc=0x0000022f209f6da3 sp=0x000000d5a24fe0e8 mode 2
Event: 1.637 Thread 0x0000022f0fd3f0e0 Uncommon trap: trap_request=0xffffffde fr.pc=0x0000022f20fabda0 relative=0x0000000000000180
Event: 1.637 Thread 0x0000022f0fd3f0e0 Uncommon trap: reason=class_check action=maybe_recompile pc=0x0000022f20fabda0 method=java.util.regex.Pattern$Slice.match(Ljava/util/regex/Matcher;ILjava/lang/CharSequence;)Z @ 49 c2
Event: 1.637 Thread 0x0000022f0fd3f0e0 DEOPT PACKING pc=0x0000022f20fabda0 sp=0x000000d5a24fe160
Event: 1.637 Thread 0x0000022f0fd3f0e0 DEOPT UNPACKING pc=0x0000022f209f6da3 sp=0x000000d5a24fe0e8 mode 2
Event: 1.637 Thread 0x0000022f0fd3f0e0 Uncommon trap: trap_request=0xffffffde fr.pc=0x0000022f20fabda0 relative=0x0000000000000180
Event: 1.637 Thread 0x0000022f0fd3f0e0 Uncommon trap: reason=class_check action=maybe_recompile pc=0x0000022f20fabda0 method=java.util.regex.Pattern$Slice.match(Ljava/util/regex/Matcher;ILjava/lang/CharSequence;)Z @ 49 c2
Event: 1.637 Thread 0x0000022f0fd3f0e0 DEOPT PACKING pc=0x0000022f20fabda0 sp=0x000000d5a24fe160
Event: 1.637 Thread 0x0000022f0fd3f0e0 DEOPT UNPACKING pc=0x0000022f209f6da3 sp=0x000000d5a24fe0e8 mode 2
Event: 1.736 Thread 0x0000022f0fd3f0e0 DEOPT PACKING pc=0x0000022f19730cdc sp=0x000000d5a24fe2b0
Event: 1.736 Thread 0x0000022f0fd3f0e0 DEOPT UNPACKING pc=0x0000022f209f7543 sp=0x000000d5a24fd908 mode 0

Classes loaded (20 events):
Event: 1.375 Loading class sun/text/resources/BreakIteratorResources
Event: 1.375 Loading class sun/util/resources/BreakIteratorResourceBundle
Event: 1.376 Loading class sun/util/resources/BreakIteratorResourceBundle done
Event: 1.376 Loading class sun/text/resources/BreakIteratorResources done
Event: 1.376 Loading class sun/text/resources/BreakIteratorResources_en
Event: 1.376 Loading class sun/text/resources/BreakIteratorResources_en done
Event: 1.376 Loading class sun/text/resources/BreakIteratorResources_en_US
Event: 1.376 Loading class sun/text/resources/BreakIteratorResources_en_US done
Event: 1.377 Loading class sun/text/RuleBasedBreakIterator
Event: 1.377 Loading class sun/text/RuleBasedBreakIterator done
Event: 1.378 Loading class sun/text/CompactByteArray
Event: 1.378 Loading class sun/text/CompactByteArray done
Event: 1.379 Loading class sun/text/SupplementaryCharacterData
Event: 1.379 Loading class sun/text/SupplementaryCharacterData done
Event: 1.379 Loading class java/text/BreakIterator$BreakIteratorCache
Event: 1.379 Loading class java/text/BreakIterator$BreakIteratorCache done
Event: 1.379 Loading class java/text/StringCharacterIterator
Event: 1.379 Loading class java/text/CharacterIterator
Event: 1.379 Loading class java/text/CharacterIterator done
Event: 1.379 Loading class java/text/StringCharacterIterator done

Classes unloaded (0 events):
No events

Classes redefined (0 events):
No events

Internal exceptions (11 events):
Event: 0.295 Thread 0x0000022f0fd3f0e0 Exception <a 'java/lang/ClassNotFoundException'{0x00000000c55545c8}: javax/smartcardio/CardPermission> (0x00000000c55545c8) 
thrown [s\open\src\hotspot\share\classfile\systemDictionary.cpp, line 255]
Event: 0.301 Thread 0x0000022f0fd3f0e0 Exception <a 'java/io/FileNotFoundException'{0x00000000c5562a18}> (0x00000000c5562a18) 
thrown [s\open\src\hotspot\share\prims\jni.cpp, line 517]
Event: 0.333 Thread 0x0000022f0fd3f0e0 Exception <a 'java/lang/NoSuchMethodError'{0x00000000c54629c8}: 'void java.lang.invoke.DirectMethodHandle$Holder.invokeStatic(java.lang.Object, java.lang.Object, java.lang.Object)'> (0x00000000c54629c8) 
thrown [s\open\src\hotspot\share\interpreter\linkResolver.cpp, line 774]
Event: 0.477 Thread 0x0000022f0fd3f0e0 Exception <a 'java/lang/NoSuchMethodError'{0x00000000c520a208}: 'void java.lang.invoke.DirectMethodHandle$Holder.invokeSpecialIFC(java.lang.Object, java.lang.Object, java.lang.Object, java.lang.Object, java.lang.Object)'> (0x00000000c520a208) 
thrown [s\open\src\hotspot\share\interpreter\linkResolver.cpp, line 774]
Event: 0.478 Thread 0x0000022f0fd3f0e0 Exception <a 'java/lang/NoSuchMethodError'{0x00000000c5212560}: 'void java.lang.invoke.DirectMethodHandle$Holder.invokeStatic(java.lang.Object, java.lang.Object, java.lang.Object, java.lang.Object)'> (0x00000000c5212560) 
thrown [s\open\src\hotspot\share\interpreter\linkResolver.cpp, line 774]
Event: 0.479 Thread 0x0000022f0fd3f0e0 Exception <a 'java/lang/NoSuchMethodError'{0x00000000c521b5c0}: 'int java.lang.invoke.DirectMethodHandle$Holder.invokeSpecial(java.lang.Object, java.lang.Object, java.lang.Object)'> (0x00000000c521b5c0) 
thrown [s\open\src\hotspot\share\interpreter\linkResolver.cpp, line 774]
Event: 0.498 Thread 0x0000022f0fd3f0e0 Exception <a 'java/lang/NoSuchMethodError'{0x00000000c52c2a60}: 'java.lang.Object java.lang.invoke.DirectMethodHandle$Holder.invokeStaticInit(java.lang.Object, java.lang.Object, java.lang.Object)'> (0x00000000c52c2a60) 
thrown [s\open\src\hotspot\share\interpreter\linkResolver.cpp, line 774]
Event: 0.845 Thread 0x0000022f0fd3f0e0 Exception <a 'java/lang/NoClassDefFoundError'{0x00000000c49fdc90}: org/apache/log4j/Priority> (0x00000000c49fdc90) 
thrown [s\open\src\hotspot\share\classfile\systemDictionary.cpp, line 244]
Event: 0.878 Thread 0x0000022f0fd3f0e0 Exception <a 'java/lang/ClassNotFoundException'{0x00000000c4872990}: com/sun/org/apache/xerces/internal/impl/xpath/regex/spi/messageProvider> (0x00000000c4872990) 
thrown [s\open\src\hotspot\share\classfile\systemDictionary.cpp, line 255]
Event: 1.085 Thread 0x0000022f0fd3f0e0 Exception <a 'java/lang/NoSuchMethodError'{0x00000000c5aad518}: 'java.lang.Object java.lang.invoke.DirectMethodHandle$Holder.invokeInterface(java.lang.Object, java.lang.Object)'> (0x00000000c5aad518) 
thrown [s\open\src\hotspot\share\interpreter\linkResolver.cpp, line 774]
Event: 1.086 Thread 0x0000022f0fd3f0e0 Exception <a 'java/lang/IncompatibleClassChangeError'{0x00000000c5ab0a68}: Found class java.lang.Object, but interface was expected> (0x00000000c5ab0a68) 
thrown [s\open\src\hotspot\share\interpreter\linkResolver.cpp, line 841]

VM Operations (20 events):
Event: 0.960 Executing VM operation: G1CollectForAllocation done
Event: 0.961 Executing VM operation: HandshakeAllThreads
Event: 0.961 Executing VM operation: HandshakeAllThreads done
Event: 1.144 Executing VM operation: G1CollectForAllocation
Event: 1.152 Executing VM operation: G1CollectForAllocation done
Event: 1.200 Executing VM operation: G1CollectForAllocation
Event: 1.205 Executing VM operation: G1CollectForAllocation done
Event: 1.226 Executing VM operation: G1CollectForAllocation
Event: 1.250 Executing VM operation: G1CollectForAllocation done
Event: 1.294 Executing VM operation: G1CollectForAllocation
Event: 1.302 Executing VM operation: G1CollectForAllocation done
Event: 1.328 Executing VM operation: G1CollectForAllocation
Event: 1.354 Executing VM operation: G1CollectForAllocation done
Event: 1.506 Executing VM operation: G1CollectForAllocation
Event: 1.519 Executing VM operation: G1CollectForAllocation done
Event: 1.568 Executing VM operation: G1CollectForAllocation
Event: 1.609 Executing VM operation: G1CollectForAllocation done
Event: 1.667 Executing VM operation: G1CollectForAllocation
Event: 1.715 Executing VM operation: G1CollectForAllocation done
Event: 1.751 Executing VM operation: G1CollectForAllocation

Events (15 events):
Event: 0.016 Thread 0x0000022f0fd3f0e0 Thread added: 0x0000022f0fd3f0e0
Event: 0.027 Thread 0x0000022f2de1e230 Thread added: 0x0000022f2de1e230
Event: 0.027 Thread 0x0000022f2de1f020 Thread added: 0x0000022f2de1f020
Event: 0.027 Thread 0x0000022f2de22230 Thread added: 0x0000022f2de22230
Event: 0.027 Thread 0x0000022f2de23d70 Thread added: 0x0000022f2de23d70
Event: 0.027 Thread 0x0000022f2de266b0 Thread added: 0x0000022f2de266b0
Event: 0.027 Thread 0x0000022f2de29270 Thread added: 0x0000022f2de29270
Event: 0.027 Thread 0x0000022f2de4d4c0 Thread added: 0x0000022f2de4d4c0
Event: 0.028 Thread 0x0000022f2de4eb00 Thread added: 0x0000022f2de4eb00
Event: 0.028 Thread 0x0000022f2de5b340 Thread added: 0x0000022f2de5b340
Event: 0.040 Thread 0x0000022f320c0ed0 Thread added: 0x0000022f320c0ed0
Event: 0.045 Thread 0x0000022f320c78e0 Thread added: 0x0000022f320c78e0
Event: 0.269 Thread 0x0000022f2de4e570 Thread added: 0x0000022f2de4e570
Event: 0.812 Thread 0x0000022f328d37c0 Thread added: 0x0000022f328d37c0
Event: 0.819 Thread 0x0000022f32e6a620 Thread added: 0x0000022f32e6a620


Dynamic libraries:
0x00007ff7af600000 - 0x00007ff7af610000 	C:\Program Files\Java\jdk-19\bin\java.exe
0x00007ffe57130000 - 0x00007ffe57347000 	C:\WINDOWS\SYSTEM32\ntdll.dll
0x00007ffe55340000 - 0x00007ffe55404000 	C:\WINDOWS\System32\KERNEL32.DLL
0x00007ffe54aa0000 - 0x00007ffe54e46000 	C:\WINDOWS\System32\KERNELBASE.dll
0x00007ffe54900000 - 0x00007ffe54a11000 	C:\WINDOWS\System32\ucrtbase.dll
0x00007ffe30ff0000 - 0x00007ffe3100b000 	C:\Program Files\Java\jdk-19\bin\VCRUNTIME140.dll
0x00007ffe31010000 - 0x00007ffe31028000 	C:\Program Files\Java\jdk-19\bin\jli.dll
0x00007ffe550b0000 - 0x00007ffe55163000 	C:\WINDOWS\System32\ADVAPI32.dll
0x00007ffe55290000 - 0x00007ffe55337000 	C:\WINDOWS\System32\msvcrt.dll
0x00007ffe56b20000 - 0x00007ffe56bc8000 	C:\WINDOWS\System32\sechost.dll
0x00007ffe547a0000 - 0x00007ffe547c8000 	C:\WINDOWS\System32\bcrypt.dll
0x00007ffe55170000 - 0x00007ffe55287000 	C:\WINDOWS\System32\RPCRT4.dll
0x00007ffe56ce0000 - 0x00007ffe56e8e000 	C:\WINDOWS\System32\USER32.dll
0x00007ffe537a0000 - 0x00007ffe53a33000 	C:\WINDOWS\WinSxS\amd64_microsoft.windows.common-controls_6595b64144ccf1df_6.0.22621.2506_none_270c5ae97388e100\COMCTL32.dll
0x00007ffe54e50000 - 0x00007ffe54e76000 	C:\WINDOWS\System32\win32u.dll
0x00007ffe56950000 - 0x00007ffe56979000 	C:\WINDOWS\System32\GDI32.dll
0x00007ffe54510000 - 0x00007ffe54628000 	C:\WINDOWS\System32\gdi32full.dll
0x00007ffe54470000 - 0x00007ffe5450a000 	C:\WINDOWS\System32\msvcp_win.dll
0x00007ffe52550000 - 0x00007ffe5255a000 	C:\WINDOWS\SYSTEM32\VERSION.dll
0x00007ffe56ca0000 - 0x00007ffe56cd1000 	C:\WINDOWS\System32\IMM32.DLL
0x00007ffe429a0000 - 0x00007ffe429ac000 	C:\Program Files\Java\jdk-19\bin\vcruntime140_1.dll
0x00007ffe2e970000 - 0x00007ffe2e9fe000 	C:\Program Files\Java\jdk-19\bin\msvcp140.dll
0x00007ffdf7700000 - 0x00007ffdf83c0000 	C:\Program Files\Java\jdk-19\bin\server\jvm.dll
0x00007ffe42610000 - 0x00007ffe42619000 	C:\WINDOWS\SYSTEM32\WSOCK32.dll
0x00007ffe4c5e0000 - 0x00007ffe4c614000 	C:\WINDOWS\SYSTEM32\WINMM.dll
0x00007ffe55b50000 - 0x00007ffe55bc1000 	C:\WINDOWS\System32\WS2_32.dll
0x00007ffe52560000 - 0x00007ffe52578000 	C:\WINDOWS\SYSTEM32\kernel.appcore.dll
0x00007ffe421a0000 - 0x00007ffe421aa000 	C:\Program Files\Java\jdk-19\bin\jimage.dll
0x00007ffe53cf0000 - 0x00007ffe53f23000 	C:\WINDOWS\SYSTEM32\DBGHELP.DLL
0x00007ffe55bd0000 - 0x00007ffe55f59000 	C:\WINDOWS\System32\combase.dll
0x00007ffe56f50000 - 0x00007ffe57027000 	C:\WINDOWS\System32\OLEAUT32.dll
0x00007ffe53be0000 - 0x00007ffe53c12000 	C:\WINDOWS\SYSTEM32\dbgcore.DLL
0x00007ffe54a20000 - 0x00007ffe54a9a000 	C:\WINDOWS\System32\bcryptPrimitives.dll
0x00007ffe2f630000 - 0x00007ffe2f656000 	C:\Program Files\Java\jdk-19\bin\java.dll
0x00007ffdf9d80000 - 0x00007ffdf9e57000 	C:\Program Files\Java\jdk-19\bin\jsvml.dll
0x00007ffe560f0000 - 0x00007ffe5694b000 	C:\WINDOWS\System32\SHELL32.dll
0x00007ffe51460000 - 0x00007ffe51d56000 	C:\WINDOWS\SYSTEM32\windows.storage.dll
0x00007ffe51320000 - 0x00007ffe5145e000 	C:\WINDOWS\SYSTEM32\wintypes.dll
0x00007ffe54e80000 - 0x00007ffe54f73000 	C:\WINDOWS\System32\SHCORE.dll
0x00007ffe57090000 - 0x00007ffe570ee000 	C:\WINDOWS\System32\shlwapi.dll
0x00007ffe543a0000 - 0x00007ffe543c6000 	C:\WINDOWS\SYSTEM32\profapi.dll
0x00007ffe248d0000 - 0x00007ffe248e3000 	C:\Program Files\Java\jdk-19\bin\net.dll
0x00007ffe4d000000 - 0x00007ffe4d137000 	C:\WINDOWS\SYSTEM32\WINHTTP.dll
0x00007ffe52b00000 - 0x00007ffe52b69000 	C:\WINDOWS\system32\mswsock.dll
0x00007ffe1a600000 - 0x00007ffe1a616000 	C:\Program Files\Java\jdk-19\bin\nio.dll
0x00007ffe1a5e0000 - 0x00007ffe1a5f8000 	C:\Program Files\Java\jdk-19\bin\zip.dll
0x00007ffe40fd0000 - 0x00007ffe40fe0000 	C:\Program Files\Java\jdk-19\bin\verify.dll

dbghelp: loaded successfully - version: 4.0.5 - missing functions: none
symbol engine: initialized successfully - sym options: 0x614 - pdb path: .;C:\Program Files\Java\jdk-19\bin;C:\WINDOWS\SYSTEM32;C:\WINDOWS\WinSxS\amd64_microsoft.windows.common-controls_6595b64144ccf1df_6.0.22621.2506_none_270c5ae97388e100;C:\Program Files\Java\jdk-19\bin\server

VM Arguments:
java_command: org.languagetool.server.HTTPServer -p 8081
java_class_path (initial): C:\Users\lenovo\.cache\language_tool_python\LanguageTool-6.4\languagetool-server.jar
Launcher Type: SUN_STANDARD

[Global flags]
     intx CICompilerCount                          = 4                                         {product} {ergonomic}
     uint ConcGCThreads                            = 2                                         {product} {ergonomic}
     uint G1ConcRefinementThreads                  = 8                                         {product} {ergonomic}
   size_t G1HeapRegionSize                         = 1048576                                   {product} {ergonomic}
    uintx GCDrainStackTargetSize                   = 64                                        {product} {ergonomic}
   size_t InitialHeapSize                          = 67108864                                  {product} {ergonomic}
   size_t MarkStackSize                            = 4194304                                   {product} {ergonomic}
   size_t MaxHeapSize                              = 1042284544                                {product} {ergonomic}
   size_t MaxNewSize                               = 624951296                                 {product} {ergonomic}
   size_t MinHeapDeltaBytes                        = 1048576                                   {product} {ergonomic}
   size_t MinHeapSize                              = 8388608                                   {product} {ergonomic}
    uintx NonNMethodCodeHeapSize                   = 5839372                                {pd product} {ergonomic}
    uintx NonProfiledCodeHeapSize                  = 122909434                              {pd product} {ergonomic}
    uintx ProfiledCodeHeapSize                     = 122909434                              {pd product} {ergonomic}
    uintx ReservedCodeCacheSize                    = 251658240                              {pd product} {ergonomic}
     bool SegmentedCodeCache                       = true                                      {product} {ergonomic}
   size_t SoftMaxHeapSize                          = 1042284544                             {manageable} {ergonomic}
     bool UseCompressedClassPointers               = true                           {product lp64_product} {ergonomic}
     bool UseCompressedOops                        = true                           {product lp64_product} {ergonomic}
     bool UseG1GC                                  = true                                      {product} {ergonomic}
     bool UseLargePagesIndividualAllocation        = false                                  {pd product} {ergonomic}

Logging:
Log output configuration:
 #0: stdout all=warning uptime,level,tags foldmultilines=false
 #1: stderr all=off uptime,level,tags foldmultilines=false

Environment Variables:
JAVA_HOME=C:\Program Files\Java\jdk-19
PATH=C:\Program Files\Common Files\Oracle\Java\javapath;C:\WINDOWS\system32;C:\WINDOWS;C:\WINDOWS\System32\Wbem;C:\WINDOWS\System32\WindowsPowerShell\v1.0\;C:\WINDOWS\System32\OpenSSH\;C:\Program Files\dotnet\;C:\Program Files\Java\jdk-19\bin;C:\Program Files\Git\cmd;C:\Users\lenovo\AppData\Local\Programs\Python\Python312\Scripts\;C:\Users\lenovo\AppData\Local\Programs\Python\Python312\;C:\Users\lenovo\AppData\Local\Programs\Python\Launcher\;C:\Users\lenovo\AppData\Local\Microsoft\WindowsApps;C:\Users\lenovo\.dotnet\tools;D:\Microsoft VS Code\bin;
USERNAME=lenovo
LANG=en_US.UTF-8
OS=Windows_NT
PROCESSOR_IDENTIFIER=Intel64 Family 6 Model 142 Stepping 12, GenuineIntel
TMP=C:\Users\lenovo\AppData\Local\Temp
TEMP=C:\Users\lenovo\AppData\Local\Temp



---------------  S Y S T E M  ---------------

OS:
 Windows 11 , 64 bit Build 22621 (10.0.22621.3085)
OS uptime: 0 days 18:48 hours
Hyper-V role detected

CPU: total 8 (initial active 8) (4 cores per cpu, 2 threads per core) family 6 model 142 stepping 12 microcode 0xde, cx8, cmov, fxsr, ht, mmx, 3dnowpref, sse, sse2, sse3, ssse3, sse4.1, sse4.2, popcnt, lzcnt, tsc, tscinvbit, avx, avx2, aes, erms, clmul, bmi1, bmi2, adx, fma, vzeroupper, clflush, clflushopt, hv, rdtscp

Memory: 4k page, system-wide physical 3975M (343M free)
TotalPageFile size 16263M (AvailPageFile size 132M)
current process WorkingSet (physical memory assigned to process): 220M, peak: 222M
current process commit charge ("private bytes"): 271M, peak: 589M

vm_info: Java HotSpot(TM) 64-Bit Server VM (19.0.2+7-44) for windows-amd64 JRE (19.0.2+7-44), built on 2022-11-30T18:02:09Z by "mach5one" with MS VC++ 17.1 (VS2022)

END.
