#
# There is insufficient memory for the Java Runtime Environment to continue.
# Native memory allocation (mmap) failed to map 252706816 bytes for G1 virtual space
# Possible reasons:
#   The system is out of physical RAM or swap space
#   The process is running with CompressedOops enabled, and the Java Heap may be blocking the growth of the native heap
# Possible solutions:
#   Reduce memory load on the system
#   Increase physical memory or swap space
#   Check if swap backing store is full
#   Decrease Java heap size (-Xmx/-Xms)
#   Decrease number of Java threads
#   Decrease Java thread stack sizes (-Xss)
#   Set larger code cache with -XX:ReservedCodeCacheSize=
#   JVM is running with Unscaled Compressed Oops mode in which the Java heap is
#     placed in the first 4GB address space. The Java Heap base address is the
#     maximum limit for the native heap growth. Please use -XX:HeapBaseMinAddress
#     to set the Java Heap base and to place the Java Heap above 4GB virtual address.
# This output file may be truncated or incomplete.
#
#  Out of Memory Error (os_windows.cpp:3536), pid=10568, tid=1852
#
# JRE version: Java(TM) SE Runtime Environment (19.0.2+7) (build 19.0.2+7-44)
# Java VM: Java HotSpot(TM) 64-Bit Server VM (19.0.2+7-44, mixed mode, sharing, tiered, compressed oops, compressed class ptrs, g1 gc, windows-amd64)
# No core dump will be written. Minidumps are not enabled by default on client versions of Windows
#

---------------  S U M M A R Y ------------

Command Line: org.languagetool.server.HTTPServer -p 8081

Host: Intel(R) Core(TM) i5-8265U CPU @ 1.60GHz, 8 cores, 3G,  Windows 11 , 64 bit Build 22621 (10.0.22621.3085)
Time: Sat May 11 19:13:15 2024 Malay Peninsula Standard Time elapsed time: 3.059528 seconds (0d 0h 0m 3s)

---------------  T H R E A D  ---------------

Current thread (0x000001b81b666060):  VMThread "VM Thread" [stack: 0x000000a165500000,0x000000a165600000] [id=1852]

Stack: [0x000000a165500000,0x000000a165600000]
Native frames: (J=compiled Java code, j=interpreted, Vv=VM code, C=native code)
V  [jvm.dll+0x6ee21a]
V  [jvm.dll+0x85765e]
V  [jvm.dll+0x85904e]
V  [jvm.dll+0x859703]
V  [jvm.dll+0x28298f]
V  [jvm.dll+0x6eb009]
V  [jvm.dll+0x6dfbaa]
V  [jvm.dll+0x3573f6]
V  [jvm.dll+0x35ee56]
V  [jvm.dll+0x3b541e]
V  [jvm.dll+0x3b564f]
V  [jvm.dll+0x32c9ea]
V  [jvm.dll+0x32ca97]
V  [jvm.dll+0x374cd2]
V  [jvm.dll+0x37340f]
V  [jvm.dll+0x32c210]
V  [jvm.dll+0x3729ab]
V  [jvm.dll+0x85ebc3]
V  [jvm.dll+0x85f989]
V  [jvm.dll+0x85febd]
V  [jvm.dll+0x86034b]
V  [jvm.dll+0x860407]
V  [jvm.dll+0x80125a]
V  [jvm.dll+0x6ecf0b]
C  [ucrtbase.dll+0x29363]
C  [KERNEL32.DLL+0x1257d]
C  [ntdll.dll+0x5aa58]

VM_Operation (0x000000a164ffd250): G1CollectForAllocation, mode: safepoint, requested by thread 0x000001b87f4deb40


---------------  P R O C E S S  ---------------

Threads class SMR info:
_java_thread_list=0x000001b820a63630, length=16, elements={
0x000001b87f4deb40, 0x000001b81b67a930, 0x000001b81b67b720, 0x000001b81b67e520,
0x000001b81b680060, 0x000001b81b682fb0, 0x000001b81b6858f0, 0x000001b81b6a6bf0,
0x000001b81b6a8570, 0x000001b81b6b5310, 0x000001b81f9bb2f0, 0x000001b81f9bdf00,
0x000001b81ffc1a10, 0x000001b82086eb30, 0x000001b82080a800, 0x000001b820a639f0
}

Java Threads: ( => current thread )
  0x000001b87f4deb40 JavaThread "main" [_thread_blocked, id=3300, stack(0x000000a164f00000,0x000000a165000000)]
  0x000001b81b67a930 JavaThread "Reference Handler" daemon [_thread_blocked, id=11536, stack(0x000000a165600000,0x000000a165700000)]
  0x000001b81b67b720 JavaThread "Finalizer" daemon [_thread_blocked, id=256, stack(0x000000a165700000,0x000000a165800000)]
  0x000001b81b67e520 JavaThread "Signal Dispatcher" daemon [_thread_blocked, id=13448, stack(0x000000a165800000,0x000000a165900000)]
  0x000001b81b680060 JavaThread "Attach Listener" daemon [_thread_blocked, id=9456, stack(0x000000a165900000,0x000000a165a00000)]
  0x000001b81b682fb0 JavaThread "Service Thread" daemon [_thread_blocked, id=5996, stack(0x000000a165a00000,0x000000a165b00000)]
  0x000001b81b6858f0 JavaThread "Monitor Deflation Thread" daemon [_thread_blocked, id=8764, stack(0x000000a165b00000,0x000000a165c00000)]
  0x000001b81b6a6bf0 JavaThread "C2 CompilerThread0" daemon [_thread_blocked, id=4888, stack(0x000000a165c00000,0x000000a165d00000)]
  0x000001b81b6a8570 JavaThread "C1 CompilerThread0" daemon [_thread_blocked, id=4252, stack(0x000000a165d00000,0x000000a165e00000)]
  0x000001b81b6b5310 JavaThread "Sweeper thread" daemon [_thread_blocked, id=12528, stack(0x000000a165e00000,0x000000a165f00000)]
  0x000001b81f9bb2f0 JavaThread "Notification Thread" daemon [_thread_blocked, id=9280, stack(0x000000a165f00000,0x000000a166000000)]
  0x000001b81f9bdf00 JavaThread "Common-Cleaner" daemon [_thread_blocked, id=11540, stack(0x000000a166100000,0x000000a166200000)]
  0x000001b81ffc1a10 JavaThread "C2 CompilerThread1" daemon [_thread_blocked, id=13868, stack(0x000000a166200000,0x000000a166300000)]
  0x000001b82086eb30 JavaThread "LtThreadPoolMonitor" daemon [_thread_blocked, id=14712, stack(0x000000a166300000,0x000000a166400000)]
  0x000001b82080a800 JavaThread "LtThreadPoolExecutorMonitor" daemon [_thread_blocked, id=1548, stack(0x000000a166400000,0x000000a166500000)]
  0x000001b820a639f0 JavaThread "C2 CompilerThread2" daemon [_thread_blocked, id=11912, stack(0x000000a166c00000,0x000000a166d00000)]

Other Threads:
=>0x000001b81b666060 VMThread "VM Thread" [stack: 0x000000a165500000,0x000000a165600000] [id=1852]
  0x000001b81f9bdc50 WatcherThread "VM Periodic Task Thread" [stack: 0x000000a166000000,0x000000a166100000] [id=2768]
  0x000001b87f51f380 WorkerThread "GC Thread#0" [stack: 0x000000a165000000,0x000000a165100000] [id=8756]
  0x000001b8208f0050 WorkerThread "GC Thread#1" [stack: 0x000000a166500000,0x000000a166600000] [id=14544]
  0x000001b82091e740 WorkerThread "GC Thread#2" [stack: 0x000000a166600000,0x000000a166700000] [id=11268]
  0x000001b820946a00 WorkerThread "GC Thread#3" [stack: 0x000000a166700000,0x000000a166800000] [id=13424]
  0x000001b820948940 WorkerThread "GC Thread#4" [stack: 0x000000a166800000,0x000000a166900000] [id=7372]
  0x000001b8209480d0 WorkerThread "GC Thread#5" [stack: 0x000000a166900000,0x000000a166a00000] [id=6540]
  0x000001b820948670 WorkerThread "GC Thread#6" [stack: 0x000000a166a00000,0x000000a166b00000] [id=15164]
  0x000001b820946ff0 WorkerThread "GC Thread#7" [stack: 0x000000a166b00000,0x000000a166c00000] [id=7456]
  0x000001b87f527f20 ConcurrentGCThread "G1 Main Marker" [stack: 0x000000a165100000,0x000000a165200000] [id=7612]
  0x000001b87f528950 WorkerThread "G1 Conc#0" [stack: 0x000000a165200000,0x000000a165300000] [id=15088]
  0x000001b87f58f430 ConcurrentGCThread "G1 Refine#0" [stack: 0x000000a165300000,0x000000a165400000] [id=7780]
  0x000001b87f58ff70 ConcurrentGCThread "G1 Service" [stack: 0x000000a165400000,0x000000a165500000] [id=14616]

Threads with active compile tasks:
C2 CompilerThread1     3149 1556 % !   4       org.languagetool.language.identifier.detector.CommonWordsDetector::<init> @ 253 (531 bytes)
C2 CompilerThread2     3149 1453       4       java.util.Scanner::findWithinHorizon (83 bytes)

VM state: at safepoint (normal execution)

VM Mutex/Monitor currently owned by a thread:  ([mutex/lock_event])
[0x000001b87f4d9660] Threads_lock - owner thread: 0x000001b81b666060
[0x000001b87f4d8610] Heap_lock - owner thread: 0x000001b87f4deb40

Heap address: 0x00000000c1e00000, size: 994 MB, Compressed Oops mode: 32-bit

CDS archive(s) mapped at: [0x0000000800000000-0x0000000800c40000-0x0000000800c40000), size 12845056, SharedBaseAddress: 0x0000000800000000, ArchiveRelocationMode: 0.
Compressed class space mapped at: 0x0000000801000000-0x0000000841000000, reserved size: 1073741824
Narrow klass base: 0x0000000800000000, Narrow klass shift: 0, Narrow klass range: 0x100000000

GC Precious Log:
 CardTable entry size: 512
 Card Set container configuration: InlinePtr #cards 5 size 8 Array Of Cards #cards 12 size 40 Howl #buckets 4 coarsen threshold 1843 Howl Bitmap #cards 512 size 80 coarsen threshold 460 Card regions per heap region 1 cards per card region 2048
 CPUs: 8 total, 8 available
 Memory: 3975M
 Large Page Support: Disabled
 NUMA Support: Disabled
 Compressed Oops: Enabled (32-bit)
 Heap Region Size: 1M
 Heap Min Capacity: 8M
 Heap Initial Capacity: 64M
 Heap Max Capacity: 994M
 Pre-touch: Disabled
 Parallel Workers: 8
 Concurrent Workers: 2
 Concurrent Refinement Workers: 8
 Periodic GC: Disabled

Heap:
 garbage-first heap   total 131072K, used 34796K [0x00000000c1e00000, 0x0000000100000000)
  region size 1024K, 9 young (9216K), 9 survivors (9216K)
 Metaspace       used 10057K, committed 10304K, reserved 1114112K
  class space    used 1101K, committed 1216K, reserved 1048576K

Heap Regions: E=young(eden), S=young(survivor), O=old, HS=humongous(starts), HC=humongous(continues), CS=collection set, F=free, OA=open archive, CA=closed archive, TAMS=top-at-mark-start (previous, next)
|   0|0x00000000c1e00000, 0x00000000c1f00000, 0x00000000c1f00000|100%| O|  |TAMS 0x00000000c1e00000, 0x00000000c1e00000| Untracked 
|   1|0x00000000c1f00000, 0x00000000c2000000, 0x00000000c2000000|100%| O|  |TAMS 0x00000000c1f00000, 0x00000000c1f00000| Untracked 
|   2|0x00000000c2000000, 0x00000000c2100000, 0x00000000c2100000|100%| O|  |TAMS 0x00000000c2000000, 0x00000000c2000000| Untracked 
|   3|0x00000000c2100000, 0x00000000c2200000, 0x00000000c2200000|100%| O|  |TAMS 0x00000000c2100000, 0x00000000c2100000| Untracked 
|   4|0x00000000c2200000, 0x00000000c2300000, 0x00000000c2300000|100%| O|  |TAMS 0x00000000c2200000, 0x00000000c2200000| Untracked 
|   5|0x00000000c2300000, 0x00000000c2400000, 0x00000000c2400000|100%| O|  |TAMS 0x00000000c2300000, 0x00000000c2300000| Untracked 
|   6|0x00000000c2400000, 0x00000000c2500000, 0x00000000c2500000|100%| O|  |TAMS 0x00000000c2400000, 0x00000000c2400000| Untracked 
|   7|0x00000000c2500000, 0x00000000c2600000, 0x00000000c2600000|100%| O|  |TAMS 0x00000000c2500000, 0x00000000c2500000| Untracked 
|   8|0x00000000c2600000, 0x00000000c2700000, 0x00000000c2700000|100%| O|  |TAMS 0x00000000c2600000, 0x00000000c2600000| Untracked 
|   9|0x00000000c2700000, 0x00000000c2800000, 0x00000000c2800000|100%| O|  |TAMS 0x00000000c2700000, 0x00000000c2700000| Untracked 
|  10|0x00000000c2800000, 0x00000000c2900000, 0x00000000c2900000|100%|HS|  |TAMS 0x00000000c2800000, 0x00000000c2800000| Complete 
|  11|0x00000000c2900000, 0x00000000c2a00000, 0x00000000c2a00000|100%| O|  |TAMS 0x00000000c2900000, 0x00000000c2900000| Untracked 
|  12|0x00000000c2a00000, 0x00000000c2b00000, 0x00000000c2b00000|100%| O|  |TAMS 0x00000000c2a00000, 0x00000000c2a00000| Untracked 
|  13|0x00000000c2b00000, 0x00000000c2c00000, 0x00000000c2c00000|100%| O|  |TAMS 0x00000000c2b00000, 0x00000000c2b00000| Untracked 
|  14|0x00000000c2c00000, 0x00000000c2d00000, 0x00000000c2d00000|100%| O|  |TAMS 0x00000000c2c00000, 0x00000000c2c00000| Untracked 
|  15|0x00000000c2d00000, 0x00000000c2e00000, 0x00000000c2e00000|100%|HS|  |TAMS 0x00000000c2d00000, 0x00000000c2d00000| Complete 
|  16|0x00000000c2e00000, 0x00000000c2f00000, 0x00000000c2f00000|100%|HC|  |TAMS 0x00000000c2e00000, 0x00000000c2e00000| Complete 
|  17|0x00000000c2f00000, 0x00000000c3000000, 0x00000000c3000000|100%| O|  |TAMS 0x00000000c2f00000, 0x00000000c2f00000| Untracked 
|  18|0x00000000c3000000, 0x00000000c3100000, 0x00000000c3100000|100%| O|  |TAMS 0x00000000c3000000, 0x00000000c3000000| Untracked 
|  19|0x00000000c3100000, 0x00000000c3200000, 0x00000000c3200000|100%| O|  |TAMS 0x00000000c3100000, 0x00000000c3100000| Untracked 
|  20|0x00000000c3200000, 0x00000000c3300000, 0x00000000c3300000|100%| O|  |TAMS 0x00000000c3200000, 0x00000000c3200000| Untracked 
|  21|0x00000000c3300000, 0x00000000c3400000, 0x00000000c3400000|100%| O|  |TAMS 0x00000000c3300000, 0x00000000c3300000| Untracked 
|  22|0x00000000c3400000, 0x00000000c3500000, 0x00000000c3500000|100%| O|  |TAMS 0x00000000c3400000, 0x00000000c3400000| Untracked 
|  23|0x00000000c3500000, 0x00000000c3600000, 0x00000000c3600000|100%| O|  |TAMS 0x00000000c3500000, 0x00000000c3500000| Untracked 
|  24|0x00000000c3600000, 0x00000000c3700000, 0x00000000c3700000|100%| O|  |TAMS 0x00000000c3600000, 0x00000000c3600000| Untracked 
|  25|0x00000000c3700000, 0x00000000c3786800, 0x00000000c3800000| 52%| O|  |TAMS 0x00000000c3700000, 0x00000000c3700000| Untracked 
|  26|0x00000000c3800000, 0x00000000c3800000, 0x00000000c3900000|  0%| F|  |TAMS 0x00000000c3800000, 0x00000000c3800000| Untracked 
|  27|0x00000000c3900000, 0x00000000c3900000, 0x00000000c3a00000|  0%| F|  |TAMS 0x00000000c3900000, 0x00000000c3900000| Untracked 
|  28|0x00000000c3a00000, 0x00000000c3a00000, 0x00000000c3b00000|  0%| F|  |TAMS 0x00000000c3a00000, 0x00000000c3a00000| Untracked 
|  29|0x00000000c3b00000, 0x00000000c3b00000, 0x00000000c3c00000|  0%| F|  |TAMS 0x00000000c3b00000, 0x00000000c3b00000| Untracked 
|  30|0x00000000c3c00000, 0x00000000c3c00000, 0x00000000c3d00000|  0%| F|  |TAMS 0x00000000c3c00000, 0x00000000c3c00000| Untracked 
|  31|0x00000000c3d00000, 0x00000000c3d00000, 0x00000000c3e00000|  0%| F|  |TAMS 0x00000000c3d00000, 0x00000000c3d00000| Untracked 
|  32|0x00000000c3e00000, 0x00000000c3e00000, 0x00000000c3f00000|  0%| F|  |TAMS 0x00000000c3e00000, 0x00000000c3e00000| Untracked 
|  33|0x00000000c3f00000, 0x00000000c3f00000, 0x00000000c4000000|  0%| F|  |TAMS 0x00000000c3f00000, 0x00000000c3f00000| Untracked 
|  34|0x00000000c4000000, 0x00000000c4000000, 0x00000000c4100000|  0%| F|  |TAMS 0x00000000c4000000, 0x00000000c4000000| Untracked 
|  35|0x00000000c4100000, 0x00000000c4100000, 0x00000000c4200000|  0%| F|  |TAMS 0x00000000c4100000, 0x00000000c4100000| Untracked 
|  36|0x00000000c4200000, 0x00000000c4200000, 0x00000000c4300000|  0%| F|  |TAMS 0x00000000c4200000, 0x00000000c4200000| Untracked 
|  37|0x00000000c4300000, 0x00000000c4300000, 0x00000000c4400000|  0%| F|  |TAMS 0x00000000c4300000, 0x00000000c4300000| Untracked 
|  38|0x00000000c4400000, 0x00000000c4400000, 0x00000000c4500000|  0%| F|  |TAMS 0x00000000c4400000, 0x00000000c4400000| Untracked 
|  39|0x00000000c4500000, 0x00000000c4500000, 0x00000000c4600000|  0%| F|  |TAMS 0x00000000c4500000, 0x00000000c4500000| Untracked 
|  40|0x00000000c4600000, 0x00000000c4600000, 0x00000000c4700000|  0%| F|  |TAMS 0x00000000c4600000, 0x00000000c4600000| Untracked 
|  41|0x00000000c4700000, 0x00000000c4700000, 0x00000000c4800000|  0%| F|  |TAMS 0x00000000c4700000, 0x00000000c4700000| Untracked 
|  42|0x00000000c4800000, 0x00000000c4800000, 0x00000000c4900000|  0%| F|  |TAMS 0x00000000c4800000, 0x00000000c4800000| Untracked 
|  43|0x00000000c4900000, 0x00000000c4974ba0, 0x00000000c4a00000| 45%| S|CS|TAMS 0x00000000c4900000, 0x00000000c4900000| Complete 
|  44|0x00000000c4a00000, 0x00000000c4b00000, 0x00000000c4b00000|100%| S|CS|TAMS 0x00000000c4a00000, 0x00000000c4a00000| Complete 
|  45|0x00000000c4b00000, 0x00000000c4c00000, 0x00000000c4c00000|100%| S|CS|TAMS 0x00000000c4b00000, 0x00000000c4b00000| Complete 
|  46|0x00000000c4c00000, 0x00000000c4d00000, 0x00000000c4d00000|100%| S|CS|TAMS 0x00000000c4c00000, 0x00000000c4c00000| Complete 
|  47|0x00000000c4d00000, 0x00000000c4e00000, 0x00000000c4e00000|100%| S|CS|TAMS 0x00000000c4d00000, 0x00000000c4d00000| Complete 
|  48|0x00000000c4e00000, 0x00000000c4f00000, 0x00000000c4f00000|100%| S|CS|TAMS 0x00000000c4e00000, 0x00000000c4e00000| Complete 
|  49|0x00000000c4f00000, 0x00000000c4f00000, 0x00000000c5000000|  0%| F|  |TAMS 0x00000000c4f00000, 0x00000000c4f00000| Untracked 
|  50|0x00000000c5000000, 0x00000000c5000000, 0x00000000c5100000|  0%| F|  |TAMS 0x00000000c5000000, 0x00000000c5000000| Untracked 
|  51|0x00000000c5100000, 0x00000000c5100000, 0x00000000c5200000|  0%| F|  |TAMS 0x00000000c5100000, 0x00000000c5100000| Untracked 
|  52|0x00000000c5200000, 0x00000000c5200000, 0x00000000c5300000|  0%| F|  |TAMS 0x00000000c5200000, 0x00000000c5200000| Untracked 
|  53|0x00000000c5300000, 0x00000000c5300000, 0x00000000c5400000|  0%| F|  |TAMS 0x00000000c5300000, 0x00000000c5300000| Untracked 
|  54|0x00000000c5400000, 0x00000000c5400000, 0x00000000c5500000|  0%| F|  |TAMS 0x00000000c5400000, 0x00000000c5400000| Untracked 
|  55|0x00000000c5500000, 0x00000000c5500000, 0x00000000c5600000|  0%| F|  |TAMS 0x00000000c5500000, 0x00000000c5500000| Untracked 
|  56|0x00000000c5600000, 0x00000000c5600000, 0x00000000c5700000|  0%| F|  |TAMS 0x00000000c5600000, 0x00000000c5600000| Untracked 
|  57|0x00000000c5700000, 0x00000000c5800000, 0x00000000c5800000|100%| S|CS|TAMS 0x00000000c5700000, 0x00000000c5700000| Complete 
|  58|0x00000000c5800000, 0x00000000c5900000, 0x00000000c5900000|100%| S|CS|TAMS 0x00000000c5800000, 0x00000000c5800000| Complete 
|  59|0x00000000c5900000, 0x00000000c5a00000, 0x00000000c5a00000|100%| S|CS|TAMS 0x00000000c5900000, 0x00000000c5900000| Complete 
|  60|0x00000000c5a00000, 0x00000000c5a00000, 0x00000000c5b00000|  0%| F|  |TAMS 0x00000000c5a00000, 0x00000000c5a00000| Untracked 
|  61|0x00000000c5b00000, 0x00000000c5b00000, 0x00000000c5c00000|  0%| F|  |TAMS 0x00000000c5b00000, 0x00000000c5b00000| Untracked 
|  62|0x00000000c5c00000, 0x00000000c5c00000, 0x00000000c5d00000|  0%| F|  |TAMS 0x00000000c5c00000, 0x00000000c5c00000| Untracked 
|  63|0x00000000c5d00000, 0x00000000c5d00000, 0x00000000c5e00000|  0%| F|  |TAMS 0x00000000c5d00000, 0x00000000c5d00000| Untracked 
|  64|0x00000000c5e00000, 0x00000000c5e00000, 0x00000000c5f00000|  0%| F|  |TAMS 0x00000000c5e00000, 0x00000000c5e00000| Untracked 
|  65|0x00000000c5f00000, 0x00000000c5f00000, 0x00000000c6000000|  0%| F|  |TAMS 0x00000000c5f00000, 0x00000000c5f00000| Untracked 
|  66|0x00000000c6000000, 0x00000000c6000000, 0x00000000c6100000|  0%| F|  |TAMS 0x00000000c6000000, 0x00000000c6000000| Untracked 
|  67|0x00000000c6100000, 0x00000000c6100000, 0x00000000c6200000|  0%| F|  |TAMS 0x00000000c6100000, 0x00000000c6100000| Untracked 
|  68|0x00000000c6200000, 0x00000000c6200000, 0x00000000c6300000|  0%| F|  |TAMS 0x00000000c6200000, 0x00000000c6200000| Untracked 
|  69|0x00000000c6300000, 0x00000000c6300000, 0x00000000c6400000|  0%| F|  |TAMS 0x00000000c6300000, 0x00000000c6300000| Untracked 
|  70|0x00000000c6400000, 0x00000000c6400000, 0x00000000c6500000|  0%| F|  |TAMS 0x00000000c6400000, 0x00000000c6400000| Untracked 
|  71|0x00000000c6500000, 0x00000000c6500000, 0x00000000c6600000|  0%| F|  |TAMS 0x00000000c6500000, 0x00000000c6500000| Untracked 
|  72|0x00000000c6600000, 0x00000000c6600000, 0x00000000c6700000|  0%| F|  |TAMS 0x00000000c6600000, 0x00000000c6600000| Untracked 
|  73|0x00000000c6700000, 0x00000000c6700000, 0x00000000c6800000|  0%| F|  |TAMS 0x00000000c6700000, 0x00000000c6700000| Untracked 
|  74|0x00000000c6800000, 0x00000000c6800000, 0x00000000c6900000|  0%| F|  |TAMS 0x00000000c6800000, 0x00000000c6800000| Untracked 
|  75|0x00000000c6900000, 0x00000000c6900000, 0x00000000c6a00000|  0%| F|  |TAMS 0x00000000c6900000, 0x00000000c6900000| Untracked 
|  76|0x00000000c6a00000, 0x00000000c6a00000, 0x00000000c6b00000|  0%| F|  |TAMS 0x00000000c6a00000, 0x00000000c6a00000| Untracked 
|  77|0x00000000c6b00000, 0x00000000c6b00000, 0x00000000c6c00000|  0%| F|  |TAMS 0x00000000c6b00000, 0x00000000c6b00000| Untracked 
|  78|0x00000000c6c00000, 0x00000000c6c00000, 0x00000000c6d00000|  0%| F|  |TAMS 0x00000000c6c00000, 0x00000000c6c00000| Untracked 
|  79|0x00000000c6d00000, 0x00000000c6d00000, 0x00000000c6e00000|  0%| F|  |TAMS 0x00000000c6d00000, 0x00000000c6d00000| Untracked 
|  80|0x00000000c6e00000, 0x00000000c6e00000, 0x00000000c6f00000|  0%| F|  |TAMS 0x00000000c6e00000, 0x00000000c6e00000| Untracked 
|  81|0x00000000c6f00000, 0x00000000c6f00000, 0x00000000c7000000|  0%| F|  |TAMS 0x00000000c6f00000, 0x00000000c6f00000| Untracked 
|  82|0x00000000c7000000, 0x00000000c7000000, 0x00000000c7100000|  0%| F|  |TAMS 0x00000000c7000000, 0x00000000c7000000| Untracked 
|  83|0x00000000c7100000, 0x00000000c7100000, 0x00000000c7200000|  0%| F|  |TAMS 0x00000000c7100000, 0x00000000c7100000| Untracked 
|  84|0x00000000c7200000, 0x00000000c7200000, 0x00000000c7300000|  0%| F|  |TAMS 0x00000000c7200000, 0x00000000c7200000| Untracked 
|  85|0x00000000c7300000, 0x00000000c7300000, 0x00000000c7400000|  0%| F|  |TAMS 0x00000000c7300000, 0x00000000c7300000| Untracked 
|  86|0x00000000c7400000, 0x00000000c7400000, 0x00000000c7500000|  0%| F|  |TAMS 0x00000000c7400000, 0x00000000c7400000| Untracked 
|  87|0x00000000c7500000, 0x00000000c7500000, 0x00000000c7600000|  0%| F|  |TAMS 0x00000000c7500000, 0x00000000c7500000| Untracked 
|  88|0x00000000c7600000, 0x00000000c7600000, 0x00000000c7700000|  0%| F|  |TAMS 0x00000000c7600000, 0x00000000c7600000| Untracked 
|  89|0x00000000c7700000, 0x00000000c7700000, 0x00000000c7800000|  0%| F|  |TAMS 0x00000000c7700000, 0x00000000c7700000| Untracked 
|  90|0x00000000c7800000, 0x00000000c7800000, 0x00000000c7900000|  0%| F|  |TAMS 0x00000000c7800000, 0x00000000c7800000| Untracked 
|  91|0x00000000c7900000, 0x00000000c7900000, 0x00000000c7a00000|  0%| F|  |TAMS 0x00000000c7900000, 0x00000000c7900000| Untracked 
|  92|0x00000000c7a00000, 0x00000000c7a00000, 0x00000000c7b00000|  0%| F|  |TAMS 0x00000000c7a00000, 0x00000000c7a00000| Untracked 
|  93|0x00000000c7b00000, 0x00000000c7b00000, 0x00000000c7c00000|  0%| F|  |TAMS 0x00000000c7b00000, 0x00000000c7b00000| Untracked 
|  94|0x00000000c7c00000, 0x00000000c7c00000, 0x00000000c7d00000|  0%| F|  |TAMS 0x00000000c7c00000, 0x00000000c7c00000| Untracked 
|  95|0x00000000c7d00000, 0x00000000c7d00000, 0x00000000c7e00000|  0%| F|  |TAMS 0x00000000c7d00000, 0x00000000c7d00000| Untracked 
|  96|0x00000000c7e00000, 0x00000000c7e00000, 0x00000000c7f00000|  0%| F|  |TAMS 0x00000000c7e00000, 0x00000000c7e00000| Untracked 
|  97|0x00000000c7f00000, 0x00000000c7f00000, 0x00000000c8000000|  0%| F|  |TAMS 0x00000000c7f00000, 0x00000000c7f00000| Untracked 
|  98|0x00000000c8000000, 0x00000000c8000000, 0x00000000c8100000|  0%| F|  |TAMS 0x00000000c8000000, 0x00000000c8000000| Untracked 
|  99|0x00000000c8100000, 0x00000000c8100000, 0x00000000c8200000|  0%| F|  |TAMS 0x00000000c8100000, 0x00000000c8100000| Untracked 
| 100|0x00000000c8200000, 0x00000000c8200000, 0x00000000c8300000|  0%| F|  |TAMS 0x00000000c8200000, 0x00000000c8200000| Untracked 
| 101|0x00000000c8300000, 0x00000000c8300000, 0x00000000c8400000|  0%| F|  |TAMS 0x00000000c8300000, 0x00000000c8300000| Untracked 
| 102|0x00000000c8400000, 0x00000000c8400000, 0x00000000c8500000|  0%| F|  |TAMS 0x00000000c8400000, 0x00000000c8400000| Untracked 
| 103|0x00000000c8500000, 0x00000000c8500000, 0x00000000c8600000|  0%| F|  |TAMS 0x00000000c8500000, 0x00000000c8500000| Untracked 
| 104|0x00000000c8600000, 0x00000000c8600000, 0x00000000c8700000|  0%| F|  |TAMS 0x00000000c8600000, 0x00000000c8600000| Untracked 
| 105|0x00000000c8700000, 0x00000000c8700000, 0x00000000c8800000|  0%| F|  |TAMS 0x00000000c8700000, 0x00000000c8700000| Untracked 
| 106|0x00000000c8800000, 0x00000000c8800000, 0x00000000c8900000|  0%| F|  |TAMS 0x00000000c8800000, 0x00000000c8800000| Untracked 
| 107|0x00000000c8900000, 0x00000000c8900000, 0x00000000c8a00000|  0%| F|  |TAMS 0x00000000c8900000, 0x00000000c8900000| Untracked 
| 108|0x00000000c8a00000, 0x00000000c8a00000, 0x00000000c8b00000|  0%| F|  |TAMS 0x00000000c8a00000, 0x00000000c8a00000| Untracked 
| 109|0x00000000c8b00000, 0x00000000c8b00000, 0x00000000c8c00000|  0%| F|  |TAMS 0x00000000c8b00000, 0x00000000c8b00000| Untracked 
| 110|0x00000000c8c00000, 0x00000000c8c00000, 0x00000000c8d00000|  0%| F|  |TAMS 0x00000000c8c00000, 0x00000000c8c00000| Untracked 
| 111|0x00000000c8d00000, 0x00000000c8d00000, 0x00000000c8e00000|  0%| F|  |TAMS 0x00000000c8d00000, 0x00000000c8d00000| Untracked 
| 112|0x00000000c8e00000, 0x00000000c8e00000, 0x00000000c8f00000|  0%| F|  |TAMS 0x00000000c8e00000, 0x00000000c8e00000| Untracked 
| 113|0x00000000c8f00000, 0x00000000c8f00000, 0x00000000c9000000|  0%| F|  |TAMS 0x00000000c8f00000, 0x00000000c8f00000| Untracked 
| 114|0x00000000c9000000, 0x00000000c9000000, 0x00000000c9100000|  0%| F|  |TAMS 0x00000000c9000000, 0x00000000c9000000| Untracked 
| 115|0x00000000c9100000, 0x00000000c9100000, 0x00000000c9200000|  0%| F|  |TAMS 0x00000000c9100000, 0x00000000c9100000| Untracked 
| 116|0x00000000c9200000, 0x00000000c9200000, 0x00000000c9300000|  0%| F|  |TAMS 0x00000000c9200000, 0x00000000c9200000| Untracked 
| 117|0x00000000c9300000, 0x00000000c9300000, 0x00000000c9400000|  0%| F|  |TAMS 0x00000000c9300000, 0x00000000c9300000| Untracked 
| 118|0x00000000c9400000, 0x00000000c9400000, 0x00000000c9500000|  0%| F|  |TAMS 0x00000000c9400000, 0x00000000c9400000| Untracked 
| 119|0x00000000c9500000, 0x00000000c9500000, 0x00000000c9600000|  0%| F|  |TAMS 0x00000000c9500000, 0x00000000c9500000| Untracked 
| 120|0x00000000c9600000, 0x00000000c9600000, 0x00000000c9700000|  0%| F|  |TAMS 0x00000000c9600000, 0x00000000c9600000| Untracked 
| 121|0x00000000c9700000, 0x00000000c9700000, 0x00000000c9800000|  0%| F|  |TAMS 0x00000000c9700000, 0x00000000c9700000| Untracked 
| 122|0x00000000c9800000, 0x00000000c9800000, 0x00000000c9900000|  0%| F|  |TAMS 0x00000000c9800000, 0x00000000c9800000| Untracked 
| 123|0x00000000c9900000, 0x00000000c9900000, 0x00000000c9a00000|  0%| F|  |TAMS 0x00000000c9900000, 0x00000000c9900000| Untracked 
| 124|0x00000000c9a00000, 0x00000000c9a00000, 0x00000000c9b00000|  0%| F|  |TAMS 0x00000000c9a00000, 0x00000000c9a00000| Untracked 
| 125|0x00000000c9b00000, 0x00000000c9b00000, 0x00000000c9c00000|  0%| F|  |TAMS 0x00000000c9b00000, 0x00000000c9b00000| Untracked 
| 126|0x00000000c9c00000, 0x00000000c9c00000, 0x00000000c9d00000|  0%| F|  |TAMS 0x00000000c9c00000, 0x00000000c9c00000| Untracked 
| 127|0x00000000c9d00000, 0x00000000c9d00000, 0x00000000c9e00000|  0%| F|  |TAMS 0x00000000c9d00000, 0x00000000c9d00000| Untracked 

Card table byte_map: [0x000001b87fae0000,0x000001b87fce0000] _byte_map_base: 0x000001b87f4d1000

Marking Bits (Prev, Next): (CMBitMap*) 0x000001b87f51f9b0, (CMBitMap*) 0x000001b87f51f9f0
 Prev Bits: [0x000001b816ea0000, 0x000001b817e28000)
 Next Bits: [0x000001b817e30000, 0x000001b818db8000)

Polling page: 0x000001b87d420000

Metaspace:

Usage:
  Non-class:      8.75 MB used.
      Class:      1.08 MB used.
       Both:      9.82 MB used.

Virtual space:
  Non-class space:       64.00 MB reserved,       8.88 MB ( 14%) committed,  1 nodes.
      Class space:        1.00 GB reserved,       1.19 MB ( <1%) committed,  1 nodes.
             Both:        1.06 GB reserved,      10.06 MB ( <1%) committed. 

Chunk freelists:
   Non-Class:  2.53 MB
       Class:  2.66 MB
        Both:  5.19 MB

MaxMetaspaceSize: unlimited
CompressedClassSpaceSize: 1.00 GB
Initial GC threshold: 21.00 MB
Current GC threshold: 21.00 MB
CDS: on
MetaspaceReclaimPolicy: balanced
 - commit_granule_bytes: 65536.
 - commit_granule_words: 8192.
 - virtual_space_node_default_size: 8388608.
 - enlarge_chunks_in_place: 1.
 - new_chunks_are_fully_committed: 0.
 - uncommit_free_chunks: 1.
 - use_allocation_guard: 0.


Internal statistics:

num_allocs_failed_limit: 0.
num_arena_births: 96.
num_arena_deaths: 0.
num_vsnodes_births: 2.
num_vsnodes_deaths: 0.
num_space_committed: 160.
num_space_uncommitted: 0.
num_chunks_returned_to_freelist: 0.
num_chunks_taken_from_freelist: 278.
num_chunk_merges: 0.
num_chunk_splits: 180.
num_chunks_enlarged: 144.
num_inconsistent_stats: 0.

CodeHeap 'non-profiled nmethods': size=120000Kb used=705Kb max_used=705Kb free=119294Kb
 bounds [0x000001b80f970000, 0x000001b80fbe0000, 0x000001b816ea0000]
CodeHeap 'profiled nmethods': size=120000Kb used=2967Kb max_used=2967Kb free=117032Kb
 bounds [0x000001b807ea0000, 0x000001b808190000, 0x000001b80f3d0000]
CodeHeap 'non-nmethods': size=5760Kb used=1290Kb max_used=1334Kb free=4469Kb
 bounds [0x000001b80f3d0000, 0x000001b80f640000, 0x000001b80f970000]
 total_blobs=2090 nmethods=1576 adapters=425
 compilation: enabled
              stopped_count=0, restarted_count=0
 full_count=0

Compilation events (20 events):
Event: 1.636 Thread 0x000001b81b6a6bf0 1570       4       java.util.ArrayList::add (25 bytes)
Event: 1.636 Thread 0x000001b81b6a8570 1571       1       org.languagetool.language.Spanish::getShortCode (3 bytes)
Event: 1.636 Thread 0x000001b81b6a8570 nmethod 1571 0x000001b80fa1ef10 code [0x000001b80fa1f0a0, 0x000001b80fa1f178]
Event: 1.636 Thread 0x000001b81b6a8570 1572       1       org.languagetool.language.Dutch::getShortCode (3 bytes)
Event: 1.636 Thread 0x000001b81b6a8570 nmethod 1572 0x000001b80fa1f210 code [0x000001b80fa1f3a0, 0x000001b80fa1f478]
Event: 1.640 Thread 0x000001b81b6a8570 1573       3       java.util.Locale::hashCode (41 bytes)
Event: 1.642 Thread 0x000001b81b6a8570 nmethod 1573 0x000001b808181e90 code [0x000001b808182040, 0x000001b808182238]
Event: 1.642 Thread 0x000001b81b6a8570 1574       1       java.util.stream.FindOps$FindOp::getOpFlags (5 bytes)
Event: 1.642 Thread 0x000001b81b6a8570 nmethod 1574 0x000001b80fa1f510 code [0x000001b80fa1f6a0, 0x000001b80fa1f758]
Event: 1.649 Thread 0x000001b81b6a6bf0 nmethod 1570 0x000001b80fa1f810 code [0x000001b80fa1f9a0, 0x000001b80fa1fc48]
Event: 1.658 Thread 0x000001b81b6a8570 1575   !   3       sun.nio.cs.StreamDecoder::readBytes (271 bytes)
Event: 1.659 Thread 0x000001b81b6a8570 nmethod 1575 0x000001b808182310 code [0x000001b808182620, 0x000001b808183668]
Event: 1.666 Thread 0x000001b81b6a6bf0 1576       4       jdk.internal.jimage.ImageLocation::readValue (61 bytes)
Event: 1.668 Thread 0x000001b81b6a8570 1578       3       java.util.stream.Sink$ChainedInt::cancellationRequested (10 bytes)
Event: 1.668 Thread 0x000001b81b6a8570 nmethod 1578 0x000001b808183e90 code [0x000001b808184040, 0x000001b808184208]
Event: 1.668 Thread 0x000001b81b6a8570 1577       1       java.util.stream.IntPipeline$StatelessOp::opIsStateful (2 bytes)
Event: 1.668 Thread 0x000001b81b6a8570 nmethod 1577 0x000001b80fa1fe10 code [0x000001b80fa1ffa0, 0x000001b80fa20078]
Event: 1.668 Thread 0x000001b81b6a8570 1579       3       java.lang.StringUTF16::toLowerCase (299 bytes)
Event: 1.670 Thread 0x000001b81b6a8570 nmethod 1579 0x000001b808184310 code [0x000001b808184640, 0x000001b8081858f8]
Event: 1.673 Thread 0x000001b81b6a6bf0 nmethod 1576 0x000001b80fa20110 code [0x000001b80fa202a0, 0x000001b80fa20518]

GC Heap History (17 events):
Event: 0.745 GC heap before
{Heap before GC invocations=0 (full 0):
 garbage-first heap   total 65536K, used 23552K [0x00000000c1e00000, 0x0000000100000000)
  region size 1024K, 23 young (23552K), 0 survivors (0K)
 Metaspace       used 8682K, committed 8896K, reserved 1114112K
  class space    used 989K, committed 1088K, reserved 1048576K
}
Event: 0.754 GC heap after
{Heap after GC invocations=1 (full 0):
 garbage-first heap   total 65536K, used 8168K [0x00000000c1e00000, 0x0000000100000000)
  region size 1024K, 3 young (3072K), 3 survivors (3072K)
 Metaspace       used 8682K, committed 8896K, reserved 1114112K
  class space    used 989K, committed 1088K, reserved 1048576K
}
Event: 0.953 GC heap before
{Heap before GC invocations=1 (full 0):
 garbage-first heap   total 65536K, used 29672K [0x00000000c1e00000, 0x0000000100000000)
  region size 1024K, 25 young (25600K), 3 survivors (3072K)
 Metaspace       used 9861K, committed 10048K, reserved 1114112K
  class space    used 1089K, committed 1152K, reserved 1048576K
}
Event: 0.963 GC heap after
{Heap after GC invocations=2 (full 0):
 garbage-first heap   total 65536K, used 9476K [0x00000000c1e00000, 0x0000000100000000)
  region size 1024K, 2 young (2048K), 2 survivors (2048K)
 Metaspace       used 9861K, committed 10048K, reserved 1114112K
  class space    used 1089K, committed 1152K, reserved 1048576K
}
Event: 1.015 GC heap before
{Heap before GC invocations=2 (full 0):
 garbage-first heap   total 65536K, used 33028K [0x00000000c1e00000, 0x0000000100000000)
  region size 1024K, 25 young (25600K), 2 survivors (2048K)
 Metaspace       used 9876K, committed 10048K, reserved 1114112K
  class space    used 1089K, committed 1152K, reserved 1048576K
}
Event: 1.022 GC heap after
{Heap after GC invocations=3 (full 0):
 garbage-first heap   total 65536K, used 10615K [0x00000000c1e00000, 0x0000000100000000)
  region size 1024K, 3 young (3072K), 3 survivors (3072K)
 Metaspace       used 9876K, committed 10048K, reserved 1114112K
  class space    used 1089K, committed 1152K, reserved 1048576K
}
Event: 1.066 GC heap before
{Heap before GC invocations=3 (full 0):
 garbage-first heap   total 65536K, used 38263K [0x00000000c1e00000, 0x0000000100000000)
  region size 1024K, 30 young (30720K), 3 survivors (3072K)
 Metaspace       used 9902K, committed 10176K, reserved 1114112K
  class space    used 1090K, committed 1216K, reserved 1048576K
}
Event: 1.080 GC heap after
{Heap after GC invocations=4 (full 0):
 garbage-first heap   total 65536K, used 12057K [0x00000000c1e00000, 0x0000000100000000)
  region size 1024K, 3 young (3072K), 3 survivors (3072K)
 Metaspace       used 9902K, committed 10176K, reserved 1114112K
  class space    used 1090K, committed 1216K, reserved 1048576K
}
Event: 1.134 GC heap before
{Heap before GC invocations=4 (full 0):
 garbage-first heap   total 65536K, used 43801K [0x00000000c1e00000, 0x0000000100000000)
  region size 1024K, 34 young (34816K), 3 survivors (3072K)
 Metaspace       used 9917K, committed 10176K, reserved 1114112K
  class space    used 1090K, committed 1216K, reserved 1048576K
}
Event: 1.157 GC heap after
{Heap after GC invocations=5 (full 0):
 garbage-first heap   total 131072K, used 14537K [0x00000000c1e00000, 0x0000000100000000)
  region size 1024K, 5 young (5120K), 5 survivors (5120K)
 Metaspace       used 9917K, committed 10176K, reserved 1114112K
  class space    used 1090K, committed 1216K, reserved 1048576K
}
Event: 1.338 GC heap before
{Heap before GC invocations=5 (full 0):
 garbage-first heap   total 131072K, used 88265K [0x00000000c1e00000, 0x0000000100000000)
  region size 1024K, 76 young (77824K), 5 survivors (5120K)
 Metaspace       used 10052K, committed 10304K, reserved 1114112K
  class space    used 1100K, committed 1216K, reserved 1048576K
}
Event: 1.369 GC heap after
{Heap after GC invocations=6 (full 0):
 garbage-first heap   total 131072K, used 19657K [0x00000000c1e00000, 0x0000000100000000)
  region size 1024K, 9 young (9216K), 9 survivors (9216K)
 Metaspace       used 10052K, committed 10304K, reserved 1114112K
  class space    used 1100K, committed 1216K, reserved 1048576K
}
Event: 1.439 GC heap before
{Heap before GC invocations=6 (full 0):
 garbage-first heap   total 131072K, used 88265K [0x00000000c1e00000, 0x0000000100000000)
  region size 1024K, 76 young (77824K), 9 survivors (9216K)
 Metaspace       used 10052K, committed 10304K, reserved 1114112K
  class space    used 1100K, committed 1216K, reserved 1048576K
}
Event: 1.473 GC heap after
{Heap after GC invocations=7 (full 0):
 garbage-first heap   total 131072K, used 23894K [0x00000000c1e00000, 0x0000000100000000)
  region size 1024K, 9 young (9216K), 9 survivors (9216K)
 Metaspace       used 10052K, committed 10304K, reserved 1114112K
  class space    used 1100K, committed 1216K, reserved 1048576K
}
Event: 1.552 GC heap before
{Heap before GC invocations=7 (full 0):
 garbage-first heap   total 131072K, used 94550K [0x00000000c1e00000, 0x0000000100000000)
  region size 1024K, 76 young (77824K), 9 survivors (9216K)
 Metaspace       used 10053K, committed 10304K, reserved 1114112K
  class space    used 1101K, committed 1216K, reserved 1048576K
}
Event: 1.586 GC heap after
{Heap after GC invocations=8 (full 0):
 garbage-first heap   total 131072K, used 29421K [0x00000000c1e00000, 0x0000000100000000)
  region size 1024K, 8 young (8192K), 8 survivors (8192K)
 Metaspace       used 10053K, committed 10304K, reserved 1114112K
  class space    used 1101K, committed 1216K, reserved 1048576K
}
Event: 1.675 GC heap before
{Heap before GC invocations=8 (full 0):
 garbage-first heap   total 131072K, used 99053K [0x00000000c1e00000, 0x0000000100000000)
  region size 1024K, 76 young (77824K), 8 survivors (8192K)
 Metaspace       used 10057K, committed 10304K, reserved 1114112K
  class space    used 1101K, committed 1216K, reserved 1048576K
}

Dll operation events (7 events):
Event: 0.006 Loaded shared library C:\Program Files\Java\jdk-19\bin\java.dll
Event: 0.013 Loaded shared library C:\Program Files\Java\jdk-19\bin\jsvml.dll
Event: 0.042 Loaded shared library C:\Program Files\Java\jdk-19\bin\net.dll
Event: 0.044 Loaded shared library C:\Program Files\Java\jdk-19\bin\nio.dll
Event: 0.047 Loaded shared library C:\Program Files\Java\jdk-19\bin\zip.dll
Event: 0.056 Loaded shared library C:\Program Files\Java\jdk-19\bin\jimage.dll
Event: 0.652 Loaded shared library C:\Program Files\Java\jdk-19\bin\verify.dll

Deoptimization events (20 events):
Event: 1.623 Thread 0x000001b87f4deb40 DEOPT PACKING pc=0x000001b80817d884 sp=0x000000a164ffe1d0
Event: 1.623 Thread 0x000001b87f4deb40 DEOPT UNPACKING pc=0x000001b80f437543 sp=0x000000a164ffd728 mode 0
Event: 1.625 Thread 0x000001b87f4deb40 DEOPT PACKING pc=0x000001b80817d884 sp=0x000000a164ffe1d0
Event: 1.625 Thread 0x000001b87f4deb40 DEOPT UNPACKING pc=0x000001b80f437543 sp=0x000000a164ffd728 mode 0
Event: 1.627 Thread 0x000001b87f4deb40 DEOPT PACKING pc=0x000001b80817d884 sp=0x000000a164ffe1d0
Event: 1.627 Thread 0x000001b87f4deb40 DEOPT UNPACKING pc=0x000001b80f437543 sp=0x000000a164ffd728 mode 0
Event: 1.629 Thread 0x000001b87f4deb40 DEOPT PACKING pc=0x000001b80817d884 sp=0x000000a164ffe1d0
Event: 1.629 Thread 0x000001b87f4deb40 DEOPT UNPACKING pc=0x000001b80f437543 sp=0x000000a164ffd728 mode 0
Event: 1.636 Thread 0x000001b87f4deb40 Uncommon trap: trap_request=0xffffffde fr.pc=0x000001b80f9f17a0 relative=0x0000000000000180
Event: 1.636 Thread 0x000001b87f4deb40 Uncommon trap: reason=class_check action=maybe_recompile pc=0x000001b80f9f17a0 method=java.util.regex.Pattern$Slice.match(Ljava/util/regex/Matcher;ILjava/lang/CharSequence;)Z @ 49 c2
Event: 1.636 Thread 0x000001b87f4deb40 DEOPT PACKING pc=0x000001b80f9f17a0 sp=0x000000a164ffe740
Event: 1.636 Thread 0x000001b87f4deb40 DEOPT UNPACKING pc=0x000001b80f436da3 sp=0x000000a164ffe6c8 mode 2
Event: 1.636 Thread 0x000001b87f4deb40 Uncommon trap: trap_request=0xffffffde fr.pc=0x000001b80f9f17a0 relative=0x0000000000000180
Event: 1.636 Thread 0x000001b87f4deb40 Uncommon trap: reason=class_check action=maybe_recompile pc=0x000001b80f9f17a0 method=java.util.regex.Pattern$Slice.match(Ljava/util/regex/Matcher;ILjava/lang/CharSequence;)Z @ 49 c2
Event: 1.636 Thread 0x000001b87f4deb40 DEOPT PACKING pc=0x000001b80f9f17a0 sp=0x000000a164ffe740
Event: 1.636 Thread 0x000001b87f4deb40 DEOPT UNPACKING pc=0x000001b80f436da3 sp=0x000000a164ffe6c8 mode 2
Event: 1.636 Thread 0x000001b87f4deb40 Uncommon trap: trap_request=0xffffffde fr.pc=0x000001b80f9f17a0 relative=0x0000000000000180
Event: 1.636 Thread 0x000001b87f4deb40 Uncommon trap: reason=class_check action=maybe_recompile pc=0x000001b80f9f17a0 method=java.util.regex.Pattern$Slice.match(Ljava/util/regex/Matcher;ILjava/lang/CharSequence;)Z @ 49 c2
Event: 1.636 Thread 0x000001b87f4deb40 DEOPT PACKING pc=0x000001b80f9f17a0 sp=0x000000a164ffe740
Event: 1.636 Thread 0x000001b87f4deb40 DEOPT UNPACKING pc=0x000001b80f436da3 sp=0x000000a164ffe6c8 mode 2

Classes loaded (20 events):
Event: 1.256 Loading class sun/text/resources/BreakIteratorResources
Event: 1.256 Loading class sun/util/resources/BreakIteratorResourceBundle
Event: 1.256 Loading class sun/util/resources/BreakIteratorResourceBundle done
Event: 1.256 Loading class sun/text/resources/BreakIteratorResources done
Event: 1.257 Loading class sun/text/resources/BreakIteratorResources_en
Event: 1.257 Loading class sun/text/resources/BreakIteratorResources_en done
Event: 1.257 Loading class sun/text/resources/BreakIteratorResources_en_US
Event: 1.257 Loading class sun/text/resources/BreakIteratorResources_en_US done
Event: 1.258 Loading class sun/text/RuleBasedBreakIterator
Event: 1.258 Loading class sun/text/RuleBasedBreakIterator done
Event: 1.258 Loading class sun/text/CompactByteArray
Event: 1.259 Loading class sun/text/CompactByteArray done
Event: 1.259 Loading class sun/text/SupplementaryCharacterData
Event: 1.259 Loading class sun/text/SupplementaryCharacterData done
Event: 1.259 Loading class java/text/BreakIterator$BreakIteratorCache
Event: 1.259 Loading class java/text/BreakIterator$BreakIteratorCache done
Event: 1.259 Loading class java/text/StringCharacterIterator
Event: 1.259 Loading class java/text/CharacterIterator
Event: 1.259 Loading class java/text/CharacterIterator done
Event: 1.259 Loading class java/text/StringCharacterIterator done

Classes unloaded (0 events):
No events

Classes redefined (0 events):
No events

Internal exceptions (11 events):
Event: 0.235 Thread 0x000001b87f4deb40 Exception <a 'java/lang/ClassNotFoundException'{0x00000000c55544a8}: javax/smartcardio/CardPermission> (0x00000000c55544a8) 
thrown [s\open\src\hotspot\share\classfile\systemDictionary.cpp, line 255]
Event: 0.238 Thread 0x000001b87f4deb40 Exception <a 'java/io/FileNotFoundException'{0x00000000c5562a18}> (0x00000000c5562a18) 
thrown [s\open\src\hotspot\share\prims\jni.cpp, line 517]
Event: 0.263 Thread 0x000001b87f4deb40 Exception <a 'java/lang/NoSuchMethodError'{0x00000000c54629f0}: 'void java.lang.invoke.DirectMethodHandle$Holder.invokeStatic(java.lang.Object, java.lang.Object, java.lang.Object)'> (0x00000000c54629f0) 
thrown [s\open\src\hotspot\share\interpreter\linkResolver.cpp, line 774]
Event: 0.343 Thread 0x000001b87f4deb40 Exception <a 'java/lang/NoSuchMethodError'{0x00000000c520a208}: 'void java.lang.invoke.DirectMethodHandle$Holder.invokeSpecialIFC(java.lang.Object, java.lang.Object, java.lang.Object, java.lang.Object, java.lang.Object)'> (0x00000000c520a208) 
thrown [s\open\src\hotspot\share\interpreter\linkResolver.cpp, line 774]
Event: 0.344 Thread 0x000001b87f4deb40 Exception <a 'java/lang/NoSuchMethodError'{0x00000000c5212560}: 'void java.lang.invoke.DirectMethodHandle$Holder.invokeStatic(java.lang.Object, java.lang.Object, java.lang.Object, java.lang.Object)'> (0x00000000c5212560) 
thrown [s\open\src\hotspot\share\interpreter\linkResolver.cpp, line 774]
Event: 0.344 Thread 0x000001b87f4deb40 Exception <a 'java/lang/NoSuchMethodError'{0x00000000c521b5c0}: 'int java.lang.invoke.DirectMethodHandle$Holder.invokeSpecial(java.lang.Object, java.lang.Object, java.lang.Object)'> (0x00000000c521b5c0) 
thrown [s\open\src\hotspot\share\interpreter\linkResolver.cpp, line 774]
Event: 0.384 Thread 0x000001b87f4deb40 Exception <a 'java/lang/NoSuchMethodError'{0x00000000c52c2a60}: 'java.lang.Object java.lang.invoke.DirectMethodHandle$Holder.invokeStaticInit(java.lang.Object, java.lang.Object, java.lang.Object)'> (0x00000000c52c2a60) 
thrown [s\open\src\hotspot\share\interpreter\linkResolver.cpp, line 774]
Event: 0.660 Thread 0x000001b87f4deb40 Exception <a 'java/lang/NoClassDefFoundError'{0x00000000c49fbd50}: org/apache/log4j/Priority> (0x00000000c49fbd50) 
thrown [s\open\src\hotspot\share\classfile\systemDictionary.cpp, line 244]
Event: 0.681 Thread 0x000001b87f4deb40 Exception <a 'java/lang/ClassNotFoundException'{0x00000000c4870970}: com/sun/org/apache/xerces/internal/impl/xpath/regex/spi/messageProvider> (0x00000000c4870970) 
thrown [s\open\src\hotspot\share\classfile\systemDictionary.cpp, line 255]
Event: 0.878 Thread 0x000001b87f4deb40 Exception <a 'java/lang/NoSuchMethodError'{0x00000000c5aa64b0}: 'java.lang.Object java.lang.invoke.DirectMethodHandle$Holder.invokeInterface(java.lang.Object, java.lang.Object)'> (0x00000000c5aa64b0) 
thrown [s\open\src\hotspot\share\interpreter\linkResolver.cpp, line 774]
Event: 0.879 Thread 0x000001b87f4deb40 Exception <a 'java/lang/IncompatibleClassChangeError'{0x00000000c5aa9a00}: Found class java.lang.Object, but interface was expected> (0x00000000c5aa9a00) 
thrown [s\open\src\hotspot\share\interpreter\linkResolver.cpp, line 841]

VM Operations (20 events):
Event: 0.754 Executing VM operation: G1CollectForAllocation done
Event: 0.754 Executing VM operation: HandshakeAllThreads
Event: 0.754 Executing VM operation: HandshakeAllThreads done
Event: 0.953 Executing VM operation: G1CollectForAllocation
Event: 0.963 Executing VM operation: G1CollectForAllocation done
Event: 1.015 Executing VM operation: G1CollectForAllocation
Event: 1.022 Executing VM operation: G1CollectForAllocation done
Event: 1.066 Executing VM operation: G1CollectForAllocation
Event: 1.080 Executing VM operation: G1CollectForAllocation done
Event: 1.133 Executing VM operation: G1CollectForAllocation
Event: 1.158 Executing VM operation: G1CollectForAllocation done
Event: 1.336 Executing VM operation: G1CollectForAllocation
Event: 1.369 Executing VM operation: G1CollectForAllocation done
Event: 1.439 Executing VM operation: G1CollectForAllocation
Event: 1.473 Executing VM operation: G1CollectForAllocation done
Event: 1.552 Executing VM operation: G1CollectForAllocation
Event: 1.586 Executing VM operation: G1CollectForAllocation done
Event: 1.627 Executing VM operation: ThreadDump
Event: 1.628 Executing VM operation: ThreadDump done
Event: 1.675 Executing VM operation: G1CollectForAllocation

Events (16 events):
Event: 0.013 Thread 0x000001b87f4deb40 Thread added: 0x000001b87f4deb40
Event: 0.023 Thread 0x000001b81b67a930 Thread added: 0x000001b81b67a930
Event: 0.023 Thread 0x000001b81b67b720 Thread added: 0x000001b81b67b720
Event: 0.024 Thread 0x000001b81b67e520 Thread added: 0x000001b81b67e520
Event: 0.024 Thread 0x000001b81b680060 Thread added: 0x000001b81b680060
Event: 0.024 Thread 0x000001b81b682fb0 Thread added: 0x000001b81b682fb0
Event: 0.024 Thread 0x000001b81b6858f0 Thread added: 0x000001b81b6858f0
Event: 0.024 Thread 0x000001b81b6a6bf0 Thread added: 0x000001b81b6a6bf0
Event: 0.024 Thread 0x000001b81b6a8570 Thread added: 0x000001b81b6a8570
Event: 0.024 Thread 0x000001b81b6b5310 Thread added: 0x000001b81b6b5310
Event: 0.037 Thread 0x000001b81f9bb2f0 Thread added: 0x000001b81f9bb2f0
Event: 0.039 Thread 0x000001b81f9bdf00 Thread added: 0x000001b81f9bdf00
Event: 0.226 Thread 0x000001b81ffc1a10 Thread added: 0x000001b81ffc1a10
Event: 0.628 Thread 0x000001b82086eb30 Thread added: 0x000001b82086eb30
Event: 0.635 Thread 0x000001b82080a800 Thread added: 0x000001b82080a800
Event: 0.927 Thread 0x000001b820a639f0 Thread added: 0x000001b820a639f0


Dynamic libraries:
0x00007ff7af600000 - 0x00007ff7af610000 	C:\Program Files\Java\jdk-19\bin\java.exe
0x00007ffe57130000 - 0x00007ffe57347000 	C:\WINDOWS\SYSTEM32\ntdll.dll
0x00007ffe55340000 - 0x00007ffe55404000 	C:\WINDOWS\System32\KERNEL32.DLL
0x00007ffe54aa0000 - 0x00007ffe54e46000 	C:\WINDOWS\System32\KERNELBASE.dll
0x00007ffe54900000 - 0x00007ffe54a11000 	C:\WINDOWS\System32\ucrtbase.dll
0x00007ffe31010000 - 0x00007ffe31028000 	C:\Program Files\Java\jdk-19\bin\jli.dll
0x00007ffe30ff0000 - 0x00007ffe3100b000 	C:\Program Files\Java\jdk-19\bin\VCRUNTIME140.dll
0x00007ffe550b0000 - 0x00007ffe55163000 	C:\WINDOWS\System32\ADVAPI32.dll
0x00007ffe55290000 - 0x00007ffe55337000 	C:\WINDOWS\System32\msvcrt.dll
0x00007ffe56b20000 - 0x00007ffe56bc8000 	C:\WINDOWS\System32\sechost.dll
0x00007ffe547a0000 - 0x00007ffe547c8000 	C:\WINDOWS\System32\bcrypt.dll
0x00007ffe55170000 - 0x00007ffe55287000 	C:\WINDOWS\System32\RPCRT4.dll
0x00007ffe56ce0000 - 0x00007ffe56e8e000 	C:\WINDOWS\System32\USER32.dll
0x00007ffe54e50000 - 0x00007ffe54e76000 	C:\WINDOWS\System32\win32u.dll
0x00007ffe537a0000 - 0x00007ffe53a33000 	C:\WINDOWS\WinSxS\amd64_microsoft.windows.common-controls_6595b64144ccf1df_6.0.22621.2506_none_270c5ae97388e100\COMCTL32.dll
0x00007ffe56950000 - 0x00007ffe56979000 	C:\WINDOWS\System32\GDI32.dll
0x00007ffe54510000 - 0x00007ffe54628000 	C:\WINDOWS\System32\gdi32full.dll
0x00007ffe54470000 - 0x00007ffe5450a000 	C:\WINDOWS\System32\msvcp_win.dll
0x00007ffe52550000 - 0x00007ffe5255a000 	C:\WINDOWS\SYSTEM32\VERSION.dll
0x00007ffe56ca0000 - 0x00007ffe56cd1000 	C:\WINDOWS\System32\IMM32.DLL
0x00007ffe429a0000 - 0x00007ffe429ac000 	C:\Program Files\Java\jdk-19\bin\vcruntime140_1.dll
0x00007ffe2e970000 - 0x00007ffe2e9fe000 	C:\Program Files\Java\jdk-19\bin\msvcp140.dll
0x00007ffdf7700000 - 0x00007ffdf83c0000 	C:\Program Files\Java\jdk-19\bin\server\jvm.dll
0x00007ffe42610000 - 0x00007ffe42619000 	C:\WINDOWS\SYSTEM32\WSOCK32.dll
0x00007ffe4c5e0000 - 0x00007ffe4c614000 	C:\WINDOWS\SYSTEM32\WINMM.dll
0x00007ffe55b50000 - 0x00007ffe55bc1000 	C:\WINDOWS\System32\WS2_32.dll
0x00007ffe52560000 - 0x00007ffe52578000 	C:\WINDOWS\SYSTEM32\kernel.appcore.dll
0x00007ffe421a0000 - 0x00007ffe421aa000 	C:\Program Files\Java\jdk-19\bin\jimage.dll
0x00007ffe53cf0000 - 0x00007ffe53f23000 	C:\WINDOWS\SYSTEM32\DBGHELP.DLL
0x00007ffe55bd0000 - 0x00007ffe55f59000 	C:\WINDOWS\System32\combase.dll
0x00007ffe56f50000 - 0x00007ffe57027000 	C:\WINDOWS\System32\OLEAUT32.dll
0x00007ffe53be0000 - 0x00007ffe53c12000 	C:\WINDOWS\SYSTEM32\dbgcore.DLL
0x00007ffe54a20000 - 0x00007ffe54a9a000 	C:\WINDOWS\System32\bcryptPrimitives.dll
0x00007ffe2f630000 - 0x00007ffe2f656000 	C:\Program Files\Java\jdk-19\bin\java.dll
0x00007ffdf9d80000 - 0x00007ffdf9e57000 	C:\Program Files\Java\jdk-19\bin\jsvml.dll
0x00007ffe560f0000 - 0x00007ffe5694b000 	C:\WINDOWS\System32\SHELL32.dll
0x00007ffe51460000 - 0x00007ffe51d56000 	C:\WINDOWS\SYSTEM32\windows.storage.dll
0x00007ffe51320000 - 0x00007ffe5145e000 	C:\WINDOWS\SYSTEM32\wintypes.dll
0x00007ffe54e80000 - 0x00007ffe54f73000 	C:\WINDOWS\System32\SHCORE.dll
0x00007ffe57090000 - 0x00007ffe570ee000 	C:\WINDOWS\System32\shlwapi.dll
0x00007ffe543a0000 - 0x00007ffe543c6000 	C:\WINDOWS\SYSTEM32\profapi.dll
0x00007ffe248d0000 - 0x00007ffe248e3000 	C:\Program Files\Java\jdk-19\bin\net.dll
0x00007ffe4d000000 - 0x00007ffe4d137000 	C:\WINDOWS\SYSTEM32\WINHTTP.dll
0x00007ffe52b00000 - 0x00007ffe52b69000 	C:\WINDOWS\system32\mswsock.dll
0x00007ffe1a600000 - 0x00007ffe1a616000 	C:\Program Files\Java\jdk-19\bin\nio.dll
0x00007ffe1a5e0000 - 0x00007ffe1a5f8000 	C:\Program Files\Java\jdk-19\bin\zip.dll
0x00007ffe40fd0000 - 0x00007ffe40fe0000 	C:\Program Files\Java\jdk-19\bin\verify.dll

dbghelp: loaded successfully - version: 4.0.5 - missing functions: none
symbol engine: initialized successfully - sym options: 0x614 - pdb path: .;C:\Program Files\Java\jdk-19\bin;C:\WINDOWS\SYSTEM32;C:\WINDOWS\WinSxS\amd64_microsoft.windows.common-controls_6595b64144ccf1df_6.0.22621.2506_none_270c5ae97388e100;C:\Program Files\Java\jdk-19\bin\server

VM Arguments:
java_command: org.languagetool.server.HTTPServer -p 8081
java_class_path (initial): C:\Users\lenovo\.cache\language_tool_python\LanguageTool-6.4\languagetool-server.jar
Launcher Type: SUN_STANDARD

[Global flags]
     intx CICompilerCount                          = 4                                         {product} {ergonomic}
     uint ConcGCThreads                            = 2                                         {product} {ergonomic}
     uint G1ConcRefinementThreads                  = 8                                         {product} {ergonomic}
   size_t G1HeapRegionSize                         = 1048576                                   {product} {ergonomic}
    uintx GCDrainStackTargetSize                   = 64                                        {product} {ergonomic}
   size_t InitialHeapSize                          = 67108864                                  {product} {ergonomic}
   size_t MarkStackSize                            = 4194304                                   {product} {ergonomic}
   size_t MaxHeapSize                              = 1042284544                                {product} {ergonomic}
   size_t MaxNewSize                               = 624951296                                 {product} {ergonomic}
   size_t MinHeapDeltaBytes                        = 1048576                                   {product} {ergonomic}
   size_t MinHeapSize                              = 8388608                                   {product} {ergonomic}
    uintx NonNMethodCodeHeapSize                   = 5839372                                {pd product} {ergonomic}
    uintx NonProfiledCodeHeapSize                  = 122909434                              {pd product} {ergonomic}
    uintx ProfiledCodeHeapSize                     = 122909434                              {pd product} {ergonomic}
    uintx ReservedCodeCacheSize                    = 251658240                              {pd product} {ergonomic}
     bool SegmentedCodeCache                       = true                                      {product} {ergonomic}
   size_t SoftMaxHeapSize                          = 1042284544                             {manageable} {ergonomic}
     bool UseCompressedClassPointers               = true                           {product lp64_product} {ergonomic}
     bool UseCompressedOops                        = true                           {product lp64_product} {ergonomic}
     bool UseG1GC                                  = true                                      {product} {ergonomic}
     bool UseLargePagesIndividualAllocation        = false                                  {pd product} {ergonomic}

Logging:
Log output configuration:
 #0: stdout all=warning uptime,level,tags foldmultilines=false
 #1: stderr all=off uptime,level,tags foldmultilines=false

Environment Variables:
JAVA_HOME=C:\Program Files\Java\jdk-19
PATH=C:\Program Files\Common Files\Oracle\Java\javapath;C:\WINDOWS\system32;C:\WINDOWS;C:\WINDOWS\System32\Wbem;C:\WINDOWS\System32\WindowsPowerShell\v1.0\;C:\WINDOWS\System32\OpenSSH\;C:\Program Files\dotnet\;C:\Program Files\Java\jdk-19\bin;C:\Program Files\Git\cmd;C:\Users\lenovo\AppData\Local\Programs\Python\Python312\Scripts\;C:\Users\lenovo\AppData\Local\Programs\Python\Python312\;C:\Users\lenovo\AppData\Local\Programs\Python\Launcher\;C:\Users\lenovo\AppData\Local\Microsoft\WindowsApps;C:\Users\lenovo\.dotnet\tools;D:\Microsoft VS Code\bin;
USERNAME=lenovo
LANG=en_US.UTF-8
OS=Windows_NT
PROCESSOR_IDENTIFIER=Intel64 Family 6 Model 142 Stepping 12, GenuineIntel
TMP=C:\Users\lenovo\AppData\Local\Temp
TEMP=C:\Users\lenovo\AppData\Local\Temp



---------------  S Y S T E M  ---------------

OS:
 Windows 11 , 64 bit Build 22621 (10.0.22621.3085)
OS uptime: 0 days 19:14 hours
Hyper-V role detected

CPU: total 8 (initial active 8) (4 cores per cpu, 2 threads per core) family 6 model 142 stepping 12 microcode 0xde, cx8, cmov, fxsr, ht, mmx, 3dnowpref, sse, sse2, sse3, ssse3, sse4.1, sse4.2, popcnt, lzcnt, tsc, tscinvbit, avx, avx2, aes, erms, clmul, bmi1, bmi2, adx, fma, vzeroupper, clflush, clflushopt, hv, rdtscp

Memory: 4k page, system-wide physical 3975M (651M free)
TotalPageFile size 16263M (AvailPageFile size 80M)
current process WorkingSet (physical memory assigned to process): 214M, peak: 215M
current process commit charge ("private bytes"): 264M, peak: 505M

vm_info: Java HotSpot(TM) 64-Bit Server VM (19.0.2+7-44) for windows-amd64 JRE (19.0.2+7-44), built on 2022-11-30T18:02:09Z by "mach5one" with MS VC++ 17.1 (VS2022)

END.
